<?xml version="1.0" encoding="UTF-8"?>
<testsuite xmlns:xsi="http://www.w3.org/2001/XMLSchema-instance" xsi:noNamespaceSchemaLocation="https://maven.apache.org/surefire/maven-surefire-plugin/xsd/surefire-test-report.xsd" name="com.moneytransfer.service.TransferServiceConcurrencyTest" time="6.954" tests="5" errors="4" skipped="0" failures="0">
  <properties>
    <property name="gopherProxySet" value="false"/>
    <property name="awt.toolkit" value="sun.lwawt.macosx.LWCToolkit"/>
    <property name="java.specification.version" value="11"/>
    <property name="sun.cpu.isalist" value=""/>
    <property name="sun.jnu.encoding" value="UTF-8"/>
    <property name="java.class.path" value="/Users/shihab/money-transfer-app/money-transfer-app/target/test-classes:/Users/shihab/money-transfer-app/money-transfer-app/target/classes:/Users/shihab/.m2/repository/org/springframework/boot/spring-boot-starter-web/2.7.18/spring-boot-starter-web-2.7.18.jar:/Users/shihab/.m2/repository/org/springframework/boot/spring-boot-starter/2.7.18/spring-boot-starter-2.7.18.jar:/Users/shihab/.m2/repository/org/springframework/boot/spring-boot/2.7.18/spring-boot-2.7.18.jar:/Users/shihab/.m2/repository/org/springframework/boot/spring-boot-autoconfigure/2.7.18/spring-boot-autoconfigure-2.7.18.jar:/Users/shihab/.m2/repository/org/springframework/boot/spring-boot-starter-logging/2.7.18/spring-boot-starter-logging-2.7.18.jar:/Users/shihab/.m2/repository/ch/qos/logback/logback-classic/1.2.12/logback-classic-1.2.12.jar:/Users/shihab/.m2/repository/ch/qos/logback/logback-core/1.2.12/logback-core-1.2.12.jar:/Users/shihab/.m2/repository/org/apache/logging/log4j/log4j-to-slf4j/2.17.2/log4j-to-slf4j-2.17.2.jar:/Users/shihab/.m2/repository/org/apache/logging/log4j/log4j-api/2.17.2/log4j-api-2.17.2.jar:/Users/shihab/.m2/repository/org/slf4j/jul-to-slf4j/1.7.36/jul-to-slf4j-1.7.36.jar:/Users/shihab/.m2/repository/jakarta/annotation/jakarta.annotation-api/1.3.5/jakarta.annotation-api-1.3.5.jar:/Users/shihab/.m2/repository/org/yaml/snakeyaml/1.30/snakeyaml-1.30.jar:/Users/shihab/.m2/repository/org/springframework/boot/spring-boot-starter-json/2.7.18/spring-boot-starter-json-2.7.18.jar:/Users/shihab/.m2/repository/com/fasterxml/jackson/datatype/jackson-datatype-jdk8/2.13.5/jackson-datatype-jdk8-2.13.5.jar:/Users/shihab/.m2/repository/com/fasterxml/jackson/datatype/jackson-datatype-jsr310/2.13.5/jackson-datatype-jsr310-2.13.5.jar:/Users/shihab/.m2/repository/com/fasterxml/jackson/module/jackson-module-parameter-names/2.13.5/jackson-module-parameter-names-2.13.5.jar:/Users/shihab/.m2/repository/org/springframework/boot/spring-boot-starter-tomcat/2.7.18/spring-boot-starter-tomcat-2.7.18.jar:/Users/shihab/.m2/repository/org/apache/tomcat/embed/tomcat-embed-core/9.0.83/tomcat-embed-core-9.0.83.jar:/Users/shihab/.m2/repository/org/apache/tomcat/embed/tomcat-embed-websocket/9.0.83/tomcat-embed-websocket-9.0.83.jar:/Users/shihab/.m2/repository/org/springframework/spring-web/5.3.31/spring-web-5.3.31.jar:/Users/shihab/.m2/repository/org/springframework/spring-beans/5.3.31/spring-beans-5.3.31.jar:/Users/shihab/.m2/repository/org/springframework/spring-webmvc/5.3.31/spring-webmvc-5.3.31.jar:/Users/shihab/.m2/repository/org/springframework/spring-context/5.3.31/spring-context-5.3.31.jar:/Users/shihab/.m2/repository/org/springframework/spring-expression/5.3.31/spring-expression-5.3.31.jar:/Users/shihab/.m2/repository/org/springframework/boot/spring-boot-starter-data-jpa/2.7.18/spring-boot-starter-data-jpa-2.7.18.jar:/Users/shihab/.m2/repository/org/springframework/boot/spring-boot-starter-aop/2.7.18/spring-boot-starter-aop-2.7.18.jar:/Users/shihab/.m2/repository/org/aspectj/aspectjweaver/1.9.7/aspectjweaver-1.9.7.jar:/Users/shihab/.m2/repository/org/springframework/boot/spring-boot-starter-jdbc/2.7.18/spring-boot-starter-jdbc-2.7.18.jar:/Users/shihab/.m2/repository/com/zaxxer/HikariCP/4.0.3/HikariCP-4.0.3.jar:/Users/shihab/.m2/repository/org/springframework/spring-jdbc/5.3.31/spring-jdbc-5.3.31.jar:/Users/shihab/.m2/repository/jakarta/transaction/jakarta.transaction-api/1.3.3/jakarta.transaction-api-1.3.3.jar:/Users/shihab/.m2/repository/jakarta/persistence/jakarta.persistence-api/2.2.3/jakarta.persistence-api-2.2.3.jar:/Users/shihab/.m2/repository/org/hibernate/hibernate-core/5.6.15.Final/hibernate-core-5.6.15.Final.jar:/Users/shihab/.m2/repository/org/jboss/logging/jboss-logging/3.4.3.Final/jboss-logging-3.4.3.Final.jar:/Users/shihab/.m2/repository/net/bytebuddy/byte-buddy/1.12.23/byte-buddy-1.12.23.jar:/Users/shihab/.m2/repository/antlr/antlr/2.7.7/antlr-2.7.7.jar:/Users/shihab/.m2/repository/org/jboss/jandex/2.4.2.Final/jandex-2.4.2.Final.jar:/Users/shihab/.m2/repository/com/fasterxml/classmate/1.5.1/classmate-1.5.1.jar:/Users/shihab/.m2/repository/org/hibernate/common/hibernate-commons-annotations/5.1.2.Final/hibernate-commons-annotations-5.1.2.Final.jar:/Users/shihab/.m2/repository/org/glassfish/jaxb/jaxb-runtime/2.3.9/jaxb-runtime-2.3.9.jar:/Users/shihab/.m2/repository/org/glassfish/jaxb/txw2/2.3.9/txw2-2.3.9.jar:/Users/shihab/.m2/repository/com/sun/istack/istack-commons-runtime/3.0.12/istack-commons-runtime-3.0.12.jar:/Users/shihab/.m2/repository/com/sun/activation/jakarta.activation/1.2.2/jakarta.activation-1.2.2.jar:/Users/shihab/.m2/repository/org/springframework/data/spring-data-jpa/2.7.18/spring-data-jpa-2.7.18.jar:/Users/shihab/.m2/repository/org/springframework/data/spring-data-commons/2.7.18/spring-data-commons-2.7.18.jar:/Users/shihab/.m2/repository/org/springframework/spring-orm/5.3.31/spring-orm-5.3.31.jar:/Users/shihab/.m2/repository/org/springframework/spring-tx/5.3.31/spring-tx-5.3.31.jar:/Users/shihab/.m2/repository/org/slf4j/slf4j-api/1.7.36/slf4j-api-1.7.36.jar:/Users/shihab/.m2/repository/org/springframework/spring-aspects/5.3.31/spring-aspects-5.3.31.jar:/Users/shihab/.m2/repository/org/springframework/boot/spring-boot-starter-validation/2.7.18/spring-boot-starter-validation-2.7.18.jar:/Users/shihab/.m2/repository/org/apache/tomcat/embed/tomcat-embed-el/9.0.83/tomcat-embed-el-9.0.83.jar:/Users/shihab/.m2/repository/org/hibernate/validator/hibernate-validator/6.2.5.Final/hibernate-validator-6.2.5.Final.jar:/Users/shihab/.m2/repository/jakarta/validation/jakarta.validation-api/2.0.2/jakarta.validation-api-2.0.2.jar:/Users/shihab/.m2/repository/org/springframework/boot/spring-boot-starter-security/2.7.18/spring-boot-starter-security-2.7.18.jar:/Users/shihab/.m2/repository/org/springframework/spring-aop/5.3.31/spring-aop-5.3.31.jar:/Users/shihab/.m2/repository/org/springframework/security/spring-security-config/5.7.11/spring-security-config-5.7.11.jar:/Users/shihab/.m2/repository/org/springframework/security/spring-security-web/5.7.11/spring-security-web-5.7.11.jar:/Users/shihab/.m2/repository/org/springframework/boot/spring-boot-starter-actuator/2.7.18/spring-boot-starter-actuator-2.7.18.jar:/Users/shihab/.m2/repository/org/springframework/boot/spring-boot-actuator-autoconfigure/2.7.18/spring-boot-actuator-autoconfigure-2.7.18.jar:/Users/shihab/.m2/repository/org/springframework/boot/spring-boot-actuator/2.7.18/spring-boot-actuator-2.7.18.jar:/Users/shihab/.m2/repository/io/micrometer/micrometer-core/1.9.17/micrometer-core-1.9.17.jar:/Users/shihab/.m2/repository/org/hdrhistogram/HdrHistogram/2.1.12/HdrHistogram-2.1.12.jar:/Users/shihab/.m2/repository/org/latencyutils/LatencyUtils/2.0.3/LatencyUtils-2.0.3.jar:/Users/shihab/.m2/repository/org/springframework/boot/spring-boot-starter-cache/2.7.18/spring-boot-starter-cache-2.7.18.jar:/Users/shihab/.m2/repository/org/springframework/spring-context-support/5.3.31/spring-context-support-5.3.31.jar:/Users/shihab/.m2/repository/com/h2database/h2/2.1.214/h2-2.1.214.jar:/Users/shihab/.m2/repository/org/postgresql/postgresql/42.3.8/postgresql-42.3.8.jar:/Users/shihab/.m2/repository/org/checkerframework/checker-qual/3.5.0/checker-qual-3.5.0.jar:/Users/shihab/.m2/repository/io/micrometer/micrometer-registry-prometheus/1.9.17/micrometer-registry-prometheus-1.9.17.jar:/Users/shihab/.m2/repository/io/prometheus/simpleclient_common/0.15.0/simpleclient_common-0.15.0.jar:/Users/shihab/.m2/repository/io/prometheus/simpleclient/0.15.0/simpleclient-0.15.0.jar:/Users/shihab/.m2/repository/io/prometheus/simpleclient_tracer_otel/0.15.0/simpleclient_tracer_otel-0.15.0.jar:/Users/shihab/.m2/repository/io/prometheus/simpleclient_tracer_common/0.15.0/simpleclient_tracer_common-0.15.0.jar:/Users/shihab/.m2/repository/io/prometheus/simpleclient_tracer_otel_agent/0.15.0/simpleclient_tracer_otel_agent-0.15.0.jar:/Users/shihab/.m2/repository/org/springframework/boot/spring-boot-starter-test/2.7.18/spring-boot-starter-test-2.7.18.jar:/Users/shihab/.m2/repository/org/springframework/boot/spring-boot-test/2.7.18/spring-boot-test-2.7.18.jar:/Users/shihab/.m2/repository/org/springframework/boot/spring-boot-test-autoconfigure/2.7.18/spring-boot-test-autoconfigure-2.7.18.jar:/Users/shihab/.m2/repository/com/jayway/jsonpath/json-path/2.7.0/json-path-2.7.0.jar:/Users/shihab/.m2/repository/net/minidev/json-smart/2.4.11/json-smart-2.4.11.jar:/Users/shihab/.m2/repository/net/minidev/accessors-smart/2.4.11/accessors-smart-2.4.11.jar:/Users/shihab/.m2/repository/org/ow2/asm/asm/9.3/asm-9.3.jar:/Users/shihab/.m2/repository/jakarta/xml/bind/jakarta.xml.bind-api/2.3.3/jakarta.xml.bind-api-2.3.3.jar:/Users/shihab/.m2/repository/jakarta/activation/jakarta.activation-api/1.2.2/jakarta.activation-api-1.2.2.jar:/Users/shihab/.m2/repository/org/assertj/assertj-core/3.22.0/assertj-core-3.22.0.jar:/Users/shihab/.m2/repository/org/hamcrest/hamcrest/2.2/hamcrest-2.2.jar:/Users/shihab/.m2/repository/org/junit/jupiter/junit-jupiter/5.8.2/junit-jupiter-5.8.2.jar:/Users/shihab/.m2/repository/org/junit/jupiter/junit-jupiter-api/5.8.2/junit-jupiter-api-5.8.2.jar:/Users/shihab/.m2/repository/org/opentest4j/opentest4j/1.2.0/opentest4j-1.2.0.jar:/Users/shihab/.m2/repository/org/junit/platform/junit-platform-commons/1.8.2/junit-platform-commons-1.8.2.jar:/Users/shihab/.m2/repository/org/apiguardian/apiguardian-api/1.1.2/apiguardian-api-1.1.2.jar:/Users/shihab/.m2/repository/org/junit/jupiter/junit-jupiter-params/5.8.2/junit-jupiter-params-5.8.2.jar:/Users/shihab/.m2/repository/org/junit/jupiter/junit-jupiter-engine/5.8.2/junit-jupiter-engine-5.8.2.jar:/Users/shihab/.m2/repository/org/junit/platform/junit-platform-engine/1.8.2/junit-platform-engine-1.8.2.jar:/Users/shihab/.m2/repository/org/mockito/mockito-core/4.5.1/mockito-core-4.5.1.jar:/Users/shihab/.m2/repository/net/bytebuddy/byte-buddy-agent/1.12.23/byte-buddy-agent-1.12.23.jar:/Users/shihab/.m2/repository/org/objenesis/objenesis/3.2/objenesis-3.2.jar:/Users/shihab/.m2/repository/org/mockito/mockito-junit-jupiter/4.5.1/mockito-junit-jupiter-4.5.1.jar:/Users/shihab/.m2/repository/org/skyscreamer/jsonassert/1.5.1/jsonassert-1.5.1.jar:/Users/shihab/.m2/repository/com/vaadin/external/google/android-json/0.0.20131108.vaadin1/android-json-0.0.20131108.vaadin1.jar:/Users/shihab/.m2/repository/org/springframework/spring-core/5.3.31/spring-core-5.3.31.jar:/Users/shihab/.m2/repository/org/springframework/spring-jcl/5.3.31/spring-jcl-5.3.31.jar:/Users/shihab/.m2/repository/org/springframework/spring-test/5.3.31/spring-test-5.3.31.jar:/Users/shihab/.m2/repository/org/xmlunit/xmlunit-core/2.9.1/xmlunit-core-2.9.1.jar:/Users/shihab/.m2/repository/org/springframework/security/spring-security-test/5.7.11/spring-security-test-5.7.11.jar:/Users/shihab/.m2/repository/org/springframework/security/spring-security-core/5.7.11/spring-security-core-5.7.11.jar:/Users/shihab/.m2/repository/org/springframework/security/spring-security-crypto/5.7.11/spring-security-crypto-5.7.11.jar:/Users/shihab/.m2/repository/org/apache/commons/commons-lang3/3.12.0/commons-lang3-3.12.0.jar:/Users/shihab/.m2/repository/com/fasterxml/jackson/core/jackson-databind/2.13.5/jackson-databind-2.13.5.jar:/Users/shihab/.m2/repository/com/fasterxml/jackson/core/jackson-annotations/2.13.5/jackson-annotations-2.13.5.jar:/Users/shihab/.m2/repository/com/fasterxml/jackson/core/jackson-core/2.13.5/jackson-core-2.13.5.jar:"/>
    <property name="java.vm.vendor" value="Oracle Corporation"/>
    <property name="sun.arch.data.model" value="64"/>
    <property name="java.vendor.url" value="https://openjdk.java.net/"/>
    <property name="user.timezone" value=""/>
    <property name="java.vm.specification.version" value="11"/>
    <property name="os.name" value="Mac OS X"/>
    <property name="sun.java.launcher" value="SUN_STANDARD"/>
    <property name="user.country" value="BD"/>
    <property name="sun.boot.library.path" value="/Library/Java/JavaVirtualMachines/jdk-11.0.16.1.jdk/Contents/Home/lib"/>
    <property name="sun.java.command" value="/Users/shihab/money-transfer-app/money-transfer-app/target/surefire/surefirebooter13249439499101957915.jar /Users/shihab/money-transfer-app/money-transfer-app/target/surefire 2025-08-03T20-21-36_133-jvmRun1 surefire9846375308252559026tmp surefire_03524619208365787008tmp"/>
    <property name="http.nonProxyHosts" value="local|*.local|169.254/16|*.169.254/16"/>
    <property name="jdk.debug" value="release"/>
    <property name="surefire.test.class.path" value="/Users/shihab/money-transfer-app/money-transfer-app/target/test-classes:/Users/shihab/money-transfer-app/money-transfer-app/target/classes:/Users/shihab/.m2/repository/org/springframework/boot/spring-boot-starter-web/2.7.18/spring-boot-starter-web-2.7.18.jar:/Users/shihab/.m2/repository/org/springframework/boot/spring-boot-starter/2.7.18/spring-boot-starter-2.7.18.jar:/Users/shihab/.m2/repository/org/springframework/boot/spring-boot/2.7.18/spring-boot-2.7.18.jar:/Users/shihab/.m2/repository/org/springframework/boot/spring-boot-autoconfigure/2.7.18/spring-boot-autoconfigure-2.7.18.jar:/Users/shihab/.m2/repository/org/springframework/boot/spring-boot-starter-logging/2.7.18/spring-boot-starter-logging-2.7.18.jar:/Users/shihab/.m2/repository/ch/qos/logback/logback-classic/1.2.12/logback-classic-1.2.12.jar:/Users/shihab/.m2/repository/ch/qos/logback/logback-core/1.2.12/logback-core-1.2.12.jar:/Users/shihab/.m2/repository/org/apache/logging/log4j/log4j-to-slf4j/2.17.2/log4j-to-slf4j-2.17.2.jar:/Users/shihab/.m2/repository/org/apache/logging/log4j/log4j-api/2.17.2/log4j-api-2.17.2.jar:/Users/shihab/.m2/repository/org/slf4j/jul-to-slf4j/1.7.36/jul-to-slf4j-1.7.36.jar:/Users/shihab/.m2/repository/jakarta/annotation/jakarta.annotation-api/1.3.5/jakarta.annotation-api-1.3.5.jar:/Users/shihab/.m2/repository/org/yaml/snakeyaml/1.30/snakeyaml-1.30.jar:/Users/shihab/.m2/repository/org/springframework/boot/spring-boot-starter-json/2.7.18/spring-boot-starter-json-2.7.18.jar:/Users/shihab/.m2/repository/com/fasterxml/jackson/datatype/jackson-datatype-jdk8/2.13.5/jackson-datatype-jdk8-2.13.5.jar:/Users/shihab/.m2/repository/com/fasterxml/jackson/datatype/jackson-datatype-jsr310/2.13.5/jackson-datatype-jsr310-2.13.5.jar:/Users/shihab/.m2/repository/com/fasterxml/jackson/module/jackson-module-parameter-names/2.13.5/jackson-module-parameter-names-2.13.5.jar:/Users/shihab/.m2/repository/org/springframework/boot/spring-boot-starter-tomcat/2.7.18/spring-boot-starter-tomcat-2.7.18.jar:/Users/shihab/.m2/repository/org/apache/tomcat/embed/tomcat-embed-core/9.0.83/tomcat-embed-core-9.0.83.jar:/Users/shihab/.m2/repository/org/apache/tomcat/embed/tomcat-embed-websocket/9.0.83/tomcat-embed-websocket-9.0.83.jar:/Users/shihab/.m2/repository/org/springframework/spring-web/5.3.31/spring-web-5.3.31.jar:/Users/shihab/.m2/repository/org/springframework/spring-beans/5.3.31/spring-beans-5.3.31.jar:/Users/shihab/.m2/repository/org/springframework/spring-webmvc/5.3.31/spring-webmvc-5.3.31.jar:/Users/shihab/.m2/repository/org/springframework/spring-context/5.3.31/spring-context-5.3.31.jar:/Users/shihab/.m2/repository/org/springframework/spring-expression/5.3.31/spring-expression-5.3.31.jar:/Users/shihab/.m2/repository/org/springframework/boot/spring-boot-starter-data-jpa/2.7.18/spring-boot-starter-data-jpa-2.7.18.jar:/Users/shihab/.m2/repository/org/springframework/boot/spring-boot-starter-aop/2.7.18/spring-boot-starter-aop-2.7.18.jar:/Users/shihab/.m2/repository/org/aspectj/aspectjweaver/1.9.7/aspectjweaver-1.9.7.jar:/Users/shihab/.m2/repository/org/springframework/boot/spring-boot-starter-jdbc/2.7.18/spring-boot-starter-jdbc-2.7.18.jar:/Users/shihab/.m2/repository/com/zaxxer/HikariCP/4.0.3/HikariCP-4.0.3.jar:/Users/shihab/.m2/repository/org/springframework/spring-jdbc/5.3.31/spring-jdbc-5.3.31.jar:/Users/shihab/.m2/repository/jakarta/transaction/jakarta.transaction-api/1.3.3/jakarta.transaction-api-1.3.3.jar:/Users/shihab/.m2/repository/jakarta/persistence/jakarta.persistence-api/2.2.3/jakarta.persistence-api-2.2.3.jar:/Users/shihab/.m2/repository/org/hibernate/hibernate-core/5.6.15.Final/hibernate-core-5.6.15.Final.jar:/Users/shihab/.m2/repository/org/jboss/logging/jboss-logging/3.4.3.Final/jboss-logging-3.4.3.Final.jar:/Users/shihab/.m2/repository/net/bytebuddy/byte-buddy/1.12.23/byte-buddy-1.12.23.jar:/Users/shihab/.m2/repository/antlr/antlr/2.7.7/antlr-2.7.7.jar:/Users/shihab/.m2/repository/org/jboss/jandex/2.4.2.Final/jandex-2.4.2.Final.jar:/Users/shihab/.m2/repository/com/fasterxml/classmate/1.5.1/classmate-1.5.1.jar:/Users/shihab/.m2/repository/org/hibernate/common/hibernate-commons-annotations/5.1.2.Final/hibernate-commons-annotations-5.1.2.Final.jar:/Users/shihab/.m2/repository/org/glassfish/jaxb/jaxb-runtime/2.3.9/jaxb-runtime-2.3.9.jar:/Users/shihab/.m2/repository/org/glassfish/jaxb/txw2/2.3.9/txw2-2.3.9.jar:/Users/shihab/.m2/repository/com/sun/istack/istack-commons-runtime/3.0.12/istack-commons-runtime-3.0.12.jar:/Users/shihab/.m2/repository/com/sun/activation/jakarta.activation/1.2.2/jakarta.activation-1.2.2.jar:/Users/shihab/.m2/repository/org/springframework/data/spring-data-jpa/2.7.18/spring-data-jpa-2.7.18.jar:/Users/shihab/.m2/repository/org/springframework/data/spring-data-commons/2.7.18/spring-data-commons-2.7.18.jar:/Users/shihab/.m2/repository/org/springframework/spring-orm/5.3.31/spring-orm-5.3.31.jar:/Users/shihab/.m2/repository/org/springframework/spring-tx/5.3.31/spring-tx-5.3.31.jar:/Users/shihab/.m2/repository/org/slf4j/slf4j-api/1.7.36/slf4j-api-1.7.36.jar:/Users/shihab/.m2/repository/org/springframework/spring-aspects/5.3.31/spring-aspects-5.3.31.jar:/Users/shihab/.m2/repository/org/springframework/boot/spring-boot-starter-validation/2.7.18/spring-boot-starter-validation-2.7.18.jar:/Users/shihab/.m2/repository/org/apache/tomcat/embed/tomcat-embed-el/9.0.83/tomcat-embed-el-9.0.83.jar:/Users/shihab/.m2/repository/org/hibernate/validator/hibernate-validator/6.2.5.Final/hibernate-validator-6.2.5.Final.jar:/Users/shihab/.m2/repository/jakarta/validation/jakarta.validation-api/2.0.2/jakarta.validation-api-2.0.2.jar:/Users/shihab/.m2/repository/org/springframework/boot/spring-boot-starter-security/2.7.18/spring-boot-starter-security-2.7.18.jar:/Users/shihab/.m2/repository/org/springframework/spring-aop/5.3.31/spring-aop-5.3.31.jar:/Users/shihab/.m2/repository/org/springframework/security/spring-security-config/5.7.11/spring-security-config-5.7.11.jar:/Users/shihab/.m2/repository/org/springframework/security/spring-security-web/5.7.11/spring-security-web-5.7.11.jar:/Users/shihab/.m2/repository/org/springframework/boot/spring-boot-starter-actuator/2.7.18/spring-boot-starter-actuator-2.7.18.jar:/Users/shihab/.m2/repository/org/springframework/boot/spring-boot-actuator-autoconfigure/2.7.18/spring-boot-actuator-autoconfigure-2.7.18.jar:/Users/shihab/.m2/repository/org/springframework/boot/spring-boot-actuator/2.7.18/spring-boot-actuator-2.7.18.jar:/Users/shihab/.m2/repository/io/micrometer/micrometer-core/1.9.17/micrometer-core-1.9.17.jar:/Users/shihab/.m2/repository/org/hdrhistogram/HdrHistogram/2.1.12/HdrHistogram-2.1.12.jar:/Users/shihab/.m2/repository/org/latencyutils/LatencyUtils/2.0.3/LatencyUtils-2.0.3.jar:/Users/shihab/.m2/repository/org/springframework/boot/spring-boot-starter-cache/2.7.18/spring-boot-starter-cache-2.7.18.jar:/Users/shihab/.m2/repository/org/springframework/spring-context-support/5.3.31/spring-context-support-5.3.31.jar:/Users/shihab/.m2/repository/com/h2database/h2/2.1.214/h2-2.1.214.jar:/Users/shihab/.m2/repository/org/postgresql/postgresql/42.3.8/postgresql-42.3.8.jar:/Users/shihab/.m2/repository/org/checkerframework/checker-qual/3.5.0/checker-qual-3.5.0.jar:/Users/shihab/.m2/repository/io/micrometer/micrometer-registry-prometheus/1.9.17/micrometer-registry-prometheus-1.9.17.jar:/Users/shihab/.m2/repository/io/prometheus/simpleclient_common/0.15.0/simpleclient_common-0.15.0.jar:/Users/shihab/.m2/repository/io/prometheus/simpleclient/0.15.0/simpleclient-0.15.0.jar:/Users/shihab/.m2/repository/io/prometheus/simpleclient_tracer_otel/0.15.0/simpleclient_tracer_otel-0.15.0.jar:/Users/shihab/.m2/repository/io/prometheus/simpleclient_tracer_common/0.15.0/simpleclient_tracer_common-0.15.0.jar:/Users/shihab/.m2/repository/io/prometheus/simpleclient_tracer_otel_agent/0.15.0/simpleclient_tracer_otel_agent-0.15.0.jar:/Users/shihab/.m2/repository/org/springframework/boot/spring-boot-starter-test/2.7.18/spring-boot-starter-test-2.7.18.jar:/Users/shihab/.m2/repository/org/springframework/boot/spring-boot-test/2.7.18/spring-boot-test-2.7.18.jar:/Users/shihab/.m2/repository/org/springframework/boot/spring-boot-test-autoconfigure/2.7.18/spring-boot-test-autoconfigure-2.7.18.jar:/Users/shihab/.m2/repository/com/jayway/jsonpath/json-path/2.7.0/json-path-2.7.0.jar:/Users/shihab/.m2/repository/net/minidev/json-smart/2.4.11/json-smart-2.4.11.jar:/Users/shihab/.m2/repository/net/minidev/accessors-smart/2.4.11/accessors-smart-2.4.11.jar:/Users/shihab/.m2/repository/org/ow2/asm/asm/9.3/asm-9.3.jar:/Users/shihab/.m2/repository/jakarta/xml/bind/jakarta.xml.bind-api/2.3.3/jakarta.xml.bind-api-2.3.3.jar:/Users/shihab/.m2/repository/jakarta/activation/jakarta.activation-api/1.2.2/jakarta.activation-api-1.2.2.jar:/Users/shihab/.m2/repository/org/assertj/assertj-core/3.22.0/assertj-core-3.22.0.jar:/Users/shihab/.m2/repository/org/hamcrest/hamcrest/2.2/hamcrest-2.2.jar:/Users/shihab/.m2/repository/org/junit/jupiter/junit-jupiter/5.8.2/junit-jupiter-5.8.2.jar:/Users/shihab/.m2/repository/org/junit/jupiter/junit-jupiter-api/5.8.2/junit-jupiter-api-5.8.2.jar:/Users/shihab/.m2/repository/org/opentest4j/opentest4j/1.2.0/opentest4j-1.2.0.jar:/Users/shihab/.m2/repository/org/junit/platform/junit-platform-commons/1.8.2/junit-platform-commons-1.8.2.jar:/Users/shihab/.m2/repository/org/apiguardian/apiguardian-api/1.1.2/apiguardian-api-1.1.2.jar:/Users/shihab/.m2/repository/org/junit/jupiter/junit-jupiter-params/5.8.2/junit-jupiter-params-5.8.2.jar:/Users/shihab/.m2/repository/org/junit/jupiter/junit-jupiter-engine/5.8.2/junit-jupiter-engine-5.8.2.jar:/Users/shihab/.m2/repository/org/junit/platform/junit-platform-engine/1.8.2/junit-platform-engine-1.8.2.jar:/Users/shihab/.m2/repository/org/mockito/mockito-core/4.5.1/mockito-core-4.5.1.jar:/Users/shihab/.m2/repository/net/bytebuddy/byte-buddy-agent/1.12.23/byte-buddy-agent-1.12.23.jar:/Users/shihab/.m2/repository/org/objenesis/objenesis/3.2/objenesis-3.2.jar:/Users/shihab/.m2/repository/org/mockito/mockito-junit-jupiter/4.5.1/mockito-junit-jupiter-4.5.1.jar:/Users/shihab/.m2/repository/org/skyscreamer/jsonassert/1.5.1/jsonassert-1.5.1.jar:/Users/shihab/.m2/repository/com/vaadin/external/google/android-json/0.0.20131108.vaadin1/android-json-0.0.20131108.vaadin1.jar:/Users/shihab/.m2/repository/org/springframework/spring-core/5.3.31/spring-core-5.3.31.jar:/Users/shihab/.m2/repository/org/springframework/spring-jcl/5.3.31/spring-jcl-5.3.31.jar:/Users/shihab/.m2/repository/org/springframework/spring-test/5.3.31/spring-test-5.3.31.jar:/Users/shihab/.m2/repository/org/xmlunit/xmlunit-core/2.9.1/xmlunit-core-2.9.1.jar:/Users/shihab/.m2/repository/org/springframework/security/spring-security-test/5.7.11/spring-security-test-5.7.11.jar:/Users/shihab/.m2/repository/org/springframework/security/spring-security-core/5.7.11/spring-security-core-5.7.11.jar:/Users/shihab/.m2/repository/org/springframework/security/spring-security-crypto/5.7.11/spring-security-crypto-5.7.11.jar:/Users/shihab/.m2/repository/org/apache/commons/commons-lang3/3.12.0/commons-lang3-3.12.0.jar:/Users/shihab/.m2/repository/com/fasterxml/jackson/core/jackson-databind/2.13.5/jackson-databind-2.13.5.jar:/Users/shihab/.m2/repository/com/fasterxml/jackson/core/jackson-annotations/2.13.5/jackson-annotations-2.13.5.jar:/Users/shihab/.m2/repository/com/fasterxml/jackson/core/jackson-core/2.13.5/jackson-core-2.13.5.jar:"/>
    <property name="sun.cpu.endian" value="little"/>
    <property name="user.home" value="/Users/shihab"/>
    <property name="user.language" value="en"/>
    <property name="java.specification.vendor" value="Oracle Corporation"/>
    <property name="java.version.date" value="2022-08-18"/>
    <property name="java.home" value="/Library/Java/JavaVirtualMachines/jdk-11.0.16.1.jdk/Contents/Home"/>
    <property name="file.separator" value="/"/>
    <property name="basedir" value="/Users/shihab/money-transfer-app/money-transfer-app"/>
    <property name="java.vm.compressedOopsMode" value="Zero based"/>
    <property name="line.separator" value="&#10;"/>
    <property name="java.specification.name" value="Java Platform API Specification"/>
    <property name="java.vm.specification.vendor" value="Oracle Corporation"/>
    <property name="java.awt.graphicsenv" value="sun.awt.CGraphicsEnvironment"/>
    <property name="surefire.real.class.path" value="/Users/shihab/money-transfer-app/money-transfer-app/target/surefire/surefirebooter13249439499101957915.jar"/>
    <property name="sun.management.compiler" value="HotSpot 64-Bit Tiered Compilers"/>
    <property name="ftp.nonProxyHosts" value="local|*.local|169.254/16|*.169.254/16"/>
    <property name="java.runtime.version" value="11.0.16.1+1-LTS-1"/>
    <property name="user.name" value="shihab"/>
    <property name="path.separator" value=":"/>
    <property name="os.version" value="15.5"/>
    <property name="java.runtime.name" value="Java(TM) SE Runtime Environment"/>
    <property name="file.encoding" value="UTF-8"/>
    <property name="java.vm.name" value="Java HotSpot(TM) 64-Bit Server VM"/>
    <property name="java.vendor.version" value="18.9"/>
    <property name="localRepository" value="/Users/shihab/.m2/repository"/>
    <property name="java.vendor.url.bug" value="https://bugreport.java.com/bugreport/"/>
    <property name="java.io.tmpdir" value="/var/folders/r7/_kq0df3j6mx84czg106xkzf40000gn/T/"/>
    <property name="java.version" value="11.0.16.1"/>
    <property name="user.dir" value="/Users/shihab/money-transfer-app/money-transfer-app"/>
    <property name="os.arch" value="aarch64"/>
    <property name="java.vm.specification.name" value="Java Virtual Machine Specification"/>
    <property name="java.awt.printerjob" value="sun.lwawt.macosx.CPrinterJob"/>
    <property name="sun.os.patch.level" value="unknown"/>
    <property name="java.library.path" value="/Users/shihab/Library/Java/Extensions:/Library/Java/Extensions:/Network/Library/Java/Extensions:/System/Library/Java/Extensions:/usr/lib/java:."/>
    <property name="java.vendor" value="Oracle Corporation"/>
    <property name="java.vm.info" value="mixed mode"/>
    <property name="java.vm.version" value="11.0.16.1+1-LTS-1"/>
    <property name="sun.io.unicode.encoding" value="UnicodeBig"/>
    <property name="java.class.version" value="55.0"/>
    <property name="socksNonProxyHosts" value="local|*.local|169.254/16|*.169.254/16"/>
  </properties>
  <testcase name="testConcurrentTransfers" classname="com.moneytransfer.service.TransferServiceConcurrencyTest" time="0.519">
    <error message="no transaction is in progress; nested exception is javax.persistence.TransactionRequiredException: no transaction is in progress" type="org.springframework.dao.InvalidDataAccessApiUsageException">org.springframework.dao.InvalidDataAccessApiUsageException: no transaction is in progress; nested exception is javax.persistence.TransactionRequiredException: no transaction is in progress
	at com.moneytransfer.service.TransferServiceConcurrencyTest.testConcurrentTransfers(TransferServiceConcurrencyTest.java:112)
Caused by: javax.persistence.TransactionRequiredException: no transaction is in progress
	at com.moneytransfer.service.TransferServiceConcurrencyTest.testConcurrentTransfers(TransferServiceConcurrencyTest.java:112)
</error>
    <system-out><![CDATA[20:21:36.909 [main] DEBUG org.springframework.test.context.BootstrapUtils - Instantiating CacheAwareContextLoaderDelegate from class [org.springframework.test.context.cache.DefaultCacheAwareContextLoaderDelegate]
20:21:36.916 [main] DEBUG org.springframework.test.context.BootstrapUtils - Instantiating BootstrapContext using constructor [public org.springframework.test.context.support.DefaultBootstrapContext(java.lang.Class,org.springframework.test.context.CacheAwareContextLoaderDelegate)]
20:21:36.940 [main] DEBUG org.springframework.test.context.BootstrapUtils - Instantiating TestContextBootstrapper for test class [com.moneytransfer.service.TransferServiceConcurrencyTest] from class [org.springframework.boot.test.context.SpringBootTestContextBootstrapper]
20:21:36.948 [main] INFO org.springframework.boot.test.context.SpringBootTestContextBootstrapper - Neither @ContextConfiguration nor @ContextHierarchy found for test class [com.moneytransfer.service.TransferServiceConcurrencyTest], using SpringBootContextLoader
20:21:36.951 [main] DEBUG org.springframework.test.context.support.AbstractContextLoader - Did not detect default resource location for test class [com.moneytransfer.service.TransferServiceConcurrencyTest]: class path resource [com/moneytransfer/service/TransferServiceConcurrencyTest-context.xml] does not exist
20:21:36.951 [main] DEBUG org.springframework.test.context.support.AbstractContextLoader - Did not detect default resource location for test class [com.moneytransfer.service.TransferServiceConcurrencyTest]: class path resource [com/moneytransfer/service/TransferServiceConcurrencyTestContext.groovy] does not exist
20:21:36.952 [main] INFO org.springframework.test.context.support.AbstractContextLoader - Could not detect default resource locations for test class [com.moneytransfer.service.TransferServiceConcurrencyTest]: no resource found for suffixes {-context.xml, Context.groovy}.
20:21:36.952 [main] INFO org.springframework.test.context.support.AnnotationConfigContextLoaderUtils - Could not detect default configuration classes for test class [com.moneytransfer.service.TransferServiceConcurrencyTest]: TransferServiceConcurrencyTest does not declare any static, non-private, non-final, nested classes annotated with @Configuration.
20:21:37.035 [main] DEBUG org.springframework.context.annotation.ClassPathScanningCandidateComponentProvider - Identified candidate component class: file [/Users/shihab/money-transfer-app/money-transfer-app/target/classes/com/moneytransfer/MoneyTransferApplication.class]
20:21:37.035 [main] INFO org.springframework.boot.test.context.SpringBootTestContextBootstrapper - Found @SpringBootConfiguration com.moneytransfer.MoneyTransferApplication for test class com.moneytransfer.service.TransferServiceConcurrencyTest
20:21:37.090 [main] DEBUG org.springframework.boot.test.context.SpringBootTestContextBootstrapper - @TestExecutionListeners is not present for class [com.moneytransfer.service.TransferServiceConcurrencyTest]: using defaults.
20:21:37.090 [main] INFO org.springframework.boot.test.context.SpringBootTestContextBootstrapper - Loaded default TestExecutionListener class names from location [META-INF/spring.factories]: [org.springframework.boot.test.mock.mockito.MockitoTestExecutionListener, org.springframework.boot.test.mock.mockito.ResetMocksTestExecutionListener, org.springframework.boot.test.autoconfigure.restdocs.RestDocsTestExecutionListener, org.springframework.boot.test.autoconfigure.web.client.MockRestServiceServerResetTestExecutionListener, org.springframework.boot.test.autoconfigure.web.servlet.MockMvcPrintOnlyOnFailureTestExecutionListener, org.springframework.boot.test.autoconfigure.web.servlet.WebDriverTestExecutionListener, org.springframework.boot.test.autoconfigure.webservices.client.MockWebServiceServerTestExecutionListener, org.springframework.test.context.web.ServletTestExecutionListener, org.springframework.test.context.support.DirtiesContextBeforeModesTestExecutionListener, org.springframework.test.context.event.ApplicationEventsTestExecutionListener, org.springframework.test.context.support.DependencyInjectionTestExecutionListener, org.springframework.test.context.support.DirtiesContextTestExecutionListener, org.springframework.test.context.transaction.TransactionalTestExecutionListener, org.springframework.test.context.jdbc.SqlScriptsTestExecutionListener, org.springframework.test.context.event.EventPublishingTestExecutionListener, org.springframework.security.test.context.support.WithSecurityContextTestExecutionListener, org.springframework.security.test.context.support.ReactorContextTestExecutionListener]
20:21:37.103 [main] INFO org.springframework.boot.test.context.SpringBootTestContextBootstrapper - Using TestExecutionListeners: [org.springframework.test.context.web.ServletTestExecutionListener@13f17eb4, org.springframework.test.context.support.DirtiesContextBeforeModesTestExecutionListener@1d0d6318, org.springframework.test.context.event.ApplicationEventsTestExecutionListener@4bc28c33, org.springframework.boot.test.mock.mockito.MockitoTestExecutionListener@4409e975, org.springframework.boot.test.autoconfigure.SpringBootDependencyInjectionTestExecutionListener@5c153b9e, org.springframework.test.context.support.DirtiesContextTestExecutionListener@2a7686a7, org.springframework.test.context.transaction.TransactionalTestExecutionListener@758a34ce, org.springframework.test.context.jdbc.SqlScriptsTestExecutionListener@7ec3394b, org.springframework.test.context.event.EventPublishingTestExecutionListener@bff34c6, org.springframework.security.test.context.support.WithSecurityContextTestExecutionListener@1522d8a0, org.springframework.security.test.context.support.ReactorContextTestExecutionListener@312ab28e, org.springframework.boot.test.mock.mockito.ResetMocksTestExecutionListener@5644dc81, org.springframework.boot.test.autoconfigure.restdocs.RestDocsTestExecutionListener@246f8b8b, org.springframework.boot.test.autoconfigure.web.client.MockRestServiceServerResetTestExecutionListener@278bb07e, org.springframework.boot.test.autoconfigure.web.servlet.MockMvcPrintOnlyOnFailureTestExecutionListener@4351c8c3, org.springframework.boot.test.autoconfigure.web.servlet.WebDriverTestExecutionListener@3381b4fc, org.springframework.boot.test.autoconfigure.webservices.client.MockWebServiceServerTestExecutionListener@6bea52d4]
20:21:37.106 [main] DEBUG org.springframework.test.context.support.AbstractDirtiesContextTestExecutionListener - Before test class: context [DefaultTestContext@c1bd0be testClass = TransferServiceConcurrencyTest, testInstance = [null], testMethod = [null], testException = [null], mergedContextConfiguration = [WebMergedContextConfiguration@476b0ae6 testClass = TransferServiceConcurrencyTest, locations = '{}', classes = '{class com.moneytransfer.MoneyTransferApplication}', contextInitializerClasses = '[]', activeProfiles = '{test}', propertySourceLocations = '{}', propertySourceProperties = '{spring.cache.type=simple, spring.jpa.hibernate.ddl-auto=create-drop, spring.datasource.url=jdbc:h2:mem:testdb, org.springframework.boot.test.context.SpringBootTestContextBootstrapper=true, server.port=0}', contextCustomizers = set[org.springframework.boot.test.context.filter.ExcludeFilterContextCustomizer@239105a8, org.springframework.boot.test.json.DuplicateJsonObjectContextCustomizerFactory$DuplicateJsonObjectContextCustomizer@1df8b5b8, org.springframework.boot.test.mock.mockito.MockitoContextCustomizer@0, org.springframework.boot.test.web.client.TestRestTemplateContextCustomizer@5f77d0f9, org.springframework.boot.test.autoconfigure.actuate.metrics.MetricsExportContextCustomizerFactory$DisableMetricExportContextCustomizer@1cd629b3, org.springframework.boot.test.autoconfigure.properties.PropertyMappingContextCustomizer@0, org.springframework.boot.test.autoconfigure.web.servlet.WebDriverContextCustomizerFactory$Customizer@7b7fdc8, org.springframework.boot.test.context.SpringBootTestArgs@1, org.springframework.boot.test.context.SpringBootTestWebEnvironment@49b0b76], resourceBasePath = 'src/main/webapp', contextLoader = 'org.springframework.boot.test.context.SpringBootContextLoader', parent = [null]], attributes = map['org.springframework.test.context.web.ServletTestExecutionListener.activateListener' -> false]], class annotated with @DirtiesContext [false] with mode [null].
20:21:37.113 [main] DEBUG org.springframework.test.context.support.DependencyInjectionTestExecutionListener - Performing dependency injection for test context [[DefaultTestContext@c1bd0be testClass = TransferServiceConcurrencyTest, testInstance = com.moneytransfer.service.TransferServiceConcurrencyTest@60a2630a, testMethod = [null], testException = [null], mergedContextConfiguration = [WebMergedContextConfiguration@476b0ae6 testClass = TransferServiceConcurrencyTest, locations = '{}', classes = '{class com.moneytransfer.MoneyTransferApplication}', contextInitializerClasses = '[]', activeProfiles = '{test}', propertySourceLocations = '{}', propertySourceProperties = '{spring.cache.type=simple, spring.jpa.hibernate.ddl-auto=create-drop, spring.datasource.url=jdbc:h2:mem:testdb, org.springframework.boot.test.context.SpringBootTestContextBootstrapper=true, server.port=0}', contextCustomizers = set[org.springframework.boot.test.context.filter.ExcludeFilterContextCustomizer@239105a8, org.springframework.boot.test.json.DuplicateJsonObjectContextCustomizerFactory$DuplicateJsonObjectContextCustomizer@1df8b5b8, org.springframework.boot.test.mock.mockito.MockitoContextCustomizer@0, org.springframework.boot.test.web.client.TestRestTemplateContextCustomizer@5f77d0f9, org.springframework.boot.test.autoconfigure.actuate.metrics.MetricsExportContextCustomizerFactory$DisableMetricExportContextCustomizer@1cd629b3, org.springframework.boot.test.autoconfigure.properties.PropertyMappingContextCustomizer@0, org.springframework.boot.test.autoconfigure.web.servlet.WebDriverContextCustomizerFactory$Customizer@7b7fdc8, org.springframework.boot.test.context.SpringBootTestArgs@1, org.springframework.boot.test.context.SpringBootTestWebEnvironment@49b0b76], resourceBasePath = 'src/main/webapp', contextLoader = 'org.springframework.boot.test.context.SpringBootContextLoader', parent = [null]], attributes = map['org.springframework.test.context.web.ServletTestExecutionListener.activateListener' -> false, 'org.springframework.test.context.event.ApplicationEventsTestExecutionListener.recordApplicationEvents' -> false]]].

  .   ____          _            __ _ _
 /\\ / ___'_ __ _ _(_)_ __  __ _ \ \ \ \
( ( )\___ | '_ | '_| | '_ \/ _` | \ \ \ \
 \\/  ___)| |_)| | | | | || (_| |  ) ) ) )
  '  |____| .__|_| |_|_| |_\__, | / / / /
 =========|_|==============|___/=/_/_/_/
 :: Spring Boot ::               (v2.7.18)

2025-08-03 20:21:37 - Starting TransferServiceConcurrencyTest using Java 11.0.16.1 on Shihabs-MacBook-Pro.local with PID 48047 (started by shihab in /Users/shihab/money-transfer-app/money-transfer-app)
2025-08-03 20:21:37 - The following 1 profile is active: "test"
2025-08-03 20:21:38 - Bootstrapping Spring Data JPA repositories in DEFAULT mode.
2025-08-03 20:21:38 - Finished Spring Data repository scanning in 75 ms. Found 2 JPA repository interfaces.
2025-08-03 20:21:39 - Tomcat initialized with port(s): 0 (http)
2025-08-03 20:21:39 - Starting service [Tomcat]
2025-08-03 20:21:39 - Starting Servlet engine: [Apache Tomcat/9.0.83]
2025-08-03 20:21:39 - Initializing Spring embedded WebApplicationContext
2025-08-03 20:21:39 - Root WebApplicationContext: initialization completed in 1690 ms
2025-08-03 20:21:40 - HHH000204: Processing PersistenceUnitInfo [name: default]
2025-08-03 20:21:40 - HHH000412: Hibernate ORM core version 5.6.15.Final
2025-08-03 20:21:40 - HCANN000001: Hibernate Commons Annotations {5.1.2.Final}
2025-08-03 20:21:40 - HikariPool-1 - Starting...
2025-08-03 20:21:40 - HikariPool-1 - Start completed.
2025-08-03 20:21:40 - HHH000400: Using dialect: org.hibernate.dialect.H2Dialect
2025-08-03 20:21:41 - HHH000490: Using JtaPlatform implementation: [org.hibernate.engine.transaction.jta.platform.internal.NoJtaPlatform]
2025-08-03 20:21:41 - Initialized JPA EntityManagerFactory for persistence unit 'default'
2025-08-03 20:21:42 - spring.jpa.open-in-view is enabled by default. Therefore, database queries may be performed during view rendering. Explicitly configure spring.jpa.open-in-view to disable this warning
2025-08-03 20:21:42 - Exposing 4 endpoint(s) beneath base path '/actuator'
2025-08-03 20:21:42 - Tomcat started on port(s): 59366 (http) with context path ''
2025-08-03 20:21:42 - Started TransferServiceConcurrencyTest in 5.827 seconds (JVM running for 6.646)
2025-08-03 20:21:43 - Initializing sample data...
2025-08-03 20:21:43 - binding parameter [1] as [VARCHAR] - [John Doe]
2025-08-03 20:21:43 - binding parameter [2] as [VARCHAR] - [ACC001234567890]
2025-08-03 20:21:43 - binding parameter [3] as [NUMERIC] - [10000.00]
2025-08-03 20:21:43 - binding parameter [4] as [TIMESTAMP] - [2025-08-03T20:21:43.118414]
2025-08-03 20:21:43 - binding parameter [5] as [VARCHAR] - [USD]
2025-08-03 20:21:43 - binding parameter [6] as [VARCHAR] - [ACTIVE]
2025-08-03 20:21:43 - binding parameter [7] as [TIMESTAMP] - [2025-08-03T20:21:43.118599]
2025-08-03 20:21:43 - binding parameter [8] as [VARCHAR] - [user1]
2025-08-03 20:21:43 - binding parameter [9] as [BIGINT] - [0]
2025-08-03 20:21:43 - binding parameter [1] as [VARCHAR] - [John Doe]
2025-08-03 20:21:43 - binding parameter [2] as [VARCHAR] - [ACC002345678901]
2025-08-03 20:21:43 - binding parameter [3] as [NUMERIC] - [8500.00]
2025-08-03 20:21:43 - binding parameter [4] as [TIMESTAMP] - [2025-08-03T20:21:43.127067]
2025-08-03 20:21:43 - binding parameter [5] as [VARCHAR] - [EUR]
2025-08-03 20:21:43 - binding parameter [6] as [VARCHAR] - [ACTIVE]
2025-08-03 20:21:43 - binding parameter [7] as [TIMESTAMP] - [2025-08-03T20:21:43.127082]
2025-08-03 20:21:43 - binding parameter [8] as [VARCHAR] - [user1]
2025-08-03 20:21:43 - binding parameter [9] as [BIGINT] - [0]
2025-08-03 20:21:43 - binding parameter [1] as [VARCHAR] - [Jane Smith]
2025-08-03 20:21:43 - binding parameter [2] as [VARCHAR] - [ACC003456789012]
2025-08-03 20:21:43 - binding parameter [3] as [NUMERIC] - [5000.00]
2025-08-03 20:21:43 - binding parameter [4] as [TIMESTAMP] - [2025-08-03T20:21:43.128298]
2025-08-03 20:21:43 - binding parameter [5] as [VARCHAR] - [USD]
2025-08-03 20:21:43 - binding parameter [6] as [VARCHAR] - [ACTIVE]
2025-08-03 20:21:43 - binding parameter [7] as [TIMESTAMP] - [2025-08-03T20:21:43.128310]
2025-08-03 20:21:43 - binding parameter [8] as [VARCHAR] - [user2]
2025-08-03 20:21:43 - binding parameter [9] as [BIGINT] - [0]
2025-08-03 20:21:43 - binding parameter [1] as [VARCHAR] - [Jane Smith]
2025-08-03 20:21:43 - binding parameter [2] as [VARCHAR] - [ACC004567890123]
2025-08-03 20:21:43 - binding parameter [3] as [NUMERIC] - [3000.00]
2025-08-03 20:21:43 - binding parameter [4] as [TIMESTAMP] - [2025-08-03T20:21:43.129685]
2025-08-03 20:21:43 - binding parameter [5] as [VARCHAR] - [GBP]
2025-08-03 20:21:43 - binding parameter [6] as [VARCHAR] - [ACTIVE]
2025-08-03 20:21:43 - binding parameter [7] as [TIMESTAMP] - [2025-08-03T20:21:43.129905]
2025-08-03 20:21:43 - binding parameter [8] as [VARCHAR] - [user2]
2025-08-03 20:21:43 - binding parameter [9] as [BIGINT] - [0]
2025-08-03 20:21:43 - binding parameter [1] as [VARCHAR] - [Bob Johnson]
2025-08-03 20:21:43 - binding parameter [2] as [VARCHAR] - [ACC005678901234]
2025-08-03 20:21:43 - binding parameter [3] as [NUMERIC] - [7500.00]
2025-08-03 20:21:43 - binding parameter [4] as [TIMESTAMP] - [2025-08-03T20:21:43.131267]
2025-08-03 20:21:43 - binding parameter [5] as [VARCHAR] - [USD]
2025-08-03 20:21:43 - binding parameter [6] as [VARCHAR] - [ACTIVE]
2025-08-03 20:21:43 - binding parameter [7] as [TIMESTAMP] - [2025-08-03T20:21:43.131277]
2025-08-03 20:21:43 - binding parameter [8] as [VARCHAR] - [user3]
2025-08-03 20:21:43 - binding parameter [9] as [BIGINT] - [0]
2025-08-03 20:21:43 - binding parameter [1] as [VARCHAR] - [Alice Brown]
2025-08-03 20:21:43 - binding parameter [2] as [VARCHAR] - [ACC006789012345]
2025-08-03 20:21:43 - binding parameter [3] as [NUMERIC] - [12000.00]
2025-08-03 20:21:43 - binding parameter [4] as [TIMESTAMP] - [2025-08-03T20:21:43.132060]
2025-08-03 20:21:43 - binding parameter [5] as [VARCHAR] - [EUR]
2025-08-03 20:21:43 - binding parameter [6] as [VARCHAR] - [ACTIVE]
2025-08-03 20:21:43 - binding parameter [7] as [TIMESTAMP] - [2025-08-03T20:21:43.132068]
2025-08-03 20:21:43 - binding parameter [8] as [VARCHAR] - [user4]
2025-08-03 20:21:43 - binding parameter [9] as [BIGINT] - [0]
2025-08-03 20:21:43 - binding parameter [1] as [VARCHAR] - [Charlie Wilson]
2025-08-03 20:21:43 - binding parameter [2] as [VARCHAR] - [ACC007890123456]
2025-08-03 20:21:43 - binding parameter [3] as [NUMERIC] - [4500.00]
2025-08-03 20:21:43 - binding parameter [4] as [TIMESTAMP] - [2025-08-03T20:21:43.132944]
2025-08-03 20:21:43 - binding parameter [5] as [VARCHAR] - [GBP]
2025-08-03 20:21:43 - binding parameter [6] as [VARCHAR] - [ACTIVE]
2025-08-03 20:21:43 - binding parameter [7] as [TIMESTAMP] - [2025-08-03T20:21:43.132958]
2025-08-03 20:21:43 - binding parameter [8] as [VARCHAR] - [user5]
2025-08-03 20:21:43 - binding parameter [9] as [BIGINT] - [0]
2025-08-03 20:21:43 - binding parameter [1] as [VARCHAR] - [Diana Davis]
2025-08-03 20:21:43 - binding parameter [2] as [VARCHAR] - [ACC008901234567]
2025-08-03 20:21:43 - binding parameter [3] as [NUMERIC] - [2000.00]
2025-08-03 20:21:43 - binding parameter [4] as [TIMESTAMP] - [2025-08-03T20:21:43.134630]
2025-08-03 20:21:43 - binding parameter [5] as [VARCHAR] - [USD]
2025-08-03 20:21:43 - binding parameter [6] as [VARCHAR] - [ACTIVE]
2025-08-03 20:21:43 - binding parameter [7] as [TIMESTAMP] - [2025-08-03T20:21:43.134650]
2025-08-03 20:21:43 - binding parameter [8] as [VARCHAR] - [user6]
2025-08-03 20:21:43 - binding parameter [9] as [BIGINT] - [0]
2025-08-03 20:21:43 - Sample data initialized successfully. Created 8 accounts.
2025-08-03 20:21:43 - Created account: ACC001234567890 - John Doe user1 - Balance: 10000.00 USD
2025-08-03 20:21:43 - Created account: ACC002345678901 - John Doe user1 - Balance: 8500.00 EUR
2025-08-03 20:21:43 - Created account: ACC003456789012 - Jane Smith user2 - Balance: 5000.00 USD
2025-08-03 20:21:43 - Created account: ACC004567890123 - Jane Smith user2 - Balance: 3000.00 GBP
2025-08-03 20:21:43 - Created account: ACC005678901234 - Bob Johnson user3 - Balance: 7500.00 USD
2025-08-03 20:21:43 - Created account: ACC006789012345 - Alice Brown user4 - Balance: 12000.00 EUR
2025-08-03 20:21:43 - Created account: ACC007890123456 - Charlie Wilson user5 - Balance: 4500.00 GBP
2025-08-03 20:21:43 - Created account: ACC008901234567 - Diana Davis user6 - Balance: 2000.00 USD
2025-08-03 20:21:43 - binding parameter [1] as [BIGINT] - [1]
2025-08-03 20:21:43 - binding parameter [2] as [BIGINT] - [0]
2025-08-03 20:21:43 - binding parameter [1] as [BIGINT] - [2]
2025-08-03 20:21:43 - binding parameter [2] as [BIGINT] - [0]
2025-08-03 20:21:43 - binding parameter [1] as [BIGINT] - [3]
2025-08-03 20:21:43 - binding parameter [2] as [BIGINT] - [0]
2025-08-03 20:21:43 - binding parameter [1] as [BIGINT] - [4]
2025-08-03 20:21:43 - binding parameter [2] as [BIGINT] - [0]
2025-08-03 20:21:43 - binding parameter [1] as [BIGINT] - [5]
2025-08-03 20:21:43 - binding parameter [2] as [BIGINT] - [0]
2025-08-03 20:21:43 - binding parameter [1] as [BIGINT] - [6]
2025-08-03 20:21:43 - binding parameter [2] as [BIGINT] - [0]
2025-08-03 20:21:43 - binding parameter [1] as [BIGINT] - [7]
2025-08-03 20:21:43 - binding parameter [2] as [BIGINT] - [0]
2025-08-03 20:21:43 - binding parameter [1] as [BIGINT] - [8]
2025-08-03 20:21:43 - binding parameter [2] as [BIGINT] - [0]
2025-08-03 20:21:43 - binding parameter [1] as [VARCHAR] - [Test User 1]
2025-08-03 20:21:43 - binding parameter [2] as [VARCHAR] - [TEST001234567890]
2025-08-03 20:21:43 - binding parameter [3] as [NUMERIC] - [1000.00]
2025-08-03 20:21:43 - binding parameter [4] as [TIMESTAMP] - [2025-08-03T20:21:43.253290]
2025-08-03 20:21:43 - binding parameter [5] as [VARCHAR] - [USD]
2025-08-03 20:21:43 - binding parameter [6] as [VARCHAR] - [ACTIVE]
2025-08-03 20:21:43 - binding parameter [7] as [TIMESTAMP] - [2025-08-03T20:21:43.253302]
2025-08-03 20:21:43 - binding parameter [8] as [VARCHAR] - [user1]
2025-08-03 20:21:43 - binding parameter [9] as [BIGINT] - [0]
2025-08-03 20:21:43 - binding parameter [1] as [VARCHAR] - [Test User 2]
2025-08-03 20:21:43 - binding parameter [2] as [VARCHAR] - [TEST002345678901]
2025-08-03 20:21:43 - binding parameter [3] as [NUMERIC] - [500.00]
2025-08-03 20:21:43 - binding parameter [4] as [TIMESTAMP] - [2025-08-03T20:21:43.254772]
2025-08-03 20:21:43 - binding parameter [5] as [VARCHAR] - [USD]
2025-08-03 20:21:43 - binding parameter [6] as [VARCHAR] - [ACTIVE]
2025-08-03 20:21:43 - binding parameter [7] as [TIMESTAMP] - [2025-08-03T20:21:43.254781]
2025-08-03 20:21:43 - binding parameter [8] as [VARCHAR] - [user2]
2025-08-03 20:21:43 - binding parameter [9] as [BIGINT] - [0]
2025-08-03 20:21:43 - Processing transfer request: TransferRequest{fromAccountNumber='TEST001234567890', toAccountNumber='TEST002345678901', amount=10.00, currency=USD, description='Concurrent transfer test'}
2025-08-03 20:21:43 - Processing transfer request: TransferRequest{fromAccountNumber='TEST001234567890', toAccountNumber='TEST002345678901', amount=10.00, currency=USD, description='Concurrent transfer test'}
2025-08-03 20:21:43 - Processing transfer request: TransferRequest{fromAccountNumber='TEST001234567890', toAccountNumber='TEST002345678901', amount=10.00, currency=USD, description='Concurrent transfer test'}
2025-08-03 20:21:43 - Processing transfer request: TransferRequest{fromAccountNumber='TEST001234567890', toAccountNumber='TEST002345678901', amount=10.00, currency=USD, description='Concurrent transfer test'}
2025-08-03 20:21:43 - Processing transfer request: TransferRequest{fromAccountNumber='TEST001234567890', toAccountNumber='TEST002345678901', amount=10.00, currency=USD, description='Concurrent transfer test'}
2025-08-03 20:21:43 - Processing transfer request: TransferRequest{fromAccountNumber='TEST001234567890', toAccountNumber='TEST002345678901', amount=10.00, currency=USD, description='Concurrent transfer test'}
2025-08-03 20:21:43 - Processing transfer request: TransferRequest{fromAccountNumber='TEST001234567890', toAccountNumber='TEST002345678901', amount=10.00, currency=USD, description='Concurrent transfer test'}
2025-08-03 20:21:43 - Processing transfer request: TransferRequest{fromAccountNumber='TEST001234567890', toAccountNumber='TEST002345678901', amount=10.00, currency=USD, description='Concurrent transfer test'}
2025-08-03 20:21:43 - Processing transfer request: TransferRequest{fromAccountNumber='TEST001234567890', toAccountNumber='TEST002345678901', amount=10.00, currency=USD, description='Concurrent transfer test'}
2025-08-03 20:21:43 - Processing transfer request: TransferRequest{fromAccountNumber='TEST001234567890', toAccountNumber='TEST002345678901', amount=10.00, currency=USD, description='Concurrent transfer test'}
2025-08-03 20:21:43 - binding parameter [1] as [VARCHAR] - [TEST001234567890]
2025-08-03 20:21:43 - binding parameter [1] as [VARCHAR] - [TEST001234567890]
2025-08-03 20:21:43 - binding parameter [1] as [VARCHAR] - [TEST001234567890]
2025-08-03 20:21:43 - binding parameter [1] as [VARCHAR] - [TEST001234567890]
2025-08-03 20:21:43 - binding parameter [1] as [VARCHAR] - [TEST001234567890]
2025-08-03 20:21:43 - binding parameter [1] as [VARCHAR] - [TEST001234567890]
2025-08-03 20:21:43 - binding parameter [1] as [VARCHAR] - [TEST001234567890]
2025-08-03 20:21:43 - binding parameter [1] as [VARCHAR] - [TEST001234567890]
2025-08-03 20:21:43 - binding parameter [1] as [VARCHAR] - [TEST001234567890]
2025-08-03 20:21:43 - binding parameter [1] as [VARCHAR] - [TEST001234567890]
2025-08-03 20:21:43 - binding parameter [1] as [VARCHAR] - [TEST002345678901]
2025-08-03 20:21:43 - binding parameter [1] as [NUMERIC] - [10.00]
2025-08-03 20:21:43 - binding parameter [2] as [TIMESTAMP] - [null]
2025-08-03 20:21:43 - binding parameter [3] as [TIMESTAMP] - [2025-08-03T20:21:43.288742]
2025-08-03 20:21:43 - binding parameter [4] as [VARCHAR] - [USD]
2025-08-03 20:21:43 - binding parameter [5] as [VARCHAR] - [Concurrent transfer test]
2025-08-03 20:21:43 - binding parameter [6] as [VARCHAR] - [null]
2025-08-03 20:21:43 - binding parameter [7] as [BIGINT] - [9]
2025-08-03 20:21:43 - binding parameter [8] as [TIMESTAMP] - [null]
2025-08-03 20:21:43 - binding parameter [9] as [VARCHAR] - [PENDING]
2025-08-03 20:21:43 - binding parameter [10] as [BIGINT] - [10]
2025-08-03 20:21:43 - binding parameter [11] as [VARCHAR] - [TXN-580897150EE1474D]
2025-08-03 20:21:43 - binding parameter [12] as [TIMESTAMP] - [2025-08-03T20:21:43.288754]
2025-08-03 20:21:43 - binding parameter [13] as [BIGINT] - [0]
2025-08-03 20:21:43 - Transfer completed successfully: TXN-580897150EE1474D
2025-08-03 20:21:43 - binding parameter [1] as [VARCHAR] - [Test User 1]
2025-08-03 20:21:43 - binding parameter [2] as [VARCHAR] - [TEST001234567890]
2025-08-03 20:21:43 - binding parameter [3] as [NUMERIC] - [990.00]
2025-08-03 20:21:43 - binding parameter [4] as [VARCHAR] - [USD]
2025-08-03 20:21:43 - binding parameter [5] as [VARCHAR] - [ACTIVE]
2025-08-03 20:21:43 - binding parameter [6] as [TIMESTAMP] - [2025-08-03T20:21:43.296585]
2025-08-03 20:21:43 - binding parameter [7] as [VARCHAR] - [user1]
2025-08-03 20:21:43 - binding parameter [8] as [BIGINT] - [1]
2025-08-03 20:21:43 - binding parameter [9] as [BIGINT] - [9]
2025-08-03 20:21:43 - binding parameter [10] as [BIGINT] - [0]
2025-08-03 20:21:43 - binding parameter [1] as [VARCHAR] - [Test User 2]
2025-08-03 20:21:43 - binding parameter [2] as [VARCHAR] - [TEST002345678901]
2025-08-03 20:21:43 - binding parameter [3] as [NUMERIC] - [510.00]
2025-08-03 20:21:43 - binding parameter [4] as [VARCHAR] - [USD]
2025-08-03 20:21:43 - binding parameter [5] as [VARCHAR] - [ACTIVE]
2025-08-03 20:21:43 - binding parameter [6] as [TIMESTAMP] - [2025-08-03T20:21:43.301596]
2025-08-03 20:21:43 - binding parameter [7] as [VARCHAR] - [user2]
2025-08-03 20:21:43 - binding parameter [8] as [BIGINT] - [1]
2025-08-03 20:21:43 - binding parameter [9] as [BIGINT] - [10]
2025-08-03 20:21:43 - binding parameter [10] as [BIGINT] - [0]
2025-08-03 20:21:43 - binding parameter [1] as [NUMERIC] - [10.00]
2025-08-03 20:21:43 - binding parameter [2] as [TIMESTAMP] - [2025-08-03T20:21:43.294643]
2025-08-03 20:21:43 - binding parameter [3] as [VARCHAR] - [USD]
2025-08-03 20:21:43 - binding parameter [4] as [VARCHAR] - [Concurrent transfer test]
2025-08-03 20:21:43 - binding parameter [5] as [VARCHAR] - [null]
2025-08-03 20:21:43 - binding parameter [6] as [BIGINT] - [9]
2025-08-03 20:21:43 - binding parameter [7] as [TIMESTAMP] - [2025-08-03T20:21:43.292772]
2025-08-03 20:21:43 - binding parameter [8] as [VARCHAR] - [COMPLETED]
2025-08-03 20:21:43 - binding parameter [9] as [BIGINT] - [10]
2025-08-03 20:21:43 - binding parameter [10] as [VARCHAR] - [TXN-580897150EE1474D]
2025-08-03 20:21:43 - binding parameter [11] as [TIMESTAMP] - [2025-08-03T20:21:43.302236]
2025-08-03 20:21:43 - binding parameter [12] as [BIGINT] - [1]
2025-08-03 20:21:43 - binding parameter [13] as [BIGINT] - [1]
2025-08-03 20:21:43 - binding parameter [14] as [BIGINT] - [0]
2025-08-03 20:21:43 - binding parameter [1] as [VARCHAR] - [TEST002345678901]
2025-08-03 20:21:43 - binding parameter [1] as [NUMERIC] - [10.00]
2025-08-03 20:21:43 - binding parameter [2] as [TIMESTAMP] - [null]
2025-08-03 20:21:43 - binding parameter [3] as [TIMESTAMP] - [2025-08-03T20:21:43.307023]
2025-08-03 20:21:43 - binding parameter [4] as [VARCHAR] - [USD]
2025-08-03 20:21:43 - binding parameter [5] as [VARCHAR] - [Concurrent transfer test]
2025-08-03 20:21:43 - binding parameter [6] as [VARCHAR] - [null]
2025-08-03 20:21:43 - binding parameter [7] as [BIGINT] - [9]
2025-08-03 20:21:43 - binding parameter [8] as [TIMESTAMP] - [null]
2025-08-03 20:21:43 - binding parameter [9] as [VARCHAR] - [PENDING]
2025-08-03 20:21:43 - binding parameter [10] as [BIGINT] - [10]
2025-08-03 20:21:43 - binding parameter [11] as [VARCHAR] - [TXN-A2DDB7D7A9E34CDA]
2025-08-03 20:21:43 - binding parameter [12] as [TIMESTAMP] - [2025-08-03T20:21:43.307033]
2025-08-03 20:21:43 - binding parameter [13] as [BIGINT] - [0]
2025-08-03 20:21:43 - Transfer completed successfully: TXN-A2DDB7D7A9E34CDA
2025-08-03 20:21:43 - Processing transfer request: TransferRequest{fromAccountNumber='TEST001234567890', toAccountNumber='TEST002345678901', amount=10.00, currency=USD, description='Concurrent transfer test'}
2025-08-03 20:21:43 - binding parameter [1] as [VARCHAR] - [Test User 1]
2025-08-03 20:21:43 - binding parameter [2] as [VARCHAR] - [TEST001234567890]
2025-08-03 20:21:43 - binding parameter [3] as [NUMERIC] - [980.00]
2025-08-03 20:21:43 - binding parameter [4] as [VARCHAR] - [USD]
2025-08-03 20:21:43 - binding parameter [1] as [VARCHAR] - [TEST001234567890]
2025-08-03 20:21:43 - binding parameter [5] as [VARCHAR] - [ACTIVE]
2025-08-03 20:21:43 - binding parameter [6] as [TIMESTAMP] - [2025-08-03T20:21:43.309228]
2025-08-03 20:21:43 - binding parameter [7] as [VARCHAR] - [user1]
2025-08-03 20:21:43 - binding parameter [8] as [BIGINT] - [2]
2025-08-03 20:21:43 - binding parameter [9] as [BIGINT] - [9]
2025-08-03 20:21:43 - binding parameter [10] as [BIGINT] - [1]
2025-08-03 20:21:43 - binding parameter [1] as [VARCHAR] - [Test User 2]
2025-08-03 20:21:43 - binding parameter [2] as [VARCHAR] - [TEST002345678901]
2025-08-03 20:21:43 - binding parameter [3] as [NUMERIC] - [520.00]
2025-08-03 20:21:43 - binding parameter [4] as [VARCHAR] - [USD]
2025-08-03 20:21:43 - binding parameter [5] as [VARCHAR] - [ACTIVE]
2025-08-03 20:21:43 - binding parameter [6] as [TIMESTAMP] - [2025-08-03T20:21:43.310170]
2025-08-03 20:21:43 - binding parameter [7] as [VARCHAR] - [user2]
2025-08-03 20:21:43 - binding parameter [8] as [BIGINT] - [2]
2025-08-03 20:21:43 - binding parameter [9] as [BIGINT] - [10]
2025-08-03 20:21:43 - binding parameter [10] as [BIGINT] - [1]
2025-08-03 20:21:43 - binding parameter [1] as [NUMERIC] - [10.00]
2025-08-03 20:21:43 - binding parameter [2] as [TIMESTAMP] - [2025-08-03T20:21:43.308710]
2025-08-03 20:21:43 - binding parameter [3] as [VARCHAR] - [USD]
2025-08-03 20:21:43 - binding parameter [4] as [VARCHAR] - [Concurrent transfer test]
2025-08-03 20:21:43 - binding parameter [5] as [VARCHAR] - [null]
2025-08-03 20:21:43 - binding parameter [6] as [BIGINT] - [9]
2025-08-03 20:21:43 - binding parameter [7] as [TIMESTAMP] - [2025-08-03T20:21:43.307999]
2025-08-03 20:21:43 - binding parameter [8] as [VARCHAR] - [COMPLETED]
2025-08-03 20:21:43 - binding parameter [9] as [BIGINT] - [10]
2025-08-03 20:21:43 - binding parameter [10] as [VARCHAR] - [TXN-A2DDB7D7A9E34CDA]
2025-08-03 20:21:43 - binding parameter [11] as [TIMESTAMP] - [2025-08-03T20:21:43.310827]
2025-08-03 20:21:43 - binding parameter [12] as [BIGINT] - [1]
2025-08-03 20:21:43 - binding parameter [13] as [BIGINT] - [2]
2025-08-03 20:21:43 - binding parameter [14] as [BIGINT] - [0]
2025-08-03 20:21:43 - Processing transfer request: TransferRequest{fromAccountNumber='TEST001234567890', toAccountNumber='TEST002345678901', amount=10.00, currency=USD, description='Concurrent transfer test'}
2025-08-03 20:21:43 - binding parameter [1] as [VARCHAR] - [TEST001234567890]
2025-08-03 20:21:43 - binding parameter [1] as [VARCHAR] - [TEST002345678901]
2025-08-03 20:21:43 - binding parameter [1] as [NUMERIC] - [10.00]
2025-08-03 20:21:43 - binding parameter [2] as [TIMESTAMP] - [null]
2025-08-03 20:21:43 - binding parameter [3] as [TIMESTAMP] - [2025-08-03T20:21:43.313862]
2025-08-03 20:21:43 - binding parameter [4] as [VARCHAR] - [USD]
2025-08-03 20:21:43 - binding parameter [5] as [VARCHAR] - [Concurrent transfer test]
2025-08-03 20:21:43 - binding parameter [6] as [VARCHAR] - [null]
2025-08-03 20:21:43 - binding parameter [7] as [BIGINT] - [9]
2025-08-03 20:21:43 - binding parameter [8] as [TIMESTAMP] - [null]
2025-08-03 20:21:43 - binding parameter [9] as [VARCHAR] - [PENDING]
2025-08-03 20:21:43 - binding parameter [10] as [BIGINT] - [10]
2025-08-03 20:21:43 - binding parameter [11] as [VARCHAR] - [TXN-788A0DF7255B400F]
2025-08-03 20:21:43 - binding parameter [12] as [TIMESTAMP] - [2025-08-03T20:21:43.313872]
2025-08-03 20:21:43 - binding parameter [13] as [BIGINT] - [0]
2025-08-03 20:21:43 - Transfer completed successfully: TXN-788A0DF7255B400F
2025-08-03 20:21:43 - binding parameter [1] as [VARCHAR] - [Test User 1]
2025-08-03 20:21:43 - binding parameter [2] as [VARCHAR] - [TEST001234567890]
2025-08-03 20:21:43 - binding parameter [3] as [NUMERIC] - [970.00]
2025-08-03 20:21:43 - binding parameter [4] as [VARCHAR] - [USD]
2025-08-03 20:21:43 - binding parameter [5] as [VARCHAR] - [ACTIVE]
2025-08-03 20:21:43 - binding parameter [6] as [TIMESTAMP] - [2025-08-03T20:21:43.316606]
2025-08-03 20:21:43 - binding parameter [7] as [VARCHAR] - [user1]
2025-08-03 20:21:43 - binding parameter [8] as [BIGINT] - [3]
2025-08-03 20:21:43 - binding parameter [9] as [BIGINT] - [9]
2025-08-03 20:21:43 - binding parameter [10] as [BIGINT] - [2]
2025-08-03 20:21:43 - binding parameter [1] as [VARCHAR] - [Test User 2]
2025-08-03 20:21:43 - binding parameter [2] as [VARCHAR] - [TEST002345678901]
2025-08-03 20:21:43 - binding parameter [3] as [NUMERIC] - [530.00]
2025-08-03 20:21:43 - binding parameter [4] as [VARCHAR] - [USD]
2025-08-03 20:21:43 - binding parameter [5] as [VARCHAR] - [ACTIVE]
2025-08-03 20:21:43 - binding parameter [6] as [TIMESTAMP] - [2025-08-03T20:21:43.317636]
2025-08-03 20:21:43 - binding parameter [7] as [VARCHAR] - [user2]
2025-08-03 20:21:43 - binding parameter [8] as [BIGINT] - [3]
2025-08-03 20:21:43 - binding parameter [9] as [BIGINT] - [10]
2025-08-03 20:21:43 - binding parameter [10] as [BIGINT] - [2]
2025-08-03 20:21:43 - binding parameter [1] as [NUMERIC] - [10.00]
2025-08-03 20:21:43 - binding parameter [2] as [TIMESTAMP] - [2025-08-03T20:21:43.316089]
2025-08-03 20:21:43 - binding parameter [3] as [VARCHAR] - [USD]
2025-08-03 20:21:43 - binding parameter [4] as [VARCHAR] - [Concurrent transfer test]
2025-08-03 20:21:43 - binding parameter [5] as [VARCHAR] - [null]
2025-08-03 20:21:43 - binding parameter [6] as [BIGINT] - [9]
2025-08-03 20:21:43 - binding parameter [7] as [TIMESTAMP] - [2025-08-03T20:21:43.315569]
2025-08-03 20:21:43 - binding parameter [8] as [VARCHAR] - [COMPLETED]
2025-08-03 20:21:43 - binding parameter [9] as [BIGINT] - [10]
2025-08-03 20:21:43 - binding parameter [10] as [VARCHAR] - [TXN-788A0DF7255B400F]
2025-08-03 20:21:43 - binding parameter [11] as [TIMESTAMP] - [2025-08-03T20:21:43.318223]
2025-08-03 20:21:43 - binding parameter [12] as [BIGINT] - [1]
2025-08-03 20:21:43 - binding parameter [13] as [BIGINT] - [3]
2025-08-03 20:21:43 - binding parameter [14] as [BIGINT] - [0]
2025-08-03 20:21:43 - Processing transfer request: TransferRequest{fromAccountNumber='TEST001234567890', toAccountNumber='TEST002345678901', amount=10.00, currency=USD, description='Concurrent transfer test'}
2025-08-03 20:21:43 - binding parameter [1] as [VARCHAR] - [TEST001234567890]
2025-08-03 20:21:43 - binding parameter [1] as [VARCHAR] - [TEST002345678901]
2025-08-03 20:21:43 - binding parameter [1] as [NUMERIC] - [10.00]
2025-08-03 20:21:43 - binding parameter [2] as [TIMESTAMP] - [null]
2025-08-03 20:21:43 - binding parameter [3] as [TIMESTAMP] - [2025-08-03T20:21:43.322798]
2025-08-03 20:21:43 - binding parameter [4] as [VARCHAR] - [USD]
2025-08-03 20:21:43 - binding parameter [5] as [VARCHAR] - [Concurrent transfer test]
2025-08-03 20:21:43 - binding parameter [6] as [VARCHAR] - [null]
2025-08-03 20:21:43 - binding parameter [7] as [BIGINT] - [9]
2025-08-03 20:21:43 - binding parameter [8] as [TIMESTAMP] - [null]
2025-08-03 20:21:43 - binding parameter [9] as [VARCHAR] - [PENDING]
2025-08-03 20:21:43 - binding parameter [10] as [BIGINT] - [10]
2025-08-03 20:21:43 - binding parameter [11] as [VARCHAR] - [TXN-6E58AF07C5CE4FB0]
2025-08-03 20:21:43 - binding parameter [12] as [TIMESTAMP] - [2025-08-03T20:21:43.322810]
2025-08-03 20:21:43 - binding parameter [13] as [BIGINT] - [0]
2025-08-03 20:21:43 - Transfer completed successfully: TXN-6E58AF07C5CE4FB0
2025-08-03 20:21:43 - binding parameter [1] as [VARCHAR] - [Test User 1]
2025-08-03 20:21:43 - binding parameter [2] as [VARCHAR] - [TEST001234567890]
2025-08-03 20:21:43 - binding parameter [3] as [NUMERIC] - [960.00]
2025-08-03 20:21:43 - binding parameter [4] as [VARCHAR] - [USD]
2025-08-03 20:21:43 - binding parameter [5] as [VARCHAR] - [ACTIVE]
2025-08-03 20:21:43 - binding parameter [6] as [TIMESTAMP] - [2025-08-03T20:21:43.325774]
2025-08-03 20:21:43 - binding parameter [7] as [VARCHAR] - [user1]
2025-08-03 20:21:43 - binding parameter [8] as [BIGINT] - [4]
2025-08-03 20:21:43 - binding parameter [9] as [BIGINT] - [9]
2025-08-03 20:21:43 - binding parameter [10] as [BIGINT] - [3]
2025-08-03 20:21:43 - binding parameter [1] as [VARCHAR] - [Test User 2]
2025-08-03 20:21:43 - binding parameter [2] as [VARCHAR] - [TEST002345678901]
2025-08-03 20:21:43 - binding parameter [3] as [NUMERIC] - [540.00]
2025-08-03 20:21:43 - binding parameter [4] as [VARCHAR] - [USD]
2025-08-03 20:21:43 - binding parameter [5] as [VARCHAR] - [ACTIVE]
2025-08-03 20:21:43 - binding parameter [6] as [TIMESTAMP] - [2025-08-03T20:21:43.326442]
2025-08-03 20:21:43 - binding parameter [7] as [VARCHAR] - [user2]
2025-08-03 20:21:43 - binding parameter [8] as [BIGINT] - [4]
2025-08-03 20:21:43 - binding parameter [9] as [BIGINT] - [10]
2025-08-03 20:21:43 - binding parameter [10] as [BIGINT] - [3]
2025-08-03 20:21:43 - binding parameter [1] as [NUMERIC] - [10.00]
2025-08-03 20:21:43 - binding parameter [2] as [TIMESTAMP] - [2025-08-03T20:21:43.325122]
2025-08-03 20:21:43 - binding parameter [3] as [VARCHAR] - [USD]
2025-08-03 20:21:43 - binding parameter [4] as [VARCHAR] - [Concurrent transfer test]
2025-08-03 20:21:43 - binding parameter [5] as [VARCHAR] - [null]
2025-08-03 20:21:43 - binding parameter [6] as [BIGINT] - [9]
2025-08-03 20:21:43 - binding parameter [7] as [TIMESTAMP] - [2025-08-03T20:21:43.324813]
2025-08-03 20:21:43 - binding parameter [8] as [VARCHAR] - [COMPLETED]
2025-08-03 20:21:43 - binding parameter [9] as [BIGINT] - [10]
2025-08-03 20:21:43 - binding parameter [10] as [VARCHAR] - [TXN-6E58AF07C5CE4FB0]
2025-08-03 20:21:43 - binding parameter [11] as [TIMESTAMP] - [2025-08-03T20:21:43.327058]
2025-08-03 20:21:43 - binding parameter [12] as [BIGINT] - [1]
2025-08-03 20:21:43 - binding parameter [13] as [BIGINT] - [4]
2025-08-03 20:21:43 - binding parameter [14] as [BIGINT] - [0]
2025-08-03 20:21:43 - Processing transfer request: TransferRequest{fromAccountNumber='TEST001234567890', toAccountNumber='TEST002345678901', amount=10.00, currency=USD, description='Concurrent transfer test'}
2025-08-03 20:21:43 - binding parameter [1] as [VARCHAR] - [TEST001234567890]
2025-08-03 20:21:43 - binding parameter [1] as [VARCHAR] - [TEST002345678901]
2025-08-03 20:21:43 - binding parameter [1] as [NUMERIC] - [10.00]
2025-08-03 20:21:43 - binding parameter [2] as [TIMESTAMP] - [null]
2025-08-03 20:21:43 - binding parameter [3] as [TIMESTAMP] - [2025-08-03T20:21:43.330853]
2025-08-03 20:21:43 - binding parameter [4] as [VARCHAR] - [USD]
2025-08-03 20:21:43 - binding parameter [5] as [VARCHAR] - [Concurrent transfer test]
2025-08-03 20:21:43 - binding parameter [6] as [VARCHAR] - [null]
2025-08-03 20:21:43 - binding parameter [7] as [BIGINT] - [9]
2025-08-03 20:21:43 - binding parameter [8] as [TIMESTAMP] - [null]
2025-08-03 20:21:43 - binding parameter [9] as [VARCHAR] - [PENDING]
2025-08-03 20:21:43 - binding parameter [10] as [BIGINT] - [10]
2025-08-03 20:21:43 - binding parameter [11] as [VARCHAR] - [TXN-2A0C55CE403F46C5]
2025-08-03 20:21:43 - binding parameter [12] as [TIMESTAMP] - [2025-08-03T20:21:43.330864]
2025-08-03 20:21:43 - binding parameter [13] as [BIGINT] - [0]
2025-08-03 20:21:43 - Transfer completed successfully: TXN-2A0C55CE403F46C5
2025-08-03 20:21:43 - binding parameter [1] as [VARCHAR] - [Test User 1]
2025-08-03 20:21:43 - binding parameter [2] as [VARCHAR] - [TEST001234567890]
2025-08-03 20:21:43 - binding parameter [3] as [NUMERIC] - [950.00]
2025-08-03 20:21:43 - binding parameter [4] as [VARCHAR] - [USD]
2025-08-03 20:21:43 - binding parameter [5] as [VARCHAR] - [ACTIVE]
2025-08-03 20:21:43 - binding parameter [6] as [TIMESTAMP] - [2025-08-03T20:21:43.333192]
2025-08-03 20:21:43 - binding parameter [7] as [VARCHAR] - [user1]
2025-08-03 20:21:43 - binding parameter [8] as [BIGINT] - [5]
2025-08-03 20:21:43 - binding parameter [9] as [BIGINT] - [9]
2025-08-03 20:21:43 - binding parameter [10] as [BIGINT] - [4]
2025-08-03 20:21:43 - binding parameter [1] as [VARCHAR] - [Test User 2]
2025-08-03 20:21:43 - binding parameter [2] as [VARCHAR] - [TEST002345678901]
2025-08-03 20:21:43 - binding parameter [3] as [NUMERIC] - [550.00]
2025-08-03 20:21:43 - binding parameter [4] as [VARCHAR] - [USD]
2025-08-03 20:21:43 - binding parameter [5] as [VARCHAR] - [ACTIVE]
2025-08-03 20:21:43 - binding parameter [6] as [TIMESTAMP] - [2025-08-03T20:21:43.334057]
2025-08-03 20:21:43 - binding parameter [7] as [VARCHAR] - [user2]
2025-08-03 20:21:43 - binding parameter [8] as [BIGINT] - [5]
2025-08-03 20:21:43 - binding parameter [9] as [BIGINT] - [10]
2025-08-03 20:21:43 - binding parameter [10] as [BIGINT] - [4]
2025-08-03 20:21:43 - binding parameter [1] as [NUMERIC] - [10.00]
2025-08-03 20:21:43 - binding parameter [2] as [TIMESTAMP] - [2025-08-03T20:21:43.332632]
2025-08-03 20:21:43 - binding parameter [3] as [VARCHAR] - [USD]
2025-08-03 20:21:43 - binding parameter [4] as [VARCHAR] - [Concurrent transfer test]
2025-08-03 20:21:43 - binding parameter [5] as [VARCHAR] - [null]
2025-08-03 20:21:43 - binding parameter [6] as [BIGINT] - [9]
2025-08-03 20:21:43 - binding parameter [7] as [TIMESTAMP] - [2025-08-03T20:21:43.332323]
2025-08-03 20:21:43 - binding parameter [8] as [VARCHAR] - [COMPLETED]
2025-08-03 20:21:43 - binding parameter [9] as [BIGINT] - [10]
2025-08-03 20:21:43 - binding parameter [10] as [VARCHAR] - [TXN-2A0C55CE403F46C5]
2025-08-03 20:21:43 - binding parameter [11] as [TIMESTAMP] - [2025-08-03T20:21:43.334548]
2025-08-03 20:21:43 - binding parameter [12] as [BIGINT] - [1]
2025-08-03 20:21:43 - binding parameter [13] as [BIGINT] - [5]
2025-08-03 20:21:43 - binding parameter [14] as [BIGINT] - [0]
2025-08-03 20:21:43 - Processing transfer request: TransferRequest{fromAccountNumber='TEST001234567890', toAccountNumber='TEST002345678901', amount=10.00, currency=USD, description='Concurrent transfer test'}
2025-08-03 20:21:43 - binding parameter [1] as [VARCHAR] - [TEST002345678901]
2025-08-03 20:21:43 - binding parameter [1] as [VARCHAR] - [TEST001234567890]
2025-08-03 20:21:43 - binding parameter [1] as [NUMERIC] - [10.00]
2025-08-03 20:21:43 - binding parameter [2] as [TIMESTAMP] - [null]
2025-08-03 20:21:43 - binding parameter [3] as [TIMESTAMP] - [2025-08-03T20:21:43.336980]
2025-08-03 20:21:43 - binding parameter [4] as [VARCHAR] - [USD]
2025-08-03 20:21:43 - binding parameter [5] as [VARCHAR] - [Concurrent transfer test]
2025-08-03 20:21:43 - binding parameter [6] as [VARCHAR] - [null]
2025-08-03 20:21:43 - binding parameter [7] as [BIGINT] - [9]
2025-08-03 20:21:43 - binding parameter [8] as [TIMESTAMP] - [null]
2025-08-03 20:21:43 - binding parameter [9] as [VARCHAR] - [PENDING]
2025-08-03 20:21:43 - binding parameter [10] as [BIGINT] - [10]
2025-08-03 20:21:43 - binding parameter [11] as [VARCHAR] - [TXN-0783A93530F6460F]
2025-08-03 20:21:43 - binding parameter [12] as [TIMESTAMP] - [2025-08-03T20:21:43.336989]
2025-08-03 20:21:43 - binding parameter [13] as [BIGINT] - [0]
2025-08-03 20:21:43 - Transfer completed successfully: TXN-0783A93530F6460F
2025-08-03 20:21:43 - binding parameter [1] as [VARCHAR] - [Test User 1]
2025-08-03 20:21:43 - binding parameter [2] as [VARCHAR] - [TEST001234567890]
2025-08-03 20:21:43 - binding parameter [3] as [NUMERIC] - [940.00]
2025-08-03 20:21:43 - binding parameter [4] as [VARCHAR] - [USD]
2025-08-03 20:21:43 - binding parameter [5] as [VARCHAR] - [ACTIVE]
2025-08-03 20:21:43 - binding parameter [6] as [TIMESTAMP] - [2025-08-03T20:21:43.338697]
2025-08-03 20:21:43 - binding parameter [7] as [VARCHAR] - [user1]
2025-08-03 20:21:43 - binding parameter [8] as [BIGINT] - [6]
2025-08-03 20:21:43 - binding parameter [9] as [BIGINT] - [9]
2025-08-03 20:21:43 - binding parameter [10] as [BIGINT] - [5]
2025-08-03 20:21:43 - binding parameter [1] as [VARCHAR] - [Test User 2]
2025-08-03 20:21:43 - binding parameter [2] as [VARCHAR] - [TEST002345678901]
2025-08-03 20:21:43 - binding parameter [3] as [NUMERIC] - [560.00]
2025-08-03 20:21:43 - binding parameter [4] as [VARCHAR] - [USD]
2025-08-03 20:21:43 - binding parameter [5] as [VARCHAR] - [ACTIVE]
2025-08-03 20:21:43 - binding parameter [6] as [TIMESTAMP] - [2025-08-03T20:21:43.340297]
2025-08-03 20:21:43 - binding parameter [7] as [VARCHAR] - [user2]
2025-08-03 20:21:43 - binding parameter [8] as [BIGINT] - [6]
2025-08-03 20:21:43 - binding parameter [9] as [BIGINT] - [10]
2025-08-03 20:21:43 - binding parameter [10] as [BIGINT] - [5]
2025-08-03 20:21:43 - binding parameter [1] as [NUMERIC] - [10.00]
2025-08-03 20:21:43 - binding parameter [2] as [TIMESTAMP] - [2025-08-03T20:21:43.338235]
2025-08-03 20:21:43 - binding parameter [3] as [VARCHAR] - [USD]
2025-08-03 20:21:43 - binding parameter [4] as [VARCHAR] - [Concurrent transfer test]
2025-08-03 20:21:43 - binding parameter [5] as [VARCHAR] - [null]
2025-08-03 20:21:43 - binding parameter [6] as [BIGINT] - [9]
2025-08-03 20:21:43 - binding parameter [7] as [TIMESTAMP] - [2025-08-03T20:21:43.337920]
2025-08-03 20:21:43 - binding parameter [8] as [VARCHAR] - [COMPLETED]
2025-08-03 20:21:43 - binding parameter [9] as [BIGINT] - [10]
2025-08-03 20:21:43 - binding parameter [10] as [VARCHAR] - [TXN-0783A93530F6460F]
2025-08-03 20:21:43 - binding parameter [11] as [TIMESTAMP] - [2025-08-03T20:21:43.341065]
2025-08-03 20:21:43 - binding parameter [12] as [BIGINT] - [1]
2025-08-03 20:21:43 - binding parameter [13] as [BIGINT] - [6]
2025-08-03 20:21:43 - binding parameter [14] as [BIGINT] - [0]
2025-08-03 20:21:43 - Processing transfer request: TransferRequest{fromAccountNumber='TEST001234567890', toAccountNumber='TEST002345678901', amount=10.00, currency=USD, description='Concurrent transfer test'}
2025-08-03 20:21:43 - binding parameter [1] as [VARCHAR] - [TEST001234567890]
2025-08-03 20:21:43 - binding parameter [1] as [VARCHAR] - [TEST002345678901]
2025-08-03 20:21:43 - binding parameter [1] as [NUMERIC] - [10.00]
2025-08-03 20:21:43 - binding parameter [2] as [TIMESTAMP] - [null]
2025-08-03 20:21:43 - binding parameter [3] as [TIMESTAMP] - [2025-08-03T20:21:43.347554]
2025-08-03 20:21:43 - binding parameter [4] as [VARCHAR] - [USD]
2025-08-03 20:21:43 - binding parameter [5] as [VARCHAR] - [Concurrent transfer test]
2025-08-03 20:21:43 - binding parameter [6] as [VARCHAR] - [null]
2025-08-03 20:21:43 - binding parameter [7] as [BIGINT] - [9]
2025-08-03 20:21:43 - binding parameter [8] as [TIMESTAMP] - [null]
2025-08-03 20:21:43 - binding parameter [9] as [VARCHAR] - [PENDING]
2025-08-03 20:21:43 - binding parameter [10] as [BIGINT] - [10]
2025-08-03 20:21:43 - binding parameter [11] as [VARCHAR] - [TXN-CD7050A8BDDA482A]
2025-08-03 20:21:43 - binding parameter [12] as [TIMESTAMP] - [2025-08-03T20:21:43.347585]
2025-08-03 20:21:43 - binding parameter [13] as [BIGINT] - [0]
2025-08-03 20:21:43 - Transfer completed successfully: TXN-CD7050A8BDDA482A
2025-08-03 20:21:43 - binding parameter [1] as [VARCHAR] - [Test User 1]
2025-08-03 20:21:43 - binding parameter [2] as [VARCHAR] - [TEST001234567890]
2025-08-03 20:21:43 - binding parameter [3] as [NUMERIC] - [930.00]
2025-08-03 20:21:43 - binding parameter [4] as [VARCHAR] - [USD]
2025-08-03 20:21:43 - binding parameter [5] as [VARCHAR] - [ACTIVE]
2025-08-03 20:21:43 - binding parameter [6] as [TIMESTAMP] - [2025-08-03T20:21:43.350385]
2025-08-03 20:21:43 - binding parameter [7] as [VARCHAR] - [user1]
2025-08-03 20:21:43 - binding parameter [8] as [BIGINT] - [7]
2025-08-03 20:21:43 - binding parameter [9] as [BIGINT] - [9]
2025-08-03 20:21:43 - binding parameter [10] as [BIGINT] - [6]
2025-08-03 20:21:43 - binding parameter [1] as [VARCHAR] - [Test User 2]
2025-08-03 20:21:43 - binding parameter [2] as [VARCHAR] - [TEST002345678901]
2025-08-03 20:21:43 - binding parameter [3] as [NUMERIC] - [570.00]
2025-08-03 20:21:43 - binding parameter [4] as [VARCHAR] - [USD]
2025-08-03 20:21:43 - binding parameter [5] as [VARCHAR] - [ACTIVE]
2025-08-03 20:21:43 - binding parameter [6] as [TIMESTAMP] - [2025-08-03T20:21:43.350984]
2025-08-03 20:21:43 - binding parameter [7] as [VARCHAR] - [user2]
2025-08-03 20:21:43 - binding parameter [8] as [BIGINT] - [7]
2025-08-03 20:21:43 - binding parameter [9] as [BIGINT] - [10]
2025-08-03 20:21:43 - binding parameter [10] as [BIGINT] - [6]
2025-08-03 20:21:43 - binding parameter [1] as [NUMERIC] - [10.00]
2025-08-03 20:21:43 - binding parameter [2] as [TIMESTAMP] - [2025-08-03T20:21:43.349946]
2025-08-03 20:21:43 - binding parameter [3] as [VARCHAR] - [USD]
2025-08-03 20:21:43 - binding parameter [4] as [VARCHAR] - [Concurrent transfer test]
2025-08-03 20:21:43 - binding parameter [5] as [VARCHAR] - [null]
2025-08-03 20:21:43 - binding parameter [6] as [BIGINT] - [9]
2025-08-03 20:21:43 - binding parameter [7] as [TIMESTAMP] - [2025-08-03T20:21:43.349654]
2025-08-03 20:21:43 - binding parameter [8] as [VARCHAR] - [COMPLETED]
2025-08-03 20:21:43 - binding parameter [9] as [BIGINT] - [10]
2025-08-03 20:21:43 - binding parameter [10] as [VARCHAR] - [TXN-CD7050A8BDDA482A]
2025-08-03 20:21:43 - binding parameter [11] as [TIMESTAMP] - [2025-08-03T20:21:43.351461]
2025-08-03 20:21:43 - binding parameter [12] as [BIGINT] - [1]
2025-08-03 20:21:43 - binding parameter [13] as [BIGINT] - [7]
2025-08-03 20:21:43 - binding parameter [14] as [BIGINT] - [0]
2025-08-03 20:21:43 - Processing transfer request: TransferRequest{fromAccountNumber='TEST001234567890', toAccountNumber='TEST002345678901', amount=10.00, currency=USD, description='Concurrent transfer test'}
2025-08-03 20:21:43 - binding parameter [1] as [VARCHAR] - [TEST001234567890]
2025-08-03 20:21:43 - binding parameter [1] as [VARCHAR] - [TEST002345678901]
2025-08-03 20:21:43 - binding parameter [1] as [NUMERIC] - [10.00]
2025-08-03 20:21:43 - binding parameter [2] as [TIMESTAMP] - [null]
2025-08-03 20:21:43 - binding parameter [3] as [TIMESTAMP] - [2025-08-03T20:21:43.353670]
2025-08-03 20:21:43 - binding parameter [4] as [VARCHAR] - [USD]
2025-08-03 20:21:43 - binding parameter [5] as [VARCHAR] - [Concurrent transfer test]
2025-08-03 20:21:43 - binding parameter [6] as [VARCHAR] - [null]
2025-08-03 20:21:43 - binding parameter [7] as [BIGINT] - [9]
2025-08-03 20:21:43 - binding parameter [8] as [TIMESTAMP] - [null]
2025-08-03 20:21:43 - binding parameter [9] as [VARCHAR] - [PENDING]
2025-08-03 20:21:43 - binding parameter [10] as [BIGINT] - [10]
2025-08-03 20:21:43 - binding parameter [11] as [VARCHAR] - [TXN-75A84FFD05AE4D91]
2025-08-03 20:21:43 - binding parameter [12] as [TIMESTAMP] - [2025-08-03T20:21:43.353680]
2025-08-03 20:21:43 - binding parameter [13] as [BIGINT] - [0]
2025-08-03 20:21:43 - Transfer completed successfully: TXN-75A84FFD05AE4D91
2025-08-03 20:21:43 - binding parameter [1] as [VARCHAR] - [Test User 1]
2025-08-03 20:21:43 - binding parameter [2] as [VARCHAR] - [TEST001234567890]
2025-08-03 20:21:43 - binding parameter [3] as [NUMERIC] - [920.00]
2025-08-03 20:21:43 - binding parameter [4] as [VARCHAR] - [USD]
2025-08-03 20:21:43 - binding parameter [5] as [VARCHAR] - [ACTIVE]
2025-08-03 20:21:43 - binding parameter [6] as [TIMESTAMP] - [2025-08-03T20:21:43.357122]
2025-08-03 20:21:43 - binding parameter [7] as [VARCHAR] - [user1]
2025-08-03 20:21:43 - binding parameter [8] as [BIGINT] - [8]
2025-08-03 20:21:43 - binding parameter [9] as [BIGINT] - [9]
2025-08-03 20:21:43 - binding parameter [10] as [BIGINT] - [7]
2025-08-03 20:21:43 - binding parameter [1] as [VARCHAR] - [Test User 2]
2025-08-03 20:21:43 - binding parameter [2] as [VARCHAR] - [TEST002345678901]
2025-08-03 20:21:43 - binding parameter [3] as [NUMERIC] - [580.00]
2025-08-03 20:21:43 - binding parameter [4] as [VARCHAR] - [USD]
2025-08-03 20:21:43 - binding parameter [5] as [VARCHAR] - [ACTIVE]
2025-08-03 20:21:43 - binding parameter [6] as [TIMESTAMP] - [2025-08-03T20:21:43.357855]
2025-08-03 20:21:43 - binding parameter [7] as [VARCHAR] - [user2]
2025-08-03 20:21:43 - binding parameter [8] as [BIGINT] - [8]
2025-08-03 20:21:43 - binding parameter [9] as [BIGINT] - [10]
2025-08-03 20:21:43 - binding parameter [10] as [BIGINT] - [7]
2025-08-03 20:21:43 - binding parameter [1] as [NUMERIC] - [10.00]
2025-08-03 20:21:43 - binding parameter [2] as [TIMESTAMP] - [2025-08-03T20:21:43.356427]
2025-08-03 20:21:43 - binding parameter [3] as [VARCHAR] - [USD]
2025-08-03 20:21:43 - binding parameter [4] as [VARCHAR] - [Concurrent transfer test]
2025-08-03 20:21:43 - binding parameter [5] as [VARCHAR] - [null]
2025-08-03 20:21:43 - binding parameter [6] as [BIGINT] - [9]
2025-08-03 20:21:43 - binding parameter [7] as [TIMESTAMP] - [2025-08-03T20:21:43.356043]
2025-08-03 20:21:43 - binding parameter [8] as [VARCHAR] - [COMPLETED]
2025-08-03 20:21:43 - binding parameter [9] as [BIGINT] - [10]
2025-08-03 20:21:43 - binding parameter [10] as [VARCHAR] - [TXN-75A84FFD05AE4D91]
2025-08-03 20:21:43 - binding parameter [11] as [TIMESTAMP] - [2025-08-03T20:21:43.358373]
2025-08-03 20:21:43 - binding parameter [12] as [BIGINT] - [1]
2025-08-03 20:21:43 - binding parameter [13] as [BIGINT] - [8]
2025-08-03 20:21:43 - binding parameter [14] as [BIGINT] - [0]
2025-08-03 20:21:43 - Processing transfer request: TransferRequest{fromAccountNumber='TEST001234567890', toAccountNumber='TEST002345678901', amount=10.00, currency=USD, description='Concurrent transfer test'}
2025-08-03 20:21:43 - binding parameter [1] as [VARCHAR] - [TEST001234567890]
2025-08-03 20:21:43 - binding parameter [1] as [VARCHAR] - [TEST002345678901]
2025-08-03 20:21:43 - binding parameter [1] as [NUMERIC] - [10.00]
2025-08-03 20:21:43 - binding parameter [2] as [TIMESTAMP] - [null]
2025-08-03 20:21:43 - binding parameter [3] as [TIMESTAMP] - [2025-08-03T20:21:43.361340]
2025-08-03 20:21:43 - binding parameter [4] as [VARCHAR] - [USD]
2025-08-03 20:21:43 - binding parameter [5] as [VARCHAR] - [Concurrent transfer test]
2025-08-03 20:21:43 - binding parameter [6] as [VARCHAR] - [null]
2025-08-03 20:21:43 - binding parameter [7] as [BIGINT] - [9]
2025-08-03 20:21:43 - binding parameter [8] as [TIMESTAMP] - [null]
2025-08-03 20:21:43 - binding parameter [9] as [VARCHAR] - [PENDING]
2025-08-03 20:21:43 - binding parameter [10] as [BIGINT] - [10]
2025-08-03 20:21:43 - binding parameter [11] as [VARCHAR] - [TXN-6C02B870F9014662]
2025-08-03 20:21:43 - binding parameter [12] as [TIMESTAMP] - [2025-08-03T20:21:43.361353]
2025-08-03 20:21:43 - binding parameter [13] as [BIGINT] - [0]
2025-08-03 20:21:43 - Transfer completed successfully: TXN-6C02B870F9014662
2025-08-03 20:21:43 - binding parameter [1] as [VARCHAR] - [Test User 1]
2025-08-03 20:21:43 - binding parameter [2] as [VARCHAR] - [TEST001234567890]
2025-08-03 20:21:43 - binding parameter [3] as [NUMERIC] - [910.00]
2025-08-03 20:21:43 - binding parameter [4] as [VARCHAR] - [USD]
2025-08-03 20:21:43 - binding parameter [5] as [VARCHAR] - [ACTIVE]
2025-08-03 20:21:43 - binding parameter [6] as [TIMESTAMP] - [2025-08-03T20:21:43.367093]
2025-08-03 20:21:43 - binding parameter [7] as [VARCHAR] - [user1]
2025-08-03 20:21:43 - binding parameter [8] as [BIGINT] - [9]
2025-08-03 20:21:43 - binding parameter [9] as [BIGINT] - [9]
2025-08-03 20:21:43 - binding parameter [10] as [BIGINT] - [8]
2025-08-03 20:21:43 - binding parameter [1] as [VARCHAR] - [Test User 2]
2025-08-03 20:21:43 - binding parameter [2] as [VARCHAR] - [TEST002345678901]
2025-08-03 20:21:43 - binding parameter [3] as [NUMERIC] - [590.00]
2025-08-03 20:21:43 - binding parameter [4] as [VARCHAR] - [USD]
2025-08-03 20:21:43 - binding parameter [5] as [VARCHAR] - [ACTIVE]
2025-08-03 20:21:43 - binding parameter [6] as [TIMESTAMP] - [2025-08-03T20:21:43.368160]
2025-08-03 20:21:43 - binding parameter [7] as [VARCHAR] - [user2]
2025-08-03 20:21:43 - binding parameter [8] as [BIGINT] - [9]
2025-08-03 20:21:43 - binding parameter [9] as [BIGINT] - [10]
2025-08-03 20:21:43 - binding parameter [10] as [BIGINT] - [8]
2025-08-03 20:21:43 - binding parameter [1] as [NUMERIC] - [10.00]
2025-08-03 20:21:43 - binding parameter [2] as [TIMESTAMP] - [2025-08-03T20:21:43.366458]
2025-08-03 20:21:43 - binding parameter [3] as [VARCHAR] - [USD]
2025-08-03 20:21:43 - binding parameter [4] as [VARCHAR] - [Concurrent transfer test]
2025-08-03 20:21:43 - binding parameter [5] as [VARCHAR] - [null]
2025-08-03 20:21:43 - binding parameter [6] as [BIGINT] - [9]
2025-08-03 20:21:43 - binding parameter [7] as [TIMESTAMP] - [2025-08-03T20:21:43.365786]
2025-08-03 20:21:43 - binding parameter [8] as [VARCHAR] - [COMPLETED]
2025-08-03 20:21:43 - binding parameter [9] as [BIGINT] - [10]
2025-08-03 20:21:43 - binding parameter [10] as [VARCHAR] - [TXN-6C02B870F9014662]
2025-08-03 20:21:43 - binding parameter [11] as [TIMESTAMP] - [2025-08-03T20:21:43.368634]
2025-08-03 20:21:43 - binding parameter [12] as [BIGINT] - [1]
2025-08-03 20:21:43 - binding parameter [13] as [BIGINT] - [9]
2025-08-03 20:21:43 - binding parameter [14] as [BIGINT] - [0]
2025-08-03 20:21:43 - Processing transfer request: TransferRequest{fromAccountNumber='TEST001234567890', toAccountNumber='TEST002345678901', amount=10.00, currency=USD, description='Concurrent transfer test'}
2025-08-03 20:21:43 - binding parameter [1] as [VARCHAR] - [TEST001234567890]
2025-08-03 20:21:43 - binding parameter [1] as [VARCHAR] - [TEST002345678901]
2025-08-03 20:21:43 - binding parameter [1] as [NUMERIC] - [10.00]
2025-08-03 20:21:43 - binding parameter [2] as [TIMESTAMP] - [null]
2025-08-03 20:21:43 - binding parameter [3] as [TIMESTAMP] - [2025-08-03T20:21:43.371279]
2025-08-03 20:21:43 - binding parameter [4] as [VARCHAR] - [USD]
2025-08-03 20:21:43 - binding parameter [5] as [VARCHAR] - [Concurrent transfer test]
2025-08-03 20:21:43 - binding parameter [6] as [VARCHAR] - [null]
2025-08-03 20:21:43 - binding parameter [7] as [BIGINT] - [9]
2025-08-03 20:21:43 - binding parameter [8] as [TIMESTAMP] - [null]
2025-08-03 20:21:43 - binding parameter [9] as [VARCHAR] - [PENDING]
2025-08-03 20:21:43 - binding parameter [10] as [BIGINT] - [10]
2025-08-03 20:21:43 - binding parameter [11] as [VARCHAR] - [TXN-10C4EE4E10E946EA]
2025-08-03 20:21:43 - binding parameter [12] as [TIMESTAMP] - [2025-08-03T20:21:43.371287]
2025-08-03 20:21:43 - binding parameter [13] as [BIGINT] - [0]
2025-08-03 20:21:43 - Transfer completed successfully: TXN-10C4EE4E10E946EA
2025-08-03 20:21:43 - binding parameter [1] as [VARCHAR] - [Test User 1]
2025-08-03 20:21:43 - binding parameter [2] as [VARCHAR] - [TEST001234567890]
2025-08-03 20:21:43 - binding parameter [3] as [NUMERIC] - [900.00]
2025-08-03 20:21:43 - binding parameter [4] as [VARCHAR] - [USD]
2025-08-03 20:21:43 - binding parameter [5] as [VARCHAR] - [ACTIVE]
2025-08-03 20:21:43 - binding parameter [6] as [TIMESTAMP] - [2025-08-03T20:21:43.373283]
2025-08-03 20:21:43 - binding parameter [7] as [VARCHAR] - [user1]
2025-08-03 20:21:43 - binding parameter [8] as [BIGINT] - [10]
2025-08-03 20:21:43 - binding parameter [9] as [BIGINT] - [9]
2025-08-03 20:21:43 - binding parameter [10] as [BIGINT] - [9]
2025-08-03 20:21:43 - binding parameter [1] as [VARCHAR] - [Test User 2]
2025-08-03 20:21:43 - binding parameter [2] as [VARCHAR] - [TEST002345678901]
2025-08-03 20:21:43 - binding parameter [3] as [NUMERIC] - [600.00]
2025-08-03 20:21:43 - binding parameter [4] as [VARCHAR] - [USD]
2025-08-03 20:21:43 - binding parameter [5] as [VARCHAR] - [ACTIVE]
2025-08-03 20:21:43 - binding parameter [6] as [TIMESTAMP] - [2025-08-03T20:21:43.373874]
2025-08-03 20:21:43 - binding parameter [7] as [VARCHAR] - [user2]
2025-08-03 20:21:43 - binding parameter [8] as [BIGINT] - [10]
2025-08-03 20:21:43 - binding parameter [9] as [BIGINT] - [10]
2025-08-03 20:21:43 - binding parameter [10] as [BIGINT] - [9]
2025-08-03 20:21:43 - binding parameter [1] as [NUMERIC] - [10.00]
2025-08-03 20:21:43 - binding parameter [2] as [TIMESTAMP] - [2025-08-03T20:21:43.372820]
2025-08-03 20:21:43 - binding parameter [3] as [VARCHAR] - [USD]
2025-08-03 20:21:43 - binding parameter [4] as [VARCHAR] - [Concurrent transfer test]
2025-08-03 20:21:43 - binding parameter [5] as [VARCHAR] - [null]
2025-08-03 20:21:43 - binding parameter [6] as [BIGINT] - [9]
2025-08-03 20:21:43 - binding parameter [7] as [TIMESTAMP] - [2025-08-03T20:21:43.372566]
2025-08-03 20:21:43 - binding parameter [8] as [VARCHAR] - [COMPLETED]
2025-08-03 20:21:43 - binding parameter [9] as [BIGINT] - [10]
2025-08-03 20:21:43 - binding parameter [10] as [VARCHAR] - [TXN-10C4EE4E10E946EA]
2025-08-03 20:21:43 - binding parameter [11] as [TIMESTAMP] - [2025-08-03T20:21:43.374292]
2025-08-03 20:21:43 - binding parameter [12] as [BIGINT] - [1]
2025-08-03 20:21:43 - binding parameter [13] as [BIGINT] - [10]
2025-08-03 20:21:43 - binding parameter [14] as [BIGINT] - [0]
2025-08-03 20:21:43 - Processing transfer request: TransferRequest{fromAccountNumber='TEST001234567890', toAccountNumber='TEST002345678901', amount=10.00, currency=USD, description='Concurrent transfer test'}
2025-08-03 20:21:43 - binding parameter [1] as [VARCHAR] - [TEST002345678901]
2025-08-03 20:21:43 - binding parameter [1] as [VARCHAR] - [TEST001234567890]
2025-08-03 20:21:43 - binding parameter [1] as [NUMERIC] - [10.00]
2025-08-03 20:21:43 - binding parameter [2] as [TIMESTAMP] - [null]
2025-08-03 20:21:43 - binding parameter [3] as [TIMESTAMP] - [2025-08-03T20:21:43.376517]
2025-08-03 20:21:43 - binding parameter [4] as [VARCHAR] - [USD]
2025-08-03 20:21:43 - binding parameter [5] as [VARCHAR] - [Concurrent transfer test]
2025-08-03 20:21:43 - binding parameter [6] as [VARCHAR] - [null]
2025-08-03 20:21:43 - binding parameter [7] as [BIGINT] - [9]
2025-08-03 20:21:43 - binding parameter [8] as [TIMESTAMP] - [null]
2025-08-03 20:21:43 - binding parameter [9] as [VARCHAR] - [PENDING]
2025-08-03 20:21:43 - binding parameter [10] as [BIGINT] - [10]
2025-08-03 20:21:43 - binding parameter [11] as [VARCHAR] - [TXN-A3BD35AD9ECE499F]
2025-08-03 20:21:43 - binding parameter [12] as [TIMESTAMP] - [2025-08-03T20:21:43.376524]
2025-08-03 20:21:43 - binding parameter [13] as [BIGINT] - [0]
2025-08-03 20:21:43 - Transfer completed successfully: TXN-A3BD35AD9ECE499F
2025-08-03 20:21:43 - binding parameter [1] as [VARCHAR] - [Test User 1]
2025-08-03 20:21:43 - binding parameter [2] as [VARCHAR] - [TEST001234567890]
2025-08-03 20:21:43 - binding parameter [3] as [NUMERIC] - [890.00]
2025-08-03 20:21:43 - binding parameter [4] as [VARCHAR] - [USD]
2025-08-03 20:21:43 - binding parameter [5] as [VARCHAR] - [ACTIVE]
2025-08-03 20:21:43 - binding parameter [6] as [TIMESTAMP] - [2025-08-03T20:21:43.377765]
2025-08-03 20:21:43 - binding parameter [7] as [VARCHAR] - [user1]
2025-08-03 20:21:43 - binding parameter [8] as [BIGINT] - [11]
2025-08-03 20:21:43 - binding parameter [9] as [BIGINT] - [9]
2025-08-03 20:21:43 - binding parameter [10] as [BIGINT] - [10]
2025-08-03 20:21:43 - binding parameter [1] as [VARCHAR] - [Test User 2]
2025-08-03 20:21:43 - binding parameter [2] as [VARCHAR] - [TEST002345678901]
2025-08-03 20:21:43 - binding parameter [3] as [NUMERIC] - [610.00]
2025-08-03 20:21:43 - binding parameter [4] as [VARCHAR] - [USD]
2025-08-03 20:21:43 - binding parameter [5] as [VARCHAR] - [ACTIVE]
2025-08-03 20:21:43 - binding parameter [6] as [TIMESTAMP] - [2025-08-03T20:21:43.378245]
2025-08-03 20:21:43 - binding parameter [7] as [VARCHAR] - [user2]
2025-08-03 20:21:43 - binding parameter [8] as [BIGINT] - [11]
2025-08-03 20:21:43 - binding parameter [9] as [BIGINT] - [10]
2025-08-03 20:21:43 - binding parameter [10] as [BIGINT] - [10]
2025-08-03 20:21:43 - binding parameter [1] as [NUMERIC] - [10.00]
2025-08-03 20:21:43 - binding parameter [2] as [TIMESTAMP] - [2025-08-03T20:21:43.377437]
2025-08-03 20:21:43 - binding parameter [3] as [VARCHAR] - [USD]
2025-08-03 20:21:43 - binding parameter [4] as [VARCHAR] - [Concurrent transfer test]
2025-08-03 20:21:43 - binding parameter [5] as [VARCHAR] - [null]
2025-08-03 20:21:43 - binding parameter [6] as [BIGINT] - [9]
2025-08-03 20:21:43 - binding parameter [7] as [TIMESTAMP] - [2025-08-03T20:21:43.377209]
2025-08-03 20:21:43 - binding parameter [8] as [VARCHAR] - [COMPLETED]
2025-08-03 20:21:43 - binding parameter [9] as [BIGINT] - [10]
2025-08-03 20:21:43 - binding parameter [10] as [VARCHAR] - [TXN-A3BD35AD9ECE499F]
2025-08-03 20:21:43 - binding parameter [11] as [TIMESTAMP] - [2025-08-03T20:21:43.378598]
2025-08-03 20:21:43 - binding parameter [12] as [BIGINT] - [1]
2025-08-03 20:21:43 - binding parameter [13] as [BIGINT] - [11]
2025-08-03 20:21:43 - binding parameter [14] as [BIGINT] - [0]
2025-08-03 20:21:43 - Processing transfer request: TransferRequest{fromAccountNumber='TEST001234567890', toAccountNumber='TEST002345678901', amount=10.00, currency=USD, description='Concurrent transfer test'}
2025-08-03 20:21:43 - binding parameter [1] as [VARCHAR] - [TEST001234567890]
2025-08-03 20:21:43 - binding parameter [1] as [VARCHAR] - [TEST002345678901]
2025-08-03 20:21:43 - binding parameter [1] as [NUMERIC] - [10.00]
2025-08-03 20:21:43 - binding parameter [2] as [TIMESTAMP] - [null]
2025-08-03 20:21:43 - binding parameter [3] as [TIMESTAMP] - [2025-08-03T20:21:43.383746]
2025-08-03 20:21:43 - binding parameter [4] as [VARCHAR] - [USD]
2025-08-03 20:21:43 - binding parameter [5] as [VARCHAR] - [Concurrent transfer test]
2025-08-03 20:21:43 - binding parameter [6] as [VARCHAR] - [null]
2025-08-03 20:21:43 - binding parameter [7] as [BIGINT] - [9]
2025-08-03 20:21:43 - binding parameter [8] as [TIMESTAMP] - [null]
2025-08-03 20:21:43 - binding parameter [9] as [VARCHAR] - [PENDING]
2025-08-03 20:21:43 - binding parameter [10] as [BIGINT] - [10]
2025-08-03 20:21:43 - binding parameter [11] as [VARCHAR] - [TXN-3C4CA586CFD14645]
2025-08-03 20:21:43 - binding parameter [12] as [TIMESTAMP] - [2025-08-03T20:21:43.383755]
2025-08-03 20:21:43 - binding parameter [13] as [BIGINT] - [0]
2025-08-03 20:21:43 - Transfer completed successfully: TXN-3C4CA586CFD14645
2025-08-03 20:21:43 - binding parameter [1] as [VARCHAR] - [Test User 1]
2025-08-03 20:21:43 - binding parameter [2] as [VARCHAR] - [TEST001234567890]
2025-08-03 20:21:43 - binding parameter [3] as [NUMERIC] - [880.00]
2025-08-03 20:21:43 - binding parameter [4] as [VARCHAR] - [USD]
2025-08-03 20:21:43 - binding parameter [5] as [VARCHAR] - [ACTIVE]
2025-08-03 20:21:43 - binding parameter [6] as [TIMESTAMP] - [2025-08-03T20:21:43.385059]
2025-08-03 20:21:43 - binding parameter [7] as [VARCHAR] - [user1]
2025-08-03 20:21:43 - binding parameter [8] as [BIGINT] - [12]
2025-08-03 20:21:43 - binding parameter [9] as [BIGINT] - [9]
2025-08-03 20:21:43 - binding parameter [10] as [BIGINT] - [11]
2025-08-03 20:21:43 - binding parameter [1] as [VARCHAR] - [Test User 2]
2025-08-03 20:21:43 - binding parameter [2] as [VARCHAR] - [TEST002345678901]
2025-08-03 20:21:43 - binding parameter [3] as [NUMERIC] - [620.00]
2025-08-03 20:21:43 - binding parameter [4] as [VARCHAR] - [USD]
2025-08-03 20:21:43 - binding parameter [5] as [VARCHAR] - [ACTIVE]
2025-08-03 20:21:43 - binding parameter [6] as [TIMESTAMP] - [2025-08-03T20:21:43.385503]
2025-08-03 20:21:43 - binding parameter [7] as [VARCHAR] - [user2]
2025-08-03 20:21:43 - binding parameter [8] as [BIGINT] - [12]
2025-08-03 20:21:43 - binding parameter [9] as [BIGINT] - [10]
2025-08-03 20:21:43 - binding parameter [10] as [BIGINT] - [11]
2025-08-03 20:21:43 - binding parameter [1] as [NUMERIC] - [10.00]
2025-08-03 20:21:43 - binding parameter [2] as [TIMESTAMP] - [2025-08-03T20:21:43.384729]
2025-08-03 20:21:43 - binding parameter [3] as [VARCHAR] - [USD]
2025-08-03 20:21:43 - binding parameter [4] as [VARCHAR] - [Concurrent transfer test]
2025-08-03 20:21:43 - binding parameter [5] as [VARCHAR] - [null]
2025-08-03 20:21:43 - binding parameter [6] as [BIGINT] - [9]
2025-08-03 20:21:43 - binding parameter [7] as [TIMESTAMP] - [2025-08-03T20:21:43.384482]
2025-08-03 20:21:43 - binding parameter [8] as [VARCHAR] - [COMPLETED]
2025-08-03 20:21:43 - binding parameter [9] as [BIGINT] - [10]
2025-08-03 20:21:43 - binding parameter [10] as [VARCHAR] - [TXN-3C4CA586CFD14645]
2025-08-03 20:21:43 - binding parameter [11] as [TIMESTAMP] - [2025-08-03T20:21:43.385865]
2025-08-03 20:21:43 - binding parameter [12] as [BIGINT] - [1]
2025-08-03 20:21:43 - binding parameter [13] as [BIGINT] - [12]
2025-08-03 20:21:43 - binding parameter [14] as [BIGINT] - [0]
2025-08-03 20:21:43 - Processing transfer request: TransferRequest{fromAccountNumber='TEST001234567890', toAccountNumber='TEST002345678901', amount=10.00, currency=USD, description='Concurrent transfer test'}
2025-08-03 20:21:43 - binding parameter [1] as [VARCHAR] - [TEST001234567890]
2025-08-03 20:21:43 - binding parameter [1] as [VARCHAR] - [TEST002345678901]
2025-08-03 20:21:43 - binding parameter [1] as [NUMERIC] - [10.00]
2025-08-03 20:21:43 - binding parameter [2] as [TIMESTAMP] - [null]
2025-08-03 20:21:43 - binding parameter [3] as [TIMESTAMP] - [2025-08-03T20:21:43.388964]
2025-08-03 20:21:43 - binding parameter [4] as [VARCHAR] - [USD]
2025-08-03 20:21:43 - binding parameter [5] as [VARCHAR] - [Concurrent transfer test]
2025-08-03 20:21:43 - binding parameter [6] as [VARCHAR] - [null]
2025-08-03 20:21:43 - binding parameter [7] as [BIGINT] - [9]
2025-08-03 20:21:43 - binding parameter [8] as [TIMESTAMP] - [null]
2025-08-03 20:21:43 - binding parameter [9] as [VARCHAR] - [PENDING]
2025-08-03 20:21:43 - binding parameter [10] as [BIGINT] - [10]
2025-08-03 20:21:43 - binding parameter [11] as [VARCHAR] - [TXN-96AE78FAED95409B]
2025-08-03 20:21:43 - binding parameter [12] as [TIMESTAMP] - [2025-08-03T20:21:43.388976]
2025-08-03 20:21:43 - binding parameter [13] as [BIGINT] - [0]
2025-08-03 20:21:43 - Transfer completed successfully: TXN-96AE78FAED95409B
2025-08-03 20:21:43 - binding parameter [1] as [VARCHAR] - [Test User 1]
2025-08-03 20:21:43 - binding parameter [2] as [VARCHAR] - [TEST001234567890]
2025-08-03 20:21:43 - binding parameter [3] as [NUMERIC] - [870.00]
2025-08-03 20:21:43 - binding parameter [4] as [VARCHAR] - [USD]
2025-08-03 20:21:43 - binding parameter [5] as [VARCHAR] - [ACTIVE]
2025-08-03 20:21:43 - binding parameter [6] as [TIMESTAMP] - [2025-08-03T20:21:43.391309]
2025-08-03 20:21:43 - binding parameter [7] as [VARCHAR] - [user1]
2025-08-03 20:21:43 - binding parameter [8] as [BIGINT] - [13]
2025-08-03 20:21:43 - binding parameter [9] as [BIGINT] - [9]
2025-08-03 20:21:43 - binding parameter [10] as [BIGINT] - [12]
2025-08-03 20:21:43 - binding parameter [1] as [VARCHAR] - [Test User 2]
2025-08-03 20:21:43 - binding parameter [2] as [VARCHAR] - [TEST002345678901]
2025-08-03 20:21:43 - binding parameter [3] as [NUMERIC] - [630.00]
2025-08-03 20:21:43 - binding parameter [4] as [VARCHAR] - [USD]
2025-08-03 20:21:43 - binding parameter [5] as [VARCHAR] - [ACTIVE]
2025-08-03 20:21:43 - binding parameter [6] as [TIMESTAMP] - [2025-08-03T20:21:43.391960]
2025-08-03 20:21:43 - binding parameter [7] as [VARCHAR] - [user2]
2025-08-03 20:21:43 - binding parameter [8] as [BIGINT] - [13]
2025-08-03 20:21:43 - binding parameter [9] as [BIGINT] - [10]
2025-08-03 20:21:43 - binding parameter [10] as [BIGINT] - [12]
2025-08-03 20:21:43 - binding parameter [1] as [NUMERIC] - [10.00]
2025-08-03 20:21:43 - binding parameter [2] as [TIMESTAMP] - [2025-08-03T20:21:43.390856]
2025-08-03 20:21:43 - binding parameter [3] as [VARCHAR] - [USD]
2025-08-03 20:21:43 - binding parameter [4] as [VARCHAR] - [Concurrent transfer test]
2025-08-03 20:21:43 - binding parameter [5] as [VARCHAR] - [null]
2025-08-03 20:21:43 - binding parameter [6] as [BIGINT] - [9]
2025-08-03 20:21:43 - binding parameter [7] as [TIMESTAMP] - [2025-08-03T20:21:43.390565]
2025-08-03 20:21:43 - binding parameter [8] as [VARCHAR] - [COMPLETED]
2025-08-03 20:21:43 - binding parameter [9] as [BIGINT] - [10]
2025-08-03 20:21:43 - binding parameter [10] as [VARCHAR] - [TXN-96AE78FAED95409B]
2025-08-03 20:21:43 - binding parameter [11] as [TIMESTAMP] - [2025-08-03T20:21:43.392451]
2025-08-03 20:21:43 - binding parameter [12] as [BIGINT] - [1]
2025-08-03 20:21:43 - binding parameter [13] as [BIGINT] - [13]
2025-08-03 20:21:43 - binding parameter [14] as [BIGINT] - [0]
2025-08-03 20:21:43 - Processing transfer request: TransferRequest{fromAccountNumber='TEST001234567890', toAccountNumber='TEST002345678901', amount=10.00, currency=USD, description='Concurrent transfer test'}
2025-08-03 20:21:43 - binding parameter [1] as [VARCHAR] - [TEST001234567890]
2025-08-03 20:21:43 - binding parameter [1] as [VARCHAR] - [TEST002345678901]
2025-08-03 20:21:43 - binding parameter [1] as [NUMERIC] - [10.00]
2025-08-03 20:21:43 - binding parameter [2] as [TIMESTAMP] - [null]
2025-08-03 20:21:43 - binding parameter [3] as [TIMESTAMP] - [2025-08-03T20:21:43.394401]
2025-08-03 20:21:43 - binding parameter [4] as [VARCHAR] - [USD]
2025-08-03 20:21:43 - binding parameter [5] as [VARCHAR] - [Concurrent transfer test]
2025-08-03 20:21:43 - binding parameter [6] as [VARCHAR] - [null]
2025-08-03 20:21:43 - binding parameter [7] as [BIGINT] - [9]
2025-08-03 20:21:43 - binding parameter [8] as [TIMESTAMP] - [null]
2025-08-03 20:21:43 - binding parameter [9] as [VARCHAR] - [PENDING]
2025-08-03 20:21:43 - binding parameter [10] as [BIGINT] - [10]
2025-08-03 20:21:43 - binding parameter [11] as [VARCHAR] - [TXN-E1D140EEFFCE41CB]
2025-08-03 20:21:43 - binding parameter [12] as [TIMESTAMP] - [2025-08-03T20:21:43.394408]
2025-08-03 20:21:43 - binding parameter [13] as [BIGINT] - [0]
2025-08-03 20:21:43 - Transfer completed successfully: TXN-E1D140EEFFCE41CB
2025-08-03 20:21:43 - binding parameter [1] as [VARCHAR] - [Test User 1]
2025-08-03 20:21:43 - binding parameter [2] as [VARCHAR] - [TEST001234567890]
2025-08-03 20:21:43 - binding parameter [3] as [NUMERIC] - [860.00]
2025-08-03 20:21:43 - binding parameter [4] as [VARCHAR] - [USD]
2025-08-03 20:21:43 - binding parameter [5] as [VARCHAR] - [ACTIVE]
2025-08-03 20:21:43 - binding parameter [6] as [TIMESTAMP] - [2025-08-03T20:21:43.395880]
2025-08-03 20:21:43 - binding parameter [7] as [VARCHAR] - [user1]
2025-08-03 20:21:43 - binding parameter [8] as [BIGINT] - [14]
2025-08-03 20:21:43 - binding parameter [9] as [BIGINT] - [9]
2025-08-03 20:21:43 - binding parameter [10] as [BIGINT] - [13]
2025-08-03 20:21:43 - binding parameter [1] as [VARCHAR] - [Test User 2]
2025-08-03 20:21:43 - binding parameter [2] as [VARCHAR] - [TEST002345678901]
2025-08-03 20:21:43 - binding parameter [3] as [NUMERIC] - [640.00]
2025-08-03 20:21:43 - binding parameter [4] as [VARCHAR] - [USD]
2025-08-03 20:21:43 - binding parameter [5] as [VARCHAR] - [ACTIVE]
2025-08-03 20:21:43 - binding parameter [6] as [TIMESTAMP] - [2025-08-03T20:21:43.396491]
2025-08-03 20:21:43 - binding parameter [7] as [VARCHAR] - [user2]
2025-08-03 20:21:43 - binding parameter [8] as [BIGINT] - [14]
2025-08-03 20:21:43 - binding parameter [9] as [BIGINT] - [10]
2025-08-03 20:21:43 - binding parameter [10] as [BIGINT] - [13]
2025-08-03 20:21:43 - binding parameter [1] as [NUMERIC] - [10.00]
2025-08-03 20:21:43 - binding parameter [2] as [TIMESTAMP] - [2025-08-03T20:21:43.395465]
2025-08-03 20:21:43 - binding parameter [3] as [VARCHAR] - [USD]
2025-08-03 20:21:43 - binding parameter [4] as [VARCHAR] - [Concurrent transfer test]
2025-08-03 20:21:43 - binding parameter [5] as [VARCHAR] - [null]
2025-08-03 20:21:43 - binding parameter [6] as [BIGINT] - [9]
2025-08-03 20:21:43 - binding parameter [7] as [TIMESTAMP] - [2025-08-03T20:21:43.395231]
2025-08-03 20:21:43 - binding parameter [8] as [VARCHAR] - [COMPLETED]
2025-08-03 20:21:43 - binding parameter [9] as [BIGINT] - [10]
2025-08-03 20:21:43 - binding parameter [10] as [VARCHAR] - [TXN-E1D140EEFFCE41CB]
2025-08-03 20:21:43 - binding parameter [11] as [TIMESTAMP] - [2025-08-03T20:21:43.397063]
2025-08-03 20:21:43 - binding parameter [12] as [BIGINT] - [1]
2025-08-03 20:21:43 - binding parameter [13] as [BIGINT] - [14]
2025-08-03 20:21:43 - binding parameter [14] as [BIGINT] - [0]
2025-08-03 20:21:43 - Processing transfer request: TransferRequest{fromAccountNumber='TEST001234567890', toAccountNumber='TEST002345678901', amount=10.00, currency=USD, description='Concurrent transfer test'}
2025-08-03 20:21:43 - binding parameter [1] as [VARCHAR] - [TEST001234567890]
2025-08-03 20:21:43 - binding parameter [1] as [VARCHAR] - [TEST002345678901]
2025-08-03 20:21:43 - binding parameter [1] as [NUMERIC] - [10.00]
2025-08-03 20:21:43 - binding parameter [2] as [TIMESTAMP] - [null]
2025-08-03 20:21:43 - binding parameter [3] as [TIMESTAMP] - [2025-08-03T20:21:43.400966]
2025-08-03 20:21:43 - binding parameter [4] as [VARCHAR] - [USD]
2025-08-03 20:21:43 - binding parameter [5] as [VARCHAR] - [Concurrent transfer test]
2025-08-03 20:21:43 - binding parameter [6] as [VARCHAR] - [null]
2025-08-03 20:21:43 - binding parameter [7] as [BIGINT] - [9]
2025-08-03 20:21:43 - binding parameter [8] as [TIMESTAMP] - [null]
2025-08-03 20:21:43 - binding parameter [9] as [VARCHAR] - [PENDING]
2025-08-03 20:21:43 - binding parameter [10] as [BIGINT] - [10]
2025-08-03 20:21:43 - binding parameter [11] as [VARCHAR] - [TXN-09AE32A0325147F0]
2025-08-03 20:21:43 - binding parameter [12] as [TIMESTAMP] - [2025-08-03T20:21:43.400977]
2025-08-03 20:21:43 - binding parameter [13] as [BIGINT] - [0]
2025-08-03 20:21:43 - Transfer completed successfully: TXN-09AE32A0325147F0
2025-08-03 20:21:43 - binding parameter [1] as [VARCHAR] - [Test User 1]
2025-08-03 20:21:43 - binding parameter [2] as [VARCHAR] - [TEST001234567890]
2025-08-03 20:21:43 - binding parameter [3] as [NUMERIC] - [850.00]
2025-08-03 20:21:43 - binding parameter [4] as [VARCHAR] - [USD]
2025-08-03 20:21:43 - binding parameter [5] as [VARCHAR] - [ACTIVE]
2025-08-03 20:21:43 - binding parameter [6] as [TIMESTAMP] - [2025-08-03T20:21:43.402604]
2025-08-03 20:21:43 - binding parameter [7] as [VARCHAR] - [user1]
2025-08-03 20:21:43 - binding parameter [8] as [BIGINT] - [15]
2025-08-03 20:21:43 - binding parameter [9] as [BIGINT] - [9]
2025-08-03 20:21:43 - binding parameter [10] as [BIGINT] - [14]
2025-08-03 20:21:43 - binding parameter [1] as [VARCHAR] - [Test User 2]
2025-08-03 20:21:43 - binding parameter [2] as [VARCHAR] - [TEST002345678901]
2025-08-03 20:21:43 - binding parameter [3] as [NUMERIC] - [650.00]
2025-08-03 20:21:43 - binding parameter [4] as [VARCHAR] - [USD]
2025-08-03 20:21:43 - binding parameter [5] as [VARCHAR] - [ACTIVE]
2025-08-03 20:21:43 - binding parameter [6] as [TIMESTAMP] - [2025-08-03T20:21:43.403198]
2025-08-03 20:21:43 - binding parameter [7] as [VARCHAR] - [user2]
2025-08-03 20:21:43 - binding parameter [8] as [BIGINT] - [15]
2025-08-03 20:21:43 - binding parameter [9] as [BIGINT] - [10]
2025-08-03 20:21:43 - binding parameter [10] as [BIGINT] - [14]
2025-08-03 20:21:43 - binding parameter [1] as [NUMERIC] - [10.00]
2025-08-03 20:21:43 - binding parameter [2] as [TIMESTAMP] - [2025-08-03T20:21:43.402093]
2025-08-03 20:21:43 - binding parameter [3] as [VARCHAR] - [USD]
2025-08-03 20:21:43 - binding parameter [4] as [VARCHAR] - [Concurrent transfer test]
2025-08-03 20:21:43 - binding parameter [5] as [VARCHAR] - [null]
2025-08-03 20:21:43 - binding parameter [6] as [BIGINT] - [9]
2025-08-03 20:21:43 - binding parameter [7] as [TIMESTAMP] - [2025-08-03T20:21:43.401823]
2025-08-03 20:21:43 - binding parameter [8] as [VARCHAR] - [COMPLETED]
2025-08-03 20:21:43 - binding parameter [9] as [BIGINT] - [10]
2025-08-03 20:21:43 - binding parameter [10] as [VARCHAR] - [TXN-09AE32A0325147F0]
2025-08-03 20:21:43 - binding parameter [11] as [TIMESTAMP] - [2025-08-03T20:21:43.403594]
2025-08-03 20:21:43 - binding parameter [12] as [BIGINT] - [1]
2025-08-03 20:21:43 - binding parameter [13] as [BIGINT] - [15]
2025-08-03 20:21:43 - binding parameter [14] as [BIGINT] - [0]
2025-08-03 20:21:43 - Processing transfer request: TransferRequest{fromAccountNumber='TEST001234567890', toAccountNumber='TEST002345678901', amount=10.00, currency=USD, description='Concurrent transfer test'}
2025-08-03 20:21:43 - binding parameter [1] as [VARCHAR] - [TEST001234567890]
2025-08-03 20:21:43 - binding parameter [1] as [VARCHAR] - [TEST002345678901]
2025-08-03 20:21:43 - binding parameter [1] as [NUMERIC] - [10.00]
2025-08-03 20:21:43 - binding parameter [2] as [TIMESTAMP] - [null]
2025-08-03 20:21:43 - binding parameter [3] as [TIMESTAMP] - [2025-08-03T20:21:43.406980]
2025-08-03 20:21:43 - binding parameter [4] as [VARCHAR] - [USD]
2025-08-03 20:21:43 - binding parameter [5] as [VARCHAR] - [Concurrent transfer test]
2025-08-03 20:21:43 - binding parameter [6] as [VARCHAR] - [null]
2025-08-03 20:21:43 - binding parameter [7] as [BIGINT] - [9]
2025-08-03 20:21:43 - binding parameter [8] as [TIMESTAMP] - [null]
2025-08-03 20:21:43 - binding parameter [9] as [VARCHAR] - [PENDING]
2025-08-03 20:21:43 - binding parameter [10] as [BIGINT] - [10]
2025-08-03 20:21:43 - binding parameter [11] as [VARCHAR] - [TXN-6F6B73DD4F624C99]
2025-08-03 20:21:43 - binding parameter [12] as [TIMESTAMP] - [2025-08-03T20:21:43.406991]
2025-08-03 20:21:43 - binding parameter [13] as [BIGINT] - [0]
2025-08-03 20:21:43 - Transfer completed successfully: TXN-6F6B73DD4F624C99
2025-08-03 20:21:43 - binding parameter [1] as [VARCHAR] - [Test User 1]
2025-08-03 20:21:43 - binding parameter [2] as [VARCHAR] - [TEST001234567890]
2025-08-03 20:21:43 - binding parameter [3] as [NUMERIC] - [840.00]
2025-08-03 20:21:43 - binding parameter [4] as [VARCHAR] - [USD]
2025-08-03 20:21:43 - binding parameter [5] as [VARCHAR] - [ACTIVE]
2025-08-03 20:21:43 - binding parameter [6] as [TIMESTAMP] - [2025-08-03T20:21:43.408606]
2025-08-03 20:21:43 - binding parameter [7] as [VARCHAR] - [user1]
2025-08-03 20:21:43 - binding parameter [8] as [BIGINT] - [16]
2025-08-03 20:21:43 - binding parameter [9] as [BIGINT] - [9]
2025-08-03 20:21:43 - binding parameter [10] as [BIGINT] - [15]
2025-08-03 20:21:43 - binding parameter [1] as [VARCHAR] - [Test User 2]
2025-08-03 20:21:43 - binding parameter [2] as [VARCHAR] - [TEST002345678901]
2025-08-03 20:21:43 - binding parameter [3] as [NUMERIC] - [660.00]
2025-08-03 20:21:43 - binding parameter [4] as [VARCHAR] - [USD]
2025-08-03 20:21:43 - binding parameter [5] as [VARCHAR] - [ACTIVE]
2025-08-03 20:21:43 - binding parameter [6] as [TIMESTAMP] - [2025-08-03T20:21:43.409192]
2025-08-03 20:21:43 - binding parameter [7] as [VARCHAR] - [user2]
2025-08-03 20:21:43 - binding parameter [8] as [BIGINT] - [16]
2025-08-03 20:21:43 - binding parameter [9] as [BIGINT] - [10]
2025-08-03 20:21:43 - binding parameter [10] as [BIGINT] - [15]
2025-08-03 20:21:43 - binding parameter [1] as [NUMERIC] - [10.00]
2025-08-03 20:21:43 - binding parameter [2] as [TIMESTAMP] - [2025-08-03T20:21:43.408148]
2025-08-03 20:21:43 - binding parameter [3] as [VARCHAR] - [USD]
2025-08-03 20:21:43 - binding parameter [4] as [VARCHAR] - [Concurrent transfer test]
2025-08-03 20:21:43 - binding parameter [5] as [VARCHAR] - [null]
2025-08-03 20:21:43 - binding parameter [6] as [BIGINT] - [9]
2025-08-03 20:21:43 - binding parameter [7] as [TIMESTAMP] - [2025-08-03T20:21:43.407656]
2025-08-03 20:21:43 - binding parameter [8] as [VARCHAR] - [COMPLETED]
2025-08-03 20:21:43 - binding parameter [9] as [BIGINT] - [10]
2025-08-03 20:21:43 - binding parameter [10] as [VARCHAR] - [TXN-6F6B73DD4F624C99]
2025-08-03 20:21:43 - binding parameter [11] as [TIMESTAMP] - [2025-08-03T20:21:43.409569]
2025-08-03 20:21:43 - binding parameter [12] as [BIGINT] - [1]
2025-08-03 20:21:43 - binding parameter [13] as [BIGINT] - [16]
2025-08-03 20:21:43 - binding parameter [14] as [BIGINT] - [0]
2025-08-03 20:21:43 - binding parameter [1] as [VARCHAR] - [TEST002345678901]
2025-08-03 20:21:43 - binding parameter [1] as [NUMERIC] - [10.00]
2025-08-03 20:21:43 - binding parameter [2] as [TIMESTAMP] - [null]
2025-08-03 20:21:43 - binding parameter [3] as [TIMESTAMP] - [2025-08-03T20:21:43.412492]
2025-08-03 20:21:43 - binding parameter [4] as [VARCHAR] - [USD]
2025-08-03 20:21:43 - binding parameter [5] as [VARCHAR] - [Concurrent transfer test]
2025-08-03 20:21:43 - binding parameter [6] as [VARCHAR] - [null]
2025-08-03 20:21:43 - binding parameter [7] as [BIGINT] - [9]
2025-08-03 20:21:43 - binding parameter [8] as [TIMESTAMP] - [null]
2025-08-03 20:21:43 - binding parameter [9] as [VARCHAR] - [PENDING]
2025-08-03 20:21:43 - binding parameter [10] as [BIGINT] - [10]
2025-08-03 20:21:43 - binding parameter [11] as [VARCHAR] - [TXN-049D997EEA3F4004]
2025-08-03 20:21:43 - binding parameter [12] as [TIMESTAMP] - [2025-08-03T20:21:43.412500]
2025-08-03 20:21:43 - binding parameter [13] as [BIGINT] - [0]
2025-08-03 20:21:43 - Transfer completed successfully: TXN-049D997EEA3F4004
2025-08-03 20:21:43 - binding parameter [1] as [VARCHAR] - [Test User 1]
2025-08-03 20:21:43 - binding parameter [2] as [VARCHAR] - [TEST001234567890]
2025-08-03 20:21:43 - binding parameter [3] as [NUMERIC] - [830.00]
2025-08-03 20:21:43 - binding parameter [4] as [VARCHAR] - [USD]
2025-08-03 20:21:43 - binding parameter [5] as [VARCHAR] - [ACTIVE]
2025-08-03 20:21:43 - binding parameter [6] as [TIMESTAMP] - [2025-08-03T20:21:43.415330]
2025-08-03 20:21:43 - binding parameter [7] as [VARCHAR] - [user1]
2025-08-03 20:21:43 - binding parameter [8] as [BIGINT] - [17]
2025-08-03 20:21:43 - binding parameter [9] as [BIGINT] - [9]
2025-08-03 20:21:43 - binding parameter [10] as [BIGINT] - [16]
2025-08-03 20:21:43 - binding parameter [1] as [VARCHAR] - [Test User 2]
2025-08-03 20:21:43 - binding parameter [2] as [VARCHAR] - [TEST002345678901]
2025-08-03 20:21:43 - binding parameter [3] as [NUMERIC] - [670.00]
2025-08-03 20:21:43 - binding parameter [4] as [VARCHAR] - [USD]
2025-08-03 20:21:43 - binding parameter [5] as [VARCHAR] - [ACTIVE]
2025-08-03 20:21:43 - binding parameter [6] as [TIMESTAMP] - [2025-08-03T20:21:43.416516]
2025-08-03 20:21:43 - binding parameter [7] as [VARCHAR] - [user2]
2025-08-03 20:21:43 - binding parameter [8] as [BIGINT] - [17]
2025-08-03 20:21:43 - binding parameter [9] as [BIGINT] - [10]
2025-08-03 20:21:43 - binding parameter [10] as [BIGINT] - [16]
2025-08-03 20:21:43 - binding parameter [1] as [NUMERIC] - [10.00]
2025-08-03 20:21:43 - binding parameter [2] as [TIMESTAMP] - [2025-08-03T20:21:43.414819]
2025-08-03 20:21:43 - binding parameter [3] as [VARCHAR] - [USD]
2025-08-03 20:21:43 - binding parameter [4] as [VARCHAR] - [Concurrent transfer test]
2025-08-03 20:21:43 - binding parameter [5] as [VARCHAR] - [null]
2025-08-03 20:21:43 - binding parameter [6] as [BIGINT] - [9]
2025-08-03 20:21:43 - binding parameter [7] as [TIMESTAMP] - [2025-08-03T20:21:43.414028]
2025-08-03 20:21:43 - binding parameter [8] as [VARCHAR] - [COMPLETED]
2025-08-03 20:21:43 - binding parameter [9] as [BIGINT] - [10]
2025-08-03 20:21:43 - binding parameter [10] as [VARCHAR] - [TXN-049D997EEA3F4004]
2025-08-03 20:21:43 - binding parameter [11] as [TIMESTAMP] - [2025-08-03T20:21:43.417458]
2025-08-03 20:21:43 - binding parameter [12] as [BIGINT] - [1]
2025-08-03 20:21:43 - binding parameter [13] as [BIGINT] - [17]
2025-08-03 20:21:43 - binding parameter [14] as [BIGINT] - [0]
2025-08-03 20:21:43 - Processing transfer request: TransferRequest{fromAccountNumber='TEST001234567890', toAccountNumber='TEST002345678901', amount=10.00, currency=USD, description='Concurrent transfer test'}
2025-08-03 20:21:43 - binding parameter [1] as [VARCHAR] - [TEST001234567890]
2025-08-03 20:21:43 - binding parameter [1] as [VARCHAR] - [TEST002345678901]
2025-08-03 20:21:43 - binding parameter [1] as [NUMERIC] - [10.00]
2025-08-03 20:21:43 - binding parameter [2] as [TIMESTAMP] - [null]
2025-08-03 20:21:43 - binding parameter [3] as [TIMESTAMP] - [2025-08-03T20:21:43.420670]
2025-08-03 20:21:43 - binding parameter [4] as [VARCHAR] - [USD]
2025-08-03 20:21:43 - binding parameter [5] as [VARCHAR] - [Concurrent transfer test]
2025-08-03 20:21:43 - binding parameter [6] as [VARCHAR] - [null]
2025-08-03 20:21:43 - binding parameter [7] as [BIGINT] - [9]
2025-08-03 20:21:43 - binding parameter [8] as [TIMESTAMP] - [null]
2025-08-03 20:21:43 - binding parameter [9] as [VARCHAR] - [PENDING]
2025-08-03 20:21:43 - binding parameter [10] as [BIGINT] - [10]
2025-08-03 20:21:43 - binding parameter [11] as [VARCHAR] - [TXN-9B323ED9A46540BE]
2025-08-03 20:21:43 - binding parameter [12] as [TIMESTAMP] - [2025-08-03T20:21:43.420681]
2025-08-03 20:21:43 - binding parameter [13] as [BIGINT] - [0]
2025-08-03 20:21:43 - Transfer completed successfully: TXN-9B323ED9A46540BE
2025-08-03 20:21:43 - binding parameter [1] as [VARCHAR] - [Test User 1]
2025-08-03 20:21:43 - binding parameter [2] as [VARCHAR] - [TEST001234567890]
2025-08-03 20:21:43 - binding parameter [3] as [NUMERIC] - [820.00]
2025-08-03 20:21:43 - binding parameter [4] as [VARCHAR] - [USD]
2025-08-03 20:21:43 - binding parameter [5] as [VARCHAR] - [ACTIVE]
2025-08-03 20:21:43 - binding parameter [6] as [TIMESTAMP] - [2025-08-03T20:21:43.422718]
2025-08-03 20:21:43 - binding parameter [7] as [VARCHAR] - [user1]
2025-08-03 20:21:43 - binding parameter [8] as [BIGINT] - [18]
2025-08-03 20:21:43 - binding parameter [9] as [BIGINT] - [9]
2025-08-03 20:21:43 - binding parameter [10] as [BIGINT] - [17]
2025-08-03 20:21:43 - binding parameter [1] as [VARCHAR] - [Test User 2]
2025-08-03 20:21:43 - binding parameter [2] as [VARCHAR] - [TEST002345678901]
2025-08-03 20:21:43 - binding parameter [3] as [NUMERIC] - [680.00]
2025-08-03 20:21:43 - binding parameter [4] as [VARCHAR] - [USD]
2025-08-03 20:21:43 - binding parameter [5] as [VARCHAR] - [ACTIVE]
2025-08-03 20:21:43 - binding parameter [6] as [TIMESTAMP] - [2025-08-03T20:21:43.423439]
2025-08-03 20:21:43 - binding parameter [7] as [VARCHAR] - [user2]
2025-08-03 20:21:43 - binding parameter [8] as [BIGINT] - [18]
2025-08-03 20:21:43 - binding parameter [9] as [BIGINT] - [10]
2025-08-03 20:21:43 - binding parameter [10] as [BIGINT] - [17]
2025-08-03 20:21:43 - binding parameter [1] as [NUMERIC] - [10.00]
2025-08-03 20:21:43 - binding parameter [2] as [TIMESTAMP] - [2025-08-03T20:21:43.421996]
2025-08-03 20:21:43 - binding parameter [3] as [VARCHAR] - [USD]
2025-08-03 20:21:43 - binding parameter [4] as [VARCHAR] - [Concurrent transfer test]
2025-08-03 20:21:43 - binding parameter [5] as [VARCHAR] - [null]
2025-08-03 20:21:43 - binding parameter [6] as [BIGINT] - [9]
2025-08-03 20:21:43 - binding parameter [7] as [TIMESTAMP] - [2025-08-03T20:21:43.421762]
2025-08-03 20:21:43 - binding parameter [8] as [VARCHAR] - [COMPLETED]
2025-08-03 20:21:43 - binding parameter [9] as [BIGINT] - [10]
2025-08-03 20:21:43 - binding parameter [10] as [VARCHAR] - [TXN-9B323ED9A46540BE]
2025-08-03 20:21:43 - binding parameter [11] as [TIMESTAMP] - [2025-08-03T20:21:43.423892]
2025-08-03 20:21:43 - binding parameter [12] as [BIGINT] - [1]
2025-08-03 20:21:43 - binding parameter [13] as [BIGINT] - [18]
2025-08-03 20:21:43 - binding parameter [14] as [BIGINT] - [0]
2025-08-03 20:21:43 - Processing transfer request: TransferRequest{fromAccountNumber='TEST001234567890', toAccountNumber='TEST002345678901', amount=10.00, currency=USD, description='Concurrent transfer test'}
2025-08-03 20:21:43 - binding parameter [1] as [VARCHAR] - [TEST001234567890]
2025-08-03 20:21:43 - binding parameter [1] as [VARCHAR] - [TEST002345678901]
2025-08-03 20:21:43 - binding parameter [1] as [NUMERIC] - [10.00]
2025-08-03 20:21:43 - binding parameter [2] as [TIMESTAMP] - [null]
2025-08-03 20:21:43 - binding parameter [3] as [TIMESTAMP] - [2025-08-03T20:21:43.426869]
2025-08-03 20:21:43 - binding parameter [4] as [VARCHAR] - [USD]
2025-08-03 20:21:43 - binding parameter [5] as [VARCHAR] - [Concurrent transfer test]
2025-08-03 20:21:43 - binding parameter [6] as [VARCHAR] - [null]
2025-08-03 20:21:43 - binding parameter [7] as [BIGINT] - [9]
2025-08-03 20:21:43 - binding parameter [8] as [TIMESTAMP] - [null]
2025-08-03 20:21:43 - binding parameter [9] as [VARCHAR] - [PENDING]
2025-08-03 20:21:43 - binding parameter [10] as [BIGINT] - [10]
2025-08-03 20:21:43 - binding parameter [11] as [VARCHAR] - [TXN-C93C7F7DD40F42D6]
2025-08-03 20:21:43 - binding parameter [12] as [TIMESTAMP] - [2025-08-03T20:21:43.426884]
2025-08-03 20:21:43 - binding parameter [13] as [BIGINT] - [0]
2025-08-03 20:21:43 - Transfer completed successfully: TXN-C93C7F7DD40F42D6
2025-08-03 20:21:43 - binding parameter [1] as [VARCHAR] - [Test User 1]
2025-08-03 20:21:43 - binding parameter [2] as [VARCHAR] - [TEST001234567890]
2025-08-03 20:21:43 - binding parameter [3] as [NUMERIC] - [810.00]
2025-08-03 20:21:43 - binding parameter [4] as [VARCHAR] - [USD]
2025-08-03 20:21:43 - binding parameter [5] as [VARCHAR] - [ACTIVE]
2025-08-03 20:21:43 - binding parameter [6] as [TIMESTAMP] - [2025-08-03T20:21:43.428353]
2025-08-03 20:21:43 - binding parameter [7] as [VARCHAR] - [user1]
2025-08-03 20:21:43 - binding parameter [8] as [BIGINT] - [19]
2025-08-03 20:21:43 - binding parameter [9] as [BIGINT] - [9]
2025-08-03 20:21:43 - binding parameter [10] as [BIGINT] - [18]
2025-08-03 20:21:43 - binding parameter [1] as [VARCHAR] - [Test User 2]
2025-08-03 20:21:43 - binding parameter [2] as [VARCHAR] - [TEST002345678901]
2025-08-03 20:21:43 - binding parameter [3] as [NUMERIC] - [690.00]
2025-08-03 20:21:43 - binding parameter [4] as [VARCHAR] - [USD]
2025-08-03 20:21:43 - binding parameter [5] as [VARCHAR] - [ACTIVE]
2025-08-03 20:21:43 - binding parameter [6] as [TIMESTAMP] - [2025-08-03T20:21:43.428873]
2025-08-03 20:21:43 - binding parameter [7] as [VARCHAR] - [user2]
2025-08-03 20:21:43 - binding parameter [8] as [BIGINT] - [19]
2025-08-03 20:21:43 - binding parameter [9] as [BIGINT] - [10]
2025-08-03 20:21:43 - binding parameter [10] as [BIGINT] - [18]
2025-08-03 20:21:43 - binding parameter [1] as [NUMERIC] - [10.00]
2025-08-03 20:21:43 - binding parameter [2] as [TIMESTAMP] - [2025-08-03T20:21:43.428025]
2025-08-03 20:21:43 - binding parameter [3] as [VARCHAR] - [USD]
2025-08-03 20:21:43 - binding parameter [4] as [VARCHAR] - [Concurrent transfer test]
2025-08-03 20:21:43 - binding parameter [5] as [VARCHAR] - [null]
2025-08-03 20:21:43 - binding parameter [6] as [BIGINT] - [9]
2025-08-03 20:21:43 - binding parameter [7] as [TIMESTAMP] - [2025-08-03T20:21:43.427783]
2025-08-03 20:21:43 - binding parameter [8] as [VARCHAR] - [COMPLETED]
2025-08-03 20:21:43 - binding parameter [9] as [BIGINT] - [10]
2025-08-03 20:21:43 - binding parameter [10] as [VARCHAR] - [TXN-C93C7F7DD40F42D6]
2025-08-03 20:21:43 - binding parameter [11] as [TIMESTAMP] - [2025-08-03T20:21:43.429246]
2025-08-03 20:21:43 - binding parameter [12] as [BIGINT] - [1]
2025-08-03 20:21:43 - binding parameter [13] as [BIGINT] - [19]
2025-08-03 20:21:43 - binding parameter [14] as [BIGINT] - [0]
2025-08-03 20:21:43 - Processing transfer request: TransferRequest{fromAccountNumber='TEST001234567890', toAccountNumber='TEST002345678901', amount=10.00, currency=USD, description='Concurrent transfer test'}
2025-08-03 20:21:43 - binding parameter [1] as [VARCHAR] - [TEST001234567890]
2025-08-03 20:21:43 - binding parameter [1] as [VARCHAR] - [TEST002345678901]
2025-08-03 20:21:43 - binding parameter [1] as [NUMERIC] - [10.00]
2025-08-03 20:21:43 - binding parameter [2] as [TIMESTAMP] - [null]
2025-08-03 20:21:43 - binding parameter [3] as [TIMESTAMP] - [2025-08-03T20:21:43.432537]
2025-08-03 20:21:43 - binding parameter [4] as [VARCHAR] - [USD]
2025-08-03 20:21:43 - binding parameter [5] as [VARCHAR] - [Concurrent transfer test]
2025-08-03 20:21:43 - binding parameter [6] as [VARCHAR] - [null]
2025-08-03 20:21:43 - binding parameter [7] as [BIGINT] - [9]
2025-08-03 20:21:43 - binding parameter [8] as [TIMESTAMP] - [null]
2025-08-03 20:21:43 - binding parameter [9] as [VARCHAR] - [PENDING]
2025-08-03 20:21:43 - binding parameter [10] as [BIGINT] - [10]
2025-08-03 20:21:43 - binding parameter [11] as [VARCHAR] - [TXN-FEEF33E7CFA8486E]
2025-08-03 20:21:43 - binding parameter [12] as [TIMESTAMP] - [2025-08-03T20:21:43.432555]
2025-08-03 20:21:43 - binding parameter [13] as [BIGINT] - [0]
2025-08-03 20:21:43 - Transfer completed successfully: TXN-FEEF33E7CFA8486E
2025-08-03 20:21:43 - binding parameter [1] as [VARCHAR] - [Test User 1]
2025-08-03 20:21:43 - binding parameter [2] as [VARCHAR] - [TEST001234567890]
2025-08-03 20:21:43 - binding parameter [3] as [NUMERIC] - [800.00]
2025-08-03 20:21:43 - binding parameter [4] as [VARCHAR] - [USD]
2025-08-03 20:21:43 - binding parameter [5] as [VARCHAR] - [ACTIVE]
2025-08-03 20:21:43 - binding parameter [6] as [TIMESTAMP] - [2025-08-03T20:21:43.434368]
2025-08-03 20:21:43 - binding parameter [7] as [VARCHAR] - [user1]
2025-08-03 20:21:43 - binding parameter [8] as [BIGINT] - [20]
2025-08-03 20:21:43 - binding parameter [9] as [BIGINT] - [9]
2025-08-03 20:21:43 - binding parameter [10] as [BIGINT] - [19]
2025-08-03 20:21:43 - binding parameter [1] as [VARCHAR] - [Test User 2]
2025-08-03 20:21:43 - binding parameter [2] as [VARCHAR] - [TEST002345678901]
2025-08-03 20:21:43 - binding parameter [3] as [NUMERIC] - [700.00]
2025-08-03 20:21:43 - binding parameter [4] as [VARCHAR] - [USD]
2025-08-03 20:21:43 - binding parameter [5] as [VARCHAR] - [ACTIVE]
2025-08-03 20:21:43 - binding parameter [6] as [TIMESTAMP] - [2025-08-03T20:21:43.434800]
2025-08-03 20:21:43 - binding parameter [7] as [VARCHAR] - [user2]
2025-08-03 20:21:43 - binding parameter [8] as [BIGINT] - [20]
2025-08-03 20:21:43 - binding parameter [9] as [BIGINT] - [10]
2025-08-03 20:21:43 - binding parameter [10] as [BIGINT] - [19]
2025-08-03 20:21:43 - binding parameter [1] as [NUMERIC] - [10.00]
2025-08-03 20:21:43 - binding parameter [2] as [TIMESTAMP] - [2025-08-03T20:21:43.433687]
2025-08-03 20:21:43 - binding parameter [3] as [VARCHAR] - [USD]
2025-08-03 20:21:43 - binding parameter [4] as [VARCHAR] - [Concurrent transfer test]
2025-08-03 20:21:43 - binding parameter [5] as [VARCHAR] - [null]
2025-08-03 20:21:43 - binding parameter [6] as [BIGINT] - [9]
2025-08-03 20:21:43 - binding parameter [7] as [TIMESTAMP] - [2025-08-03T20:21:43.433434]
2025-08-03 20:21:43 - binding parameter [8] as [VARCHAR] - [COMPLETED]
2025-08-03 20:21:43 - binding parameter [9] as [BIGINT] - [10]
2025-08-03 20:21:43 - binding parameter [10] as [VARCHAR] - [TXN-FEEF33E7CFA8486E]
2025-08-03 20:21:43 - binding parameter [11] as [TIMESTAMP] - [2025-08-03T20:21:43.435206]
2025-08-03 20:21:43 - binding parameter [12] as [BIGINT] - [1]
2025-08-03 20:21:43 - binding parameter [13] as [BIGINT] - [20]
2025-08-03 20:21:43 - binding parameter [14] as [BIGINT] - [0]
2025-08-03 20:21:43 - Processing transfer request: TransferRequest{fromAccountNumber='TEST001234567890', toAccountNumber='TEST002345678901', amount=10.00, currency=USD, description='Concurrent transfer test'}
2025-08-03 20:21:43 - binding parameter [1] as [VARCHAR] - [TEST001234567890]
2025-08-03 20:21:43 - binding parameter [1] as [VARCHAR] - [TEST002345678901]
2025-08-03 20:21:43 - binding parameter [1] as [NUMERIC] - [10.00]
2025-08-03 20:21:43 - binding parameter [2] as [TIMESTAMP] - [null]
2025-08-03 20:21:43 - binding parameter [3] as [TIMESTAMP] - [2025-08-03T20:21:43.437454]
2025-08-03 20:21:43 - binding parameter [4] as [VARCHAR] - [USD]
2025-08-03 20:21:43 - binding parameter [5] as [VARCHAR] - [Concurrent transfer test]
2025-08-03 20:21:43 - binding parameter [6] as [VARCHAR] - [null]
2025-08-03 20:21:43 - binding parameter [7] as [BIGINT] - [9]
2025-08-03 20:21:43 - binding parameter [8] as [TIMESTAMP] - [null]
2025-08-03 20:21:43 - binding parameter [9] as [VARCHAR] - [PENDING]
2025-08-03 20:21:43 - binding parameter [10] as [BIGINT] - [10]
2025-08-03 20:21:43 - binding parameter [11] as [VARCHAR] - [TXN-DA2C028EF2004A2A]
2025-08-03 20:21:43 - binding parameter [12] as [TIMESTAMP] - [2025-08-03T20:21:43.437461]
2025-08-03 20:21:43 - binding parameter [13] as [BIGINT] - [0]
2025-08-03 20:21:43 - Transfer completed successfully: TXN-DA2C028EF2004A2A
2025-08-03 20:21:43 - binding parameter [1] as [VARCHAR] - [Test User 1]
2025-08-03 20:21:43 - binding parameter [2] as [VARCHAR] - [TEST001234567890]
2025-08-03 20:21:43 - binding parameter [3] as [NUMERIC] - [790.00]
2025-08-03 20:21:43 - binding parameter [4] as [VARCHAR] - [USD]
2025-08-03 20:21:43 - binding parameter [5] as [VARCHAR] - [ACTIVE]
2025-08-03 20:21:43 - binding parameter [6] as [TIMESTAMP] - [2025-08-03T20:21:43.439042]
2025-08-03 20:21:43 - binding parameter [7] as [VARCHAR] - [user1]
2025-08-03 20:21:43 - binding parameter [8] as [BIGINT] - [21]
2025-08-03 20:21:43 - binding parameter [9] as [BIGINT] - [9]
2025-08-03 20:21:43 - binding parameter [10] as [BIGINT] - [20]
2025-08-03 20:21:43 - binding parameter [1] as [VARCHAR] - [Test User 2]
2025-08-03 20:21:43 - binding parameter [2] as [VARCHAR] - [TEST002345678901]
2025-08-03 20:21:43 - binding parameter [3] as [NUMERIC] - [710.00]
2025-08-03 20:21:43 - binding parameter [4] as [VARCHAR] - [USD]
2025-08-03 20:21:43 - binding parameter [5] as [VARCHAR] - [ACTIVE]
2025-08-03 20:21:43 - binding parameter [6] as [TIMESTAMP] - [2025-08-03T20:21:43.440785]
2025-08-03 20:21:43 - binding parameter [7] as [VARCHAR] - [user2]
2025-08-03 20:21:43 - binding parameter [8] as [BIGINT] - [21]
2025-08-03 20:21:43 - binding parameter [9] as [BIGINT] - [10]
2025-08-03 20:21:43 - binding parameter [10] as [BIGINT] - [20]
2025-08-03 20:21:43 - binding parameter [1] as [NUMERIC] - [10.00]
2025-08-03 20:21:43 - binding parameter [2] as [TIMESTAMP] - [2025-08-03T20:21:43.438548]
2025-08-03 20:21:43 - binding parameter [3] as [VARCHAR] - [USD]
2025-08-03 20:21:43 - binding parameter [4] as [VARCHAR] - [Concurrent transfer test]
2025-08-03 20:21:43 - binding parameter [5] as [VARCHAR] - [null]
2025-08-03 20:21:43 - binding parameter [6] as [BIGINT] - [9]
2025-08-03 20:21:43 - binding parameter [7] as [TIMESTAMP] - [2025-08-03T20:21:43.438184]
2025-08-03 20:21:43 - binding parameter [8] as [VARCHAR] - [COMPLETED]
2025-08-03 20:21:43 - binding parameter [9] as [BIGINT] - [10]
2025-08-03 20:21:43 - binding parameter [10] as [VARCHAR] - [TXN-DA2C028EF2004A2A]
2025-08-03 20:21:43 - binding parameter [11] as [TIMESTAMP] - [2025-08-03T20:21:43.441250]
2025-08-03 20:21:43 - binding parameter [12] as [BIGINT] - [1]
2025-08-03 20:21:43 - binding parameter [13] as [BIGINT] - [21]
2025-08-03 20:21:43 - binding parameter [14] as [BIGINT] - [0]
2025-08-03 20:21:43 - binding parameter [1] as [VARCHAR] - [TEST002345678901]
2025-08-03 20:21:43 - binding parameter [1] as [NUMERIC] - [10.00]
2025-08-03 20:21:43 - binding parameter [2] as [TIMESTAMP] - [null]
2025-08-03 20:21:43 - binding parameter [3] as [TIMESTAMP] - [2025-08-03T20:21:43.443383]
2025-08-03 20:21:43 - binding parameter [4] as [VARCHAR] - [USD]
2025-08-03 20:21:43 - binding parameter [5] as [VARCHAR] - [Concurrent transfer test]
2025-08-03 20:21:43 - binding parameter [6] as [VARCHAR] - [null]
2025-08-03 20:21:43 - binding parameter [7] as [BIGINT] - [9]
2025-08-03 20:21:43 - binding parameter [8] as [TIMESTAMP] - [null]
2025-08-03 20:21:43 - binding parameter [9] as [VARCHAR] - [PENDING]
2025-08-03 20:21:43 - binding parameter [10] as [BIGINT] - [10]
2025-08-03 20:21:43 - binding parameter [11] as [VARCHAR] - [TXN-B4F5EB39D7D94A3F]
2025-08-03 20:21:43 - binding parameter [12] as [TIMESTAMP] - [2025-08-03T20:21:43.443395]
2025-08-03 20:21:43 - binding parameter [13] as [BIGINT] - [0]
2025-08-03 20:21:43 - Transfer completed successfully: TXN-B4F5EB39D7D94A3F
2025-08-03 20:21:43 - binding parameter [1] as [VARCHAR] - [Test User 1]
2025-08-03 20:21:43 - binding parameter [2] as [VARCHAR] - [TEST001234567890]
2025-08-03 20:21:43 - binding parameter [3] as [NUMERIC] - [780.00]
2025-08-03 20:21:43 - binding parameter [4] as [VARCHAR] - [USD]
2025-08-03 20:21:43 - binding parameter [5] as [VARCHAR] - [ACTIVE]
2025-08-03 20:21:43 - binding parameter [6] as [TIMESTAMP] - [2025-08-03T20:21:43.445168]
2025-08-03 20:21:43 - binding parameter [7] as [VARCHAR] - [user1]
2025-08-03 20:21:43 - binding parameter [8] as [BIGINT] - [22]
2025-08-03 20:21:43 - binding parameter [9] as [BIGINT] - [9]
2025-08-03 20:21:43 - binding parameter [10] as [BIGINT] - [21]
2025-08-03 20:21:43 - binding parameter [1] as [VARCHAR] - [Test User 2]
2025-08-03 20:21:43 - binding parameter [2] as [VARCHAR] - [TEST002345678901]
2025-08-03 20:21:43 - binding parameter [3] as [NUMERIC] - [720.00]
2025-08-03 20:21:43 - binding parameter [4] as [VARCHAR] - [USD]
2025-08-03 20:21:43 - binding parameter [5] as [VARCHAR] - [ACTIVE]
2025-08-03 20:21:43 - binding parameter [6] as [TIMESTAMP] - [2025-08-03T20:21:43.445775]
2025-08-03 20:21:43 - binding parameter [7] as [VARCHAR] - [user2]
2025-08-03 20:21:43 - binding parameter [8] as [BIGINT] - [22]
2025-08-03 20:21:43 - binding parameter [9] as [BIGINT] - [10]
2025-08-03 20:21:43 - binding parameter [10] as [BIGINT] - [21]
2025-08-03 20:21:43 - binding parameter [1] as [NUMERIC] - [10.00]
2025-08-03 20:21:43 - binding parameter [2] as [TIMESTAMP] - [2025-08-03T20:21:43.444350]
2025-08-03 20:21:43 - binding parameter [3] as [VARCHAR] - [USD]
2025-08-03 20:21:43 - binding parameter [4] as [VARCHAR] - [Concurrent transfer test]
2025-08-03 20:21:43 - binding parameter [5] as [VARCHAR] - [null]
2025-08-03 20:21:43 - binding parameter [6] as [BIGINT] - [9]
2025-08-03 20:21:43 - binding parameter [7] as [TIMESTAMP] - [2025-08-03T20:21:43.444088]
2025-08-03 20:21:43 - binding parameter [8] as [VARCHAR] - [COMPLETED]
2025-08-03 20:21:43 - binding parameter [9] as [BIGINT] - [10]
2025-08-03 20:21:43 - binding parameter [10] as [VARCHAR] - [TXN-B4F5EB39D7D94A3F]
2025-08-03 20:21:43 - binding parameter [11] as [TIMESTAMP] - [2025-08-03T20:21:43.447156]
2025-08-03 20:21:43 - binding parameter [12] as [BIGINT] - [1]
2025-08-03 20:21:43 - binding parameter [13] as [BIGINT] - [22]
2025-08-03 20:21:43 - binding parameter [14] as [BIGINT] - [0]
2025-08-03 20:21:43 - Processing transfer request: TransferRequest{fromAccountNumber='TEST001234567890', toAccountNumber='TEST002345678901', amount=10.00, currency=USD, description='Concurrent transfer test'}
2025-08-03 20:21:43 - binding parameter [1] as [VARCHAR] - [TEST001234567890]
2025-08-03 20:21:43 - binding parameter [1] as [VARCHAR] - [TEST002345678901]
2025-08-03 20:21:43 - binding parameter [1] as [NUMERIC] - [10.00]
2025-08-03 20:21:43 - binding parameter [2] as [TIMESTAMP] - [null]
2025-08-03 20:21:43 - binding parameter [3] as [TIMESTAMP] - [2025-08-03T20:21:43.450177]
2025-08-03 20:21:43 - binding parameter [4] as [VARCHAR] - [USD]
2025-08-03 20:21:43 - binding parameter [5] as [VARCHAR] - [Concurrent transfer test]
2025-08-03 20:21:43 - binding parameter [6] as [VARCHAR] - [null]
2025-08-03 20:21:43 - binding parameter [7] as [BIGINT] - [9]
2025-08-03 20:21:43 - binding parameter [8] as [TIMESTAMP] - [null]
2025-08-03 20:21:43 - binding parameter [9] as [VARCHAR] - [PENDING]
2025-08-03 20:21:43 - binding parameter [10] as [BIGINT] - [10]
2025-08-03 20:21:43 - binding parameter [11] as [VARCHAR] - [TXN-14043C8002B94123]
2025-08-03 20:21:43 - binding parameter [12] as [TIMESTAMP] - [2025-08-03T20:21:43.450186]
2025-08-03 20:21:43 - binding parameter [13] as [BIGINT] - [0]
2025-08-03 20:21:43 - Transfer completed successfully: TXN-14043C8002B94123
2025-08-03 20:21:43 - binding parameter [1] as [VARCHAR] - [Test User 1]
2025-08-03 20:21:43 - binding parameter [2] as [VARCHAR] - [TEST001234567890]
2025-08-03 20:21:43 - binding parameter [3] as [NUMERIC] - [770.00]
2025-08-03 20:21:43 - binding parameter [4] as [VARCHAR] - [USD]
2025-08-03 20:21:43 - binding parameter [5] as [VARCHAR] - [ACTIVE]
2025-08-03 20:21:43 - binding parameter [6] as [TIMESTAMP] - [2025-08-03T20:21:43.452961]
2025-08-03 20:21:43 - binding parameter [7] as [VARCHAR] - [user1]
2025-08-03 20:21:43 - binding parameter [8] as [BIGINT] - [23]
2025-08-03 20:21:43 - binding parameter [9] as [BIGINT] - [9]
2025-08-03 20:21:43 - binding parameter [10] as [BIGINT] - [22]
2025-08-03 20:21:43 - binding parameter [1] as [VARCHAR] - [Test User 2]
2025-08-03 20:21:43 - binding parameter [2] as [VARCHAR] - [TEST002345678901]
2025-08-03 20:21:43 - binding parameter [3] as [NUMERIC] - [730.00]
2025-08-03 20:21:43 - binding parameter [4] as [VARCHAR] - [USD]
2025-08-03 20:21:43 - binding parameter [5] as [VARCHAR] - [ACTIVE]
2025-08-03 20:21:43 - binding parameter [6] as [TIMESTAMP] - [2025-08-03T20:21:43.453498]
2025-08-03 20:21:43 - binding parameter [7] as [VARCHAR] - [user2]
2025-08-03 20:21:43 - binding parameter [8] as [BIGINT] - [23]
2025-08-03 20:21:43 - binding parameter [9] as [BIGINT] - [10]
2025-08-03 20:21:43 - binding parameter [10] as [BIGINT] - [22]
2025-08-03 20:21:43 - binding parameter [1] as [NUMERIC] - [10.00]
2025-08-03 20:21:43 - binding parameter [2] as [TIMESTAMP] - [2025-08-03T20:21:43.451879]
2025-08-03 20:21:43 - binding parameter [3] as [VARCHAR] - [USD]
2025-08-03 20:21:43 - binding parameter [4] as [VARCHAR] - [Concurrent transfer test]
2025-08-03 20:21:43 - binding parameter [5] as [VARCHAR] - [null]
2025-08-03 20:21:43 - binding parameter [6] as [BIGINT] - [9]
2025-08-03 20:21:43 - binding parameter [7] as [TIMESTAMP] - [2025-08-03T20:21:43.451544]
2025-08-03 20:21:43 - binding parameter [8] as [VARCHAR] - [COMPLETED]
2025-08-03 20:21:43 - binding parameter [9] as [BIGINT] - [10]
2025-08-03 20:21:43 - binding parameter [10] as [VARCHAR] - [TXN-14043C8002B94123]
2025-08-03 20:21:43 - binding parameter [11] as [TIMESTAMP] - [2025-08-03T20:21:43.453824]
2025-08-03 20:21:43 - binding parameter [12] as [BIGINT] - [1]
2025-08-03 20:21:43 - binding parameter [13] as [BIGINT] - [23]
2025-08-03 20:21:43 - binding parameter [14] as [BIGINT] - [0]
2025-08-03 20:21:43 - Processing transfer request: TransferRequest{fromAccountNumber='TEST001234567890', toAccountNumber='TEST002345678901', amount=10.00, currency=USD, description='Concurrent transfer test'}
2025-08-03 20:21:43 - binding parameter [1] as [VARCHAR] - [TEST001234567890]
2025-08-03 20:21:43 - binding parameter [1] as [VARCHAR] - [TEST002345678901]
2025-08-03 20:21:43 - binding parameter [1] as [NUMERIC] - [10.00]
2025-08-03 20:21:43 - binding parameter [2] as [TIMESTAMP] - [null]
2025-08-03 20:21:43 - binding parameter [3] as [TIMESTAMP] - [2025-08-03T20:21:43.457729]
2025-08-03 20:21:43 - binding parameter [4] as [VARCHAR] - [USD]
2025-08-03 20:21:43 - binding parameter [5] as [VARCHAR] - [Concurrent transfer test]
2025-08-03 20:21:43 - binding parameter [6] as [VARCHAR] - [null]
2025-08-03 20:21:43 - binding parameter [7] as [BIGINT] - [9]
2025-08-03 20:21:43 - binding parameter [8] as [TIMESTAMP] - [null]
2025-08-03 20:21:43 - binding parameter [9] as [VARCHAR] - [PENDING]
2025-08-03 20:21:43 - binding parameter [10] as [BIGINT] - [10]
2025-08-03 20:21:43 - binding parameter [11] as [VARCHAR] - [TXN-BAC05C6FDE1C4338]
2025-08-03 20:21:43 - binding parameter [12] as [TIMESTAMP] - [2025-08-03T20:21:43.457737]
2025-08-03 20:21:43 - binding parameter [13] as [BIGINT] - [0]
2025-08-03 20:21:43 - Transfer completed successfully: TXN-BAC05C6FDE1C4338
2025-08-03 20:21:43 - binding parameter [1] as [VARCHAR] - [Test User 1]
2025-08-03 20:21:43 - binding parameter [2] as [VARCHAR] - [TEST001234567890]
2025-08-03 20:21:43 - binding parameter [3] as [NUMERIC] - [760.00]
2025-08-03 20:21:43 - binding parameter [4] as [VARCHAR] - [USD]
2025-08-03 20:21:43 - binding parameter [5] as [VARCHAR] - [ACTIVE]
2025-08-03 20:21:43 - binding parameter [6] as [TIMESTAMP] - [2025-08-03T20:21:43.459465]
2025-08-03 20:21:43 - binding parameter [7] as [VARCHAR] - [user1]
2025-08-03 20:21:43 - binding parameter [8] as [BIGINT] - [24]
2025-08-03 20:21:43 - binding parameter [9] as [BIGINT] - [9]
2025-08-03 20:21:43 - binding parameter [10] as [BIGINT] - [23]
2025-08-03 20:21:43 - binding parameter [1] as [VARCHAR] - [Test User 2]
2025-08-03 20:21:43 - binding parameter [2] as [VARCHAR] - [TEST002345678901]
2025-08-03 20:21:43 - binding parameter [3] as [NUMERIC] - [740.00]
2025-08-03 20:21:43 - binding parameter [4] as [VARCHAR] - [USD]
2025-08-03 20:21:43 - binding parameter [5] as [VARCHAR] - [ACTIVE]
2025-08-03 20:21:43 - binding parameter [6] as [TIMESTAMP] - [2025-08-03T20:21:43.460109]
2025-08-03 20:21:43 - binding parameter [7] as [VARCHAR] - [user2]
2025-08-03 20:21:43 - binding parameter [8] as [BIGINT] - [24]
2025-08-03 20:21:43 - binding parameter [9] as [BIGINT] - [10]
2025-08-03 20:21:43 - binding parameter [10] as [BIGINT] - [23]
2025-08-03 20:21:43 - binding parameter [1] as [NUMERIC] - [10.00]
2025-08-03 20:21:43 - binding parameter [2] as [TIMESTAMP] - [2025-08-03T20:21:43.458970]
2025-08-03 20:21:43 - binding parameter [3] as [VARCHAR] - [USD]
2025-08-03 20:21:43 - binding parameter [4] as [VARCHAR] - [Concurrent transfer test]
2025-08-03 20:21:43 - binding parameter [5] as [VARCHAR] - [null]
2025-08-03 20:21:43 - binding parameter [6] as [BIGINT] - [9]
2025-08-03 20:21:43 - binding parameter [7] as [TIMESTAMP] - [2025-08-03T20:21:43.458420]
2025-08-03 20:21:43 - binding parameter [8] as [VARCHAR] - [COMPLETED]
2025-08-03 20:21:43 - binding parameter [9] as [BIGINT] - [10]
2025-08-03 20:21:43 - binding parameter [10] as [VARCHAR] - [TXN-BAC05C6FDE1C4338]
2025-08-03 20:21:43 - binding parameter [11] as [TIMESTAMP] - [2025-08-03T20:21:43.460602]
2025-08-03 20:21:43 - binding parameter [12] as [BIGINT] - [1]
2025-08-03 20:21:43 - binding parameter [13] as [BIGINT] - [24]
2025-08-03 20:21:43 - binding parameter [14] as [BIGINT] - [0]
2025-08-03 20:21:43 - Processing transfer request: TransferRequest{fromAccountNumber='TEST001234567890', toAccountNumber='TEST002345678901', amount=10.00, currency=USD, description='Concurrent transfer test'}
2025-08-03 20:21:43 - binding parameter [1] as [VARCHAR] - [TEST001234567890]
2025-08-03 20:21:43 - binding parameter [1] as [VARCHAR] - [TEST002345678901]
2025-08-03 20:21:43 - binding parameter [1] as [NUMERIC] - [10.00]
2025-08-03 20:21:43 - binding parameter [2] as [TIMESTAMP] - [null]
2025-08-03 20:21:43 - binding parameter [3] as [TIMESTAMP] - [2025-08-03T20:21:43.464631]
2025-08-03 20:21:43 - binding parameter [4] as [VARCHAR] - [USD]
2025-08-03 20:21:43 - binding parameter [5] as [VARCHAR] - [Concurrent transfer test]
2025-08-03 20:21:43 - binding parameter [6] as [VARCHAR] - [null]
2025-08-03 20:21:43 - binding parameter [7] as [BIGINT] - [9]
2025-08-03 20:21:43 - binding parameter [8] as [TIMESTAMP] - [null]
2025-08-03 20:21:43 - binding parameter [9] as [VARCHAR] - [PENDING]
2025-08-03 20:21:43 - binding parameter [10] as [BIGINT] - [10]
2025-08-03 20:21:43 - binding parameter [11] as [VARCHAR] - [TXN-3E21521D3EA0459A]
2025-08-03 20:21:43 - binding parameter [12] as [TIMESTAMP] - [2025-08-03T20:21:43.464643]
2025-08-03 20:21:43 - binding parameter [13] as [BIGINT] - [0]
2025-08-03 20:21:43 - Transfer completed successfully: TXN-3E21521D3EA0459A
2025-08-03 20:21:43 - binding parameter [1] as [VARCHAR] - [Test User 1]
2025-08-03 20:21:43 - binding parameter [2] as [VARCHAR] - [TEST001234567890]
2025-08-03 20:21:43 - binding parameter [3] as [NUMERIC] - [750.00]
2025-08-03 20:21:43 - binding parameter [4] as [VARCHAR] - [USD]
2025-08-03 20:21:43 - binding parameter [5] as [VARCHAR] - [ACTIVE]
2025-08-03 20:21:43 - binding parameter [6] as [TIMESTAMP] - [2025-08-03T20:21:43.466473]
2025-08-03 20:21:43 - binding parameter [7] as [VARCHAR] - [user1]
2025-08-03 20:21:43 - binding parameter [8] as [BIGINT] - [25]
2025-08-03 20:21:43 - binding parameter [9] as [BIGINT] - [9]
2025-08-03 20:21:43 - binding parameter [10] as [BIGINT] - [24]
2025-08-03 20:21:43 - binding parameter [1] as [VARCHAR] - [Test User 2]
2025-08-03 20:21:43 - binding parameter [2] as [VARCHAR] - [TEST002345678901]
2025-08-03 20:21:43 - binding parameter [3] as [NUMERIC] - [750.00]
2025-08-03 20:21:43 - binding parameter [4] as [VARCHAR] - [USD]
2025-08-03 20:21:43 - binding parameter [5] as [VARCHAR] - [ACTIVE]
2025-08-03 20:21:43 - binding parameter [6] as [TIMESTAMP] - [2025-08-03T20:21:43.466892]
2025-08-03 20:21:43 - binding parameter [7] as [VARCHAR] - [user2]
2025-08-03 20:21:43 - binding parameter [8] as [BIGINT] - [25]
2025-08-03 20:21:43 - binding parameter [9] as [BIGINT] - [10]
2025-08-03 20:21:43 - binding parameter [10] as [BIGINT] - [24]
2025-08-03 20:21:43 - binding parameter [1] as [NUMERIC] - [10.00]
2025-08-03 20:21:43 - binding parameter [2] as [TIMESTAMP] - [2025-08-03T20:21:43.466082]
2025-08-03 20:21:43 - binding parameter [3] as [VARCHAR] - [USD]
2025-08-03 20:21:43 - binding parameter [4] as [VARCHAR] - [Concurrent transfer test]
2025-08-03 20:21:43 - binding parameter [5] as [VARCHAR] - [null]
2025-08-03 20:21:43 - binding parameter [6] as [BIGINT] - [9]
2025-08-03 20:21:43 - binding parameter [7] as [TIMESTAMP] - [2025-08-03T20:21:43.465835]
2025-08-03 20:21:43 - binding parameter [8] as [VARCHAR] - [COMPLETED]
2025-08-03 20:21:43 - binding parameter [9] as [BIGINT] - [10]
2025-08-03 20:21:43 - binding parameter [10] as [VARCHAR] - [TXN-3E21521D3EA0459A]
2025-08-03 20:21:43 - binding parameter [11] as [TIMESTAMP] - [2025-08-03T20:21:43.467167]
2025-08-03 20:21:43 - binding parameter [12] as [BIGINT] - [1]
2025-08-03 20:21:43 - binding parameter [13] as [BIGINT] - [25]
2025-08-03 20:21:43 - binding parameter [14] as [BIGINT] - [0]
2025-08-03 20:21:43 - Processing transfer request: TransferRequest{fromAccountNumber='TEST001234567890', toAccountNumber='TEST002345678901', amount=10.00, currency=USD, description='Concurrent transfer test'}
2025-08-03 20:21:43 - binding parameter [1] as [VARCHAR] - [TEST001234567890]
2025-08-03 20:21:43 - binding parameter [1] as [VARCHAR] - [TEST002345678901]
2025-08-03 20:21:43 - binding parameter [1] as [NUMERIC] - [10.00]
2025-08-03 20:21:43 - binding parameter [2] as [TIMESTAMP] - [null]
2025-08-03 20:21:43 - binding parameter [3] as [TIMESTAMP] - [2025-08-03T20:21:43.468905]
2025-08-03 20:21:43 - binding parameter [4] as [VARCHAR] - [USD]
2025-08-03 20:21:43 - binding parameter [5] as [VARCHAR] - [Concurrent transfer test]
2025-08-03 20:21:43 - binding parameter [6] as [VARCHAR] - [null]
2025-08-03 20:21:43 - binding parameter [7] as [BIGINT] - [9]
2025-08-03 20:21:43 - binding parameter [8] as [TIMESTAMP] - [null]
2025-08-03 20:21:43 - binding parameter [9] as [VARCHAR] - [PENDING]
2025-08-03 20:21:43 - binding parameter [10] as [BIGINT] - [10]
2025-08-03 20:21:43 - binding parameter [11] as [VARCHAR] - [TXN-3558B3796AC3478C]
2025-08-03 20:21:43 - binding parameter [12] as [TIMESTAMP] - [2025-08-03T20:21:43.468912]
2025-08-03 20:21:43 - binding parameter [13] as [BIGINT] - [0]
2025-08-03 20:21:43 - Transfer completed successfully: TXN-3558B3796AC3478C
2025-08-03 20:21:43 - binding parameter [1] as [VARCHAR] - [Test User 1]
2025-08-03 20:21:43 - binding parameter [2] as [VARCHAR] - [TEST001234567890]
2025-08-03 20:21:43 - binding parameter [3] as [NUMERIC] - [740.00]
2025-08-03 20:21:43 - binding parameter [4] as [VARCHAR] - [USD]
2025-08-03 20:21:43 - binding parameter [5] as [VARCHAR] - [ACTIVE]
2025-08-03 20:21:43 - binding parameter [6] as [TIMESTAMP] - [2025-08-03T20:21:43.469865]
2025-08-03 20:21:43 - binding parameter [7] as [VARCHAR] - [user1]
2025-08-03 20:21:43 - binding parameter [8] as [BIGINT] - [26]
2025-08-03 20:21:43 - binding parameter [9] as [BIGINT] - [9]
2025-08-03 20:21:43 - binding parameter [10] as [BIGINT] - [25]
2025-08-03 20:21:43 - binding parameter [1] as [VARCHAR] - [Test User 2]
2025-08-03 20:21:43 - binding parameter [2] as [VARCHAR] - [TEST002345678901]
2025-08-03 20:21:43 - binding parameter [3] as [NUMERIC] - [760.00]
2025-08-03 20:21:43 - binding parameter [4] as [VARCHAR] - [USD]
2025-08-03 20:21:43 - binding parameter [5] as [VARCHAR] - [ACTIVE]
2025-08-03 20:21:43 - binding parameter [6] as [TIMESTAMP] - [2025-08-03T20:21:43.470385]
2025-08-03 20:21:43 - binding parameter [7] as [VARCHAR] - [user2]
2025-08-03 20:21:43 - binding parameter [8] as [BIGINT] - [26]
2025-08-03 20:21:43 - binding parameter [9] as [BIGINT] - [10]
2025-08-03 20:21:43 - binding parameter [10] as [BIGINT] - [25]
2025-08-03 20:21:43 - binding parameter [1] as [NUMERIC] - [10.00]
2025-08-03 20:21:43 - binding parameter [2] as [TIMESTAMP] - [2025-08-03T20:21:43.469628]
2025-08-03 20:21:43 - binding parameter [3] as [VARCHAR] - [USD]
2025-08-03 20:21:43 - binding parameter [4] as [VARCHAR] - [Concurrent transfer test]
2025-08-03 20:21:43 - binding parameter [5] as [VARCHAR] - [null]
2025-08-03 20:21:43 - binding parameter [6] as [BIGINT] - [9]
2025-08-03 20:21:43 - binding parameter [7] as [TIMESTAMP] - [2025-08-03T20:21:43.469446]
2025-08-03 20:21:43 - binding parameter [8] as [VARCHAR] - [COMPLETED]
2025-08-03 20:21:43 - binding parameter [9] as [BIGINT] - [10]
2025-08-03 20:21:43 - binding parameter [10] as [VARCHAR] - [TXN-3558B3796AC3478C]
2025-08-03 20:21:43 - binding parameter [11] as [TIMESTAMP] - [2025-08-03T20:21:43.471124]
2025-08-03 20:21:43 - binding parameter [12] as [BIGINT] - [1]
2025-08-03 20:21:43 - binding parameter [13] as [BIGINT] - [26]
2025-08-03 20:21:43 - binding parameter [14] as [BIGINT] - [0]
2025-08-03 20:21:43 - Processing transfer request: TransferRequest{fromAccountNumber='TEST001234567890', toAccountNumber='TEST002345678901', amount=10.00, currency=USD, description='Concurrent transfer test'}
2025-08-03 20:21:43 - binding parameter [1] as [VARCHAR] - [TEST002345678901]
2025-08-03 20:21:43 - binding parameter [1] as [VARCHAR] - [TEST001234567890]
2025-08-03 20:21:43 - binding parameter [1] as [NUMERIC] - [10.00]
2025-08-03 20:21:43 - binding parameter [2] as [TIMESTAMP] - [null]
2025-08-03 20:21:43 - binding parameter [3] as [TIMESTAMP] - [2025-08-03T20:21:43.473792]
2025-08-03 20:21:43 - binding parameter [4] as [VARCHAR] - [USD]
2025-08-03 20:21:43 - binding parameter [5] as [VARCHAR] - [Concurrent transfer test]
2025-08-03 20:21:43 - binding parameter [6] as [VARCHAR] - [null]
2025-08-03 20:21:43 - binding parameter [7] as [BIGINT] - [9]
2025-08-03 20:21:43 - binding parameter [8] as [TIMESTAMP] - [null]
2025-08-03 20:21:43 - binding parameter [9] as [VARCHAR] - [PENDING]
2025-08-03 20:21:43 - binding parameter [10] as [BIGINT] - [10]
2025-08-03 20:21:43 - binding parameter [11] as [VARCHAR] - [TXN-C0C2F288425F4DD6]
2025-08-03 20:21:43 - binding parameter [12] as [TIMESTAMP] - [2025-08-03T20:21:43.473801]
2025-08-03 20:21:43 - binding parameter [13] as [BIGINT] - [0]
2025-08-03 20:21:43 - Transfer completed successfully: TXN-C0C2F288425F4DD6
2025-08-03 20:21:43 - binding parameter [1] as [VARCHAR] - [Test User 1]
2025-08-03 20:21:43 - binding parameter [2] as [VARCHAR] - [TEST001234567890]
2025-08-03 20:21:43 - binding parameter [3] as [NUMERIC] - [730.00]
2025-08-03 20:21:43 - binding parameter [4] as [VARCHAR] - [USD]
2025-08-03 20:21:43 - binding parameter [5] as [VARCHAR] - [ACTIVE]
2025-08-03 20:21:43 - binding parameter [6] as [TIMESTAMP] - [2025-08-03T20:21:43.475381]
2025-08-03 20:21:43 - binding parameter [7] as [VARCHAR] - [user1]
2025-08-03 20:21:43 - binding parameter [8] as [BIGINT] - [27]
2025-08-03 20:21:43 - binding parameter [9] as [BIGINT] - [9]
2025-08-03 20:21:43 - binding parameter [10] as [BIGINT] - [26]
2025-08-03 20:21:43 - binding parameter [1] as [VARCHAR] - [Test User 2]
2025-08-03 20:21:43 - binding parameter [2] as [VARCHAR] - [TEST002345678901]
2025-08-03 20:21:43 - binding parameter [3] as [NUMERIC] - [770.00]
2025-08-03 20:21:43 - binding parameter [4] as [VARCHAR] - [USD]
2025-08-03 20:21:43 - binding parameter [5] as [VARCHAR] - [ACTIVE]
2025-08-03 20:21:43 - binding parameter [6] as [TIMESTAMP] - [2025-08-03T20:21:43.475787]
2025-08-03 20:21:43 - binding parameter [7] as [VARCHAR] - [user2]
2025-08-03 20:21:43 - binding parameter [8] as [BIGINT] - [27]
2025-08-03 20:21:43 - binding parameter [9] as [BIGINT] - [10]
2025-08-03 20:21:43 - binding parameter [10] as [BIGINT] - [26]
2025-08-03 20:21:43 - binding parameter [1] as [NUMERIC] - [10.00]
2025-08-03 20:21:43 - binding parameter [2] as [TIMESTAMP] - [2025-08-03T20:21:43.475040]
2025-08-03 20:21:43 - binding parameter [3] as [VARCHAR] - [USD]
2025-08-03 20:21:43 - binding parameter [4] as [VARCHAR] - [Concurrent transfer test]
2025-08-03 20:21:43 - binding parameter [5] as [VARCHAR] - [null]
2025-08-03 20:21:43 - binding parameter [6] as [BIGINT] - [9]
2025-08-03 20:21:43 - binding parameter [7] as [TIMESTAMP] - [2025-08-03T20:21:43.474813]
2025-08-03 20:21:43 - binding parameter [8] as [VARCHAR] - [COMPLETED]
2025-08-03 20:21:43 - binding parameter [9] as [BIGINT] - [10]
2025-08-03 20:21:43 - binding parameter [10] as [VARCHAR] - [TXN-C0C2F288425F4DD6]
2025-08-03 20:21:43 - binding parameter [11] as [TIMESTAMP] - [2025-08-03T20:21:43.476037]
2025-08-03 20:21:43 - binding parameter [12] as [BIGINT] - [1]
2025-08-03 20:21:43 - binding parameter [13] as [BIGINT] - [27]
2025-08-03 20:21:43 - binding parameter [14] as [BIGINT] - [0]
2025-08-03 20:21:43 - Processing transfer request: TransferRequest{fromAccountNumber='TEST001234567890', toAccountNumber='TEST002345678901', amount=10.00, currency=USD, description='Concurrent transfer test'}
2025-08-03 20:21:43 - binding parameter [1] as [VARCHAR] - [TEST001234567890]
2025-08-03 20:21:43 - binding parameter [1] as [VARCHAR] - [TEST002345678901]
2025-08-03 20:21:43 - binding parameter [1] as [NUMERIC] - [10.00]
2025-08-03 20:21:43 - binding parameter [2] as [TIMESTAMP] - [null]
2025-08-03 20:21:43 - binding parameter [3] as [TIMESTAMP] - [2025-08-03T20:21:43.478073]
2025-08-03 20:21:43 - binding parameter [4] as [VARCHAR] - [USD]
2025-08-03 20:21:43 - binding parameter [5] as [VARCHAR] - [Concurrent transfer test]
2025-08-03 20:21:43 - binding parameter [6] as [VARCHAR] - [null]
2025-08-03 20:21:43 - binding parameter [7] as [BIGINT] - [9]
2025-08-03 20:21:43 - binding parameter [8] as [TIMESTAMP] - [null]
2025-08-03 20:21:43 - binding parameter [9] as [VARCHAR] - [PENDING]
2025-08-03 20:21:43 - binding parameter [10] as [BIGINT] - [10]
2025-08-03 20:21:43 - binding parameter [11] as [VARCHAR] - [TXN-F5FCB6335C43492F]
2025-08-03 20:21:43 - binding parameter [12] as [TIMESTAMP] - [2025-08-03T20:21:43.478080]
2025-08-03 20:21:43 - binding parameter [13] as [BIGINT] - [0]
2025-08-03 20:21:43 - Transfer completed successfully: TXN-F5FCB6335C43492F
2025-08-03 20:21:43 - binding parameter [1] as [VARCHAR] - [Test User 1]
2025-08-03 20:21:43 - binding parameter [2] as [VARCHAR] - [TEST001234567890]
2025-08-03 20:21:43 - binding parameter [3] as [NUMERIC] - [720.00]
2025-08-03 20:21:43 - binding parameter [4] as [VARCHAR] - [USD]
2025-08-03 20:21:43 - binding parameter [5] as [VARCHAR] - [ACTIVE]
2025-08-03 20:21:43 - binding parameter [6] as [TIMESTAMP] - [2025-08-03T20:21:43.481]
2025-08-03 20:21:43 - binding parameter [7] as [VARCHAR] - [user1]
2025-08-03 20:21:43 - binding parameter [8] as [BIGINT] - [28]
2025-08-03 20:21:43 - binding parameter [9] as [BIGINT] - [9]
2025-08-03 20:21:43 - binding parameter [10] as [BIGINT] - [27]
2025-08-03 20:21:43 - binding parameter [1] as [VARCHAR] - [Test User 2]
2025-08-03 20:21:43 - binding parameter [2] as [VARCHAR] - [TEST002345678901]
2025-08-03 20:21:43 - binding parameter [3] as [NUMERIC] - [780.00]
2025-08-03 20:21:43 - binding parameter [4] as [VARCHAR] - [USD]
2025-08-03 20:21:43 - binding parameter [5] as [VARCHAR] - [ACTIVE]
2025-08-03 20:21:43 - binding parameter [6] as [TIMESTAMP] - [2025-08-03T20:21:43.483129]
2025-08-03 20:21:43 - binding parameter [7] as [VARCHAR] - [user2]
2025-08-03 20:21:43 - binding parameter [8] as [BIGINT] - [28]
2025-08-03 20:21:43 - binding parameter [9] as [BIGINT] - [10]
2025-08-03 20:21:43 - binding parameter [10] as [BIGINT] - [27]
2025-08-03 20:21:43 - binding parameter [1] as [NUMERIC] - [10.00]
2025-08-03 20:21:43 - binding parameter [2] as [TIMESTAMP] - [2025-08-03T20:21:43.480432]
2025-08-03 20:21:43 - binding parameter [3] as [VARCHAR] - [USD]
2025-08-03 20:21:43 - binding parameter [4] as [VARCHAR] - [Concurrent transfer test]
2025-08-03 20:21:43 - binding parameter [5] as [VARCHAR] - [null]
2025-08-03 20:21:43 - binding parameter [6] as [BIGINT] - [9]
2025-08-03 20:21:43 - binding parameter [7] as [TIMESTAMP] - [2025-08-03T20:21:43.478591]
2025-08-03 20:21:43 - binding parameter [8] as [VARCHAR] - [COMPLETED]
2025-08-03 20:21:43 - binding parameter [9] as [BIGINT] - [10]
2025-08-03 20:21:43 - binding parameter [10] as [VARCHAR] - [TXN-F5FCB6335C43492F]
2025-08-03 20:21:43 - binding parameter [11] as [TIMESTAMP] - [2025-08-03T20:21:43.483451]
2025-08-03 20:21:43 - binding parameter [12] as [BIGINT] - [1]
2025-08-03 20:21:43 - binding parameter [13] as [BIGINT] - [28]
2025-08-03 20:21:43 - binding parameter [14] as [BIGINT] - [0]
2025-08-03 20:21:43 - Processing transfer request: TransferRequest{fromAccountNumber='TEST001234567890', toAccountNumber='TEST002345678901', amount=10.00, currency=USD, description='Concurrent transfer test'}
2025-08-03 20:21:43 - binding parameter [1] as [VARCHAR] - [TEST001234567890]
2025-08-03 20:21:43 - binding parameter [1] as [VARCHAR] - [TEST002345678901]
2025-08-03 20:21:43 - binding parameter [1] as [NUMERIC] - [10.00]
2025-08-03 20:21:43 - binding parameter [2] as [TIMESTAMP] - [null]
2025-08-03 20:21:43 - binding parameter [3] as [TIMESTAMP] - [2025-08-03T20:21:43.492075]
2025-08-03 20:21:43 - binding parameter [4] as [VARCHAR] - [USD]
2025-08-03 20:21:43 - binding parameter [5] as [VARCHAR] - [Concurrent transfer test]
2025-08-03 20:21:43 - binding parameter [6] as [VARCHAR] - [null]
2025-08-03 20:21:43 - binding parameter [7] as [BIGINT] - [9]
2025-08-03 20:21:43 - binding parameter [8] as [TIMESTAMP] - [null]
2025-08-03 20:21:43 - binding parameter [9] as [VARCHAR] - [PENDING]
2025-08-03 20:21:43 - binding parameter [10] as [BIGINT] - [10]
2025-08-03 20:21:43 - binding parameter [11] as [VARCHAR] - [TXN-3451849A69024456]
2025-08-03 20:21:43 - binding parameter [12] as [TIMESTAMP] - [2025-08-03T20:21:43.492083]
2025-08-03 20:21:43 - binding parameter [13] as [BIGINT] - [0]
2025-08-03 20:21:43 - Transfer completed successfully: TXN-3451849A69024456
2025-08-03 20:21:43 - binding parameter [1] as [VARCHAR] - [Test User 1]
2025-08-03 20:21:43 - binding parameter [2] as [VARCHAR] - [TEST001234567890]
2025-08-03 20:21:43 - binding parameter [3] as [NUMERIC] - [710.00]
2025-08-03 20:21:43 - binding parameter [4] as [VARCHAR] - [USD]
2025-08-03 20:21:43 - binding parameter [5] as [VARCHAR] - [ACTIVE]
2025-08-03 20:21:43 - binding parameter [6] as [TIMESTAMP] - [2025-08-03T20:21:43.493133]
2025-08-03 20:21:43 - binding parameter [7] as [VARCHAR] - [user1]
2025-08-03 20:21:43 - binding parameter [8] as [BIGINT] - [29]
2025-08-03 20:21:43 - binding parameter [9] as [BIGINT] - [9]
2025-08-03 20:21:43 - binding parameter [10] as [BIGINT] - [28]
2025-08-03 20:21:43 - binding parameter [1] as [VARCHAR] - [Test User 2]
2025-08-03 20:21:43 - binding parameter [2] as [VARCHAR] - [TEST002345678901]
2025-08-03 20:21:43 - binding parameter [3] as [NUMERIC] - [790.00]
2025-08-03 20:21:43 - binding parameter [4] as [VARCHAR] - [USD]
2025-08-03 20:21:43 - binding parameter [5] as [VARCHAR] - [ACTIVE]
2025-08-03 20:21:43 - binding parameter [6] as [TIMESTAMP] - [2025-08-03T20:21:43.493556]
2025-08-03 20:21:43 - binding parameter [7] as [VARCHAR] - [user2]
2025-08-03 20:21:43 - binding parameter [8] as [BIGINT] - [29]
2025-08-03 20:21:43 - binding parameter [9] as [BIGINT] - [10]
2025-08-03 20:21:43 - binding parameter [10] as [BIGINT] - [28]
2025-08-03 20:21:43 - binding parameter [1] as [NUMERIC] - [10.00]
2025-08-03 20:21:43 - binding parameter [2] as [TIMESTAMP] - [2025-08-03T20:21:43.492860]
2025-08-03 20:21:43 - binding parameter [3] as [VARCHAR] - [USD]
2025-08-03 20:21:43 - binding parameter [4] as [VARCHAR] - [Concurrent transfer test]
2025-08-03 20:21:43 - binding parameter [5] as [VARCHAR] - [null]
2025-08-03 20:21:43 - binding parameter [6] as [BIGINT] - [9]
2025-08-03 20:21:43 - binding parameter [7] as [TIMESTAMP] - [2025-08-03T20:21:43.492655]
2025-08-03 20:21:43 - binding parameter [8] as [VARCHAR] - [COMPLETED]
2025-08-03 20:21:43 - binding parameter [9] as [BIGINT] - [10]
2025-08-03 20:21:43 - binding parameter [10] as [VARCHAR] - [TXN-3451849A69024456]
2025-08-03 20:21:43 - binding parameter [11] as [TIMESTAMP] - [2025-08-03T20:21:43.493805]
2025-08-03 20:21:43 - binding parameter [12] as [BIGINT] - [1]
2025-08-03 20:21:43 - binding parameter [13] as [BIGINT] - [29]
2025-08-03 20:21:43 - binding parameter [14] as [BIGINT] - [0]
2025-08-03 20:21:43 - binding parameter [1] as [VARCHAR] - [TEST002345678901]
2025-08-03 20:21:43 - binding parameter [1] as [NUMERIC] - [10.00]
2025-08-03 20:21:43 - binding parameter [2] as [TIMESTAMP] - [null]
2025-08-03 20:21:43 - binding parameter [3] as [TIMESTAMP] - [2025-08-03T20:21:43.495292]
2025-08-03 20:21:43 - binding parameter [4] as [VARCHAR] - [USD]
2025-08-03 20:21:43 - binding parameter [5] as [VARCHAR] - [Concurrent transfer test]
2025-08-03 20:21:43 - binding parameter [6] as [VARCHAR] - [null]
2025-08-03 20:21:43 - binding parameter [7] as [BIGINT] - [9]
2025-08-03 20:21:43 - binding parameter [8] as [TIMESTAMP] - [null]
2025-08-03 20:21:43 - binding parameter [9] as [VARCHAR] - [PENDING]
2025-08-03 20:21:43 - binding parameter [10] as [BIGINT] - [10]
2025-08-03 20:21:43 - binding parameter [11] as [VARCHAR] - [TXN-65644C36BE2A4A0D]
2025-08-03 20:21:43 - binding parameter [12] as [TIMESTAMP] - [2025-08-03T20:21:43.495315]
2025-08-03 20:21:43 - binding parameter [13] as [BIGINT] - [0]
2025-08-03 20:21:43 - Transfer completed successfully: TXN-65644C36BE2A4A0D
2025-08-03 20:21:43 - binding parameter [1] as [VARCHAR] - [Test User 1]
2025-08-03 20:21:43 - binding parameter [2] as [VARCHAR] - [TEST001234567890]
2025-08-03 20:21:43 - binding parameter [3] as [NUMERIC] - [700.00]
2025-08-03 20:21:43 - binding parameter [4] as [VARCHAR] - [USD]
2025-08-03 20:21:43 - binding parameter [5] as [VARCHAR] - [ACTIVE]
2025-08-03 20:21:43 - binding parameter [6] as [TIMESTAMP] - [2025-08-03T20:21:43.496904]
2025-08-03 20:21:43 - binding parameter [7] as [VARCHAR] - [user1]
2025-08-03 20:21:43 - binding parameter [8] as [BIGINT] - [30]
2025-08-03 20:21:43 - binding parameter [9] as [BIGINT] - [9]
2025-08-03 20:21:43 - binding parameter [10] as [BIGINT] - [29]
2025-08-03 20:21:43 - binding parameter [1] as [VARCHAR] - [Test User 2]
2025-08-03 20:21:43 - binding parameter [2] as [VARCHAR] - [TEST002345678901]
2025-08-03 20:21:43 - binding parameter [3] as [NUMERIC] - [800.00]
2025-08-03 20:21:43 - binding parameter [4] as [VARCHAR] - [USD]
2025-08-03 20:21:43 - binding parameter [5] as [VARCHAR] - [ACTIVE]
2025-08-03 20:21:43 - binding parameter [6] as [TIMESTAMP] - [2025-08-03T20:21:43.498208]
2025-08-03 20:21:43 - binding parameter [7] as [VARCHAR] - [user2]
2025-08-03 20:21:43 - binding parameter [8] as [BIGINT] - [30]
2025-08-03 20:21:43 - binding parameter [9] as [BIGINT] - [10]
2025-08-03 20:21:43 - binding parameter [10] as [BIGINT] - [29]
2025-08-03 20:21:43 - binding parameter [1] as [NUMERIC] - [10.00]
2025-08-03 20:21:43 - binding parameter [2] as [TIMESTAMP] - [2025-08-03T20:21:43.496248]
2025-08-03 20:21:43 - binding parameter [3] as [VARCHAR] - [USD]
2025-08-03 20:21:43 - binding parameter [4] as [VARCHAR] - [Concurrent transfer test]
2025-08-03 20:21:43 - binding parameter [5] as [VARCHAR] - [null]
2025-08-03 20:21:43 - binding parameter [6] as [BIGINT] - [9]
2025-08-03 20:21:43 - binding parameter [7] as [TIMESTAMP] - [2025-08-03T20:21:43.496028]
2025-08-03 20:21:43 - binding parameter [8] as [VARCHAR] - [COMPLETED]
2025-08-03 20:21:43 - binding parameter [9] as [BIGINT] - [10]
2025-08-03 20:21:43 - binding parameter [10] as [VARCHAR] - [TXN-65644C36BE2A4A0D]
2025-08-03 20:21:43 - binding parameter [11] as [TIMESTAMP] - [2025-08-03T20:21:43.498605]
2025-08-03 20:21:43 - binding parameter [12] as [BIGINT] - [1]
2025-08-03 20:21:43 - binding parameter [13] as [BIGINT] - [30]
2025-08-03 20:21:43 - binding parameter [14] as [BIGINT] - [0]
2025-08-03 20:21:43 - binding parameter [1] as [VARCHAR] - [TEST002345678901]
2025-08-03 20:21:43 - binding parameter [1] as [NUMERIC] - [10.00]
2025-08-03 20:21:43 - binding parameter [2] as [TIMESTAMP] - [null]
2025-08-03 20:21:43 - binding parameter [3] as [TIMESTAMP] - [2025-08-03T20:21:43.500727]
2025-08-03 20:21:43 - binding parameter [4] as [VARCHAR] - [USD]
2025-08-03 20:21:43 - binding parameter [5] as [VARCHAR] - [Concurrent transfer test]
2025-08-03 20:21:43 - binding parameter [6] as [VARCHAR] - [null]
2025-08-03 20:21:43 - binding parameter [7] as [BIGINT] - [9]
2025-08-03 20:21:43 - binding parameter [8] as [TIMESTAMP] - [null]
2025-08-03 20:21:43 - binding parameter [9] as [VARCHAR] - [PENDING]
2025-08-03 20:21:43 - binding parameter [10] as [BIGINT] - [10]
2025-08-03 20:21:43 - binding parameter [11] as [VARCHAR] - [TXN-CBC1463FD90C4D76]
2025-08-03 20:21:43 - binding parameter [12] as [TIMESTAMP] - [2025-08-03T20:21:43.500734]
2025-08-03 20:21:43 - binding parameter [13] as [BIGINT] - [0]
2025-08-03 20:21:43 - Transfer completed successfully: TXN-CBC1463FD90C4D76
2025-08-03 20:21:43 - binding parameter [1] as [VARCHAR] - [Test User 1]
2025-08-03 20:21:43 - binding parameter [2] as [VARCHAR] - [TEST001234567890]
2025-08-03 20:21:43 - binding parameter [3] as [NUMERIC] - [690.00]
2025-08-03 20:21:43 - binding parameter [4] as [VARCHAR] - [USD]
2025-08-03 20:21:43 - binding parameter [5] as [VARCHAR] - [ACTIVE]
2025-08-03 20:21:43 - binding parameter [6] as [TIMESTAMP] - [2025-08-03T20:21:43.501826]
2025-08-03 20:21:43 - binding parameter [7] as [VARCHAR] - [user1]
2025-08-03 20:21:43 - binding parameter [8] as [BIGINT] - [31]
2025-08-03 20:21:43 - binding parameter [9] as [BIGINT] - [9]
2025-08-03 20:21:43 - binding parameter [10] as [BIGINT] - [30]
2025-08-03 20:21:43 - binding parameter [1] as [VARCHAR] - [Test User 2]
2025-08-03 20:21:43 - binding parameter [2] as [VARCHAR] - [TEST002345678901]
2025-08-03 20:21:43 - binding parameter [3] as [NUMERIC] - [810.00]
2025-08-03 20:21:43 - binding parameter [4] as [VARCHAR] - [USD]
2025-08-03 20:21:43 - binding parameter [5] as [VARCHAR] - [ACTIVE]
2025-08-03 20:21:43 - binding parameter [6] as [TIMESTAMP] - [2025-08-03T20:21:43.502709]
2025-08-03 20:21:43 - binding parameter [7] as [VARCHAR] - [user2]
2025-08-03 20:21:43 - binding parameter [8] as [BIGINT] - [31]
2025-08-03 20:21:43 - binding parameter [9] as [BIGINT] - [10]
2025-08-03 20:21:43 - binding parameter [10] as [BIGINT] - [30]
2025-08-03 20:21:43 - binding parameter [1] as [NUMERIC] - [10.00]
2025-08-03 20:21:43 - binding parameter [2] as [TIMESTAMP] - [2025-08-03T20:21:43.501576]
2025-08-03 20:21:43 - binding parameter [3] as [VARCHAR] - [USD]
2025-08-03 20:21:43 - binding parameter [4] as [VARCHAR] - [Concurrent transfer test]
2025-08-03 20:21:43 - binding parameter [5] as [VARCHAR] - [null]
2025-08-03 20:21:43 - binding parameter [6] as [BIGINT] - [9]
2025-08-03 20:21:43 - binding parameter [7] as [TIMESTAMP] - [2025-08-03T20:21:43.501382]
2025-08-03 20:21:43 - binding parameter [8] as [VARCHAR] - [COMPLETED]
2025-08-03 20:21:43 - binding parameter [9] as [BIGINT] - [10]
2025-08-03 20:21:43 - binding parameter [10] as [VARCHAR] - [TXN-CBC1463FD90C4D76]
2025-08-03 20:21:43 - binding parameter [11] as [TIMESTAMP] - [2025-08-03T20:21:43.503520]
2025-08-03 20:21:43 - binding parameter [12] as [BIGINT] - [1]
2025-08-03 20:21:43 - binding parameter [13] as [BIGINT] - [31]
2025-08-03 20:21:43 - binding parameter [14] as [BIGINT] - [0]
2025-08-03 20:21:43 - Processing transfer request: TransferRequest{fromAccountNumber='TEST001234567890', toAccountNumber='TEST002345678901', amount=10.00, currency=USD, description='Concurrent transfer test'}
2025-08-03 20:21:43 - binding parameter [1] as [VARCHAR] - [TEST001234567890]
2025-08-03 20:21:43 - binding parameter [1] as [VARCHAR] - [TEST002345678901]
2025-08-03 20:21:43 - binding parameter [1] as [NUMERIC] - [10.00]
2025-08-03 20:21:43 - binding parameter [2] as [TIMESTAMP] - [null]
2025-08-03 20:21:43 - binding parameter [3] as [TIMESTAMP] - [2025-08-03T20:21:43.508427]
2025-08-03 20:21:43 - binding parameter [4] as [VARCHAR] - [USD]
2025-08-03 20:21:43 - binding parameter [5] as [VARCHAR] - [Concurrent transfer test]
2025-08-03 20:21:43 - binding parameter [6] as [VARCHAR] - [null]
2025-08-03 20:21:43 - binding parameter [7] as [BIGINT] - [9]
2025-08-03 20:21:43 - binding parameter [8] as [TIMESTAMP] - [null]
2025-08-03 20:21:43 - binding parameter [9] as [VARCHAR] - [PENDING]
2025-08-03 20:21:43 - binding parameter [10] as [BIGINT] - [10]
2025-08-03 20:21:43 - binding parameter [11] as [VARCHAR] - [TXN-D77A01FB3E9F4EC0]
2025-08-03 20:21:43 - binding parameter [12] as [TIMESTAMP] - [2025-08-03T20:21:43.508437]
2025-08-03 20:21:43 - binding parameter [13] as [BIGINT] - [0]
2025-08-03 20:21:43 - Transfer completed successfully: TXN-D77A01FB3E9F4EC0
2025-08-03 20:21:43 - binding parameter [1] as [VARCHAR] - [Test User 1]
2025-08-03 20:21:43 - binding parameter [2] as [VARCHAR] - [TEST001234567890]
2025-08-03 20:21:43 - binding parameter [3] as [NUMERIC] - [680.00]
2025-08-03 20:21:43 - binding parameter [4] as [VARCHAR] - [USD]
2025-08-03 20:21:43 - binding parameter [5] as [VARCHAR] - [ACTIVE]
2025-08-03 20:21:43 - binding parameter [6] as [TIMESTAMP] - [2025-08-03T20:21:43.511293]
2025-08-03 20:21:43 - binding parameter [7] as [VARCHAR] - [user1]
2025-08-03 20:21:43 - binding parameter [8] as [BIGINT] - [32]
2025-08-03 20:21:43 - binding parameter [9] as [BIGINT] - [9]
2025-08-03 20:21:43 - binding parameter [10] as [BIGINT] - [31]
2025-08-03 20:21:43 - binding parameter [1] as [VARCHAR] - [Test User 2]
2025-08-03 20:21:43 - binding parameter [2] as [VARCHAR] - [TEST002345678901]
2025-08-03 20:21:43 - binding parameter [3] as [NUMERIC] - [820.00]
2025-08-03 20:21:43 - binding parameter [4] as [VARCHAR] - [USD]
2025-08-03 20:21:43 - binding parameter [5] as [VARCHAR] - [ACTIVE]
2025-08-03 20:21:43 - binding parameter [6] as [TIMESTAMP] - [2025-08-03T20:21:43.511760]
2025-08-03 20:21:43 - binding parameter [7] as [VARCHAR] - [user2]
2025-08-03 20:21:43 - binding parameter [8] as [BIGINT] - [32]
2025-08-03 20:21:43 - binding parameter [9] as [BIGINT] - [10]
2025-08-03 20:21:43 - binding parameter [10] as [BIGINT] - [31]
2025-08-03 20:21:43 - binding parameter [1] as [NUMERIC] - [10.00]
2025-08-03 20:21:43 - binding parameter [2] as [TIMESTAMP] - [2025-08-03T20:21:43.510559]
2025-08-03 20:21:43 - binding parameter [3] as [VARCHAR] - [USD]
2025-08-03 20:21:43 - binding parameter [4] as [VARCHAR] - [Concurrent transfer test]
2025-08-03 20:21:43 - binding parameter [5] as [VARCHAR] - [null]
2025-08-03 20:21:43 - binding parameter [6] as [BIGINT] - [9]
2025-08-03 20:21:43 - binding parameter [7] as [TIMESTAMP] - [2025-08-03T20:21:43.509926]
2025-08-03 20:21:43 - binding parameter [8] as [VARCHAR] - [COMPLETED]
2025-08-03 20:21:43 - binding parameter [9] as [BIGINT] - [10]
2025-08-03 20:21:43 - binding parameter [10] as [VARCHAR] - [TXN-D77A01FB3E9F4EC0]
2025-08-03 20:21:43 - binding parameter [11] as [TIMESTAMP] - [2025-08-03T20:21:43.511988]
2025-08-03 20:21:43 - binding parameter [12] as [BIGINT] - [1]
2025-08-03 20:21:43 - binding parameter [13] as [BIGINT] - [32]
2025-08-03 20:21:43 - binding parameter [14] as [BIGINT] - [0]
2025-08-03 20:21:43 - binding parameter [1] as [VARCHAR] - [TEST002345678901]
2025-08-03 20:21:43 - binding parameter [1] as [NUMERIC] - [10.00]
2025-08-03 20:21:43 - binding parameter [2] as [TIMESTAMP] - [null]
2025-08-03 20:21:43 - binding parameter [3] as [TIMESTAMP] - [2025-08-03T20:21:43.541295]
2025-08-03 20:21:43 - binding parameter [4] as [VARCHAR] - [USD]
2025-08-03 20:21:43 - binding parameter [5] as [VARCHAR] - [Concurrent transfer test]
2025-08-03 20:21:43 - binding parameter [6] as [VARCHAR] - [null]
2025-08-03 20:21:43 - binding parameter [7] as [BIGINT] - [9]
2025-08-03 20:21:43 - binding parameter [8] as [TIMESTAMP] - [null]
2025-08-03 20:21:43 - binding parameter [9] as [VARCHAR] - [PENDING]
2025-08-03 20:21:43 - binding parameter [10] as [BIGINT] - [10]
2025-08-03 20:21:43 - binding parameter [11] as [VARCHAR] - [TXN-908D4966E1CE4907]
2025-08-03 20:21:43 - binding parameter [12] as [TIMESTAMP] - [2025-08-03T20:21:43.541303]
2025-08-03 20:21:43 - binding parameter [13] as [BIGINT] - [0]
2025-08-03 20:21:43 - Transfer completed successfully: TXN-908D4966E1CE4907
2025-08-03 20:21:43 - binding parameter [1] as [VARCHAR] - [Test User 1]
2025-08-03 20:21:43 - binding parameter [2] as [VARCHAR] - [TEST001234567890]
2025-08-03 20:21:43 - binding parameter [3] as [NUMERIC] - [670.00]
2025-08-03 20:21:43 - binding parameter [4] as [VARCHAR] - [USD]
2025-08-03 20:21:43 - binding parameter [5] as [VARCHAR] - [ACTIVE]
2025-08-03 20:21:43 - binding parameter [6] as [TIMESTAMP] - [2025-08-03T20:21:43.542508]
2025-08-03 20:21:43 - binding parameter [7] as [VARCHAR] - [user1]
2025-08-03 20:21:43 - binding parameter [8] as [BIGINT] - [33]
2025-08-03 20:21:43 - binding parameter [9] as [BIGINT] - [9]
2025-08-03 20:21:43 - binding parameter [10] as [BIGINT] - [32]
2025-08-03 20:21:43 - binding parameter [1] as [VARCHAR] - [Test User 2]
2025-08-03 20:21:43 - binding parameter [2] as [VARCHAR] - [TEST002345678901]
2025-08-03 20:21:43 - binding parameter [3] as [NUMERIC] - [830.00]
2025-08-03 20:21:43 - binding parameter [4] as [VARCHAR] - [USD]
2025-08-03 20:21:43 - binding parameter [5] as [VARCHAR] - [ACTIVE]
2025-08-03 20:21:43 - binding parameter [6] as [TIMESTAMP] - [2025-08-03T20:21:43.542905]
2025-08-03 20:21:43 - binding parameter [7] as [VARCHAR] - [user2]
2025-08-03 20:21:43 - binding parameter [8] as [BIGINT] - [33]
2025-08-03 20:21:43 - binding parameter [9] as [BIGINT] - [10]
2025-08-03 20:21:43 - binding parameter [10] as [BIGINT] - [32]
2025-08-03 20:21:43 - binding parameter [1] as [NUMERIC] - [10.00]
2025-08-03 20:21:43 - binding parameter [2] as [TIMESTAMP] - [2025-08-03T20:21:43.542237]
2025-08-03 20:21:43 - binding parameter [3] as [VARCHAR] - [USD]
2025-08-03 20:21:43 - binding parameter [4] as [VARCHAR] - [Concurrent transfer test]
2025-08-03 20:21:43 - binding parameter [5] as [VARCHAR] - [null]
2025-08-03 20:21:43 - binding parameter [6] as [BIGINT] - [9]
2025-08-03 20:21:43 - binding parameter [7] as [TIMESTAMP] - [2025-08-03T20:21:43.542047]
2025-08-03 20:21:43 - binding parameter [8] as [VARCHAR] - [COMPLETED]
2025-08-03 20:21:43 - binding parameter [9] as [BIGINT] - [10]
2025-08-03 20:21:43 - binding parameter [10] as [VARCHAR] - [TXN-908D4966E1CE4907]
2025-08-03 20:21:43 - binding parameter [11] as [TIMESTAMP] - [2025-08-03T20:21:43.543127]
2025-08-03 20:21:43 - binding parameter [12] as [BIGINT] - [1]
2025-08-03 20:21:43 - binding parameter [13] as [BIGINT] - [33]
2025-08-03 20:21:43 - binding parameter [14] as [BIGINT] - [0]
2025-08-03 20:21:43 - Processing transfer request: TransferRequest{fromAccountNumber='TEST001234567890', toAccountNumber='TEST002345678901', amount=10.00, currency=USD, description='Concurrent transfer test'}
2025-08-03 20:21:43 - binding parameter [1] as [VARCHAR] - [TEST001234567890]
2025-08-03 20:21:43 - binding parameter [1] as [VARCHAR] - [TEST002345678901]
2025-08-03 20:21:43 - binding parameter [1] as [NUMERIC] - [10.00]
2025-08-03 20:21:43 - binding parameter [2] as [TIMESTAMP] - [null]
2025-08-03 20:21:43 - binding parameter [3] as [TIMESTAMP] - [2025-08-03T20:21:43.546828]
2025-08-03 20:21:43 - binding parameter [4] as [VARCHAR] - [USD]
2025-08-03 20:21:43 - binding parameter [5] as [VARCHAR] - [Concurrent transfer test]
2025-08-03 20:21:43 - binding parameter [6] as [VARCHAR] - [null]
2025-08-03 20:21:43 - binding parameter [7] as [BIGINT] - [9]
2025-08-03 20:21:43 - binding parameter [8] as [TIMESTAMP] - [null]
2025-08-03 20:21:43 - binding parameter [9] as [VARCHAR] - [PENDING]
2025-08-03 20:21:43 - binding parameter [10] as [BIGINT] - [10]
2025-08-03 20:21:43 - binding parameter [11] as [VARCHAR] - [TXN-75B0D72E73674063]
2025-08-03 20:21:43 - binding parameter [12] as [TIMESTAMP] - [2025-08-03T20:21:43.546857]
2025-08-03 20:21:43 - binding parameter [13] as [BIGINT] - [0]
2025-08-03 20:21:43 - Transfer completed successfully: TXN-75B0D72E73674063
2025-08-03 20:21:43 - binding parameter [1] as [VARCHAR] - [Test User 1]
2025-08-03 20:21:43 - binding parameter [2] as [VARCHAR] - [TEST001234567890]
2025-08-03 20:21:43 - binding parameter [3] as [NUMERIC] - [660.00]
2025-08-03 20:21:43 - binding parameter [4] as [VARCHAR] - [USD]
2025-08-03 20:21:43 - binding parameter [5] as [VARCHAR] - [ACTIVE]
2025-08-03 20:21:43 - binding parameter [6] as [TIMESTAMP] - [2025-08-03T20:21:43.548710]
2025-08-03 20:21:43 - binding parameter [7] as [VARCHAR] - [user1]
2025-08-03 20:21:43 - binding parameter [8] as [BIGINT] - [34]
2025-08-03 20:21:43 - binding parameter [9] as [BIGINT] - [9]
2025-08-03 20:21:43 - binding parameter [10] as [BIGINT] - [33]
2025-08-03 20:21:43 - binding parameter [1] as [VARCHAR] - [Test User 2]
2025-08-03 20:21:43 - binding parameter [2] as [VARCHAR] - [TEST002345678901]
2025-08-03 20:21:43 - binding parameter [3] as [NUMERIC] - [840.00]
2025-08-03 20:21:43 - binding parameter [4] as [VARCHAR] - [USD]
2025-08-03 20:21:43 - binding parameter [5] as [VARCHAR] - [ACTIVE]
2025-08-03 20:21:43 - binding parameter [6] as [TIMESTAMP] - [2025-08-03T20:21:43.549124]
2025-08-03 20:21:43 - binding parameter [7] as [VARCHAR] - [user2]
2025-08-03 20:21:43 - binding parameter [8] as [BIGINT] - [34]
2025-08-03 20:21:43 - binding parameter [9] as [BIGINT] - [10]
2025-08-03 20:21:43 - binding parameter [10] as [BIGINT] - [33]
2025-08-03 20:21:43 - binding parameter [1] as [NUMERIC] - [10.00]
2025-08-03 20:21:43 - binding parameter [2] as [TIMESTAMP] - [2025-08-03T20:21:43.548343]
2025-08-03 20:21:43 - binding parameter [3] as [VARCHAR] - [USD]
2025-08-03 20:21:43 - binding parameter [4] as [VARCHAR] - [Concurrent transfer test]
2025-08-03 20:21:43 - binding parameter [5] as [VARCHAR] - [null]
2025-08-03 20:21:43 - binding parameter [6] as [BIGINT] - [9]
2025-08-03 20:21:43 - binding parameter [7] as [TIMESTAMP] - [2025-08-03T20:21:43.548106]
2025-08-03 20:21:43 - binding parameter [8] as [VARCHAR] - [COMPLETED]
2025-08-03 20:21:43 - binding parameter [9] as [BIGINT] - [10]
2025-08-03 20:21:43 - binding parameter [10] as [VARCHAR] - [TXN-75B0D72E73674063]
2025-08-03 20:21:43 - binding parameter [11] as [TIMESTAMP] - [2025-08-03T20:21:43.549359]
2025-08-03 20:21:43 - binding parameter [12] as [BIGINT] - [1]
2025-08-03 20:21:43 - binding parameter [13] as [BIGINT] - [34]
2025-08-03 20:21:43 - binding parameter [14] as [BIGINT] - [0]
2025-08-03 20:21:43 - Processing transfer request: TransferRequest{fromAccountNumber='TEST001234567890', toAccountNumber='TEST002345678901', amount=10.00, currency=USD, description='Concurrent transfer test'}
2025-08-03 20:21:43 - binding parameter [1] as [VARCHAR] - [TEST001234567890]
2025-08-03 20:21:43 - binding parameter [1] as [VARCHAR] - [TEST002345678901]
2025-08-03 20:21:43 - binding parameter [1] as [NUMERIC] - [10.00]
2025-08-03 20:21:43 - binding parameter [2] as [TIMESTAMP] - [null]
2025-08-03 20:21:43 - binding parameter [3] as [TIMESTAMP] - [2025-08-03T20:21:43.553792]
2025-08-03 20:21:43 - binding parameter [4] as [VARCHAR] - [USD]
2025-08-03 20:21:43 - binding parameter [5] as [VARCHAR] - [Concurrent transfer test]
2025-08-03 20:21:43 - binding parameter [6] as [VARCHAR] - [null]
2025-08-03 20:21:43 - binding parameter [7] as [BIGINT] - [9]
2025-08-03 20:21:43 - binding parameter [8] as [TIMESTAMP] - [null]
2025-08-03 20:21:43 - binding parameter [9] as [VARCHAR] - [PENDING]
2025-08-03 20:21:43 - binding parameter [10] as [BIGINT] - [10]
2025-08-03 20:21:43 - binding parameter [11] as [VARCHAR] - [TXN-C191FDE361524C54]
2025-08-03 20:21:43 - binding parameter [12] as [TIMESTAMP] - [2025-08-03T20:21:43.553812]
2025-08-03 20:21:43 - binding parameter [13] as [BIGINT] - [0]
2025-08-03 20:21:43 - Transfer completed successfully: TXN-C191FDE361524C54
2025-08-03 20:21:43 - binding parameter [1] as [VARCHAR] - [Test User 1]
2025-08-03 20:21:43 - binding parameter [2] as [VARCHAR] - [TEST001234567890]
2025-08-03 20:21:43 - binding parameter [3] as [NUMERIC] - [650.00]
2025-08-03 20:21:43 - binding parameter [4] as [VARCHAR] - [USD]
2025-08-03 20:21:43 - binding parameter [5] as [VARCHAR] - [ACTIVE]
2025-08-03 20:21:43 - binding parameter [6] as [TIMESTAMP] - [2025-08-03T20:21:43.558406]
2025-08-03 20:21:43 - binding parameter [7] as [VARCHAR] - [user1]
2025-08-03 20:21:43 - binding parameter [8] as [BIGINT] - [35]
2025-08-03 20:21:43 - binding parameter [9] as [BIGINT] - [9]
2025-08-03 20:21:43 - binding parameter [10] as [BIGINT] - [34]
2025-08-03 20:21:43 - binding parameter [1] as [VARCHAR] - [Test User 2]
2025-08-03 20:21:43 - binding parameter [2] as [VARCHAR] - [TEST002345678901]
2025-08-03 20:21:43 - binding parameter [3] as [NUMERIC] - [850.00]
2025-08-03 20:21:43 - binding parameter [4] as [VARCHAR] - [USD]
2025-08-03 20:21:43 - binding parameter [5] as [VARCHAR] - [ACTIVE]
2025-08-03 20:21:43 - binding parameter [6] as [TIMESTAMP] - [2025-08-03T20:21:43.558829]
2025-08-03 20:21:43 - binding parameter [7] as [VARCHAR] - [user2]
2025-08-03 20:21:43 - binding parameter [8] as [BIGINT] - [35]
2025-08-03 20:21:43 - binding parameter [9] as [BIGINT] - [10]
2025-08-03 20:21:43 - binding parameter [10] as [BIGINT] - [34]
2025-08-03 20:21:43 - binding parameter [1] as [NUMERIC] - [10.00]
2025-08-03 20:21:43 - binding parameter [2] as [TIMESTAMP] - [2025-08-03T20:21:43.557992]
2025-08-03 20:21:43 - binding parameter [3] as [VARCHAR] - [USD]
2025-08-03 20:21:43 - binding parameter [4] as [VARCHAR] - [Concurrent transfer test]
2025-08-03 20:21:43 - binding parameter [5] as [VARCHAR] - [null]
2025-08-03 20:21:43 - binding parameter [6] as [BIGINT] - [9]
2025-08-03 20:21:43 - binding parameter [7] as [TIMESTAMP] - [2025-08-03T20:21:43.557574]
2025-08-03 20:21:43 - binding parameter [8] as [VARCHAR] - [COMPLETED]
2025-08-03 20:21:43 - binding parameter [9] as [BIGINT] - [10]
2025-08-03 20:21:43 - binding parameter [10] as [VARCHAR] - [TXN-C191FDE361524C54]
2025-08-03 20:21:43 - binding parameter [11] as [TIMESTAMP] - [2025-08-03T20:21:43.559055]
2025-08-03 20:21:43 - binding parameter [12] as [BIGINT] - [1]
2025-08-03 20:21:43 - binding parameter [13] as [BIGINT] - [35]
2025-08-03 20:21:43 - binding parameter [14] as [BIGINT] - [0]
2025-08-03 20:21:43 - Processing transfer request: TransferRequest{fromAccountNumber='TEST001234567890', toAccountNumber='TEST002345678901', amount=10.00, currency=USD, description='Concurrent transfer test'}
2025-08-03 20:21:43 - binding parameter [1] as [VARCHAR] - [TEST001234567890]
2025-08-03 20:21:43 - binding parameter [1] as [VARCHAR] - [TEST002345678901]
2025-08-03 20:21:43 - binding parameter [1] as [NUMERIC] - [10.00]
2025-08-03 20:21:43 - binding parameter [2] as [TIMESTAMP] - [null]
2025-08-03 20:21:43 - binding parameter [3] as [TIMESTAMP] - [2025-08-03T20:21:43.561029]
2025-08-03 20:21:43 - binding parameter [4] as [VARCHAR] - [USD]
2025-08-03 20:21:43 - binding parameter [5] as [VARCHAR] - [Concurrent transfer test]
2025-08-03 20:21:43 - binding parameter [6] as [VARCHAR] - [null]
2025-08-03 20:21:43 - binding parameter [7] as [BIGINT] - [9]
2025-08-03 20:21:43 - binding parameter [8] as [TIMESTAMP] - [null]
2025-08-03 20:21:43 - binding parameter [9] as [VARCHAR] - [PENDING]
2025-08-03 20:21:43 - binding parameter [10] as [BIGINT] - [10]
2025-08-03 20:21:43 - binding parameter [11] as [VARCHAR] - [TXN-5FE8AE7461044A32]
2025-08-03 20:21:43 - binding parameter [12] as [TIMESTAMP] - [2025-08-03T20:21:43.561035]
2025-08-03 20:21:43 - binding parameter [13] as [BIGINT] - [0]
2025-08-03 20:21:43 - Transfer completed successfully: TXN-5FE8AE7461044A32
2025-08-03 20:21:43 - binding parameter [1] as [VARCHAR] - [Test User 1]
2025-08-03 20:21:43 - binding parameter [2] as [VARCHAR] - [TEST001234567890]
2025-08-03 20:21:43 - binding parameter [3] as [NUMERIC] - [640.00]
2025-08-03 20:21:43 - binding parameter [4] as [VARCHAR] - [USD]
2025-08-03 20:21:43 - binding parameter [5] as [VARCHAR] - [ACTIVE]
2025-08-03 20:21:43 - binding parameter [6] as [TIMESTAMP] - [2025-08-03T20:21:43.561981]
2025-08-03 20:21:43 - binding parameter [7] as [VARCHAR] - [user1]
2025-08-03 20:21:43 - binding parameter [8] as [BIGINT] - [36]
2025-08-03 20:21:43 - binding parameter [9] as [BIGINT] - [9]
2025-08-03 20:21:43 - binding parameter [10] as [BIGINT] - [35]
2025-08-03 20:21:43 - binding parameter [1] as [VARCHAR] - [Test User 2]
2025-08-03 20:21:43 - binding parameter [2] as [VARCHAR] - [TEST002345678901]
2025-08-03 20:21:43 - binding parameter [3] as [NUMERIC] - [860.00]
2025-08-03 20:21:43 - binding parameter [4] as [VARCHAR] - [USD]
2025-08-03 20:21:43 - binding parameter [5] as [VARCHAR] - [ACTIVE]
2025-08-03 20:21:43 - binding parameter [6] as [TIMESTAMP] - [2025-08-03T20:21:43.564293]
2025-08-03 20:21:43 - binding parameter [7] as [VARCHAR] - [user2]
2025-08-03 20:21:43 - binding parameter [8] as [BIGINT] - [36]
2025-08-03 20:21:43 - binding parameter [9] as [BIGINT] - [10]
2025-08-03 20:21:43 - binding parameter [10] as [BIGINT] - [35]
2025-08-03 20:21:43 - binding parameter [1] as [NUMERIC] - [10.00]
2025-08-03 20:21:43 - binding parameter [2] as [TIMESTAMP] - [2025-08-03T20:21:43.561674]
2025-08-03 20:21:43 - binding parameter [3] as [VARCHAR] - [USD]
2025-08-03 20:21:43 - binding parameter [4] as [VARCHAR] - [Concurrent transfer test]
2025-08-03 20:21:43 - binding parameter [5] as [VARCHAR] - [null]
2025-08-03 20:21:43 - binding parameter [6] as [BIGINT] - [9]
2025-08-03 20:21:43 - binding parameter [7] as [TIMESTAMP] - [2025-08-03T20:21:43.561491]
2025-08-03 20:21:43 - binding parameter [8] as [VARCHAR] - [COMPLETED]
2025-08-03 20:21:43 - binding parameter [9] as [BIGINT] - [10]
2025-08-03 20:21:43 - binding parameter [10] as [VARCHAR] - [TXN-5FE8AE7461044A32]
2025-08-03 20:21:43 - binding parameter [11] as [TIMESTAMP] - [2025-08-03T20:21:43.565387]
2025-08-03 20:21:43 - binding parameter [12] as [BIGINT] - [1]
2025-08-03 20:21:43 - binding parameter [13] as [BIGINT] - [36]
2025-08-03 20:21:43 - binding parameter [14] as [BIGINT] - [0]
2025-08-03 20:21:43 - binding parameter [1] as [VARCHAR] - [TEST002345678901]
2025-08-03 20:21:43 - binding parameter [1] as [NUMERIC] - [10.00]
2025-08-03 20:21:43 - binding parameter [2] as [TIMESTAMP] - [null]
2025-08-03 20:21:43 - binding parameter [3] as [TIMESTAMP] - [2025-08-03T20:21:43.567608]
2025-08-03 20:21:43 - binding parameter [4] as [VARCHAR] - [USD]
2025-08-03 20:21:43 - binding parameter [5] as [VARCHAR] - [Concurrent transfer test]
2025-08-03 20:21:43 - binding parameter [6] as [VARCHAR] - [null]
2025-08-03 20:21:43 - binding parameter [7] as [BIGINT] - [9]
2025-08-03 20:21:43 - binding parameter [8] as [TIMESTAMP] - [null]
2025-08-03 20:21:43 - binding parameter [9] as [VARCHAR] - [PENDING]
2025-08-03 20:21:43 - binding parameter [10] as [BIGINT] - [10]
2025-08-03 20:21:43 - binding parameter [11] as [VARCHAR] - [TXN-151BF7099CE845A1]
2025-08-03 20:21:43 - binding parameter [12] as [TIMESTAMP] - [2025-08-03T20:21:43.567616]
2025-08-03 20:21:43 - binding parameter [13] as [BIGINT] - [0]
2025-08-03 20:21:43 - Transfer completed successfully: TXN-151BF7099CE845A1
2025-08-03 20:21:43 - binding parameter [1] as [VARCHAR] - [Test User 1]
2025-08-03 20:21:43 - binding parameter [2] as [VARCHAR] - [TEST001234567890]
2025-08-03 20:21:43 - binding parameter [3] as [NUMERIC] - [630.00]
2025-08-03 20:21:43 - binding parameter [4] as [VARCHAR] - [USD]
2025-08-03 20:21:43 - binding parameter [5] as [VARCHAR] - [ACTIVE]
2025-08-03 20:21:43 - binding parameter [6] as [TIMESTAMP] - [2025-08-03T20:21:43.568591]
2025-08-03 20:21:43 - binding parameter [7] as [VARCHAR] - [user1]
2025-08-03 20:21:43 - binding parameter [8] as [BIGINT] - [37]
2025-08-03 20:21:43 - binding parameter [9] as [BIGINT] - [9]
2025-08-03 20:21:43 - binding parameter [10] as [BIGINT] - [36]
2025-08-03 20:21:43 - binding parameter [1] as [VARCHAR] - [Test User 2]
2025-08-03 20:21:43 - binding parameter [2] as [VARCHAR] - [TEST002345678901]
2025-08-03 20:21:43 - binding parameter [3] as [NUMERIC] - [870.00]
2025-08-03 20:21:43 - binding parameter [4] as [VARCHAR] - [USD]
2025-08-03 20:21:43 - binding parameter [5] as [VARCHAR] - [ACTIVE]
2025-08-03 20:21:43 - binding parameter [6] as [TIMESTAMP] - [2025-08-03T20:21:43.569007]
2025-08-03 20:21:43 - binding parameter [7] as [VARCHAR] - [user2]
2025-08-03 20:21:43 - binding parameter [8] as [BIGINT] - [37]
2025-08-03 20:21:43 - binding parameter [9] as [BIGINT] - [10]
2025-08-03 20:21:43 - binding parameter [10] as [BIGINT] - [36]
2025-08-03 20:21:43 - binding parameter [1] as [NUMERIC] - [10.00]
2025-08-03 20:21:43 - binding parameter [2] as [TIMESTAMP] - [2025-08-03T20:21:43.568317]
2025-08-03 20:21:43 - binding parameter [3] as [VARCHAR] - [USD]
2025-08-03 20:21:43 - binding parameter [4] as [VARCHAR] - [Concurrent transfer test]
2025-08-03 20:21:43 - binding parameter [5] as [VARCHAR] - [null]
2025-08-03 20:21:43 - binding parameter [6] as [BIGINT] - [9]
2025-08-03 20:21:43 - binding parameter [7] as [TIMESTAMP] - [2025-08-03T20:21:43.568129]
2025-08-03 20:21:43 - binding parameter [8] as [VARCHAR] - [COMPLETED]
2025-08-03 20:21:43 - binding parameter [9] as [BIGINT] - [10]
2025-08-03 20:21:43 - binding parameter [10] as [VARCHAR] - [TXN-151BF7099CE845A1]
2025-08-03 20:21:43 - binding parameter [11] as [TIMESTAMP] - [2025-08-03T20:21:43.569250]
2025-08-03 20:21:43 - binding parameter [12] as [BIGINT] - [1]
2025-08-03 20:21:43 - binding parameter [13] as [BIGINT] - [37]
2025-08-03 20:21:43 - binding parameter [14] as [BIGINT] - [0]
2025-08-03 20:21:43 - Processing transfer request: TransferRequest{fromAccountNumber='TEST001234567890', toAccountNumber='TEST002345678901', amount=10.00, currency=USD, description='Concurrent transfer test'}
2025-08-03 20:21:43 - binding parameter [1] as [VARCHAR] - [TEST001234567890]
2025-08-03 20:21:43 - binding parameter [1] as [VARCHAR] - [TEST002345678901]
2025-08-03 20:21:43 - binding parameter [1] as [NUMERIC] - [10.00]
2025-08-03 20:21:43 - binding parameter [2] as [TIMESTAMP] - [null]
2025-08-03 20:21:43 - binding parameter [3] as [TIMESTAMP] - [2025-08-03T20:21:43.572122]
2025-08-03 20:21:43 - binding parameter [4] as [VARCHAR] - [USD]
2025-08-03 20:21:43 - binding parameter [5] as [VARCHAR] - [Concurrent transfer test]
2025-08-03 20:21:43 - binding parameter [6] as [VARCHAR] - [null]
2025-08-03 20:21:43 - binding parameter [7] as [BIGINT] - [9]
2025-08-03 20:21:43 - binding parameter [8] as [TIMESTAMP] - [null]
2025-08-03 20:21:43 - binding parameter [9] as [VARCHAR] - [PENDING]
2025-08-03 20:21:43 - binding parameter [10] as [BIGINT] - [10]
2025-08-03 20:21:43 - binding parameter [11] as [VARCHAR] - [TXN-13967FE0538A4697]
2025-08-03 20:21:43 - binding parameter [12] as [TIMESTAMP] - [2025-08-03T20:21:43.572132]
2025-08-03 20:21:43 - binding parameter [13] as [BIGINT] - [0]
2025-08-03 20:21:43 - Transfer completed successfully: TXN-13967FE0538A4697
2025-08-03 20:21:43 - binding parameter [1] as [VARCHAR] - [Test User 1]
2025-08-03 20:21:43 - binding parameter [2] as [VARCHAR] - [TEST001234567890]
2025-08-03 20:21:43 - binding parameter [3] as [NUMERIC] - [620.00]
2025-08-03 20:21:43 - binding parameter [4] as [VARCHAR] - [USD]
2025-08-03 20:21:43 - binding parameter [5] as [VARCHAR] - [ACTIVE]
2025-08-03 20:21:43 - binding parameter [6] as [TIMESTAMP] - [2025-08-03T20:21:43.574073]
2025-08-03 20:21:43 - binding parameter [7] as [VARCHAR] - [user1]
2025-08-03 20:21:43 - binding parameter [8] as [BIGINT] - [38]
2025-08-03 20:21:43 - binding parameter [9] as [BIGINT] - [9]
2025-08-03 20:21:43 - binding parameter [10] as [BIGINT] - [37]
2025-08-03 20:21:43 - binding parameter [1] as [VARCHAR] - [Test User 2]
2025-08-03 20:21:43 - binding parameter [2] as [VARCHAR] - [TEST002345678901]
2025-08-03 20:21:43 - binding parameter [3] as [NUMERIC] - [880.00]
2025-08-03 20:21:43 - binding parameter [4] as [VARCHAR] - [USD]
2025-08-03 20:21:43 - binding parameter [5] as [VARCHAR] - [ACTIVE]
2025-08-03 20:21:43 - binding parameter [6] as [TIMESTAMP] - [2025-08-03T20:21:43.574569]
2025-08-03 20:21:43 - binding parameter [7] as [VARCHAR] - [user2]
2025-08-03 20:21:43 - binding parameter [8] as [BIGINT] - [38]
2025-08-03 20:21:43 - binding parameter [9] as [BIGINT] - [10]
2025-08-03 20:21:43 - binding parameter [10] as [BIGINT] - [37]
2025-08-03 20:21:43 - binding parameter [1] as [NUMERIC] - [10.00]
2025-08-03 20:21:43 - binding parameter [2] as [TIMESTAMP] - [2025-08-03T20:21:43.573409]
2025-08-03 20:21:43 - binding parameter [3] as [VARCHAR] - [USD]
2025-08-03 20:21:43 - binding parameter [4] as [VARCHAR] - [Concurrent transfer test]
2025-08-03 20:21:43 - binding parameter [5] as [VARCHAR] - [null]
2025-08-03 20:21:43 - binding parameter [6] as [BIGINT] - [9]
2025-08-03 20:21:43 - binding parameter [7] as [TIMESTAMP] - [2025-08-03T20:21:43.572822]
2025-08-03 20:21:43 - binding parameter [8] as [VARCHAR] - [COMPLETED]
2025-08-03 20:21:43 - binding parameter [9] as [BIGINT] - [10]
2025-08-03 20:21:43 - binding parameter [10] as [VARCHAR] - [TXN-13967FE0538A4697]
2025-08-03 20:21:43 - binding parameter [11] as [TIMESTAMP] - [2025-08-03T20:21:43.574840]
2025-08-03 20:21:43 - binding parameter [12] as [BIGINT] - [1]
2025-08-03 20:21:43 - binding parameter [13] as [BIGINT] - [38]
2025-08-03 20:21:43 - binding parameter [14] as [BIGINT] - [0]
2025-08-03 20:21:43 - Processing transfer request: TransferRequest{fromAccountNumber='TEST001234567890', toAccountNumber='TEST002345678901', amount=10.00, currency=USD, description='Concurrent transfer test'}
2025-08-03 20:21:43 - binding parameter [1] as [VARCHAR] - [TEST001234567890]
2025-08-03 20:21:43 - binding parameter [1] as [VARCHAR] - [TEST002345678901]
2025-08-03 20:21:43 - binding parameter [1] as [NUMERIC] - [10.00]
2025-08-03 20:21:43 - binding parameter [2] as [TIMESTAMP] - [null]
2025-08-03 20:21:43 - binding parameter [3] as [TIMESTAMP] - [2025-08-03T20:21:43.576895]
2025-08-03 20:21:43 - binding parameter [4] as [VARCHAR] - [USD]
2025-08-03 20:21:43 - binding parameter [5] as [VARCHAR] - [Concurrent transfer test]
2025-08-03 20:21:43 - binding parameter [6] as [VARCHAR] - [null]
2025-08-03 20:21:43 - binding parameter [7] as [BIGINT] - [9]
2025-08-03 20:21:43 - binding parameter [8] as [TIMESTAMP] - [null]
2025-08-03 20:21:43 - binding parameter [9] as [VARCHAR] - [PENDING]
2025-08-03 20:21:43 - binding parameter [10] as [BIGINT] - [10]
2025-08-03 20:21:43 - binding parameter [11] as [VARCHAR] - [TXN-1E1090DE7EC94C16]
2025-08-03 20:21:43 - binding parameter [12] as [TIMESTAMP] - [2025-08-03T20:21:43.576902]
2025-08-03 20:21:43 - binding parameter [13] as [BIGINT] - [0]
2025-08-03 20:21:43 - Transfer completed successfully: TXN-1E1090DE7EC94C16
2025-08-03 20:21:43 - binding parameter [1] as [VARCHAR] - [Test User 1]
2025-08-03 20:21:43 - binding parameter [2] as [VARCHAR] - [TEST001234567890]
2025-08-03 20:21:43 - binding parameter [3] as [NUMERIC] - [610.00]
2025-08-03 20:21:43 - binding parameter [4] as [VARCHAR] - [USD]
2025-08-03 20:21:43 - binding parameter [5] as [VARCHAR] - [ACTIVE]
2025-08-03 20:21:43 - binding parameter [6] as [TIMESTAMP] - [2025-08-03T20:21:43.577853]
2025-08-03 20:21:43 - binding parameter [7] as [VARCHAR] - [user1]
2025-08-03 20:21:43 - binding parameter [8] as [BIGINT] - [39]
2025-08-03 20:21:43 - binding parameter [9] as [BIGINT] - [9]
2025-08-03 20:21:43 - binding parameter [10] as [BIGINT] - [38]
2025-08-03 20:21:43 - binding parameter [1] as [VARCHAR] - [Test User 2]
2025-08-03 20:21:43 - binding parameter [2] as [VARCHAR] - [TEST002345678901]
2025-08-03 20:21:43 - binding parameter [3] as [NUMERIC] - [890.00]
2025-08-03 20:21:43 - binding parameter [4] as [VARCHAR] - [USD]
2025-08-03 20:21:43 - binding parameter [5] as [VARCHAR] - [ACTIVE]
2025-08-03 20:21:43 - binding parameter [6] as [TIMESTAMP] - [2025-08-03T20:21:43.578162]
2025-08-03 20:21:43 - binding parameter [7] as [VARCHAR] - [user2]
2025-08-03 20:21:43 - binding parameter [8] as [BIGINT] - [39]
2025-08-03 20:21:43 - binding parameter [9] as [BIGINT] - [10]
2025-08-03 20:21:43 - binding parameter [10] as [BIGINT] - [38]
2025-08-03 20:21:43 - binding parameter [1] as [NUMERIC] - [10.00]
2025-08-03 20:21:43 - binding parameter [2] as [TIMESTAMP] - [2025-08-03T20:21:43.577617]
2025-08-03 20:21:43 - binding parameter [3] as [VARCHAR] - [USD]
2025-08-03 20:21:43 - binding parameter [4] as [VARCHAR] - [Concurrent transfer test]
2025-08-03 20:21:43 - binding parameter [5] as [VARCHAR] - [null]
2025-08-03 20:21:43 - binding parameter [6] as [BIGINT] - [9]
2025-08-03 20:21:43 - binding parameter [7] as [TIMESTAMP] - [2025-08-03T20:21:43.577443]
2025-08-03 20:21:43 - binding parameter [8] as [VARCHAR] - [COMPLETED]
2025-08-03 20:21:43 - binding parameter [9] as [BIGINT] - [10]
2025-08-03 20:21:43 - binding parameter [10] as [VARCHAR] - [TXN-1E1090DE7EC94C16]
2025-08-03 20:21:43 - binding parameter [11] as [TIMESTAMP] - [2025-08-03T20:21:43.578417]
2025-08-03 20:21:43 - binding parameter [12] as [BIGINT] - [1]
2025-08-03 20:21:43 - binding parameter [13] as [BIGINT] - [39]
2025-08-03 20:21:43 - binding parameter [14] as [BIGINT] - [0]
2025-08-03 20:21:43 - Processing transfer request: TransferRequest{fromAccountNumber='TEST001234567890', toAccountNumber='TEST002345678901', amount=10.00, currency=USD, description='Concurrent transfer test'}
2025-08-03 20:21:43 - binding parameter [1] as [VARCHAR] - [TEST001234567890]
2025-08-03 20:21:43 - binding parameter [1] as [VARCHAR] - [TEST002345678901]
2025-08-03 20:21:43 - binding parameter [1] as [NUMERIC] - [10.00]
2025-08-03 20:21:43 - binding parameter [2] as [TIMESTAMP] - [null]
2025-08-03 20:21:43 - binding parameter [3] as [TIMESTAMP] - [2025-08-03T20:21:43.579722]
2025-08-03 20:21:43 - binding parameter [4] as [VARCHAR] - [USD]
2025-08-03 20:21:43 - binding parameter [5] as [VARCHAR] - [Concurrent transfer test]
2025-08-03 20:21:43 - binding parameter [6] as [VARCHAR] - [null]
2025-08-03 20:21:43 - binding parameter [7] as [BIGINT] - [9]
2025-08-03 20:21:43 - binding parameter [8] as [TIMESTAMP] - [null]
2025-08-03 20:21:43 - binding parameter [9] as [VARCHAR] - [PENDING]
2025-08-03 20:21:43 - binding parameter [10] as [BIGINT] - [10]
2025-08-03 20:21:43 - binding parameter [11] as [VARCHAR] - [TXN-129D9C163093474F]
2025-08-03 20:21:43 - binding parameter [12] as [TIMESTAMP] - [2025-08-03T20:21:43.579729]
2025-08-03 20:21:43 - binding parameter [13] as [BIGINT] - [0]
2025-08-03 20:21:43 - Transfer completed successfully: TXN-129D9C163093474F
2025-08-03 20:21:43 - binding parameter [1] as [VARCHAR] - [Test User 1]
2025-08-03 20:21:43 - binding parameter [2] as [VARCHAR] - [TEST001234567890]
2025-08-03 20:21:43 - binding parameter [3] as [NUMERIC] - [600.00]
2025-08-03 20:21:43 - binding parameter [4] as [VARCHAR] - [USD]
2025-08-03 20:21:43 - binding parameter [5] as [VARCHAR] - [ACTIVE]
2025-08-03 20:21:43 - binding parameter [6] as [TIMESTAMP] - [2025-08-03T20:21:43.581271]
2025-08-03 20:21:43 - binding parameter [7] as [VARCHAR] - [user1]
2025-08-03 20:21:43 - binding parameter [8] as [BIGINT] - [40]
2025-08-03 20:21:43 - binding parameter [9] as [BIGINT] - [9]
2025-08-03 20:21:43 - binding parameter [10] as [BIGINT] - [39]
2025-08-03 20:21:43 - binding parameter [1] as [VARCHAR] - [Test User 2]
2025-08-03 20:21:43 - binding parameter [2] as [VARCHAR] - [TEST002345678901]
2025-08-03 20:21:43 - binding parameter [3] as [NUMERIC] - [900.00]
2025-08-03 20:21:43 - binding parameter [4] as [VARCHAR] - [USD]
2025-08-03 20:21:43 - binding parameter [5] as [VARCHAR] - [ACTIVE]
2025-08-03 20:21:43 - binding parameter [6] as [TIMESTAMP] - [2025-08-03T20:21:43.581762]
2025-08-03 20:21:43 - binding parameter [7] as [VARCHAR] - [user2]
2025-08-03 20:21:43 - binding parameter [8] as [BIGINT] - [40]
2025-08-03 20:21:43 - binding parameter [9] as [BIGINT] - [10]
2025-08-03 20:21:43 - binding parameter [10] as [BIGINT] - [39]
2025-08-03 20:21:43 - binding parameter [1] as [NUMERIC] - [10.00]
2025-08-03 20:21:43 - binding parameter [2] as [TIMESTAMP] - [2025-08-03T20:21:43.580724]
2025-08-03 20:21:43 - binding parameter [3] as [VARCHAR] - [USD]
2025-08-03 20:21:43 - binding parameter [4] as [VARCHAR] - [Concurrent transfer test]
2025-08-03 20:21:43 - binding parameter [5] as [VARCHAR] - [null]
2025-08-03 20:21:43 - binding parameter [6] as [BIGINT] - [9]
2025-08-03 20:21:43 - binding parameter [7] as [TIMESTAMP] - [2025-08-03T20:21:43.580402]
2025-08-03 20:21:43 - binding parameter [8] as [VARCHAR] - [COMPLETED]
2025-08-03 20:21:43 - binding parameter [9] as [BIGINT] - [10]
2025-08-03 20:21:43 - binding parameter [10] as [VARCHAR] - [TXN-129D9C163093474F]
2025-08-03 20:21:43 - binding parameter [11] as [TIMESTAMP] - [2025-08-03T20:21:43.581987]
2025-08-03 20:21:43 - binding parameter [12] as [BIGINT] - [1]
2025-08-03 20:21:43 - binding parameter [13] as [BIGINT] - [40]
2025-08-03 20:21:43 - binding parameter [14] as [BIGINT] - [0]
2025-08-03 20:21:43 - binding parameter [1] as [VARCHAR] - [TEST002345678901]
2025-08-03 20:21:43 - binding parameter [1] as [NUMERIC] - [10.00]
2025-08-03 20:21:43 - binding parameter [2] as [TIMESTAMP] - [null]
2025-08-03 20:21:43 - binding parameter [3] as [TIMESTAMP] - [2025-08-03T20:21:43.584339]
2025-08-03 20:21:43 - binding parameter [4] as [VARCHAR] - [USD]
2025-08-03 20:21:43 - binding parameter [5] as [VARCHAR] - [Concurrent transfer test]
2025-08-03 20:21:43 - binding parameter [6] as [VARCHAR] - [null]
2025-08-03 20:21:43 - binding parameter [7] as [BIGINT] - [9]
2025-08-03 20:21:43 - binding parameter [8] as [TIMESTAMP] - [null]
2025-08-03 20:21:43 - binding parameter [9] as [VARCHAR] - [PENDING]
2025-08-03 20:21:43 - binding parameter [10] as [BIGINT] - [10]
2025-08-03 20:21:43 - binding parameter [11] as [VARCHAR] - [TXN-40839CC1C03A41EE]
2025-08-03 20:21:43 - binding parameter [12] as [TIMESTAMP] - [2025-08-03T20:21:43.584347]
2025-08-03 20:21:43 - binding parameter [13] as [BIGINT] - [0]
2025-08-03 20:21:43 - Transfer completed successfully: TXN-40839CC1C03A41EE
2025-08-03 20:21:43 - binding parameter [1] as [VARCHAR] - [Test User 1]
2025-08-03 20:21:43 - binding parameter [2] as [VARCHAR] - [TEST001234567890]
2025-08-03 20:21:43 - binding parameter [3] as [NUMERIC] - [590.00]
2025-08-03 20:21:43 - binding parameter [4] as [VARCHAR] - [USD]
2025-08-03 20:21:43 - binding parameter [5] as [VARCHAR] - [ACTIVE]
2025-08-03 20:21:43 - binding parameter [6] as [TIMESTAMP] - [2025-08-03T20:21:43.585911]
2025-08-03 20:21:43 - binding parameter [7] as [VARCHAR] - [user1]
2025-08-03 20:21:43 - binding parameter [8] as [BIGINT] - [41]
2025-08-03 20:21:43 - binding parameter [9] as [BIGINT] - [9]
2025-08-03 20:21:43 - binding parameter [10] as [BIGINT] - [40]
2025-08-03 20:21:43 - binding parameter [1] as [VARCHAR] - [Test User 2]
2025-08-03 20:21:43 - binding parameter [2] as [VARCHAR] - [TEST002345678901]
2025-08-03 20:21:43 - binding parameter [3] as [NUMERIC] - [910.00]
2025-08-03 20:21:43 - binding parameter [4] as [VARCHAR] - [USD]
2025-08-03 20:21:43 - binding parameter [5] as [VARCHAR] - [ACTIVE]
2025-08-03 20:21:43 - binding parameter [6] as [TIMESTAMP] - [2025-08-03T20:21:43.586442]
2025-08-03 20:21:43 - binding parameter [7] as [VARCHAR] - [user2]
2025-08-03 20:21:43 - binding parameter [8] as [BIGINT] - [41]
2025-08-03 20:21:43 - binding parameter [9] as [BIGINT] - [10]
2025-08-03 20:21:43 - binding parameter [10] as [BIGINT] - [40]
2025-08-03 20:21:43 - binding parameter [1] as [NUMERIC] - [10.00]
2025-08-03 20:21:43 - binding parameter [2] as [TIMESTAMP] - [2025-08-03T20:21:43.585354]
2025-08-03 20:21:43 - binding parameter [3] as [VARCHAR] - [USD]
2025-08-03 20:21:43 - binding parameter [4] as [VARCHAR] - [Concurrent transfer test]
2025-08-03 20:21:43 - binding parameter [5] as [VARCHAR] - [null]
2025-08-03 20:21:43 - binding parameter [6] as [BIGINT] - [9]
2025-08-03 20:21:43 - binding parameter [7] as [TIMESTAMP] - [2025-08-03T20:21:43.584873]
2025-08-03 20:21:43 - binding parameter [8] as [VARCHAR] - [COMPLETED]
2025-08-03 20:21:43 - binding parameter [9] as [BIGINT] - [10]
2025-08-03 20:21:43 - binding parameter [10] as [VARCHAR] - [TXN-40839CC1C03A41EE]
2025-08-03 20:21:43 - binding parameter [11] as [TIMESTAMP] - [2025-08-03T20:21:43.587113]
2025-08-03 20:21:43 - binding parameter [12] as [BIGINT] - [1]
2025-08-03 20:21:43 - binding parameter [13] as [BIGINT] - [41]
2025-08-03 20:21:43 - binding parameter [14] as [BIGINT] - [0]
2025-08-03 20:21:43 - Processing transfer request: TransferRequest{fromAccountNumber='TEST001234567890', toAccountNumber='TEST002345678901', amount=10.00, currency=USD, description='Concurrent transfer test'}
2025-08-03 20:21:43 - binding parameter [1] as [VARCHAR] - [TEST001234567890]
2025-08-03 20:21:43 - binding parameter [1] as [VARCHAR] - [TEST002345678901]
2025-08-03 20:21:43 - binding parameter [1] as [NUMERIC] - [10.00]
2025-08-03 20:21:43 - binding parameter [2] as [TIMESTAMP] - [null]
2025-08-03 20:21:43 - binding parameter [3] as [TIMESTAMP] - [2025-08-03T20:21:43.589036]
2025-08-03 20:21:43 - binding parameter [4] as [VARCHAR] - [USD]
2025-08-03 20:21:43 - binding parameter [5] as [VARCHAR] - [Concurrent transfer test]
2025-08-03 20:21:43 - binding parameter [6] as [VARCHAR] - [null]
2025-08-03 20:21:43 - binding parameter [7] as [BIGINT] - [9]
2025-08-03 20:21:43 - binding parameter [8] as [TIMESTAMP] - [null]
2025-08-03 20:21:43 - binding parameter [9] as [VARCHAR] - [PENDING]
2025-08-03 20:21:43 - binding parameter [10] as [BIGINT] - [10]
2025-08-03 20:21:43 - binding parameter [11] as [VARCHAR] - [TXN-647996C59CD6428C]
2025-08-03 20:21:43 - binding parameter [12] as [TIMESTAMP] - [2025-08-03T20:21:43.589042]
2025-08-03 20:21:43 - binding parameter [13] as [BIGINT] - [0]
2025-08-03 20:21:43 - Transfer completed successfully: TXN-647996C59CD6428C
2025-08-03 20:21:43 - binding parameter [1] as [VARCHAR] - [Test User 1]
2025-08-03 20:21:43 - binding parameter [2] as [VARCHAR] - [TEST001234567890]
2025-08-03 20:21:43 - binding parameter [3] as [NUMERIC] - [580.00]
2025-08-03 20:21:43 - binding parameter [4] as [VARCHAR] - [USD]
2025-08-03 20:21:43 - binding parameter [5] as [VARCHAR] - [ACTIVE]
2025-08-03 20:21:43 - binding parameter [6] as [TIMESTAMP] - [2025-08-03T20:21:43.590461]
2025-08-03 20:21:43 - binding parameter [7] as [VARCHAR] - [user1]
2025-08-03 20:21:43 - binding parameter [8] as [BIGINT] - [42]
2025-08-03 20:21:43 - binding parameter [9] as [BIGINT] - [9]
2025-08-03 20:21:43 - binding parameter [10] as [BIGINT] - [41]
2025-08-03 20:21:43 - binding parameter [1] as [VARCHAR] - [Test User 2]
2025-08-03 20:21:43 - binding parameter [2] as [VARCHAR] - [TEST002345678901]
2025-08-03 20:21:43 - binding parameter [3] as [NUMERIC] - [920.00]
2025-08-03 20:21:43 - binding parameter [4] as [VARCHAR] - [USD]
2025-08-03 20:21:43 - binding parameter [5] as [VARCHAR] - [ACTIVE]
2025-08-03 20:21:43 - binding parameter [6] as [TIMESTAMP] - [2025-08-03T20:21:43.590821]
2025-08-03 20:21:43 - binding parameter [7] as [VARCHAR] - [user2]
2025-08-03 20:21:43 - binding parameter [8] as [BIGINT] - [42]
2025-08-03 20:21:43 - binding parameter [9] as [BIGINT] - [10]
2025-08-03 20:21:43 - binding parameter [10] as [BIGINT] - [41]
2025-08-03 20:21:43 - binding parameter [1] as [NUMERIC] - [10.00]
2025-08-03 20:21:43 - binding parameter [2] as [TIMESTAMP] - [2025-08-03T20:21:43.590117]
2025-08-03 20:21:43 - binding parameter [3] as [VARCHAR] - [USD]
2025-08-03 20:21:43 - binding parameter [4] as [VARCHAR] - [Concurrent transfer test]
2025-08-03 20:21:43 - binding parameter [5] as [VARCHAR] - [null]
2025-08-03 20:21:43 - binding parameter [6] as [BIGINT] - [9]
2025-08-03 20:21:43 - binding parameter [7] as [TIMESTAMP] - [2025-08-03T20:21:43.589923]
2025-08-03 20:21:43 - binding parameter [8] as [VARCHAR] - [COMPLETED]
2025-08-03 20:21:43 - binding parameter [9] as [BIGINT] - [10]
2025-08-03 20:21:43 - binding parameter [10] as [VARCHAR] - [TXN-647996C59CD6428C]
2025-08-03 20:21:43 - binding parameter [11] as [TIMESTAMP] - [2025-08-03T20:21:43.591026]
2025-08-03 20:21:43 - binding parameter [12] as [BIGINT] - [1]
2025-08-03 20:21:43 - binding parameter [13] as [BIGINT] - [42]
2025-08-03 20:21:43 - binding parameter [14] as [BIGINT] - [0]
2025-08-03 20:21:43 - Processing transfer request: TransferRequest{fromAccountNumber='TEST001234567890', toAccountNumber='TEST002345678901', amount=10.00, currency=USD, description='Concurrent transfer test'}
2025-08-03 20:21:43 - binding parameter [1] as [VARCHAR] - [TEST001234567890]
2025-08-03 20:21:43 - binding parameter [1] as [VARCHAR] - [TEST002345678901]
2025-08-03 20:21:43 - binding parameter [1] as [NUMERIC] - [10.00]
2025-08-03 20:21:43 - binding parameter [2] as [TIMESTAMP] - [null]
2025-08-03 20:21:43 - binding parameter [3] as [TIMESTAMP] - [2025-08-03T20:21:43.593145]
2025-08-03 20:21:43 - binding parameter [4] as [VARCHAR] - [USD]
2025-08-03 20:21:43 - binding parameter [5] as [VARCHAR] - [Concurrent transfer test]
2025-08-03 20:21:43 - binding parameter [6] as [VARCHAR] - [null]
2025-08-03 20:21:43 - binding parameter [7] as [BIGINT] - [9]
2025-08-03 20:21:43 - binding parameter [8] as [TIMESTAMP] - [null]
2025-08-03 20:21:43 - binding parameter [9] as [VARCHAR] - [PENDING]
2025-08-03 20:21:43 - binding parameter [10] as [BIGINT] - [10]
2025-08-03 20:21:43 - binding parameter [11] as [VARCHAR] - [TXN-34BCFCA8C893478E]
2025-08-03 20:21:43 - binding parameter [12] as [TIMESTAMP] - [2025-08-03T20:21:43.593152]
2025-08-03 20:21:43 - binding parameter [13] as [BIGINT] - [0]
2025-08-03 20:21:43 - Transfer completed successfully: TXN-34BCFCA8C893478E
2025-08-03 20:21:43 - binding parameter [1] as [VARCHAR] - [Test User 1]
2025-08-03 20:21:43 - binding parameter [2] as [VARCHAR] - [TEST001234567890]
2025-08-03 20:21:43 - binding parameter [3] as [NUMERIC] - [570.00]
2025-08-03 20:21:43 - binding parameter [4] as [VARCHAR] - [USD]
2025-08-03 20:21:43 - binding parameter [5] as [VARCHAR] - [ACTIVE]
2025-08-03 20:21:43 - binding parameter [6] as [TIMESTAMP] - [2025-08-03T20:21:43.594141]
2025-08-03 20:21:43 - binding parameter [7] as [VARCHAR] - [user1]
2025-08-03 20:21:43 - binding parameter [8] as [BIGINT] - [43]
2025-08-03 20:21:43 - binding parameter [9] as [BIGINT] - [9]
2025-08-03 20:21:43 - binding parameter [10] as [BIGINT] - [42]
2025-08-03 20:21:43 - binding parameter [1] as [VARCHAR] - [Test User 2]
2025-08-03 20:21:43 - binding parameter [2] as [VARCHAR] - [TEST002345678901]
2025-08-03 20:21:43 - binding parameter [3] as [NUMERIC] - [930.00]
2025-08-03 20:21:43 - binding parameter [4] as [VARCHAR] - [USD]
2025-08-03 20:21:43 - binding parameter [5] as [VARCHAR] - [ACTIVE]
2025-08-03 20:21:43 - binding parameter [6] as [TIMESTAMP] - [2025-08-03T20:21:43.594445]
2025-08-03 20:21:43 - binding parameter [7] as [VARCHAR] - [user2]
2025-08-03 20:21:43 - binding parameter [8] as [BIGINT] - [43]
2025-08-03 20:21:43 - binding parameter [9] as [BIGINT] - [10]
2025-08-03 20:21:43 - binding parameter [10] as [BIGINT] - [42]
2025-08-03 20:21:43 - binding parameter [1] as [NUMERIC] - [10.00]
2025-08-03 20:21:43 - binding parameter [2] as [TIMESTAMP] - [2025-08-03T20:21:43.593843]
2025-08-03 20:21:43 - binding parameter [3] as [VARCHAR] - [USD]
2025-08-03 20:21:43 - binding parameter [4] as [VARCHAR] - [Concurrent transfer test]
2025-08-03 20:21:43 - binding parameter [5] as [VARCHAR] - [null]
2025-08-03 20:21:43 - binding parameter [6] as [BIGINT] - [9]
2025-08-03 20:21:43 - binding parameter [7] as [TIMESTAMP] - [2025-08-03T20:21:43.593676]
2025-08-03 20:21:43 - binding parameter [8] as [VARCHAR] - [COMPLETED]
2025-08-03 20:21:43 - binding parameter [9] as [BIGINT] - [10]
2025-08-03 20:21:43 - binding parameter [10] as [VARCHAR] - [TXN-34BCFCA8C893478E]
2025-08-03 20:21:43 - binding parameter [11] as [TIMESTAMP] - [2025-08-03T20:21:43.594819]
2025-08-03 20:21:43 - binding parameter [12] as [BIGINT] - [1]
2025-08-03 20:21:43 - binding parameter [13] as [BIGINT] - [43]
2025-08-03 20:21:43 - binding parameter [14] as [BIGINT] - [0]
2025-08-03 20:21:43 - Processing transfer request: TransferRequest{fromAccountNumber='TEST001234567890', toAccountNumber='TEST002345678901', amount=10.00, currency=USD, description='Concurrent transfer test'}
2025-08-03 20:21:43 - binding parameter [1] as [VARCHAR] - [TEST002345678901]
2025-08-03 20:21:43 - binding parameter [1] as [VARCHAR] - [TEST001234567890]
2025-08-03 20:21:43 - binding parameter [1] as [NUMERIC] - [10.00]
2025-08-03 20:21:43 - binding parameter [2] as [TIMESTAMP] - [null]
2025-08-03 20:21:43 - binding parameter [3] as [TIMESTAMP] - [2025-08-03T20:21:43.596646]
2025-08-03 20:21:43 - binding parameter [4] as [VARCHAR] - [USD]
2025-08-03 20:21:43 - binding parameter [5] as [VARCHAR] - [Concurrent transfer test]
2025-08-03 20:21:43 - binding parameter [6] as [VARCHAR] - [null]
2025-08-03 20:21:43 - binding parameter [7] as [BIGINT] - [9]
2025-08-03 20:21:43 - binding parameter [8] as [TIMESTAMP] - [null]
2025-08-03 20:21:43 - binding parameter [9] as [VARCHAR] - [PENDING]
2025-08-03 20:21:43 - binding parameter [10] as [BIGINT] - [10]
2025-08-03 20:21:43 - binding parameter [11] as [VARCHAR] - [TXN-B0AF469D96194091]
2025-08-03 20:21:43 - binding parameter [12] as [TIMESTAMP] - [2025-08-03T20:21:43.596654]
2025-08-03 20:21:43 - binding parameter [13] as [BIGINT] - [0]
2025-08-03 20:21:43 - Transfer completed successfully: TXN-B0AF469D96194091
2025-08-03 20:21:43 - binding parameter [1] as [VARCHAR] - [Test User 1]
2025-08-03 20:21:43 - binding parameter [2] as [VARCHAR] - [TEST001234567890]
2025-08-03 20:21:43 - binding parameter [3] as [NUMERIC] - [560.00]
2025-08-03 20:21:43 - binding parameter [4] as [VARCHAR] - [USD]
2025-08-03 20:21:43 - binding parameter [5] as [VARCHAR] - [ACTIVE]
2025-08-03 20:21:43 - binding parameter [6] as [TIMESTAMP] - [2025-08-03T20:21:43.598418]
2025-08-03 20:21:43 - binding parameter [7] as [VARCHAR] - [user1]
2025-08-03 20:21:43 - binding parameter [8] as [BIGINT] - [44]
2025-08-03 20:21:43 - binding parameter [9] as [BIGINT] - [9]
2025-08-03 20:21:43 - binding parameter [10] as [BIGINT] - [43]
2025-08-03 20:21:43 - binding parameter [1] as [VARCHAR] - [Test User 2]
2025-08-03 20:21:43 - binding parameter [2] as [VARCHAR] - [TEST002345678901]
2025-08-03 20:21:43 - binding parameter [3] as [NUMERIC] - [940.00]
2025-08-03 20:21:43 - binding parameter [4] as [VARCHAR] - [USD]
2025-08-03 20:21:43 - binding parameter [5] as [VARCHAR] - [ACTIVE]
2025-08-03 20:21:43 - binding parameter [6] as [TIMESTAMP] - [2025-08-03T20:21:43.598838]
2025-08-03 20:21:43 - binding parameter [7] as [VARCHAR] - [user2]
2025-08-03 20:21:43 - binding parameter [8] as [BIGINT] - [44]
2025-08-03 20:21:43 - binding parameter [9] as [BIGINT] - [10]
2025-08-03 20:21:43 - binding parameter [10] as [BIGINT] - [43]
2025-08-03 20:21:43 - binding parameter [1] as [NUMERIC] - [10.00]
2025-08-03 20:21:43 - binding parameter [2] as [TIMESTAMP] - [2025-08-03T20:21:43.598077]
2025-08-03 20:21:43 - binding parameter [3] as [VARCHAR] - [USD]
2025-08-03 20:21:43 - binding parameter [4] as [VARCHAR] - [Concurrent transfer test]
2025-08-03 20:21:43 - binding parameter [5] as [VARCHAR] - [null]
2025-08-03 20:21:43 - binding parameter [6] as [BIGINT] - [9]
2025-08-03 20:21:43 - binding parameter [7] as [TIMESTAMP] - [2025-08-03T20:21:43.597858]
2025-08-03 20:21:43 - binding parameter [8] as [VARCHAR] - [COMPLETED]
2025-08-03 20:21:43 - binding parameter [9] as [BIGINT] - [10]
2025-08-03 20:21:43 - binding parameter [10] as [VARCHAR] - [TXN-B0AF469D96194091]
2025-08-03 20:21:43 - binding parameter [11] as [TIMESTAMP] - [2025-08-03T20:21:43.599056]
2025-08-03 20:21:43 - binding parameter [12] as [BIGINT] - [1]
2025-08-03 20:21:43 - binding parameter [13] as [BIGINT] - [44]
2025-08-03 20:21:43 - binding parameter [14] as [BIGINT] - [0]
2025-08-03 20:21:43 - Processing transfer request: TransferRequest{fromAccountNumber='TEST001234567890', toAccountNumber='TEST002345678901', amount=10.00, currency=USD, description='Concurrent transfer test'}
2025-08-03 20:21:43 - binding parameter [1] as [VARCHAR] - [TEST002345678901]
2025-08-03 20:21:43 - binding parameter [1] as [NUMERIC] - [10.00]
2025-08-03 20:21:43 - binding parameter [2] as [TIMESTAMP] - [null]
2025-08-03 20:21:43 - binding parameter [3] as [TIMESTAMP] - [2025-08-03T20:21:43.601060]
2025-08-03 20:21:43 - binding parameter [4] as [VARCHAR] - [USD]
2025-08-03 20:21:43 - binding parameter [5] as [VARCHAR] - [Concurrent transfer test]
2025-08-03 20:21:43 - binding parameter [6] as [VARCHAR] - [null]
2025-08-03 20:21:43 - binding parameter [7] as [BIGINT] - [9]
2025-08-03 20:21:43 - binding parameter [8] as [TIMESTAMP] - [null]
2025-08-03 20:21:43 - binding parameter [9] as [VARCHAR] - [PENDING]
2025-08-03 20:21:43 - binding parameter [10] as [BIGINT] - [10]
2025-08-03 20:21:43 - binding parameter [11] as [VARCHAR] - [TXN-A154959CC1EF4823]
2025-08-03 20:21:43 - binding parameter [1] as [VARCHAR] - [TEST001234567890]
2025-08-03 20:21:43 - binding parameter [12] as [TIMESTAMP] - [2025-08-03T20:21:43.601066]
2025-08-03 20:21:43 - binding parameter [13] as [BIGINT] - [0]
2025-08-03 20:21:43 - Transfer completed successfully: TXN-A154959CC1EF4823
2025-08-03 20:21:43 - binding parameter [1] as [VARCHAR] - [Test User 1]
2025-08-03 20:21:43 - binding parameter [2] as [VARCHAR] - [TEST001234567890]
2025-08-03 20:21:43 - binding parameter [3] as [NUMERIC] - [550.00]
2025-08-03 20:21:43 - binding parameter [4] as [VARCHAR] - [USD]
2025-08-03 20:21:43 - binding parameter [5] as [VARCHAR] - [ACTIVE]
2025-08-03 20:21:43 - binding parameter [6] as [TIMESTAMP] - [2025-08-03T20:21:43.601966]
2025-08-03 20:21:43 - binding parameter [7] as [VARCHAR] - [user1]
2025-08-03 20:21:43 - binding parameter [8] as [BIGINT] - [45]
2025-08-03 20:21:43 - binding parameter [9] as [BIGINT] - [9]
2025-08-03 20:21:43 - binding parameter [10] as [BIGINT] - [44]
2025-08-03 20:21:43 - binding parameter [1] as [VARCHAR] - [Test User 2]
2025-08-03 20:21:43 - binding parameter [2] as [VARCHAR] - [TEST002345678901]
2025-08-03 20:21:43 - binding parameter [3] as [NUMERIC] - [950.00]
2025-08-03 20:21:43 - binding parameter [4] as [VARCHAR] - [USD]
2025-08-03 20:21:43 - binding parameter [5] as [VARCHAR] - [ACTIVE]
2025-08-03 20:21:43 - binding parameter [6] as [TIMESTAMP] - [2025-08-03T20:21:43.602251]
2025-08-03 20:21:43 - binding parameter [7] as [VARCHAR] - [user2]
2025-08-03 20:21:43 - binding parameter [8] as [BIGINT] - [45]
2025-08-03 20:21:43 - binding parameter [9] as [BIGINT] - [10]
2025-08-03 20:21:43 - binding parameter [10] as [BIGINT] - [44]
2025-08-03 20:21:43 - binding parameter [1] as [NUMERIC] - [10.00]
2025-08-03 20:21:43 - binding parameter [2] as [TIMESTAMP] - [2025-08-03T20:21:43.601726]
2025-08-03 20:21:43 - binding parameter [3] as [VARCHAR] - [USD]
2025-08-03 20:21:43 - binding parameter [4] as [VARCHAR] - [Concurrent transfer test]
2025-08-03 20:21:43 - binding parameter [5] as [VARCHAR] - [null]
2025-08-03 20:21:43 - binding parameter [6] as [BIGINT] - [9]
2025-08-03 20:21:43 - binding parameter [7] as [TIMESTAMP] - [2025-08-03T20:21:43.601576]
2025-08-03 20:21:43 - binding parameter [8] as [VARCHAR] - [COMPLETED]
2025-08-03 20:21:43 - binding parameter [9] as [BIGINT] - [10]
2025-08-03 20:21:43 - binding parameter [10] as [VARCHAR] - [TXN-A154959CC1EF4823]
2025-08-03 20:21:43 - binding parameter [11] as [TIMESTAMP] - [2025-08-03T20:21:43.602446]
2025-08-03 20:21:43 - binding parameter [12] as [BIGINT] - [1]
2025-08-03 20:21:43 - binding parameter [13] as [BIGINT] - [45]
2025-08-03 20:21:43 - binding parameter [14] as [BIGINT] - [0]
2025-08-03 20:21:43 - binding parameter [1] as [VARCHAR] - [TEST002345678901]
2025-08-03 20:21:43 - binding parameter [1] as [NUMERIC] - [10.00]
2025-08-03 20:21:43 - binding parameter [2] as [TIMESTAMP] - [null]
2025-08-03 20:21:43 - binding parameter [3] as [TIMESTAMP] - [2025-08-03T20:21:43.604064]
2025-08-03 20:21:43 - binding parameter [4] as [VARCHAR] - [USD]
2025-08-03 20:21:43 - binding parameter [5] as [VARCHAR] - [Concurrent transfer test]
2025-08-03 20:21:43 - binding parameter [6] as [VARCHAR] - [null]
2025-08-03 20:21:43 - binding parameter [7] as [BIGINT] - [9]
2025-08-03 20:21:43 - binding parameter [8] as [TIMESTAMP] - [null]
2025-08-03 20:21:43 - binding parameter [9] as [VARCHAR] - [PENDING]
2025-08-03 20:21:43 - binding parameter [10] as [BIGINT] - [10]
2025-08-03 20:21:43 - binding parameter [11] as [VARCHAR] - [TXN-5C87F75D93E94E5A]
2025-08-03 20:21:43 - binding parameter [12] as [TIMESTAMP] - [2025-08-03T20:21:43.604069]
2025-08-03 20:21:43 - binding parameter [13] as [BIGINT] - [0]
2025-08-03 20:21:43 - Transfer completed successfully: TXN-5C87F75D93E94E5A
2025-08-03 20:21:43 - binding parameter [1] as [VARCHAR] - [Test User 1]
2025-08-03 20:21:43 - binding parameter [2] as [VARCHAR] - [TEST001234567890]
2025-08-03 20:21:43 - binding parameter [3] as [NUMERIC] - [540.00]
2025-08-03 20:21:43 - binding parameter [4] as [VARCHAR] - [USD]
2025-08-03 20:21:43 - binding parameter [5] as [VARCHAR] - [ACTIVE]
2025-08-03 20:21:43 - binding parameter [6] as [TIMESTAMP] - [2025-08-03T20:21:43.605076]
2025-08-03 20:21:43 - binding parameter [7] as [VARCHAR] - [user1]
2025-08-03 20:21:43 - binding parameter [8] as [BIGINT] - [46]
2025-08-03 20:21:43 - binding parameter [9] as [BIGINT] - [9]
2025-08-03 20:21:43 - binding parameter [10] as [BIGINT] - [45]
2025-08-03 20:21:43 - binding parameter [1] as [VARCHAR] - [Test User 2]
2025-08-03 20:21:43 - binding parameter [2] as [VARCHAR] - [TEST002345678901]
2025-08-03 20:21:43 - binding parameter [3] as [NUMERIC] - [960.00]
2025-08-03 20:21:43 - binding parameter [4] as [VARCHAR] - [USD]
2025-08-03 20:21:43 - binding parameter [5] as [VARCHAR] - [ACTIVE]
2025-08-03 20:21:43 - binding parameter [6] as [TIMESTAMP] - [2025-08-03T20:21:43.605392]
2025-08-03 20:21:43 - binding parameter [7] as [VARCHAR] - [user2]
2025-08-03 20:21:43 - binding parameter [8] as [BIGINT] - [46]
2025-08-03 20:21:43 - binding parameter [9] as [BIGINT] - [10]
2025-08-03 20:21:43 - binding parameter [10] as [BIGINT] - [45]
2025-08-03 20:21:43 - binding parameter [1] as [NUMERIC] - [10.00]
2025-08-03 20:21:43 - binding parameter [2] as [TIMESTAMP] - [2025-08-03T20:21:43.604810]
2025-08-03 20:21:43 - binding parameter [3] as [VARCHAR] - [USD]
2025-08-03 20:21:43 - binding parameter [4] as [VARCHAR] - [Concurrent transfer test]
2025-08-03 20:21:43 - binding parameter [5] as [VARCHAR] - [null]
2025-08-03 20:21:43 - binding parameter [6] as [BIGINT] - [9]
2025-08-03 20:21:43 - binding parameter [7] as [TIMESTAMP] - [2025-08-03T20:21:43.604636]
2025-08-03 20:21:43 - binding parameter [8] as [VARCHAR] - [COMPLETED]
2025-08-03 20:21:43 - binding parameter [9] as [BIGINT] - [10]
2025-08-03 20:21:43 - binding parameter [10] as [VARCHAR] - [TXN-5C87F75D93E94E5A]
2025-08-03 20:21:43 - binding parameter [11] as [TIMESTAMP] - [2025-08-03T20:21:43.606362]
2025-08-03 20:21:43 - binding parameter [12] as [BIGINT] - [1]
2025-08-03 20:21:43 - binding parameter [13] as [BIGINT] - [46]
2025-08-03 20:21:43 - binding parameter [14] as [BIGINT] - [0]
2025-08-03 20:21:43 - Processing transfer request: TransferRequest{fromAccountNumber='TEST001234567890', toAccountNumber='TEST002345678901', amount=10.00, currency=USD, description='Concurrent transfer test'}
2025-08-03 20:21:43 - binding parameter [1] as [VARCHAR] - [TEST001234567890]
2025-08-03 20:21:43 - binding parameter [1] as [VARCHAR] - [TEST002345678901]
2025-08-03 20:21:43 - binding parameter [1] as [NUMERIC] - [10.00]
2025-08-03 20:21:43 - binding parameter [2] as [TIMESTAMP] - [null]
2025-08-03 20:21:43 - binding parameter [3] as [TIMESTAMP] - [2025-08-03T20:21:43.608800]
2025-08-03 20:21:43 - binding parameter [4] as [VARCHAR] - [USD]
2025-08-03 20:21:43 - binding parameter [5] as [VARCHAR] - [Concurrent transfer test]
2025-08-03 20:21:43 - binding parameter [6] as [VARCHAR] - [null]
2025-08-03 20:21:43 - binding parameter [7] as [BIGINT] - [9]
2025-08-03 20:21:43 - binding parameter [8] as [TIMESTAMP] - [null]
2025-08-03 20:21:43 - binding parameter [9] as [VARCHAR] - [PENDING]
2025-08-03 20:21:43 - binding parameter [10] as [BIGINT] - [10]
2025-08-03 20:21:43 - binding parameter [11] as [VARCHAR] - [TXN-99530CDA05A84110]
2025-08-03 20:21:43 - binding parameter [12] as [TIMESTAMP] - [2025-08-03T20:21:43.608807]
2025-08-03 20:21:43 - binding parameter [13] as [BIGINT] - [0]
2025-08-03 20:21:43 - Transfer completed successfully: TXN-99530CDA05A84110
2025-08-03 20:21:43 - binding parameter [1] as [VARCHAR] - [Test User 1]
2025-08-03 20:21:43 - binding parameter [2] as [VARCHAR] - [TEST001234567890]
2025-08-03 20:21:43 - binding parameter [3] as [NUMERIC] - [530.00]
2025-08-03 20:21:43 - binding parameter [4] as [VARCHAR] - [USD]
2025-08-03 20:21:43 - binding parameter [5] as [VARCHAR] - [ACTIVE]
2025-08-03 20:21:43 - binding parameter [6] as [TIMESTAMP] - [2025-08-03T20:21:43.609852]
2025-08-03 20:21:43 - binding parameter [7] as [VARCHAR] - [user1]
2025-08-03 20:21:43 - binding parameter [8] as [BIGINT] - [47]
2025-08-03 20:21:43 - binding parameter [9] as [BIGINT] - [9]
2025-08-03 20:21:43 - binding parameter [10] as [BIGINT] - [46]
2025-08-03 20:21:43 - binding parameter [1] as [VARCHAR] - [Test User 2]
2025-08-03 20:21:43 - binding parameter [2] as [VARCHAR] - [TEST002345678901]
2025-08-03 20:21:43 - binding parameter [3] as [NUMERIC] - [970.00]
2025-08-03 20:21:43 - binding parameter [4] as [VARCHAR] - [USD]
2025-08-03 20:21:43 - binding parameter [5] as [VARCHAR] - [ACTIVE]
2025-08-03 20:21:43 - binding parameter [6] as [TIMESTAMP] - [2025-08-03T20:21:43.610875]
2025-08-03 20:21:43 - binding parameter [7] as [VARCHAR] - [user2]
2025-08-03 20:21:43 - binding parameter [8] as [BIGINT] - [47]
2025-08-03 20:21:43 - binding parameter [9] as [BIGINT] - [10]
2025-08-03 20:21:43 - binding parameter [10] as [BIGINT] - [46]
2025-08-03 20:21:43 - binding parameter [1] as [NUMERIC] - [10.00]
2025-08-03 20:21:43 - binding parameter [2] as [TIMESTAMP] - [2025-08-03T20:21:43.609610]
2025-08-03 20:21:43 - binding parameter [3] as [VARCHAR] - [USD]
2025-08-03 20:21:43 - binding parameter [4] as [VARCHAR] - [Concurrent transfer test]
2025-08-03 20:21:43 - binding parameter [5] as [VARCHAR] - [null]
2025-08-03 20:21:43 - binding parameter [6] as [BIGINT] - [9]
2025-08-03 20:21:43 - binding parameter [7] as [TIMESTAMP] - [2025-08-03T20:21:43.609445]
2025-08-03 20:21:43 - binding parameter [8] as [VARCHAR] - [COMPLETED]
2025-08-03 20:21:43 - binding parameter [9] as [BIGINT] - [10]
2025-08-03 20:21:43 - binding parameter [10] as [VARCHAR] - [TXN-99530CDA05A84110]
2025-08-03 20:21:43 - binding parameter [11] as [TIMESTAMP] - [2025-08-03T20:21:43.611155]
2025-08-03 20:21:43 - binding parameter [12] as [BIGINT] - [1]
2025-08-03 20:21:43 - binding parameter [13] as [BIGINT] - [47]
2025-08-03 20:21:43 - binding parameter [14] as [BIGINT] - [0]
2025-08-03 20:21:43 - Processing transfer request: TransferRequest{fromAccountNumber='TEST001234567890', toAccountNumber='TEST002345678901', amount=10.00, currency=USD, description='Concurrent transfer test'}
2025-08-03 20:21:43 - binding parameter [1] as [VARCHAR] - [TEST001234567890]
2025-08-03 20:21:43 - binding parameter [1] as [VARCHAR] - [TEST002345678901]
2025-08-03 20:21:43 - binding parameter [1] as [NUMERIC] - [10.00]
2025-08-03 20:21:43 - binding parameter [2] as [TIMESTAMP] - [null]
2025-08-03 20:21:43 - binding parameter [3] as [TIMESTAMP] - [2025-08-03T20:21:43.612903]
2025-08-03 20:21:43 - binding parameter [4] as [VARCHAR] - [USD]
2025-08-03 20:21:43 - binding parameter [5] as [VARCHAR] - [Concurrent transfer test]
2025-08-03 20:21:43 - binding parameter [6] as [VARCHAR] - [null]
2025-08-03 20:21:43 - binding parameter [7] as [BIGINT] - [9]
2025-08-03 20:21:43 - binding parameter [8] as [TIMESTAMP] - [null]
2025-08-03 20:21:43 - binding parameter [9] as [VARCHAR] - [PENDING]
2025-08-03 20:21:43 - binding parameter [10] as [BIGINT] - [10]
2025-08-03 20:21:43 - binding parameter [11] as [VARCHAR] - [TXN-A84C424035014FE0]
2025-08-03 20:21:43 - binding parameter [12] as [TIMESTAMP] - [2025-08-03T20:21:43.612910]
2025-08-03 20:21:43 - binding parameter [13] as [BIGINT] - [0]
2025-08-03 20:21:43 - Transfer completed successfully: TXN-A84C424035014FE0
2025-08-03 20:21:43 - binding parameter [1] as [VARCHAR] - [Test User 1]
2025-08-03 20:21:43 - binding parameter [2] as [VARCHAR] - [TEST001234567890]
2025-08-03 20:21:43 - binding parameter [3] as [NUMERIC] - [520.00]
2025-08-03 20:21:43 - binding parameter [4] as [VARCHAR] - [USD]
2025-08-03 20:21:43 - binding parameter [5] as [VARCHAR] - [ACTIVE]
2025-08-03 20:21:43 - binding parameter [6] as [TIMESTAMP] - [2025-08-03T20:21:43.614592]
2025-08-03 20:21:43 - binding parameter [7] as [VARCHAR] - [user1]
2025-08-03 20:21:43 - binding parameter [8] as [BIGINT] - [48]
2025-08-03 20:21:43 - binding parameter [9] as [BIGINT] - [9]
2025-08-03 20:21:43 - binding parameter [10] as [BIGINT] - [47]
2025-08-03 20:21:43 - binding parameter [1] as [VARCHAR] - [Test User 2]
2025-08-03 20:21:43 - binding parameter [2] as [VARCHAR] - [TEST002345678901]
2025-08-03 20:21:43 - binding parameter [3] as [NUMERIC] - [980.00]
2025-08-03 20:21:43 - binding parameter [4] as [VARCHAR] - [USD]
2025-08-03 20:21:43 - binding parameter [5] as [VARCHAR] - [ACTIVE]
2025-08-03 20:21:43 - binding parameter [6] as [TIMESTAMP] - [2025-08-03T20:21:43.615047]
2025-08-03 20:21:43 - binding parameter [7] as [VARCHAR] - [user2]
2025-08-03 20:21:43 - binding parameter [8] as [BIGINT] - [48]
2025-08-03 20:21:43 - binding parameter [9] as [BIGINT] - [10]
2025-08-03 20:21:43 - binding parameter [10] as [BIGINT] - [47]
2025-08-03 20:21:43 - binding parameter [1] as [NUMERIC] - [10.00]
2025-08-03 20:21:43 - binding parameter [2] as [TIMESTAMP] - [2025-08-03T20:21:43.614040]
2025-08-03 20:21:43 - binding parameter [3] as [VARCHAR] - [USD]
2025-08-03 20:21:43 - binding parameter [4] as [VARCHAR] - [Concurrent transfer test]
2025-08-03 20:21:43 - binding parameter [5] as [VARCHAR] - [null]
2025-08-03 20:21:43 - binding parameter [6] as [BIGINT] - [9]
2025-08-03 20:21:43 - binding parameter [7] as [TIMESTAMP] - [2025-08-03T20:21:43.613870]
2025-08-03 20:21:43 - binding parameter [8] as [VARCHAR] - [COMPLETED]
2025-08-03 20:21:43 - binding parameter [9] as [BIGINT] - [10]
2025-08-03 20:21:43 - binding parameter [10] as [VARCHAR] - [TXN-A84C424035014FE0]
2025-08-03 20:21:43 - binding parameter [11] as [TIMESTAMP] - [2025-08-03T20:21:43.615267]
2025-08-03 20:21:43 - binding parameter [12] as [BIGINT] - [1]
2025-08-03 20:21:43 - binding parameter [13] as [BIGINT] - [48]
2025-08-03 20:21:43 - binding parameter [14] as [BIGINT] - [0]
2025-08-03 20:21:43 - binding parameter [1] as [VARCHAR] - [TEST002345678901]
2025-08-03 20:21:43 - binding parameter [1] as [NUMERIC] - [10.00]
2025-08-03 20:21:43 - binding parameter [2] as [TIMESTAMP] - [null]
2025-08-03 20:21:43 - binding parameter [3] as [TIMESTAMP] - [2025-08-03T20:21:43.617242]
2025-08-03 20:21:43 - binding parameter [4] as [VARCHAR] - [USD]
2025-08-03 20:21:43 - binding parameter [5] as [VARCHAR] - [Concurrent transfer test]
2025-08-03 20:21:43 - binding parameter [6] as [VARCHAR] - [null]
2025-08-03 20:21:43 - binding parameter [7] as [BIGINT] - [9]
2025-08-03 20:21:43 - binding parameter [8] as [TIMESTAMP] - [null]
2025-08-03 20:21:43 - binding parameter [9] as [VARCHAR] - [PENDING]
2025-08-03 20:21:43 - binding parameter [10] as [BIGINT] - [10]
2025-08-03 20:21:43 - binding parameter [11] as [VARCHAR] - [TXN-52FEFF2683A74677]
2025-08-03 20:21:43 - binding parameter [12] as [TIMESTAMP] - [2025-08-03T20:21:43.617249]
2025-08-03 20:21:43 - binding parameter [13] as [BIGINT] - [0]
2025-08-03 20:21:43 - Transfer completed successfully: TXN-52FEFF2683A74677
2025-08-03 20:21:43 - binding parameter [1] as [VARCHAR] - [Test User 1]
2025-08-03 20:21:43 - binding parameter [2] as [VARCHAR] - [TEST001234567890]
2025-08-03 20:21:43 - binding parameter [3] as [NUMERIC] - [510.00]
2025-08-03 20:21:43 - binding parameter [4] as [VARCHAR] - [USD]
2025-08-03 20:21:43 - binding parameter [5] as [VARCHAR] - [ACTIVE]
2025-08-03 20:21:43 - binding parameter [6] as [TIMESTAMP] - [2025-08-03T20:21:43.618171]
2025-08-03 20:21:43 - binding parameter [7] as [VARCHAR] - [user1]
2025-08-03 20:21:43 - binding parameter [8] as [BIGINT] - [49]
2025-08-03 20:21:43 - binding parameter [9] as [BIGINT] - [9]
2025-08-03 20:21:43 - binding parameter [10] as [BIGINT] - [48]
2025-08-03 20:21:43 - binding parameter [1] as [VARCHAR] - [Test User 2]
2025-08-03 20:21:43 - binding parameter [2] as [VARCHAR] - [TEST002345678901]
2025-08-03 20:21:43 - binding parameter [3] as [NUMERIC] - [990.00]
2025-08-03 20:21:43 - binding parameter [4] as [VARCHAR] - [USD]
2025-08-03 20:21:43 - binding parameter [5] as [VARCHAR] - [ACTIVE]
2025-08-03 20:21:43 - binding parameter [6] as [TIMESTAMP] - [2025-08-03T20:21:43.618462]
2025-08-03 20:21:43 - binding parameter [7] as [VARCHAR] - [user2]
2025-08-03 20:21:43 - binding parameter [8] as [BIGINT] - [49]
2025-08-03 20:21:43 - binding parameter [9] as [BIGINT] - [10]
2025-08-03 20:21:43 - binding parameter [10] as [BIGINT] - [48]
2025-08-03 20:21:43 - binding parameter [1] as [NUMERIC] - [10.00]
2025-08-03 20:21:43 - binding parameter [2] as [TIMESTAMP] - [2025-08-03T20:21:43.617939]
2025-08-03 20:21:43 - binding parameter [3] as [VARCHAR] - [USD]
2025-08-03 20:21:43 - binding parameter [4] as [VARCHAR] - [Concurrent transfer test]
2025-08-03 20:21:43 - binding parameter [5] as [VARCHAR] - [null]
2025-08-03 20:21:43 - binding parameter [6] as [BIGINT] - [9]
2025-08-03 20:21:43 - binding parameter [7] as [TIMESTAMP] - [2025-08-03T20:21:43.617782]
2025-08-03 20:21:43 - binding parameter [8] as [VARCHAR] - [COMPLETED]
2025-08-03 20:21:43 - binding parameter [9] as [BIGINT] - [10]
2025-08-03 20:21:43 - binding parameter [10] as [VARCHAR] - [TXN-52FEFF2683A74677]
2025-08-03 20:21:43 - binding parameter [11] as [TIMESTAMP] - [2025-08-03T20:21:43.618672]
2025-08-03 20:21:43 - binding parameter [12] as [BIGINT] - [1]
2025-08-03 20:21:43 - binding parameter [13] as [BIGINT] - [49]
2025-08-03 20:21:43 - binding parameter [14] as [BIGINT] - [0]
2025-08-03 20:21:43 - Processing transfer request: TransferRequest{fromAccountNumber='TEST001234567890', toAccountNumber='TEST002345678901', amount=10.00, currency=USD, description='Concurrent transfer test'}
2025-08-03 20:21:43 - binding parameter [1] as [VARCHAR] - [TEST001234567890]
2025-08-03 20:21:43 - binding parameter [1] as [VARCHAR] - [TEST002345678901]
2025-08-03 20:21:43 - binding parameter [1] as [NUMERIC] - [10.00]
2025-08-03 20:21:43 - binding parameter [2] as [TIMESTAMP] - [null]
2025-08-03 20:21:43 - binding parameter [3] as [TIMESTAMP] - [2025-08-03T20:21:43.620547]
2025-08-03 20:21:43 - binding parameter [4] as [VARCHAR] - [USD]
2025-08-03 20:21:43 - binding parameter [5] as [VARCHAR] - [Concurrent transfer test]
2025-08-03 20:21:43 - binding parameter [6] as [VARCHAR] - [null]
2025-08-03 20:21:43 - binding parameter [7] as [BIGINT] - [9]
2025-08-03 20:21:43 - binding parameter [8] as [TIMESTAMP] - [null]
2025-08-03 20:21:43 - binding parameter [9] as [VARCHAR] - [PENDING]
2025-08-03 20:21:43 - binding parameter [10] as [BIGINT] - [10]
2025-08-03 20:21:43 - binding parameter [11] as [VARCHAR] - [TXN-88362AF94C474430]
2025-08-03 20:21:43 - binding parameter [12] as [TIMESTAMP] - [2025-08-03T20:21:43.620556]
2025-08-03 20:21:43 - binding parameter [13] as [BIGINT] - [0]
2025-08-03 20:21:43 - Transfer completed successfully: TXN-88362AF94C474430
2025-08-03 20:21:43 - binding parameter [1] as [VARCHAR] - [Test User 1]
2025-08-03 20:21:43 - binding parameter [2] as [VARCHAR] - [TEST001234567890]
2025-08-03 20:21:43 - binding parameter [3] as [NUMERIC] - [500.00]
2025-08-03 20:21:43 - binding parameter [4] as [VARCHAR] - [USD]
2025-08-03 20:21:43 - binding parameter [5] as [VARCHAR] - [ACTIVE]
2025-08-03 20:21:43 - binding parameter [6] as [TIMESTAMP] - [2025-08-03T20:21:43.623134]
2025-08-03 20:21:43 - binding parameter [7] as [VARCHAR] - [user1]
2025-08-03 20:21:43 - binding parameter [8] as [BIGINT] - [50]
2025-08-03 20:21:43 - binding parameter [9] as [BIGINT] - [9]
2025-08-03 20:21:43 - binding parameter [10] as [BIGINT] - [49]
2025-08-03 20:21:43 - binding parameter [1] as [VARCHAR] - [Test User 2]
2025-08-03 20:21:43 - binding parameter [2] as [VARCHAR] - [TEST002345678901]
2025-08-03 20:21:43 - binding parameter [3] as [NUMERIC] - [1000.00]
2025-08-03 20:21:43 - binding parameter [4] as [VARCHAR] - [USD]
2025-08-03 20:21:43 - binding parameter [5] as [VARCHAR] - [ACTIVE]
2025-08-03 20:21:43 - binding parameter [6] as [TIMESTAMP] - [2025-08-03T20:21:43.623864]
2025-08-03 20:21:43 - binding parameter [7] as [VARCHAR] - [user2]
2025-08-03 20:21:43 - binding parameter [8] as [BIGINT] - [50]
2025-08-03 20:21:43 - binding parameter [9] as [BIGINT] - [10]
2025-08-03 20:21:43 - binding parameter [10] as [BIGINT] - [49]
2025-08-03 20:21:43 - binding parameter [1] as [NUMERIC] - [10.00]
2025-08-03 20:21:43 - binding parameter [2] as [TIMESTAMP] - [2025-08-03T20:21:43.622660]
2025-08-03 20:21:43 - binding parameter [3] as [VARCHAR] - [USD]
2025-08-03 20:21:43 - binding parameter [4] as [VARCHAR] - [Concurrent transfer test]
2025-08-03 20:21:43 - binding parameter [5] as [VARCHAR] - [null]
2025-08-03 20:21:43 - binding parameter [6] as [BIGINT] - [9]
2025-08-03 20:21:43 - binding parameter [7] as [TIMESTAMP] - [2025-08-03T20:21:43.622417]
2025-08-03 20:21:43 - binding parameter [8] as [VARCHAR] - [COMPLETED]
2025-08-03 20:21:43 - binding parameter [9] as [BIGINT] - [10]
2025-08-03 20:21:43 - binding parameter [10] as [VARCHAR] - [TXN-88362AF94C474430]
2025-08-03 20:21:43 - binding parameter [11] as [TIMESTAMP] - [2025-08-03T20:21:43.624083]
2025-08-03 20:21:43 - binding parameter [12] as [BIGINT] - [1]
2025-08-03 20:21:43 - binding parameter [13] as [BIGINT] - [50]
2025-08-03 20:21:43 - binding parameter [14] as [BIGINT] - [0]
]]></system-out>
  </testcase>
  <testcase name="testInsufficientFundsHandling" classname="com.moneytransfer.service.TransferServiceConcurrencyTest" time="0.016">
    <error message="no transaction is in progress; nested exception is javax.persistence.TransactionRequiredException: no transaction is in progress" type="org.springframework.dao.InvalidDataAccessApiUsageException">org.springframework.dao.InvalidDataAccessApiUsageException: no transaction is in progress; nested exception is javax.persistence.TransactionRequiredException: no transaction is in progress
	at com.moneytransfer.service.TransferServiceConcurrencyTest.testInsufficientFundsHandling(TransferServiceConcurrencyTest.java:214)
Caused by: javax.persistence.TransactionRequiredException: no transaction is in progress
	at com.moneytransfer.service.TransferServiceConcurrencyTest.testInsufficientFundsHandling(TransferServiceConcurrencyTest.java:214)
</error>
    <system-out><![CDATA[2025-08-03 20:21:43 - binding parameter [1] as [BIGINT] - [1]
2025-08-03 20:21:43 - binding parameter [2] as [BIGINT] - [1]
2025-08-03 20:21:43 - binding parameter [1] as [BIGINT] - [2]
2025-08-03 20:21:43 - binding parameter [2] as [BIGINT] - [1]
2025-08-03 20:21:43 - binding parameter [1] as [BIGINT] - [3]
2025-08-03 20:21:43 - binding parameter [2] as [BIGINT] - [1]
2025-08-03 20:21:43 - binding parameter [1] as [BIGINT] - [4]
2025-08-03 20:21:43 - binding parameter [2] as [BIGINT] - [1]
2025-08-03 20:21:43 - binding parameter [1] as [BIGINT] - [5]
2025-08-03 20:21:43 - binding parameter [2] as [BIGINT] - [1]
2025-08-03 20:21:43 - binding parameter [1] as [BIGINT] - [6]
2025-08-03 20:21:43 - binding parameter [2] as [BIGINT] - [1]
2025-08-03 20:21:43 - binding parameter [1] as [BIGINT] - [7]
2025-08-03 20:21:43 - binding parameter [2] as [BIGINT] - [1]
2025-08-03 20:21:43 - binding parameter [1] as [BIGINT] - [8]
2025-08-03 20:21:43 - binding parameter [2] as [BIGINT] - [1]
2025-08-03 20:21:43 - binding parameter [1] as [BIGINT] - [9]
2025-08-03 20:21:43 - binding parameter [2] as [BIGINT] - [1]
2025-08-03 20:21:43 - binding parameter [1] as [BIGINT] - [10]
2025-08-03 20:21:43 - binding parameter [2] as [BIGINT] - [1]
2025-08-03 20:21:43 - binding parameter [1] as [BIGINT] - [11]
2025-08-03 20:21:43 - binding parameter [2] as [BIGINT] - [1]
2025-08-03 20:21:43 - binding parameter [1] as [BIGINT] - [12]
2025-08-03 20:21:43 - binding parameter [2] as [BIGINT] - [1]
2025-08-03 20:21:43 - binding parameter [1] as [BIGINT] - [13]
2025-08-03 20:21:43 - binding parameter [2] as [BIGINT] - [1]
2025-08-03 20:21:43 - binding parameter [1] as [BIGINT] - [14]
2025-08-03 20:21:43 - binding parameter [2] as [BIGINT] - [1]
2025-08-03 20:21:43 - binding parameter [1] as [BIGINT] - [15]
2025-08-03 20:21:43 - binding parameter [2] as [BIGINT] - [1]
2025-08-03 20:21:43 - binding parameter [1] as [BIGINT] - [16]
2025-08-03 20:21:43 - binding parameter [2] as [BIGINT] - [1]
2025-08-03 20:21:43 - binding parameter [1] as [BIGINT] - [17]
2025-08-03 20:21:43 - binding parameter [2] as [BIGINT] - [1]
2025-08-03 20:21:43 - binding parameter [1] as [BIGINT] - [18]
2025-08-03 20:21:43 - binding parameter [2] as [BIGINT] - [1]
2025-08-03 20:21:43 - binding parameter [1] as [BIGINT] - [19]
2025-08-03 20:21:43 - binding parameter [2] as [BIGINT] - [1]
2025-08-03 20:21:43 - binding parameter [1] as [BIGINT] - [20]
2025-08-03 20:21:43 - binding parameter [2] as [BIGINT] - [1]
2025-08-03 20:21:43 - binding parameter [1] as [BIGINT] - [21]
2025-08-03 20:21:43 - binding parameter [2] as [BIGINT] - [1]
2025-08-03 20:21:43 - binding parameter [1] as [BIGINT] - [22]
2025-08-03 20:21:43 - binding parameter [2] as [BIGINT] - [1]
2025-08-03 20:21:43 - binding parameter [1] as [BIGINT] - [23]
2025-08-03 20:21:43 - binding parameter [2] as [BIGINT] - [1]
2025-08-03 20:21:43 - binding parameter [1] as [BIGINT] - [24]
2025-08-03 20:21:43 - binding parameter [2] as [BIGINT] - [1]
2025-08-03 20:21:43 - binding parameter [1] as [BIGINT] - [25]
2025-08-03 20:21:43 - binding parameter [2] as [BIGINT] - [1]
2025-08-03 20:21:43 - binding parameter [1] as [BIGINT] - [26]
2025-08-03 20:21:43 - binding parameter [2] as [BIGINT] - [1]
2025-08-03 20:21:43 - binding parameter [1] as [BIGINT] - [27]
2025-08-03 20:21:43 - binding parameter [2] as [BIGINT] - [1]
2025-08-03 20:21:43 - binding parameter [1] as [BIGINT] - [28]
2025-08-03 20:21:43 - binding parameter [2] as [BIGINT] - [1]
2025-08-03 20:21:43 - binding parameter [1] as [BIGINT] - [29]
2025-08-03 20:21:43 - binding parameter [2] as [BIGINT] - [1]
2025-08-03 20:21:43 - binding parameter [1] as [BIGINT] - [30]
2025-08-03 20:21:43 - binding parameter [2] as [BIGINT] - [1]
2025-08-03 20:21:43 - binding parameter [1] as [BIGINT] - [31]
2025-08-03 20:21:43 - binding parameter [2] as [BIGINT] - [1]
2025-08-03 20:21:43 - binding parameter [1] as [BIGINT] - [32]
2025-08-03 20:21:43 - binding parameter [2] as [BIGINT] - [1]
2025-08-03 20:21:43 - binding parameter [1] as [BIGINT] - [33]
2025-08-03 20:21:43 - binding parameter [2] as [BIGINT] - [1]
2025-08-03 20:21:43 - binding parameter [1] as [BIGINT] - [34]
2025-08-03 20:21:43 - binding parameter [2] as [BIGINT] - [1]
2025-08-03 20:21:43 - binding parameter [1] as [BIGINT] - [35]
2025-08-03 20:21:43 - binding parameter [2] as [BIGINT] - [1]
2025-08-03 20:21:43 - binding parameter [1] as [BIGINT] - [36]
2025-08-03 20:21:43 - binding parameter [2] as [BIGINT] - [1]
2025-08-03 20:21:43 - binding parameter [1] as [BIGINT] - [37]
2025-08-03 20:21:43 - binding parameter [2] as [BIGINT] - [1]
2025-08-03 20:21:43 - binding parameter [1] as [BIGINT] - [38]
2025-08-03 20:21:43 - binding parameter [2] as [BIGINT] - [1]
2025-08-03 20:21:43 - binding parameter [1] as [BIGINT] - [39]
2025-08-03 20:21:43 - binding parameter [2] as [BIGINT] - [1]
2025-08-03 20:21:43 - binding parameter [1] as [BIGINT] - [40]
2025-08-03 20:21:43 - binding parameter [2] as [BIGINT] - [1]
2025-08-03 20:21:43 - binding parameter [1] as [BIGINT] - [41]
2025-08-03 20:21:43 - binding parameter [2] as [BIGINT] - [1]
2025-08-03 20:21:43 - binding parameter [1] as [BIGINT] - [42]
2025-08-03 20:21:43 - binding parameter [2] as [BIGINT] - [1]
2025-08-03 20:21:43 - binding parameter [1] as [BIGINT] - [43]
2025-08-03 20:21:43 - binding parameter [2] as [BIGINT] - [1]
2025-08-03 20:21:43 - binding parameter [1] as [BIGINT] - [44]
2025-08-03 20:21:43 - binding parameter [2] as [BIGINT] - [1]
2025-08-03 20:21:43 - binding parameter [1] as [BIGINT] - [45]
2025-08-03 20:21:43 - binding parameter [2] as [BIGINT] - [1]
2025-08-03 20:21:43 - binding parameter [1] as [BIGINT] - [46]
2025-08-03 20:21:43 - binding parameter [2] as [BIGINT] - [1]
2025-08-03 20:21:43 - binding parameter [1] as [BIGINT] - [47]
2025-08-03 20:21:43 - binding parameter [2] as [BIGINT] - [1]
2025-08-03 20:21:43 - binding parameter [1] as [BIGINT] - [48]
2025-08-03 20:21:43 - binding parameter [2] as [BIGINT] - [1]
2025-08-03 20:21:43 - binding parameter [1] as [BIGINT] - [49]
2025-08-03 20:21:43 - binding parameter [2] as [BIGINT] - [1]
2025-08-03 20:21:43 - binding parameter [1] as [BIGINT] - [50]
2025-08-03 20:21:43 - binding parameter [2] as [BIGINT] - [1]
2025-08-03 20:21:43 - binding parameter [1] as [BIGINT] - [9]
2025-08-03 20:21:43 - binding parameter [2] as [BIGINT] - [50]
2025-08-03 20:21:43 - binding parameter [1] as [BIGINT] - [10]
2025-08-03 20:21:43 - binding parameter [2] as [BIGINT] - [50]
2025-08-03 20:21:43 - binding parameter [1] as [VARCHAR] - [Test User 1]
2025-08-03 20:21:43 - binding parameter [2] as [VARCHAR] - [TEST001234567890]
2025-08-03 20:21:43 - binding parameter [3] as [NUMERIC] - [1000.00]
2025-08-03 20:21:43 - binding parameter [4] as [TIMESTAMP] - [2025-08-03T20:21:43.689300]
2025-08-03 20:21:43 - binding parameter [5] as [VARCHAR] - [USD]
2025-08-03 20:21:43 - binding parameter [6] as [VARCHAR] - [ACTIVE]
2025-08-03 20:21:43 - binding parameter [7] as [TIMESTAMP] - [2025-08-03T20:21:43.689309]
2025-08-03 20:21:43 - binding parameter [8] as [VARCHAR] - [user1]
2025-08-03 20:21:43 - binding parameter [9] as [BIGINT] - [0]
2025-08-03 20:21:43 - binding parameter [1] as [VARCHAR] - [Test User 2]
2025-08-03 20:21:43 - binding parameter [2] as [VARCHAR] - [TEST002345678901]
2025-08-03 20:21:43 - binding parameter [3] as [NUMERIC] - [500.00]
2025-08-03 20:21:43 - binding parameter [4] as [TIMESTAMP] - [2025-08-03T20:21:43.690140]
2025-08-03 20:21:43 - binding parameter [5] as [VARCHAR] - [USD]
2025-08-03 20:21:43 - binding parameter [6] as [VARCHAR] - [ACTIVE]
2025-08-03 20:21:43 - binding parameter [7] as [TIMESTAMP] - [2025-08-03T20:21:43.690146]
2025-08-03 20:21:43 - binding parameter [8] as [VARCHAR] - [user2]
2025-08-03 20:21:43 - binding parameter [9] as [BIGINT] - [0]
2025-08-03 20:21:43 - Processing transfer request: TransferRequest{fromAccountNumber='TEST002345678901', toAccountNumber='TEST001234567890', amount=2000.00, currency=USD, description='Insufficient funds test'}
2025-08-03 20:21:43 - binding parameter [1] as [VARCHAR] - [TEST002345678901]
2025-08-03 20:21:43 - binding parameter [1] as [VARCHAR] - [TEST001234567890]
2025-08-03 20:21:43 - binding parameter [1] as [NUMERIC] - [2000.00]
2025-08-03 20:21:43 - binding parameter [2] as [TIMESTAMP] - [null]
2025-08-03 20:21:43 - binding parameter [3] as [TIMESTAMP] - [2025-08-03T20:21:43.693081]
2025-08-03 20:21:43 - binding parameter [4] as [VARCHAR] - [USD]
2025-08-03 20:21:43 - binding parameter [5] as [VARCHAR] - [Insufficient funds test]
2025-08-03 20:21:43 - binding parameter [6] as [VARCHAR] - [null]
2025-08-03 20:21:43 - binding parameter [7] as [BIGINT] - [12]
2025-08-03 20:21:43 - binding parameter [8] as [TIMESTAMP] - [null]
2025-08-03 20:21:43 - binding parameter [9] as [VARCHAR] - [PENDING]
2025-08-03 20:21:43 - binding parameter [10] as [BIGINT] - [11]
2025-08-03 20:21:43 - binding parameter [11] as [VARCHAR] - [TXN-D73BA5CC002C45CE]
2025-08-03 20:21:43 - binding parameter [12] as [TIMESTAMP] - [2025-08-03T20:21:43.693089]
2025-08-03 20:21:43 - binding parameter [13] as [BIGINT] - [0]
2025-08-03 20:21:43 - Transfer processing failed for transferId: TXN-D73BA5CC002C45CE
com.moneytransfer.exception.InsufficientFundsException: Insufficient funds in account: TEST002345678901
	at com.moneytransfer.service.TransferService.executeTransfer(TransferService.java:174)
	at com.moneytransfer.service.TransferService.processTransferWithLocking(TransferService.java:136)
	at com.moneytransfer.service.TransferService.processTransfer(TransferService.java:80)
	at com.moneytransfer.service.TransferService$$FastClassBySpringCGLIB$$c976fc01.invoke(<generated>)
	at org.springframework.cglib.proxy.MethodProxy.invoke(MethodProxy.java:218)
	at org.springframework.aop.framework.CglibAopProxy$CglibMethodInvocation.invokeJoinpoint(CglibAopProxy.java:792)
	at org.springframework.aop.framework.ReflectiveMethodInvocation.proceed(ReflectiveMethodInvocation.java:163)
	at org.springframework.aop.framework.CglibAopProxy$CglibMethodInvocation.proceed(CglibAopProxy.java:762)
	at org.springframework.transaction.interceptor.TransactionInterceptor$1.proceedWithInvocation(TransactionInterceptor.java:123)
	at org.springframework.transaction.interceptor.TransactionAspectSupport.invokeWithinTransaction(TransactionAspectSupport.java:388)
	at org.springframework.transaction.interceptor.TransactionInterceptor.invoke(TransactionInterceptor.java:119)
	at org.springframework.aop.framework.ReflectiveMethodInvocation.proceed(ReflectiveMethodInvocation.java:186)
	at org.springframework.aop.framework.CglibAopProxy$CglibMethodInvocation.proceed(CglibAopProxy.java:762)
	at org.springframework.aop.framework.CglibAopProxy$DynamicAdvisedInterceptor.intercept(CglibAopProxy.java:707)
	at com.moneytransfer.service.TransferService$$EnhancerBySpringCGLIB$$5e45c9cb.processTransfer(<generated>)
	at com.moneytransfer.service.TransferServiceConcurrencyTest.lambda$testInsufficientFundsHandling$3(TransferServiceConcurrencyTest.java:210)
	at org.junit.jupiter.api.AssertThrows.assertThrows(AssertThrows.java:55)
	at org.junit.jupiter.api.AssertThrows.assertThrows(AssertThrows.java:37)
	at org.junit.jupiter.api.Assertions.assertThrows(Assertions.java:3082)
	at com.moneytransfer.service.TransferServiceConcurrencyTest.testInsufficientFundsHandling(TransferServiceConcurrencyTest.java:209)
	at java.base/jdk.internal.reflect.NativeMethodAccessorImpl.invoke0(Native Method)
	at java.base/jdk.internal.reflect.NativeMethodAccessorImpl.invoke(NativeMethodAccessorImpl.java:62)
	at java.base/jdk.internal.reflect.DelegatingMethodAccessorImpl.invoke(DelegatingMethodAccessorImpl.java:43)
	at java.base/java.lang.reflect.Method.invoke(Method.java:566)
	at org.junit.platform.commons.util.ReflectionUtils.invokeMethod(ReflectionUtils.java:725)
	at org.junit.jupiter.engine.execution.MethodInvocation.proceed(MethodInvocation.java:60)
	at org.junit.jupiter.engine.execution.InvocationInterceptorChain$ValidatingInvocation.proceed(InvocationInterceptorChain.java:131)
	at org.junit.jupiter.engine.extension.TimeoutExtension.intercept(TimeoutExtension.java:149)
	at org.junit.jupiter.engine.extension.TimeoutExtension.interceptTestableMethod(TimeoutExtension.java:140)
	at org.junit.jupiter.engine.extension.TimeoutExtension.interceptTestMethod(TimeoutExtension.java:84)
	at org.junit.jupiter.engine.execution.ExecutableInvoker$ReflectiveInterceptorCall.lambda$ofVoidMethod$0(ExecutableInvoker.java:115)
	at org.junit.jupiter.engine.execution.ExecutableInvoker.lambda$invoke$0(ExecutableInvoker.java:105)
	at org.junit.jupiter.engine.execution.InvocationInterceptorChain$InterceptedInvocation.proceed(InvocationInterceptorChain.java:106)
	at org.junit.jupiter.engine.execution.InvocationInterceptorChain.proceed(InvocationInterceptorChain.java:64)
	at org.junit.jupiter.engine.execution.InvocationInterceptorChain.chainAndInvoke(InvocationInterceptorChain.java:45)
	at org.junit.jupiter.engine.execution.InvocationInterceptorChain.invoke(InvocationInterceptorChain.java:37)
	at org.junit.jupiter.engine.execution.ExecutableInvoker.invoke(ExecutableInvoker.java:104)
	at org.junit.jupiter.engine.execution.ExecutableInvoker.invoke(ExecutableInvoker.java:98)
	at org.junit.jupiter.engine.descriptor.TestMethodTestDescriptor.lambda$invokeTestMethod$7(TestMethodTestDescriptor.java:214)
	at org.junit.platform.engine.support.hierarchical.ThrowableCollector.execute(ThrowableCollector.java:73)
	at org.junit.jupiter.engine.descriptor.TestMethodTestDescriptor.invokeTestMethod(TestMethodTestDescriptor.java:210)
	at org.junit.jupiter.engine.descriptor.TestMethodTestDescriptor.execute(TestMethodTestDescriptor.java:135)
	at org.junit.jupiter.engine.descriptor.TestMethodTestDescriptor.execute(TestMethodTestDescriptor.java:66)
	at org.junit.platform.engine.support.hierarchical.NodeTestTask.lambda$executeRecursively$6(NodeTestTask.java:151)
	at org.junit.platform.engine.support.hierarchical.ThrowableCollector.execute(ThrowableCollector.java:73)
	at org.junit.platform.engine.support.hierarchical.NodeTestTask.lambda$executeRecursively$8(NodeTestTask.java:141)
	at org.junit.platform.engine.support.hierarchical.Node.around(Node.java:137)
	at org.junit.platform.engine.support.hierarchical.NodeTestTask.lambda$executeRecursively$9(NodeTestTask.java:139)
	at org.junit.platform.engine.support.hierarchical.ThrowableCollector.execute(ThrowableCollector.java:73)
	at org.junit.platform.engine.support.hierarchical.NodeTestTask.executeRecursively(NodeTestTask.java:138)
	at org.junit.platform.engine.support.hierarchical.NodeTestTask.execute(NodeTestTask.java:95)
	at java.base/java.util.ArrayList.forEach(ArrayList.java:1541)
	at org.junit.platform.engine.support.hierarchical.SameThreadHierarchicalTestExecutorService.invokeAll(SameThreadHierarchicalTestExecutorService.java:41)
	at org.junit.platform.engine.support.hierarchical.NodeTestTask.lambda$executeRecursively$6(NodeTestTask.java:155)
	at org.junit.platform.engine.support.hierarchical.ThrowableCollector.execute(ThrowableCollector.java:73)
	at org.junit.platform.engine.support.hierarchical.NodeTestTask.lambda$executeRecursively$8(NodeTestTask.java:141)
	at org.junit.platform.engine.support.hierarchical.Node.around(Node.java:137)
	at org.junit.platform.engine.support.hierarchical.NodeTestTask.lambda$executeRecursively$9(NodeTestTask.java:139)
	at org.junit.platform.engine.support.hierarchical.ThrowableCollector.execute(ThrowableCollector.java:73)
	at org.junit.platform.engine.support.hierarchical.NodeTestTask.executeRecursively(NodeTestTask.java:138)
	at org.junit.platform.engine.support.hierarchical.NodeTestTask.execute(NodeTestTask.java:95)
	at java.base/java.util.ArrayList.forEach(ArrayList.java:1541)
	at org.junit.platform.engine.support.hierarchical.SameThreadHierarchicalTestExecutorService.invokeAll(SameThreadHierarchicalTestExecutorService.java:41)
	at org.junit.platform.engine.support.hierarchical.NodeTestTask.lambda$executeRecursively$6(NodeTestTask.java:155)
	at org.junit.platform.engine.support.hierarchical.ThrowableCollector.execute(ThrowableCollector.java:73)
	at org.junit.platform.engine.support.hierarchical.NodeTestTask.lambda$executeRecursively$8(NodeTestTask.java:141)
	at org.junit.platform.engine.support.hierarchical.Node.around(Node.java:137)
	at org.junit.platform.engine.support.hierarchical.NodeTestTask.lambda$executeRecursively$9(NodeTestTask.java:139)
	at org.junit.platform.engine.support.hierarchical.ThrowableCollector.execute(ThrowableCollector.java:73)
	at org.junit.platform.engine.support.hierarchical.NodeTestTask.executeRecursively(NodeTestTask.java:138)
	at org.junit.platform.engine.support.hierarchical.NodeTestTask.execute(NodeTestTask.java:95)
	at org.junit.platform.engine.support.hierarchical.SameThreadHierarchicalTestExecutorService.submit(SameThreadHierarchicalTestExecutorService.java:35)
	at org.junit.platform.engine.support.hierarchical.HierarchicalTestExecutor.execute(HierarchicalTestExecutor.java:57)
	at org.junit.platform.engine.support.hierarchical.HierarchicalTestEngine.execute(HierarchicalTestEngine.java:54)
	at org.junit.platform.launcher.core.DefaultLauncher.execute(DefaultLauncher.java:220)
	at org.junit.platform.launcher.core.DefaultLauncher.lambda$execute$6(DefaultLauncher.java:188)
	at org.junit.platform.launcher.core.DefaultLauncher.withInterceptedStreams(DefaultLauncher.java:202)
	at org.junit.platform.launcher.core.DefaultLauncher.execute(DefaultLauncher.java:181)
	at org.junit.platform.launcher.core.DefaultLauncher.execute(DefaultLauncher.java:128)
	at org.apache.maven.surefire.junitplatform.JUnitPlatformProvider.invokeAllTests(JUnitPlatformProvider.java:150)
	at org.apache.maven.surefire.junitplatform.JUnitPlatformProvider.invoke(JUnitPlatformProvider.java:124)
	at org.apache.maven.surefire.booter.ForkedBooter.invokeProviderInSameClassLoader(ForkedBooter.java:384)
	at org.apache.maven.surefire.booter.ForkedBooter.runSuitesInProcess(ForkedBooter.java:345)
	at org.apache.maven.surefire.booter.ForkedBooter.execute(ForkedBooter.java:126)
	at org.apache.maven.surefire.booter.ForkedBooter.main(ForkedBooter.java:418)
]]></system-out>
  </testcase>
  <testcase name="testTransferToSameAccount" classname="com.moneytransfer.service.TransferServiceConcurrencyTest" time="0.007"/>
  <testcase name="testBidirectionalConcurrentTransfers" classname="com.moneytransfer.service.TransferServiceConcurrencyTest" time="0.044">
    <error message="org.opentest4j.AssertionFailedError: Transfer 2 failed: could not extract ResultSet; SQL [n/a]; nested exception is org.hibernate.exception.LockAcquisitionException: could not extract ResultSet" type="java.util.concurrent.CompletionException">java.util.concurrent.CompletionException: org.opentest4j.AssertionFailedError: Transfer 2 failed: could not extract ResultSet; SQL [n/a]; nested exception is org.hibernate.exception.LockAcquisitionException: could not extract ResultSet
	at com.moneytransfer.service.TransferServiceConcurrencyTest.lambda$testBidirectionalConcurrentTransfers$2(TransferServiceConcurrencyTest.java:174)
</error>
    <system-out><![CDATA[2025-08-03 20:21:43 - binding parameter [1] as [BIGINT] - [13]
2025-08-03 20:21:43 - binding parameter [2] as [BIGINT] - [0]
2025-08-03 20:21:43 - binding parameter [1] as [BIGINT] - [14]
2025-08-03 20:21:43 - binding parameter [2] as [BIGINT] - [0]
2025-08-03 20:21:43 - binding parameter [1] as [VARCHAR] - [Test User 1]
2025-08-03 20:21:43 - binding parameter [2] as [VARCHAR] - [TEST001234567890]
2025-08-03 20:21:43 - binding parameter [3] as [NUMERIC] - [1000.00]
2025-08-03 20:21:43 - binding parameter [4] as [TIMESTAMP] - [2025-08-03T20:21:43.717489]
2025-08-03 20:21:43 - binding parameter [5] as [VARCHAR] - [USD]
2025-08-03 20:21:43 - binding parameter [6] as [VARCHAR] - [ACTIVE]
2025-08-03 20:21:43 - binding parameter [7] as [TIMESTAMP] - [2025-08-03T20:21:43.717506]
2025-08-03 20:21:43 - binding parameter [8] as [VARCHAR] - [user1]
2025-08-03 20:21:43 - binding parameter [9] as [BIGINT] - [0]
2025-08-03 20:21:43 - binding parameter [1] as [VARCHAR] - [Test User 2]
2025-08-03 20:21:43 - binding parameter [2] as [VARCHAR] - [TEST002345678901]
2025-08-03 20:21:43 - binding parameter [3] as [NUMERIC] - [500.00]
2025-08-03 20:21:43 - binding parameter [4] as [TIMESTAMP] - [2025-08-03T20:21:43.718184]
2025-08-03 20:21:43 - binding parameter [5] as [VARCHAR] - [USD]
2025-08-03 20:21:43 - binding parameter [6] as [VARCHAR] - [ACTIVE]
2025-08-03 20:21:43 - binding parameter [7] as [TIMESTAMP] - [2025-08-03T20:21:43.718189]
2025-08-03 20:21:43 - binding parameter [8] as [VARCHAR] - [user2]
2025-08-03 20:21:43 - binding parameter [9] as [BIGINT] - [0]
2025-08-03 20:21:43 - Processing transfer request: TransferRequest{fromAccountNumber='TEST001234567890', toAccountNumber='TEST002345678901', amount=5.00, currency=USD, description='Bidirectional transfer test 0'}
2025-08-03 20:21:43 - Processing transfer request: TransferRequest{fromAccountNumber='TEST002345678901', toAccountNumber='TEST001234567890', amount=5.00, currency=USD, description='Bidirectional transfer test 0'}
2025-08-03 20:21:43 - Processing transfer request: TransferRequest{fromAccountNumber='TEST001234567890', toAccountNumber='TEST002345678901', amount=5.00, currency=USD, description='Bidirectional transfer test 1'}
2025-08-03 20:21:43 - Processing transfer request: TransferRequest{fromAccountNumber='TEST002345678901', toAccountNumber='TEST001234567890', amount=5.00, currency=USD, description='Bidirectional transfer test 1'}
2025-08-03 20:21:43 - Processing transfer request: TransferRequest{fromAccountNumber='TEST001234567890', toAccountNumber='TEST002345678901', amount=5.00, currency=USD, description='Bidirectional transfer test 2'}
2025-08-03 20:21:43 - binding parameter [1] as [VARCHAR] - [TEST001234567890]
2025-08-03 20:21:43 - binding parameter [1] as [VARCHAR] - [TEST002345678901]
2025-08-03 20:21:43 - binding parameter [1] as [VARCHAR] - [TEST002345678901]
2025-08-03 20:21:43 - binding parameter [1] as [VARCHAR] - [TEST001234567890]
2025-08-03 20:21:43 - binding parameter [1] as [VARCHAR] - [TEST001234567890]
2025-08-03 20:21:43 - binding parameter [1] as [VARCHAR] - [TEST002345678901]
2025-08-03 20:21:43 - binding parameter [1] as [VARCHAR] - [TEST001234567890]
2025-08-03 20:21:43 - SQL Error: 40001, SQLState: 40001
2025-08-03 20:21:43 - Deadlock detected. The current transaction was rolled back. Details: "ACCOUNTS"; SQL statement:
select account0_.id as id1_0_, account0_.account_holder_name as account_2_0_, account0_.account_number as account_3_0_, account0_.balance as balance4_0_, account0_.created_at as created_5_0_, account0_.currency as currency6_0_, account0_.status as status7_0_, account0_.updated_at as updated_8_0_, account0_.user_id as user_id9_0_, account0_.version as version10_0_ from accounts account0_ where account0_.account_number=? for update [40001-214]
2025-08-03 20:21:43 - Processing transfer request: TransferRequest{fromAccountNumber='TEST002345678901', toAccountNumber='TEST001234567890', amount=5.00, currency=USD, description='Bidirectional transfer test 2'}
2025-08-03 20:21:43 - binding parameter [1] as [VARCHAR] - [TEST001234567890]
2025-08-03 20:21:43 - binding parameter [1] as [VARCHAR] - [TEST002345678901]
2025-08-03 20:21:43 - SQL Error: 40001, SQLState: 40001
2025-08-03 20:21:43 - Deadlock detected. The current transaction was rolled back. Details: "ACCOUNTS"; SQL statement:
select account0_.id as id1_0_, account0_.account_holder_name as account_2_0_, account0_.account_number as account_3_0_, account0_.balance as balance4_0_, account0_.created_at as created_5_0_, account0_.currency as currency6_0_, account0_.status as status7_0_, account0_.updated_at as updated_8_0_, account0_.user_id as user_id9_0_, account0_.version as version10_0_ from accounts account0_ where account0_.account_number=? for update [40001-214]
2025-08-03 20:21:43 - Processing transfer request: TransferRequest{fromAccountNumber='TEST001234567890', toAccountNumber='TEST002345678901', amount=5.00, currency=USD, description='Bidirectional transfer test 3'}
2025-08-03 20:21:43 - binding parameter [1] as [VARCHAR] - [TEST001234567890]
2025-08-03 20:21:43 - binding parameter [1] as [VARCHAR] - [TEST001234567890]
2025-08-03 20:21:43 - SQL Error: 40001, SQLState: 40001
2025-08-03 20:21:43 - Deadlock detected. The current transaction was rolled back. Details: "ACCOUNTS"; SQL statement:
select account0_.id as id1_0_, account0_.account_holder_name as account_2_0_, account0_.account_number as account_3_0_, account0_.balance as balance4_0_, account0_.created_at as created_5_0_, account0_.currency as currency6_0_, account0_.status as status7_0_, account0_.updated_at as updated_8_0_, account0_.user_id as user_id9_0_, account0_.version as version10_0_ from accounts account0_ where account0_.account_number=? for update [40001-214]
2025-08-03 20:21:43 - Processing transfer request: TransferRequest{fromAccountNumber='TEST002345678901', toAccountNumber='TEST001234567890', amount=5.00, currency=USD, description='Bidirectional transfer test 3'}
2025-08-03 20:21:43 - binding parameter [1] as [VARCHAR] - [TEST002345678901]
2025-08-03 20:21:43 - binding parameter [1] as [NUMERIC] - [5.00]
2025-08-03 20:21:43 - binding parameter [2] as [TIMESTAMP] - [null]
2025-08-03 20:21:43 - binding parameter [3] as [TIMESTAMP] - [2025-08-03T20:21:43.727894]
2025-08-03 20:21:43 - binding parameter [4] as [VARCHAR] - [USD]
2025-08-03 20:21:43 - binding parameter [5] as [VARCHAR] - [Bidirectional transfer test 0]
2025-08-03 20:21:43 - binding parameter [6] as [VARCHAR] - [null]
2025-08-03 20:21:43 - binding parameter [7] as [BIGINT] - [15]
2025-08-03 20:21:43 - binding parameter [8] as [TIMESTAMP] - [null]
2025-08-03 20:21:43 - binding parameter [9] as [VARCHAR] - [PENDING]
2025-08-03 20:21:43 - binding parameter [10] as [BIGINT] - [16]
2025-08-03 20:21:43 - binding parameter [11] as [VARCHAR] - [TXN-2CEF9BC4BD274E09]
2025-08-03 20:21:43 - binding parameter [12] as [TIMESTAMP] - [2025-08-03T20:21:43.727901]
2025-08-03 20:21:43 - binding parameter [13] as [BIGINT] - [0]
2025-08-03 20:21:43 - Transfer completed successfully: TXN-2CEF9BC4BD274E09
2025-08-03 20:21:43 - binding parameter [1] as [VARCHAR] - [Test User 1]
2025-08-03 20:21:43 - binding parameter [2] as [VARCHAR] - [TEST001234567890]
2025-08-03 20:21:43 - binding parameter [3] as [NUMERIC] - [995.00]
2025-08-03 20:21:43 - binding parameter [4] as [VARCHAR] - [USD]
2025-08-03 20:21:43 - binding parameter [5] as [VARCHAR] - [ACTIVE]
2025-08-03 20:21:43 - binding parameter [6] as [TIMESTAMP] - [2025-08-03T20:21:43.728761]
2025-08-03 20:21:43 - binding parameter [7] as [VARCHAR] - [user1]
2025-08-03 20:21:43 - binding parameter [8] as [BIGINT] - [1]
2025-08-03 20:21:43 - binding parameter [9] as [BIGINT] - [15]
2025-08-03 20:21:43 - binding parameter [10] as [BIGINT] - [0]
2025-08-03 20:21:43 - binding parameter [1] as [VARCHAR] - [Test User 2]
2025-08-03 20:21:43 - binding parameter [2] as [VARCHAR] - [TEST002345678901]
2025-08-03 20:21:43 - binding parameter [3] as [NUMERIC] - [505.00]
2025-08-03 20:21:43 - binding parameter [4] as [VARCHAR] - [USD]
2025-08-03 20:21:43 - binding parameter [5] as [VARCHAR] - [ACTIVE]
2025-08-03 20:21:43 - binding parameter [6] as [TIMESTAMP] - [2025-08-03T20:21:43.729272]
2025-08-03 20:21:43 - binding parameter [7] as [VARCHAR] - [user2]
2025-08-03 20:21:43 - binding parameter [8] as [BIGINT] - [1]
2025-08-03 20:21:43 - binding parameter [9] as [BIGINT] - [16]
2025-08-03 20:21:43 - binding parameter [10] as [BIGINT] - [0]
2025-08-03 20:21:43 - binding parameter [1] as [NUMERIC] - [5.00]
2025-08-03 20:21:43 - binding parameter [2] as [TIMESTAMP] - [2025-08-03T20:21:43.728527]
2025-08-03 20:21:43 - binding parameter [3] as [VARCHAR] - [USD]
2025-08-03 20:21:43 - binding parameter [4] as [VARCHAR] - [Bidirectional transfer test 0]
2025-08-03 20:21:43 - binding parameter [5] as [VARCHAR] - [null]
2025-08-03 20:21:43 - binding parameter [6] as [BIGINT] - [15]
2025-08-03 20:21:43 - binding parameter [7] as [TIMESTAMP] - [2025-08-03T20:21:43.728397]
2025-08-03 20:21:43 - binding parameter [8] as [VARCHAR] - [COMPLETED]
2025-08-03 20:21:43 - binding parameter [9] as [BIGINT] - [16]
2025-08-03 20:21:43 - binding parameter [10] as [VARCHAR] - [TXN-2CEF9BC4BD274E09]
2025-08-03 20:21:43 - binding parameter [11] as [TIMESTAMP] - [2025-08-03T20:21:43.729466]
2025-08-03 20:21:43 - binding parameter [12] as [BIGINT] - [1]
2025-08-03 20:21:43 - binding parameter [13] as [BIGINT] - [52]
2025-08-03 20:21:43 - binding parameter [14] as [BIGINT] - [0]
2025-08-03 20:21:43 - Processing transfer request: TransferRequest{fromAccountNumber='TEST001234567890', toAccountNumber='TEST002345678901', amount=5.00, currency=USD, description='Bidirectional transfer test 4'}
2025-08-03 20:21:43 - binding parameter [1] as [VARCHAR] - [TEST001234567890]
2025-08-03 20:21:43 - binding parameter [1] as [VARCHAR] - [TEST001234567890]
2025-08-03 20:21:43 - binding parameter [1] as [VARCHAR] - [TEST002345678901]
2025-08-03 20:21:43 - SQL Error: 40001, SQLState: 40001
2025-08-03 20:21:43 - Deadlock detected. The current transaction was rolled back. Details: "ACCOUNTS"; SQL statement:
select account0_.id as id1_0_, account0_.account_holder_name as account_2_0_, account0_.account_number as account_3_0_, account0_.balance as balance4_0_, account0_.created_at as created_5_0_, account0_.currency as currency6_0_, account0_.status as status7_0_, account0_.updated_at as updated_8_0_, account0_.user_id as user_id9_0_, account0_.version as version10_0_ from accounts account0_ where account0_.account_number=? for update [40001-214]
2025-08-03 20:21:43 - Processing transfer request: TransferRequest{fromAccountNumber='TEST002345678901', toAccountNumber='TEST001234567890', amount=5.00, currency=USD, description='Bidirectional transfer test 4'}
2025-08-03 20:21:43 - binding parameter [1] as [NUMERIC] - [5.00]
2025-08-03 20:21:43 - binding parameter [2] as [TIMESTAMP] - [null]
2025-08-03 20:21:43 - binding parameter [3] as [TIMESTAMP] - [2025-08-03T20:21:43.732795]
2025-08-03 20:21:43 - binding parameter [4] as [VARCHAR] - [USD]
2025-08-03 20:21:43 - binding parameter [5] as [VARCHAR] - [Bidirectional transfer test 1]
2025-08-03 20:21:43 - binding parameter [6] as [VARCHAR] - [null]
2025-08-03 20:21:43 - binding parameter [7] as [BIGINT] - [15]
2025-08-03 20:21:43 - binding parameter [8] as [TIMESTAMP] - [null]
2025-08-03 20:21:43 - binding parameter [9] as [VARCHAR] - [PENDING]
2025-08-03 20:21:43 - binding parameter [10] as [BIGINT] - [16]
2025-08-03 20:21:43 - binding parameter [11] as [VARCHAR] - [TXN-A9427364BD9E4A1D]
2025-08-03 20:21:43 - binding parameter [12] as [TIMESTAMP] - [2025-08-03T20:21:43.732803]
2025-08-03 20:21:43 - binding parameter [13] as [BIGINT] - [0]
2025-08-03 20:21:43 - binding parameter [1] as [VARCHAR] - [TEST002345678901]
2025-08-03 20:21:43 - Transfer completed successfully: TXN-A9427364BD9E4A1D
2025-08-03 20:21:43 - binding parameter [1] as [VARCHAR] - [Test User 1]
2025-08-03 20:21:43 - binding parameter [2] as [VARCHAR] - [TEST001234567890]
2025-08-03 20:21:43 - binding parameter [3] as [NUMERIC] - [990.00]
2025-08-03 20:21:43 - binding parameter [4] as [VARCHAR] - [USD]
2025-08-03 20:21:43 - binding parameter [5] as [VARCHAR] - [ACTIVE]
2025-08-03 20:21:43 - binding parameter [6] as [TIMESTAMP] - [2025-08-03T20:21:43.733957]
2025-08-03 20:21:43 - binding parameter [7] as [VARCHAR] - [user1]
2025-08-03 20:21:43 - binding parameter [8] as [BIGINT] - [2]
2025-08-03 20:21:43 - binding parameter [9] as [BIGINT] - [15]
2025-08-03 20:21:43 - binding parameter [10] as [BIGINT] - [1]
2025-08-03 20:21:43 - binding parameter [1] as [VARCHAR] - [Test User 2]
2025-08-03 20:21:43 - binding parameter [2] as [VARCHAR] - [TEST002345678901]
2025-08-03 20:21:43 - binding parameter [3] as [NUMERIC] - [510.00]
2025-08-03 20:21:43 - binding parameter [4] as [VARCHAR] - [USD]
2025-08-03 20:21:43 - binding parameter [5] as [VARCHAR] - [ACTIVE]
2025-08-03 20:21:43 - binding parameter [6] as [TIMESTAMP] - [2025-08-03T20:21:43.734297]
2025-08-03 20:21:43 - binding parameter [7] as [VARCHAR] - [user2]
2025-08-03 20:21:43 - binding parameter [8] as [BIGINT] - [2]
2025-08-03 20:21:43 - binding parameter [9] as [BIGINT] - [16]
2025-08-03 20:21:43 - binding parameter [10] as [BIGINT] - [1]
2025-08-03 20:21:43 - binding parameter [1] as [NUMERIC] - [5.00]
2025-08-03 20:21:43 - binding parameter [2] as [TIMESTAMP] - [2025-08-03T20:21:43.733594]
2025-08-03 20:21:43 - binding parameter [3] as [VARCHAR] - [USD]
2025-08-03 20:21:43 - binding parameter [4] as [VARCHAR] - [Bidirectional transfer test 1]
2025-08-03 20:21:43 - binding parameter [5] as [VARCHAR] - [null]
2025-08-03 20:21:43 - binding parameter [6] as [BIGINT] - [15]
2025-08-03 20:21:43 - binding parameter [7] as [TIMESTAMP] - [2025-08-03T20:21:43.733432]
2025-08-03 20:21:43 - binding parameter [8] as [VARCHAR] - [COMPLETED]
2025-08-03 20:21:43 - binding parameter [9] as [BIGINT] - [16]
2025-08-03 20:21:43 - binding parameter [10] as [VARCHAR] - [TXN-A9427364BD9E4A1D]
2025-08-03 20:21:43 - binding parameter [11] as [TIMESTAMP] - [2025-08-03T20:21:43.734519]
2025-08-03 20:21:43 - binding parameter [12] as [BIGINT] - [1]
2025-08-03 20:21:43 - binding parameter [13] as [BIGINT] - [53]
2025-08-03 20:21:43 - binding parameter [14] as [BIGINT] - [0]
2025-08-03 20:21:43 - binding parameter [1] as [VARCHAR] - [TEST001234567890]
2025-08-03 20:21:43 - binding parameter [1] as [VARCHAR] - [TEST002345678901]
2025-08-03 20:21:43 - SQL Error: 40001, SQLState: 40001
2025-08-03 20:21:43 - Deadlock detected. The current transaction was rolled back. Details: "ACCOUNTS"; SQL statement:
select account0_.id as id1_0_, account0_.account_holder_name as account_2_0_, account0_.account_number as account_3_0_, account0_.balance as balance4_0_, account0_.created_at as created_5_0_, account0_.currency as currency6_0_, account0_.status as status7_0_, account0_.updated_at as updated_8_0_, account0_.user_id as user_id9_0_, account0_.version as version10_0_ from accounts account0_ where account0_.account_number=? for update [40001-214]
2025-08-03 20:21:43 - binding parameter [1] as [NUMERIC] - [5.00]
2025-08-03 20:21:43 - binding parameter [2] as [TIMESTAMP] - [null]
2025-08-03 20:21:43 - binding parameter [3] as [TIMESTAMP] - [2025-08-03T20:21:43.736947]
2025-08-03 20:21:43 - binding parameter [4] as [VARCHAR] - [USD]
2025-08-03 20:21:43 - binding parameter [5] as [VARCHAR] - [Bidirectional transfer test 4]
2025-08-03 20:21:43 - binding parameter [6] as [VARCHAR] - [null]
2025-08-03 20:21:43 - binding parameter [7] as [BIGINT] - [15]
2025-08-03 20:21:43 - binding parameter [8] as [TIMESTAMP] - [null]
2025-08-03 20:21:43 - binding parameter [9] as [VARCHAR] - [PENDING]
2025-08-03 20:21:43 - binding parameter [10] as [BIGINT] - [16]
2025-08-03 20:21:43 - binding parameter [11] as [VARCHAR] - [TXN-3FB0C33B7FE343EF]
2025-08-03 20:21:43 - binding parameter [12] as [TIMESTAMP] - [2025-08-03T20:21:43.736990]
2025-08-03 20:21:43 - binding parameter [13] as [BIGINT] - [0]
2025-08-03 20:21:43 - Transfer completed successfully: TXN-3FB0C33B7FE343EF
2025-08-03 20:21:43 - binding parameter [1] as [VARCHAR] - [Test User 1]
2025-08-03 20:21:43 - binding parameter [2] as [VARCHAR] - [TEST001234567890]
2025-08-03 20:21:43 - binding parameter [3] as [NUMERIC] - [985.00]
2025-08-03 20:21:43 - binding parameter [4] as [VARCHAR] - [USD]
2025-08-03 20:21:43 - binding parameter [5] as [VARCHAR] - [ACTIVE]
2025-08-03 20:21:43 - binding parameter [6] as [TIMESTAMP] - [2025-08-03T20:21:43.738348]
2025-08-03 20:21:43 - binding parameter [7] as [VARCHAR] - [user1]
2025-08-03 20:21:43 - binding parameter [8] as [BIGINT] - [3]
2025-08-03 20:21:43 - binding parameter [9] as [BIGINT] - [15]
2025-08-03 20:21:43 - binding parameter [10] as [BIGINT] - [2]
2025-08-03 20:21:43 - binding parameter [1] as [VARCHAR] - [Test User 2]
2025-08-03 20:21:43 - binding parameter [2] as [VARCHAR] - [TEST002345678901]
2025-08-03 20:21:43 - binding parameter [3] as [NUMERIC] - [515.00]
2025-08-03 20:21:43 - binding parameter [4] as [VARCHAR] - [USD]
2025-08-03 20:21:43 - binding parameter [5] as [VARCHAR] - [ACTIVE]
2025-08-03 20:21:43 - binding parameter [6] as [TIMESTAMP] - [2025-08-03T20:21:43.738726]
2025-08-03 20:21:43 - binding parameter [7] as [VARCHAR] - [user2]
2025-08-03 20:21:43 - binding parameter [8] as [BIGINT] - [3]
2025-08-03 20:21:43 - binding parameter [9] as [BIGINT] - [16]
2025-08-03 20:21:43 - binding parameter [10] as [BIGINT] - [2]
2025-08-03 20:21:43 - binding parameter [1] as [NUMERIC] - [5.00]
2025-08-03 20:21:43 - binding parameter [2] as [TIMESTAMP] - [2025-08-03T20:21:43.737811]
2025-08-03 20:21:43 - binding parameter [3] as [VARCHAR] - [USD]
2025-08-03 20:21:43 - binding parameter [4] as [VARCHAR] - [Bidirectional transfer test 4]
2025-08-03 20:21:43 - binding parameter [5] as [VARCHAR] - [null]
2025-08-03 20:21:43 - binding parameter [6] as [BIGINT] - [15]
2025-08-03 20:21:43 - binding parameter [7] as [TIMESTAMP] - [2025-08-03T20:21:43.737630]
2025-08-03 20:21:43 - binding parameter [8] as [VARCHAR] - [COMPLETED]
2025-08-03 20:21:43 - binding parameter [9] as [BIGINT] - [16]
2025-08-03 20:21:43 - binding parameter [10] as [VARCHAR] - [TXN-3FB0C33B7FE343EF]
2025-08-03 20:21:43 - binding parameter [11] as [TIMESTAMP] - [2025-08-03T20:21:43.746420]
2025-08-03 20:21:43 - binding parameter [12] as [BIGINT] - [1]
2025-08-03 20:21:43 - binding parameter [13] as [BIGINT] - [54]
2025-08-03 20:21:43 - binding parameter [14] as [BIGINT] - [0]
2025-08-03 20:21:43 - binding parameter [1] as [VARCHAR] - [TEST002345678901]
2025-08-03 20:21:43 - binding parameter [1] as [NUMERIC] - [5.00]
2025-08-03 20:21:43 - binding parameter [2] as [TIMESTAMP] - [null]
2025-08-03 20:21:43 - binding parameter [3] as [TIMESTAMP] - [2025-08-03T20:21:43.749167]
2025-08-03 20:21:43 - binding parameter [4] as [VARCHAR] - [USD]
2025-08-03 20:21:43 - binding parameter [5] as [VARCHAR] - [Bidirectional transfer test 3]
2025-08-03 20:21:43 - binding parameter [6] as [VARCHAR] - [null]
2025-08-03 20:21:43 - binding parameter [7] as [BIGINT] - [15]
2025-08-03 20:21:43 - binding parameter [8] as [TIMESTAMP] - [null]
2025-08-03 20:21:43 - binding parameter [9] as [VARCHAR] - [PENDING]
2025-08-03 20:21:43 - binding parameter [10] as [BIGINT] - [16]
2025-08-03 20:21:43 - binding parameter [11] as [VARCHAR] - [TXN-C28FC37D41104FA6]
2025-08-03 20:21:43 - binding parameter [12] as [TIMESTAMP] - [2025-08-03T20:21:43.749174]
2025-08-03 20:21:43 - binding parameter [13] as [BIGINT] - [0]
2025-08-03 20:21:43 - Transfer completed successfully: TXN-C28FC37D41104FA6
2025-08-03 20:21:43 - binding parameter [1] as [VARCHAR] - [Test User 1]
2025-08-03 20:21:43 - binding parameter [2] as [VARCHAR] - [TEST001234567890]
2025-08-03 20:21:43 - binding parameter [3] as [NUMERIC] - [980.00]
2025-08-03 20:21:43 - binding parameter [4] as [VARCHAR] - [USD]
2025-08-03 20:21:43 - binding parameter [5] as [VARCHAR] - [ACTIVE]
2025-08-03 20:21:43 - binding parameter [6] as [TIMESTAMP] - [2025-08-03T20:21:43.750185]
2025-08-03 20:21:43 - binding parameter [7] as [VARCHAR] - [user1]
2025-08-03 20:21:43 - binding parameter [8] as [BIGINT] - [4]
2025-08-03 20:21:43 - binding parameter [9] as [BIGINT] - [15]
2025-08-03 20:21:43 - binding parameter [10] as [BIGINT] - [3]
2025-08-03 20:21:43 - binding parameter [1] as [VARCHAR] - [Test User 2]
2025-08-03 20:21:43 - binding parameter [2] as [VARCHAR] - [TEST002345678901]
2025-08-03 20:21:43 - binding parameter [3] as [NUMERIC] - [520.00]
2025-08-03 20:21:43 - binding parameter [4] as [VARCHAR] - [USD]
2025-08-03 20:21:43 - binding parameter [5] as [VARCHAR] - [ACTIVE]
2025-08-03 20:21:43 - binding parameter [6] as [TIMESTAMP] - [2025-08-03T20:21:43.750729]
2025-08-03 20:21:43 - binding parameter [7] as [VARCHAR] - [user2]
2025-08-03 20:21:43 - binding parameter [8] as [BIGINT] - [4]
2025-08-03 20:21:43 - binding parameter [9] as [BIGINT] - [16]
2025-08-03 20:21:43 - binding parameter [10] as [BIGINT] - [3]
2025-08-03 20:21:43 - binding parameter [1] as [NUMERIC] - [5.00]
2025-08-03 20:21:43 - binding parameter [2] as [TIMESTAMP] - [2025-08-03T20:21:43.749911]
2025-08-03 20:21:43 - binding parameter [3] as [VARCHAR] - [USD]
2025-08-03 20:21:43 - binding parameter [4] as [VARCHAR] - [Bidirectional transfer test 3]
2025-08-03 20:21:43 - binding parameter [5] as [VARCHAR] - [null]
2025-08-03 20:21:43 - binding parameter [6] as [BIGINT] - [15]
2025-08-03 20:21:43 - binding parameter [7] as [TIMESTAMP] - [2025-08-03T20:21:43.749721]
2025-08-03 20:21:43 - binding parameter [8] as [VARCHAR] - [COMPLETED]
2025-08-03 20:21:43 - binding parameter [9] as [BIGINT] - [16]
2025-08-03 20:21:43 - binding parameter [10] as [VARCHAR] - [TXN-C28FC37D41104FA6]
2025-08-03 20:21:43 - binding parameter [11] as [TIMESTAMP] - [2025-08-03T20:21:43.750976]
2025-08-03 20:21:43 - binding parameter [12] as [BIGINT] - [1]
2025-08-03 20:21:43 - binding parameter [13] as [BIGINT] - [55]
2025-08-03 20:21:43 - binding parameter [14] as [BIGINT] - [0]
2025-08-03 20:21:43 - binding parameter [1] as [VARCHAR] - [TEST002345678901]
2025-08-03 20:21:43 - binding parameter [1] as [NUMERIC] - [5.00]
2025-08-03 20:21:43 - binding parameter [2] as [TIMESTAMP] - [null]
2025-08-03 20:21:43 - binding parameter [3] as [TIMESTAMP] - [2025-08-03T20:21:43.752659]
2025-08-03 20:21:43 - binding parameter [4] as [VARCHAR] - [USD]
2025-08-03 20:21:43 - binding parameter [5] as [VARCHAR] - [Bidirectional transfer test 2]
2025-08-03 20:21:43 - binding parameter [6] as [VARCHAR] - [null]
2025-08-03 20:21:43 - binding parameter [7] as [BIGINT] - [15]
2025-08-03 20:21:43 - binding parameter [8] as [TIMESTAMP] - [null]
2025-08-03 20:21:43 - binding parameter [9] as [VARCHAR] - [PENDING]
2025-08-03 20:21:43 - binding parameter [10] as [BIGINT] - [16]
2025-08-03 20:21:43 - binding parameter [11] as [VARCHAR] - [TXN-BB4C4ED1FCDE48AB]
2025-08-03 20:21:43 - binding parameter [12] as [TIMESTAMP] - [2025-08-03T20:21:43.752665]
2025-08-03 20:21:43 - binding parameter [13] as [BIGINT] - [0]
2025-08-03 20:21:43 - Transfer completed successfully: TXN-BB4C4ED1FCDE48AB
2025-08-03 20:21:43 - binding parameter [1] as [VARCHAR] - [Test User 1]
2025-08-03 20:21:43 - binding parameter [2] as [VARCHAR] - [TEST001234567890]
2025-08-03 20:21:43 - binding parameter [3] as [NUMERIC] - [975.00]
2025-08-03 20:21:43 - binding parameter [4] as [VARCHAR] - [USD]
2025-08-03 20:21:43 - binding parameter [5] as [VARCHAR] - [ACTIVE]
2025-08-03 20:21:43 - binding parameter [6] as [TIMESTAMP] - [2025-08-03T20:21:43.753592]
2025-08-03 20:21:43 - binding parameter [7] as [VARCHAR] - [user1]
2025-08-03 20:21:43 - binding parameter [8] as [BIGINT] - [5]
2025-08-03 20:21:43 - binding parameter [9] as [BIGINT] - [15]
2025-08-03 20:21:43 - binding parameter [10] as [BIGINT] - [4]
2025-08-03 20:21:43 - binding parameter [1] as [VARCHAR] - [Test User 2]
2025-08-03 20:21:43 - binding parameter [2] as [VARCHAR] - [TEST002345678901]
2025-08-03 20:21:43 - binding parameter [3] as [NUMERIC] - [525.00]
2025-08-03 20:21:43 - binding parameter [4] as [VARCHAR] - [USD]
2025-08-03 20:21:43 - binding parameter [5] as [VARCHAR] - [ACTIVE]
2025-08-03 20:21:43 - binding parameter [6] as [TIMESTAMP] - [2025-08-03T20:21:43.754156]
2025-08-03 20:21:43 - binding parameter [7] as [VARCHAR] - [user2]
2025-08-03 20:21:43 - binding parameter [8] as [BIGINT] - [5]
2025-08-03 20:21:43 - binding parameter [9] as [BIGINT] - [16]
2025-08-03 20:21:43 - binding parameter [10] as [BIGINT] - [4]
2025-08-03 20:21:43 - binding parameter [1] as [NUMERIC] - [5.00]
2025-08-03 20:21:43 - binding parameter [2] as [TIMESTAMP] - [2025-08-03T20:21:43.753377]
2025-08-03 20:21:43 - binding parameter [3] as [VARCHAR] - [USD]
2025-08-03 20:21:43 - binding parameter [4] as [VARCHAR] - [Bidirectional transfer test 2]
2025-08-03 20:21:43 - binding parameter [5] as [VARCHAR] - [null]
2025-08-03 20:21:43 - binding parameter [6] as [BIGINT] - [15]
2025-08-03 20:21:43 - binding parameter [7] as [TIMESTAMP] - [2025-08-03T20:21:43.753235]
2025-08-03 20:21:43 - binding parameter [8] as [VARCHAR] - [COMPLETED]
2025-08-03 20:21:43 - binding parameter [9] as [BIGINT] - [16]
2025-08-03 20:21:43 - binding parameter [10] as [VARCHAR] - [TXN-BB4C4ED1FCDE48AB]
2025-08-03 20:21:43 - binding parameter [11] as [TIMESTAMP] - [2025-08-03T20:21:43.754410]
2025-08-03 20:21:43 - binding parameter [12] as [BIGINT] - [1]
2025-08-03 20:21:43 - binding parameter [13] as [BIGINT] - [56]
2025-08-03 20:21:43 - binding parameter [14] as [BIGINT] - [0]
]]></system-out>
  </testcase>
  <testcase name="testConcurrentInsufficientFunds" classname="com.moneytransfer.service.TransferServiceConcurrencyTest" time="0.047">
    <error message="no transaction is in progress; nested exception is javax.persistence.TransactionRequiredException: no transaction is in progress" type="org.springframework.dao.InvalidDataAccessApiUsageException">org.springframework.dao.InvalidDataAccessApiUsageException: no transaction is in progress; nested exception is javax.persistence.TransactionRequiredException: no transaction is in progress
	at com.moneytransfer.service.TransferServiceConcurrencyTest.testConcurrentInsufficientFunds(TransferServiceConcurrencyTest.java:282)
Caused by: javax.persistence.TransactionRequiredException: no transaction is in progress
	at com.moneytransfer.service.TransferServiceConcurrencyTest.testConcurrentInsufficientFunds(TransferServiceConcurrencyTest.java:282)
</error>
    <system-out><![CDATA[2025-08-03 20:21:43 - binding parameter [1] as [BIGINT] - [52]
2025-08-03 20:21:43 - binding parameter [2] as [BIGINT] - [1]
2025-08-03 20:21:43 - binding parameter [1] as [BIGINT] - [53]
2025-08-03 20:21:43 - binding parameter [2] as [BIGINT] - [1]
2025-08-03 20:21:43 - binding parameter [1] as [BIGINT] - [54]
2025-08-03 20:21:43 - binding parameter [2] as [BIGINT] - [1]
2025-08-03 20:21:43 - binding parameter [1] as [BIGINT] - [55]
2025-08-03 20:21:43 - binding parameter [2] as [BIGINT] - [1]
2025-08-03 20:21:43 - binding parameter [1] as [BIGINT] - [56]
2025-08-03 20:21:43 - binding parameter [2] as [BIGINT] - [1]
2025-08-03 20:21:43 - binding parameter [1] as [BIGINT] - [15]
2025-08-03 20:21:43 - binding parameter [2] as [BIGINT] - [5]
2025-08-03 20:21:43 - binding parameter [1] as [BIGINT] - [16]
2025-08-03 20:21:43 - binding parameter [2] as [BIGINT] - [5]
2025-08-03 20:21:43 - binding parameter [1] as [VARCHAR] - [Test User 1]
2025-08-03 20:21:43 - binding parameter [2] as [VARCHAR] - [TEST001234567890]
2025-08-03 20:21:43 - binding parameter [3] as [NUMERIC] - [1000.00]
2025-08-03 20:21:43 - binding parameter [4] as [TIMESTAMP] - [2025-08-03T20:21:43.761542]
2025-08-03 20:21:43 - binding parameter [5] as [VARCHAR] - [USD]
2025-08-03 20:21:43 - binding parameter [6] as [VARCHAR] - [ACTIVE]
2025-08-03 20:21:43 - binding parameter [7] as [TIMESTAMP] - [2025-08-03T20:21:43.761550]
2025-08-03 20:21:43 - binding parameter [8] as [VARCHAR] - [user1]
2025-08-03 20:21:43 - binding parameter [9] as [BIGINT] - [0]
2025-08-03 20:21:43 - binding parameter [1] as [VARCHAR] - [Test User 2]
2025-08-03 20:21:43 - binding parameter [2] as [VARCHAR] - [TEST002345678901]
2025-08-03 20:21:43 - binding parameter [3] as [NUMERIC] - [500.00]
2025-08-03 20:21:43 - binding parameter [4] as [TIMESTAMP] - [2025-08-03T20:21:43.762198]
2025-08-03 20:21:43 - binding parameter [5] as [VARCHAR] - [USD]
2025-08-03 20:21:43 - binding parameter [6] as [VARCHAR] - [ACTIVE]
2025-08-03 20:21:43 - binding parameter [7] as [TIMESTAMP] - [2025-08-03T20:21:43.762203]
2025-08-03 20:21:43 - binding parameter [8] as [VARCHAR] - [user2]
2025-08-03 20:21:43 - binding parameter [9] as [BIGINT] - [0]
2025-08-03 20:21:43 - Processing transfer request: TransferRequest{fromAccountNumber='TEST002345678901', toAccountNumber='TEST001234567890', amount=100.00, currency=USD, description='Concurrent insufficient funds test'}
2025-08-03 20:21:43 - Processing transfer request: TransferRequest{fromAccountNumber='TEST002345678901', toAccountNumber='TEST001234567890', amount=100.00, currency=USD, description='Concurrent insufficient funds test'}
2025-08-03 20:21:43 - Processing transfer request: TransferRequest{fromAccountNumber='TEST002345678901', toAccountNumber='TEST001234567890', amount=100.00, currency=USD, description='Concurrent insufficient funds test'}
2025-08-03 20:21:43 - binding parameter [1] as [VARCHAR] - [TEST002345678901]
2025-08-03 20:21:43 - binding parameter [1] as [VARCHAR] - [TEST002345678901]
2025-08-03 20:21:43 - binding parameter [1] as [VARCHAR] - [TEST002345678901]
2025-08-03 20:21:43 - binding parameter [1] as [VARCHAR] - [TEST001234567890]
2025-08-03 20:21:43 - Processing transfer request: TransferRequest{fromAccountNumber='TEST002345678901', toAccountNumber='TEST001234567890', amount=100.00, currency=USD, description='Concurrent insufficient funds test'}
2025-08-03 20:21:43 - binding parameter [1] as [NUMERIC] - [100.00]
2025-08-03 20:21:43 - binding parameter [2] as [TIMESTAMP] - [null]
2025-08-03 20:21:43 - binding parameter [3] as [TIMESTAMP] - [2025-08-03T20:21:43.765266]
2025-08-03 20:21:43 - binding parameter [4] as [VARCHAR] - [USD]
2025-08-03 20:21:43 - binding parameter [5] as [VARCHAR] - [Concurrent insufficient funds test]
2025-08-03 20:21:43 - binding parameter [6] as [VARCHAR] - [null]
2025-08-03 20:21:43 - binding parameter [7] as [BIGINT] - [18]
2025-08-03 20:21:43 - binding parameter [8] as [TIMESTAMP] - [null]
2025-08-03 20:21:43 - binding parameter [9] as [VARCHAR] - [PENDING]
2025-08-03 20:21:43 - binding parameter [10] as [BIGINT] - [17]
2025-08-03 20:21:43 - binding parameter [11] as [VARCHAR] - [TXN-609C9BC806A74410]
2025-08-03 20:21:43 - binding parameter [12] as [TIMESTAMP] - [2025-08-03T20:21:43.765316]
2025-08-03 20:21:43 - binding parameter [13] as [BIGINT] - [0]
2025-08-03 20:21:43 - Processing transfer request: TransferRequest{fromAccountNumber='TEST002345678901', toAccountNumber='TEST001234567890', amount=100.00, currency=USD, description='Concurrent insufficient funds test'}
2025-08-03 20:21:43 - binding parameter [1] as [VARCHAR] - [TEST002345678901]
2025-08-03 20:21:43 - binding parameter [1] as [VARCHAR] - [TEST002345678901]
2025-08-03 20:21:43 - Processing transfer request: TransferRequest{fromAccountNumber='TEST002345678901', toAccountNumber='TEST001234567890', amount=100.00, currency=USD, description='Concurrent insufficient funds test'}
2025-08-03 20:21:43 - Transfer completed successfully: TXN-609C9BC806A74410
2025-08-03 20:21:43 - binding parameter [1] as [VARCHAR] - [TEST002345678901]
2025-08-03 20:21:43 - binding parameter [1] as [VARCHAR] - [Test User 2]
2025-08-03 20:21:43 - binding parameter [2] as [VARCHAR] - [TEST002345678901]
2025-08-03 20:21:43 - binding parameter [3] as [NUMERIC] - [400.00]
2025-08-03 20:21:43 - Processing transfer request: TransferRequest{fromAccountNumber='TEST002345678901', toAccountNumber='TEST001234567890', amount=100.00, currency=USD, description='Concurrent insufficient funds test'}
2025-08-03 20:21:43 - binding parameter [4] as [VARCHAR] - [USD]
2025-08-03 20:21:43 - binding parameter [5] as [VARCHAR] - [ACTIVE]
2025-08-03 20:21:43 - binding parameter [6] as [TIMESTAMP] - [2025-08-03T20:21:43.769583]
2025-08-03 20:21:43 - binding parameter [7] as [VARCHAR] - [user2]
2025-08-03 20:21:43 - binding parameter [8] as [BIGINT] - [1]
2025-08-03 20:21:43 - binding parameter [9] as [BIGINT] - [18]
2025-08-03 20:21:43 - binding parameter [10] as [BIGINT] - [0]
2025-08-03 20:21:43 - binding parameter [1] as [VARCHAR] - [TEST002345678901]
2025-08-03 20:21:43 - binding parameter [1] as [VARCHAR] - [Test User 1]
2025-08-03 20:21:43 - binding parameter [2] as [VARCHAR] - [TEST001234567890]
2025-08-03 20:21:43 - binding parameter [3] as [NUMERIC] - [1100.00]
2025-08-03 20:21:43 - binding parameter [4] as [VARCHAR] - [USD]
2025-08-03 20:21:43 - binding parameter [5] as [VARCHAR] - [ACTIVE]
2025-08-03 20:21:43 - binding parameter [6] as [TIMESTAMP] - [2025-08-03T20:21:43.771038]
2025-08-03 20:21:43 - binding parameter [7] as [VARCHAR] - [user1]
2025-08-03 20:21:43 - binding parameter [8] as [BIGINT] - [1]
2025-08-03 20:21:43 - binding parameter [9] as [BIGINT] - [17]
2025-08-03 20:21:43 - binding parameter [10] as [BIGINT] - [0]
2025-08-03 20:21:43 - binding parameter [1] as [NUMERIC] - [100.00]
2025-08-03 20:21:43 - binding parameter [2] as [TIMESTAMP] - [2025-08-03T20:21:43.766601]
2025-08-03 20:21:43 - binding parameter [3] as [VARCHAR] - [USD]
2025-08-03 20:21:43 - binding parameter [4] as [VARCHAR] - [Concurrent insufficient funds test]
2025-08-03 20:21:43 - binding parameter [5] as [VARCHAR] - [null]
2025-08-03 20:21:43 - binding parameter [6] as [BIGINT] - [18]
2025-08-03 20:21:43 - binding parameter [7] as [TIMESTAMP] - [2025-08-03T20:21:43.766133]
2025-08-03 20:21:43 - binding parameter [8] as [VARCHAR] - [COMPLETED]
2025-08-03 20:21:43 - binding parameter [9] as [BIGINT] - [17]
2025-08-03 20:21:43 - binding parameter [10] as [VARCHAR] - [TXN-609C9BC806A74410]
2025-08-03 20:21:43 - binding parameter [11] as [TIMESTAMP] - [2025-08-03T20:21:43.771398]
2025-08-03 20:21:43 - binding parameter [12] as [BIGINT] - [1]
2025-08-03 20:21:43 - binding parameter [13] as [BIGINT] - [57]
2025-08-03 20:21:43 - binding parameter [14] as [BIGINT] - [0]
2025-08-03 20:21:43 - Processing transfer request: TransferRequest{fromAccountNumber='TEST002345678901', toAccountNumber='TEST001234567890', amount=100.00, currency=USD, description='Concurrent insufficient funds test'}
2025-08-03 20:21:43 - binding parameter [1] as [VARCHAR] - [TEST001234567890]
2025-08-03 20:21:43 - binding parameter [1] as [NUMERIC] - [100.00]
2025-08-03 20:21:43 - binding parameter [2] as [TIMESTAMP] - [null]
2025-08-03 20:21:43 - binding parameter [3] as [TIMESTAMP] - [2025-08-03T20:21:43.775459]
2025-08-03 20:21:43 - binding parameter [4] as [VARCHAR] - [USD]
2025-08-03 20:21:43 - binding parameter [5] as [VARCHAR] - [Concurrent insufficient funds test]
2025-08-03 20:21:43 - binding parameter [6] as [VARCHAR] - [null]
2025-08-03 20:21:43 - binding parameter [7] as [BIGINT] - [18]
2025-08-03 20:21:43 - binding parameter [8] as [TIMESTAMP] - [null]
2025-08-03 20:21:43 - binding parameter [9] as [VARCHAR] - [PENDING]
2025-08-03 20:21:43 - binding parameter [10] as [BIGINT] - [17]
2025-08-03 20:21:43 - binding parameter [11] as [VARCHAR] - [TXN-0299D10C25424294]
2025-08-03 20:21:43 - binding parameter [12] as [TIMESTAMP] - [2025-08-03T20:21:43.775467]
2025-08-03 20:21:43 - binding parameter [13] as [BIGINT] - [0]
2025-08-03 20:21:43 - Transfer completed successfully: TXN-0299D10C25424294
2025-08-03 20:21:43 - binding parameter [1] as [VARCHAR] - [Test User 2]
2025-08-03 20:21:43 - binding parameter [2] as [VARCHAR] - [TEST002345678901]
2025-08-03 20:21:43 - binding parameter [3] as [NUMERIC] - [300.00]
2025-08-03 20:21:43 - binding parameter [4] as [VARCHAR] - [USD]
2025-08-03 20:21:43 - binding parameter [5] as [VARCHAR] - [ACTIVE]
2025-08-03 20:21:43 - binding parameter [6] as [TIMESTAMP] - [2025-08-03T20:21:43.776270]
2025-08-03 20:21:43 - binding parameter [7] as [VARCHAR] - [user2]
2025-08-03 20:21:43 - binding parameter [8] as [BIGINT] - [2]
2025-08-03 20:21:43 - binding parameter [9] as [BIGINT] - [18]
2025-08-03 20:21:43 - binding parameter [10] as [BIGINT] - [1]
2025-08-03 20:21:43 - binding parameter [1] as [VARCHAR] - [Test User 1]
2025-08-03 20:21:43 - binding parameter [2] as [VARCHAR] - [TEST001234567890]
2025-08-03 20:21:43 - binding parameter [3] as [NUMERIC] - [1200.00]
2025-08-03 20:21:43 - binding parameter [4] as [VARCHAR] - [USD]
2025-08-03 20:21:43 - binding parameter [5] as [VARCHAR] - [ACTIVE]
2025-08-03 20:21:43 - binding parameter [6] as [TIMESTAMP] - [2025-08-03T20:21:43.776538]
2025-08-03 20:21:43 - binding parameter [7] as [VARCHAR] - [user1]
2025-08-03 20:21:43 - binding parameter [8] as [BIGINT] - [2]
2025-08-03 20:21:43 - binding parameter [9] as [BIGINT] - [17]
2025-08-03 20:21:43 - binding parameter [10] as [BIGINT] - [1]
2025-08-03 20:21:43 - binding parameter [1] as [NUMERIC] - [100.00]
2025-08-03 20:21:43 - binding parameter [2] as [TIMESTAMP] - [2025-08-03T20:21:43.776051]
2025-08-03 20:21:43 - binding parameter [3] as [VARCHAR] - [USD]
2025-08-03 20:21:43 - binding parameter [4] as [VARCHAR] - [Concurrent insufficient funds test]
2025-08-03 20:21:43 - binding parameter [5] as [VARCHAR] - [null]
2025-08-03 20:21:43 - binding parameter [6] as [BIGINT] - [18]
2025-08-03 20:21:43 - binding parameter [7] as [TIMESTAMP] - [2025-08-03T20:21:43.775930]
2025-08-03 20:21:43 - binding parameter [8] as [VARCHAR] - [COMPLETED]
2025-08-03 20:21:43 - binding parameter [9] as [BIGINT] - [17]
2025-08-03 20:21:43 - binding parameter [10] as [VARCHAR] - [TXN-0299D10C25424294]
2025-08-03 20:21:43 - binding parameter [11] as [TIMESTAMP] - [2025-08-03T20:21:43.776732]
2025-08-03 20:21:43 - binding parameter [12] as [BIGINT] - [1]
2025-08-03 20:21:43 - binding parameter [13] as [BIGINT] - [58]
2025-08-03 20:21:43 - binding parameter [14] as [BIGINT] - [0]
2025-08-03 20:21:43 - binding parameter [1] as [VARCHAR] - [TEST002345678901]
2025-08-03 20:21:43 - Processing transfer request: TransferRequest{fromAccountNumber='TEST002345678901', toAccountNumber='TEST001234567890', amount=100.00, currency=USD, description='Concurrent insufficient funds test'}
2025-08-03 20:21:43 - binding parameter [1] as [VARCHAR] - [TEST001234567890]
2025-08-03 20:21:43 - binding parameter [1] as [VARCHAR] - [TEST002345678901]
2025-08-03 20:21:43 - Processing transfer request: TransferRequest{fromAccountNumber='TEST002345678901', toAccountNumber='TEST001234567890', amount=100.00, currency=USD, description='Concurrent insufficient funds test'}
2025-08-03 20:21:43 - binding parameter [1] as [NUMERIC] - [100.00]
2025-08-03 20:21:43 - binding parameter [2] as [TIMESTAMP] - [null]
2025-08-03 20:21:43 - binding parameter [3] as [TIMESTAMP] - [2025-08-03T20:21:43.779903]
2025-08-03 20:21:43 - binding parameter [4] as [VARCHAR] - [USD]
2025-08-03 20:21:43 - binding parameter [5] as [VARCHAR] - [Concurrent insufficient funds test]
2025-08-03 20:21:43 - binding parameter [6] as [VARCHAR] - [null]
2025-08-03 20:21:43 - binding parameter [7] as [BIGINT] - [18]
2025-08-03 20:21:43 - binding parameter [8] as [TIMESTAMP] - [null]
2025-08-03 20:21:43 - binding parameter [9] as [VARCHAR] - [PENDING]
2025-08-03 20:21:43 - binding parameter [10] as [BIGINT] - [17]
2025-08-03 20:21:43 - binding parameter [11] as [VARCHAR] - [TXN-D59452E549AC45B5]
2025-08-03 20:21:43 - binding parameter [12] as [TIMESTAMP] - [2025-08-03T20:21:43.779911]
2025-08-03 20:21:43 - binding parameter [13] as [BIGINT] - [0]
2025-08-03 20:21:43 - binding parameter [1] as [VARCHAR] - [TEST002345678901]
2025-08-03 20:21:43 - Transfer completed successfully: TXN-D59452E549AC45B5
2025-08-03 20:21:43 - binding parameter [1] as [VARCHAR] - [Test User 2]
2025-08-03 20:21:43 - binding parameter [2] as [VARCHAR] - [TEST002345678901]
2025-08-03 20:21:43 - binding parameter [3] as [NUMERIC] - [200.00]
2025-08-03 20:21:43 - binding parameter [4] as [VARCHAR] - [USD]
2025-08-03 20:21:43 - binding parameter [5] as [VARCHAR] - [ACTIVE]
2025-08-03 20:21:43 - binding parameter [6] as [TIMESTAMP] - [2025-08-03T20:21:43.780807]
2025-08-03 20:21:43 - binding parameter [7] as [VARCHAR] - [user2]
2025-08-03 20:21:43 - binding parameter [8] as [BIGINT] - [3]
2025-08-03 20:21:43 - binding parameter [9] as [BIGINT] - [18]
2025-08-03 20:21:43 - binding parameter [10] as [BIGINT] - [2]
2025-08-03 20:21:43 - binding parameter [1] as [VARCHAR] - [Test User 1]
2025-08-03 20:21:43 - binding parameter [2] as [VARCHAR] - [TEST001234567890]
2025-08-03 20:21:43 - binding parameter [3] as [NUMERIC] - [1300.00]
2025-08-03 20:21:43 - binding parameter [4] as [VARCHAR] - [USD]
2025-08-03 20:21:43 - binding parameter [5] as [VARCHAR] - [ACTIVE]
2025-08-03 20:21:43 - binding parameter [6] as [TIMESTAMP] - [2025-08-03T20:21:43.781045]
2025-08-03 20:21:43 - binding parameter [7] as [VARCHAR] - [user1]
2025-08-03 20:21:43 - binding parameter [8] as [BIGINT] - [3]
2025-08-03 20:21:43 - binding parameter [9] as [BIGINT] - [17]
2025-08-03 20:21:43 - binding parameter [10] as [BIGINT] - [2]
2025-08-03 20:21:43 - binding parameter [1] as [NUMERIC] - [100.00]
2025-08-03 20:21:43 - binding parameter [2] as [TIMESTAMP] - [2025-08-03T20:21:43.780608]
2025-08-03 20:21:43 - binding parameter [3] as [VARCHAR] - [USD]
2025-08-03 20:21:43 - binding parameter [4] as [VARCHAR] - [Concurrent insufficient funds test]
2025-08-03 20:21:43 - binding parameter [5] as [VARCHAR] - [null]
2025-08-03 20:21:43 - binding parameter [6] as [BIGINT] - [18]
2025-08-03 20:21:43 - binding parameter [7] as [TIMESTAMP] - [2025-08-03T20:21:43.780490]
2025-08-03 20:21:43 - binding parameter [8] as [VARCHAR] - [COMPLETED]
2025-08-03 20:21:43 - binding parameter [9] as [BIGINT] - [17]
2025-08-03 20:21:43 - binding parameter [10] as [VARCHAR] - [TXN-D59452E549AC45B5]
2025-08-03 20:21:43 - binding parameter [11] as [TIMESTAMP] - [2025-08-03T20:21:43.781253]
2025-08-03 20:21:43 - binding parameter [12] as [BIGINT] - [1]
2025-08-03 20:21:43 - binding parameter [13] as [BIGINT] - [59]
2025-08-03 20:21:43 - binding parameter [14] as [BIGINT] - [0]
2025-08-03 20:21:43 - binding parameter [1] as [VARCHAR] - [TEST001234567890]
2025-08-03 20:21:43 - binding parameter [1] as [NUMERIC] - [100.00]
2025-08-03 20:21:43 - binding parameter [2] as [TIMESTAMP] - [null]
2025-08-03 20:21:43 - binding parameter [3] as [TIMESTAMP] - [2025-08-03T20:21:43.783475]
2025-08-03 20:21:43 - binding parameter [4] as [VARCHAR] - [USD]
2025-08-03 20:21:43 - binding parameter [5] as [VARCHAR] - [Concurrent insufficient funds test]
2025-08-03 20:21:43 - binding parameter [6] as [VARCHAR] - [null]
2025-08-03 20:21:43 - binding parameter [7] as [BIGINT] - [18]
2025-08-03 20:21:43 - binding parameter [8] as [TIMESTAMP] - [null]
2025-08-03 20:21:43 - binding parameter [9] as [VARCHAR] - [PENDING]
2025-08-03 20:21:43 - binding parameter [10] as [BIGINT] - [17]
2025-08-03 20:21:43 - binding parameter [11] as [VARCHAR] - [TXN-E1E532FE4B314505]
2025-08-03 20:21:43 - binding parameter [12] as [TIMESTAMP] - [2025-08-03T20:21:43.783482]
2025-08-03 20:21:43 - binding parameter [13] as [BIGINT] - [0]
2025-08-03 20:21:43 - Transfer completed successfully: TXN-E1E532FE4B314505
2025-08-03 20:21:43 - binding parameter [1] as [VARCHAR] - [Test User 2]
2025-08-03 20:21:43 - binding parameter [2] as [VARCHAR] - [TEST002345678901]
2025-08-03 20:21:43 - binding parameter [3] as [NUMERIC] - [100.00]
2025-08-03 20:21:43 - binding parameter [4] as [VARCHAR] - [USD]
2025-08-03 20:21:43 - binding parameter [5] as [VARCHAR] - [ACTIVE]
2025-08-03 20:21:43 - binding parameter [6] as [TIMESTAMP] - [2025-08-03T20:21:43.784238]
2025-08-03 20:21:43 - binding parameter [7] as [VARCHAR] - [user2]
2025-08-03 20:21:43 - binding parameter [8] as [BIGINT] - [4]
2025-08-03 20:21:43 - binding parameter [9] as [BIGINT] - [18]
2025-08-03 20:21:43 - binding parameter [10] as [BIGINT] - [3]
2025-08-03 20:21:43 - binding parameter [1] as [VARCHAR] - [Test User 1]
2025-08-03 20:21:43 - binding parameter [2] as [VARCHAR] - [TEST001234567890]
2025-08-03 20:21:43 - binding parameter [3] as [NUMERIC] - [1400.00]
2025-08-03 20:21:43 - binding parameter [4] as [VARCHAR] - [USD]
2025-08-03 20:21:43 - binding parameter [5] as [VARCHAR] - [ACTIVE]
2025-08-03 20:21:43 - binding parameter [6] as [TIMESTAMP] - [2025-08-03T20:21:43.784460]
2025-08-03 20:21:43 - binding parameter [7] as [VARCHAR] - [user1]
2025-08-03 20:21:43 - binding parameter [8] as [BIGINT] - [4]
2025-08-03 20:21:43 - binding parameter [9] as [BIGINT] - [17]
2025-08-03 20:21:43 - binding parameter [10] as [BIGINT] - [3]
2025-08-03 20:21:43 - binding parameter [1] as [NUMERIC] - [100.00]
2025-08-03 20:21:43 - binding parameter [2] as [TIMESTAMP] - [2025-08-03T20:21:43.784036]
2025-08-03 20:21:43 - binding parameter [3] as [VARCHAR] - [USD]
2025-08-03 20:21:43 - binding parameter [4] as [VARCHAR] - [Concurrent insufficient funds test]
2025-08-03 20:21:43 - binding parameter [5] as [VARCHAR] - [null]
2025-08-03 20:21:43 - binding parameter [6] as [BIGINT] - [18]
2025-08-03 20:21:43 - binding parameter [7] as [TIMESTAMP] - [2025-08-03T20:21:43.783903]
2025-08-03 20:21:43 - binding parameter [8] as [VARCHAR] - [COMPLETED]
2025-08-03 20:21:43 - binding parameter [9] as [BIGINT] - [17]
2025-08-03 20:21:43 - binding parameter [10] as [VARCHAR] - [TXN-E1E532FE4B314505]
2025-08-03 20:21:43 - binding parameter [11] as [TIMESTAMP] - [2025-08-03T20:21:43.784625]
2025-08-03 20:21:43 - binding parameter [12] as [BIGINT] - [1]
2025-08-03 20:21:43 - binding parameter [13] as [BIGINT] - [60]
2025-08-03 20:21:43 - binding parameter [14] as [BIGINT] - [0]
2025-08-03 20:21:43 - binding parameter [1] as [VARCHAR] - [TEST001234567890]
2025-08-03 20:21:43 - binding parameter [1] as [NUMERIC] - [100.00]
2025-08-03 20:21:43 - binding parameter [2] as [TIMESTAMP] - [null]
2025-08-03 20:21:43 - binding parameter [3] as [TIMESTAMP] - [2025-08-03T20:21:43.786068]
2025-08-03 20:21:43 - binding parameter [4] as [VARCHAR] - [USD]
2025-08-03 20:21:43 - binding parameter [5] as [VARCHAR] - [Concurrent insufficient funds test]
2025-08-03 20:21:43 - binding parameter [6] as [VARCHAR] - [null]
2025-08-03 20:21:43 - binding parameter [7] as [BIGINT] - [18]
2025-08-03 20:21:43 - binding parameter [8] as [TIMESTAMP] - [null]
2025-08-03 20:21:43 - binding parameter [9] as [VARCHAR] - [PENDING]
2025-08-03 20:21:43 - binding parameter [10] as [BIGINT] - [17]
2025-08-03 20:21:43 - binding parameter [11] as [VARCHAR] - [TXN-D96863C2319B4716]
2025-08-03 20:21:43 - binding parameter [12] as [TIMESTAMP] - [2025-08-03T20:21:43.786075]
2025-08-03 20:21:43 - binding parameter [13] as [BIGINT] - [0]
2025-08-03 20:21:43 - Transfer completed successfully: TXN-D96863C2319B4716
2025-08-03 20:21:43 - binding parameter [1] as [VARCHAR] - [Test User 2]
2025-08-03 20:21:43 - binding parameter [2] as [VARCHAR] - [TEST002345678901]
2025-08-03 20:21:43 - binding parameter [3] as [NUMERIC] - [0.00]
2025-08-03 20:21:43 - binding parameter [4] as [VARCHAR] - [USD]
2025-08-03 20:21:43 - binding parameter [5] as [VARCHAR] - [ACTIVE]
2025-08-03 20:21:43 - binding parameter [6] as [TIMESTAMP] - [2025-08-03T20:21:43.787121]
2025-08-03 20:21:43 - binding parameter [7] as [VARCHAR] - [user2]
2025-08-03 20:21:43 - binding parameter [8] as [BIGINT] - [5]
2025-08-03 20:21:43 - binding parameter [9] as [BIGINT] - [18]
2025-08-03 20:21:43 - binding parameter [10] as [BIGINT] - [4]
2025-08-03 20:21:43 - binding parameter [1] as [VARCHAR] - [Test User 1]
2025-08-03 20:21:43 - binding parameter [2] as [VARCHAR] - [TEST001234567890]
2025-08-03 20:21:43 - binding parameter [3] as [NUMERIC] - [1500.00]
2025-08-03 20:21:43 - binding parameter [4] as [VARCHAR] - [USD]
2025-08-03 20:21:43 - binding parameter [5] as [VARCHAR] - [ACTIVE]
2025-08-03 20:21:43 - binding parameter [6] as [TIMESTAMP] - [2025-08-03T20:21:43.787394]
2025-08-03 20:21:43 - binding parameter [7] as [VARCHAR] - [user1]
2025-08-03 20:21:43 - binding parameter [8] as [BIGINT] - [5]
2025-08-03 20:21:43 - binding parameter [9] as [BIGINT] - [17]
2025-08-03 20:21:43 - binding parameter [10] as [BIGINT] - [4]
2025-08-03 20:21:43 - binding parameter [1] as [NUMERIC] - [100.00]
2025-08-03 20:21:43 - binding parameter [2] as [TIMESTAMP] - [2025-08-03T20:21:43.786889]
2025-08-03 20:21:43 - binding parameter [3] as [VARCHAR] - [USD]
2025-08-03 20:21:43 - binding parameter [4] as [VARCHAR] - [Concurrent insufficient funds test]
2025-08-03 20:21:43 - binding parameter [5] as [VARCHAR] - [null]
2025-08-03 20:21:43 - binding parameter [6] as [BIGINT] - [18]
2025-08-03 20:21:43 - binding parameter [7] as [TIMESTAMP] - [2025-08-03T20:21:43.786719]
2025-08-03 20:21:43 - binding parameter [8] as [VARCHAR] - [COMPLETED]
2025-08-03 20:21:43 - binding parameter [9] as [BIGINT] - [17]
2025-08-03 20:21:43 - binding parameter [10] as [VARCHAR] - [TXN-D96863C2319B4716]
2025-08-03 20:21:43 - binding parameter [11] as [TIMESTAMP] - [2025-08-03T20:21:43.787788]
2025-08-03 20:21:43 - binding parameter [12] as [BIGINT] - [1]
2025-08-03 20:21:43 - binding parameter [13] as [BIGINT] - [61]
2025-08-03 20:21:43 - binding parameter [14] as [BIGINT] - [0]
2025-08-03 20:21:43 - binding parameter [1] as [VARCHAR] - [TEST001234567890]
2025-08-03 20:21:43 - binding parameter [1] as [NUMERIC] - [100.00]
2025-08-03 20:21:43 - binding parameter [2] as [TIMESTAMP] - [null]
2025-08-03 20:21:43 - binding parameter [3] as [TIMESTAMP] - [2025-08-03T20:21:43.790508]
2025-08-03 20:21:43 - binding parameter [4] as [VARCHAR] - [USD]
2025-08-03 20:21:43 - binding parameter [5] as [VARCHAR] - [Concurrent insufficient funds test]
2025-08-03 20:21:43 - binding parameter [6] as [VARCHAR] - [null]
2025-08-03 20:21:43 - binding parameter [7] as [BIGINT] - [18]
2025-08-03 20:21:43 - binding parameter [8] as [TIMESTAMP] - [null]
2025-08-03 20:21:43 - binding parameter [9] as [VARCHAR] - [PENDING]
2025-08-03 20:21:43 - binding parameter [10] as [BIGINT] - [17]
2025-08-03 20:21:43 - binding parameter [11] as [VARCHAR] - [TXN-554131174D964C3A]
2025-08-03 20:21:43 - binding parameter [12] as [TIMESTAMP] - [2025-08-03T20:21:43.790517]
2025-08-03 20:21:43 - binding parameter [13] as [BIGINT] - [0]
2025-08-03 20:21:43 - Transfer processing failed for transferId: TXN-554131174D964C3A
com.moneytransfer.exception.InsufficientFundsException: Insufficient funds in account: TEST002345678901
	at com.moneytransfer.service.TransferService.executeTransfer(TransferService.java:174)
	at com.moneytransfer.service.TransferService.processTransferWithLocking(TransferService.java:136)
	at com.moneytransfer.service.TransferService.processTransfer(TransferService.java:80)
	at com.moneytransfer.service.TransferService$$FastClassBySpringCGLIB$$c976fc01.invoke(<generated>)
	at org.springframework.cglib.proxy.MethodProxy.invoke(MethodProxy.java:218)
	at org.springframework.aop.framework.CglibAopProxy$CglibMethodInvocation.invokeJoinpoint(CglibAopProxy.java:792)
	at org.springframework.aop.framework.ReflectiveMethodInvocation.proceed(ReflectiveMethodInvocation.java:163)
	at org.springframework.aop.framework.CglibAopProxy$CglibMethodInvocation.proceed(CglibAopProxy.java:762)
	at org.springframework.transaction.interceptor.TransactionInterceptor$1.proceedWithInvocation(TransactionInterceptor.java:123)
	at org.springframework.transaction.interceptor.TransactionAspectSupport.invokeWithinTransaction(TransactionAspectSupport.java:388)
	at org.springframework.transaction.interceptor.TransactionInterceptor.invoke(TransactionInterceptor.java:119)
	at org.springframework.aop.framework.ReflectiveMethodInvocation.proceed(ReflectiveMethodInvocation.java:186)
	at org.springframework.aop.framework.CglibAopProxy$CglibMethodInvocation.proceed(CglibAopProxy.java:762)
	at org.springframework.aop.framework.CglibAopProxy$DynamicAdvisedInterceptor.intercept(CglibAopProxy.java:707)
	at com.moneytransfer.service.TransferService$$EnhancerBySpringCGLIB$$5e45c9cb.processTransfer(<generated>)
	at com.moneytransfer.service.TransferServiceConcurrencyTest.lambda$testConcurrentInsufficientFunds$5(TransferServiceConcurrencyTest.java:261)
	at java.base/java.util.concurrent.CompletableFuture$AsyncRun.run(CompletableFuture.java:1736)
	at java.base/java.util.concurrent.ThreadPoolExecutor.runWorker(ThreadPoolExecutor.java:1128)
	at java.base/java.util.concurrent.ThreadPoolExecutor$Worker.run(ThreadPoolExecutor.java:628)
	at java.base/java.lang.Thread.run(Thread.java:834)
2025-08-03 20:21:43 - binding parameter [1] as [VARCHAR] - [TEST001234567890]
2025-08-03 20:21:43 - binding parameter [1] as [NUMERIC] - [100.00]
2025-08-03 20:21:43 - binding parameter [2] as [TIMESTAMP] - [null]
2025-08-03 20:21:43 - binding parameter [3] as [TIMESTAMP] - [2025-08-03T20:21:43.792870]
2025-08-03 20:21:43 - binding parameter [4] as [VARCHAR] - [USD]
2025-08-03 20:21:43 - binding parameter [5] as [VARCHAR] - [Concurrent insufficient funds test]
2025-08-03 20:21:43 - binding parameter [6] as [VARCHAR] - [null]
2025-08-03 20:21:43 - binding parameter [7] as [BIGINT] - [18]
2025-08-03 20:21:43 - binding parameter [8] as [TIMESTAMP] - [null]
2025-08-03 20:21:43 - binding parameter [9] as [VARCHAR] - [PENDING]
2025-08-03 20:21:43 - binding parameter [10] as [BIGINT] - [17]
2025-08-03 20:21:43 - binding parameter [11] as [VARCHAR] - [TXN-E970411F79E14C86]
2025-08-03 20:21:43 - binding parameter [12] as [TIMESTAMP] - [2025-08-03T20:21:43.792876]
2025-08-03 20:21:43 - binding parameter [13] as [BIGINT] - [0]
2025-08-03 20:21:43 - Transfer processing failed for transferId: TXN-E970411F79E14C86
com.moneytransfer.exception.InsufficientFundsException: Insufficient funds in account: TEST002345678901
	at com.moneytransfer.service.TransferService.executeTransfer(TransferService.java:174)
	at com.moneytransfer.service.TransferService.processTransferWithLocking(TransferService.java:136)
	at com.moneytransfer.service.TransferService.processTransfer(TransferService.java:80)
	at com.moneytransfer.service.TransferService$$FastClassBySpringCGLIB$$c976fc01.invoke(<generated>)
	at org.springframework.cglib.proxy.MethodProxy.invoke(MethodProxy.java:218)
	at org.springframework.aop.framework.CglibAopProxy$CglibMethodInvocation.invokeJoinpoint(CglibAopProxy.java:792)
	at org.springframework.aop.framework.ReflectiveMethodInvocation.proceed(ReflectiveMethodInvocation.java:163)
	at org.springframework.aop.framework.CglibAopProxy$CglibMethodInvocation.proceed(CglibAopProxy.java:762)
	at org.springframework.transaction.interceptor.TransactionInterceptor$1.proceedWithInvocation(TransactionInterceptor.java:123)
	at org.springframework.transaction.interceptor.TransactionAspectSupport.invokeWithinTransaction(TransactionAspectSupport.java:388)
	at org.springframework.transaction.interceptor.TransactionInterceptor.invoke(TransactionInterceptor.java:119)
	at org.springframework.aop.framework.ReflectiveMethodInvocation.proceed(ReflectiveMethodInvocation.java:186)
	at org.springframework.aop.framework.CglibAopProxy$CglibMethodInvocation.proceed(CglibAopProxy.java:762)
	at org.springframework.aop.framework.CglibAopProxy$DynamicAdvisedInterceptor.intercept(CglibAopProxy.java:707)
	at com.moneytransfer.service.TransferService$$EnhancerBySpringCGLIB$$5e45c9cb.processTransfer(<generated>)
	at com.moneytransfer.service.TransferServiceConcurrencyTest.lambda$testConcurrentInsufficientFunds$5(TransferServiceConcurrencyTest.java:261)
	at java.base/java.util.concurrent.CompletableFuture$AsyncRun.run(CompletableFuture.java:1736)
	at java.base/java.util.concurrent.ThreadPoolExecutor.runWorker(ThreadPoolExecutor.java:1128)
	at java.base/java.util.concurrent.ThreadPoolExecutor$Worker.run(ThreadPoolExecutor.java:628)
	at java.base/java.lang.Thread.run(Thread.java:834)
2025-08-03 20:21:43 - binding parameter [1] as [VARCHAR] - [TEST001234567890]
2025-08-03 20:21:43 - binding parameter [1] as [NUMERIC] - [100.00]
2025-08-03 20:21:43 - binding parameter [2] as [TIMESTAMP] - [null]
2025-08-03 20:21:43 - binding parameter [3] as [TIMESTAMP] - [2025-08-03T20:21:43.795328]
2025-08-03 20:21:43 - binding parameter [4] as [VARCHAR] - [USD]
2025-08-03 20:21:43 - binding parameter [5] as [VARCHAR] - [Concurrent insufficient funds test]
2025-08-03 20:21:43 - binding parameter [6] as [VARCHAR] - [null]
2025-08-03 20:21:43 - binding parameter [7] as [BIGINT] - [18]
2025-08-03 20:21:43 - binding parameter [8] as [TIMESTAMP] - [null]
2025-08-03 20:21:43 - binding parameter [9] as [VARCHAR] - [PENDING]
2025-08-03 20:21:43 - binding parameter [10] as [BIGINT] - [17]
2025-08-03 20:21:43 - binding parameter [11] as [VARCHAR] - [TXN-03CCAD73B6FA485D]
2025-08-03 20:21:43 - binding parameter [12] as [TIMESTAMP] - [2025-08-03T20:21:43.795335]
2025-08-03 20:21:43 - binding parameter [13] as [BIGINT] - [0]
2025-08-03 20:21:43 - Transfer processing failed for transferId: TXN-03CCAD73B6FA485D
com.moneytransfer.exception.InsufficientFundsException: Insufficient funds in account: TEST002345678901
	at com.moneytransfer.service.TransferService.executeTransfer(TransferService.java:174)
	at com.moneytransfer.service.TransferService.processTransferWithLocking(TransferService.java:136)
	at com.moneytransfer.service.TransferService.processTransfer(TransferService.java:80)
	at com.moneytransfer.service.TransferService$$FastClassBySpringCGLIB$$c976fc01.invoke(<generated>)
	at org.springframework.cglib.proxy.MethodProxy.invoke(MethodProxy.java:218)
	at org.springframework.aop.framework.CglibAopProxy$CglibMethodInvocation.invokeJoinpoint(CglibAopProxy.java:792)
	at org.springframework.aop.framework.ReflectiveMethodInvocation.proceed(ReflectiveMethodInvocation.java:163)
	at org.springframework.aop.framework.CglibAopProxy$CglibMethodInvocation.proceed(CglibAopProxy.java:762)
	at org.springframework.transaction.interceptor.TransactionInterceptor$1.proceedWithInvocation(TransactionInterceptor.java:123)
	at org.springframework.transaction.interceptor.TransactionAspectSupport.invokeWithinTransaction(TransactionAspectSupport.java:388)
	at org.springframework.transaction.interceptor.TransactionInterceptor.invoke(TransactionInterceptor.java:119)
	at org.springframework.aop.framework.ReflectiveMethodInvocation.proceed(ReflectiveMethodInvocation.java:186)
	at org.springframework.aop.framework.CglibAopProxy$CglibMethodInvocation.proceed(CglibAopProxy.java:762)
	at org.springframework.aop.framework.CglibAopProxy$DynamicAdvisedInterceptor.intercept(CglibAopProxy.java:707)
	at com.moneytransfer.service.TransferService$$EnhancerBySpringCGLIB$$5e45c9cb.processTransfer(<generated>)
	at com.moneytransfer.service.TransferServiceConcurrencyTest.lambda$testConcurrentInsufficientFunds$5(TransferServiceConcurrencyTest.java:261)
	at java.base/java.util.concurrent.CompletableFuture$AsyncRun.run(CompletableFuture.java:1736)
	at java.base/java.util.concurrent.ThreadPoolExecutor.runWorker(ThreadPoolExecutor.java:1128)
	at java.base/java.util.concurrent.ThreadPoolExecutor$Worker.run(ThreadPoolExecutor.java:628)
	at java.base/java.lang.Thread.run(Thread.java:834)
2025-08-03 20:21:43 - binding parameter [1] as [VARCHAR] - [TEST001234567890]
2025-08-03 20:21:43 - binding parameter [1] as [NUMERIC] - [100.00]
2025-08-03 20:21:43 - binding parameter [2] as [TIMESTAMP] - [null]
2025-08-03 20:21:43 - binding parameter [3] as [TIMESTAMP] - [2025-08-03T20:21:43.798360]
2025-08-03 20:21:43 - binding parameter [4] as [VARCHAR] - [USD]
2025-08-03 20:21:43 - binding parameter [5] as [VARCHAR] - [Concurrent insufficient funds test]
2025-08-03 20:21:43 - binding parameter [6] as [VARCHAR] - [null]
2025-08-03 20:21:43 - binding parameter [7] as [BIGINT] - [18]
2025-08-03 20:21:43 - binding parameter [8] as [TIMESTAMP] - [null]
2025-08-03 20:21:43 - binding parameter [9] as [VARCHAR] - [PENDING]
2025-08-03 20:21:43 - binding parameter [10] as [BIGINT] - [17]
2025-08-03 20:21:43 - binding parameter [11] as [VARCHAR] - [TXN-0109602DCE4345BD]
2025-08-03 20:21:43 - binding parameter [12] as [TIMESTAMP] - [2025-08-03T20:21:43.798369]
2025-08-03 20:21:43 - binding parameter [13] as [BIGINT] - [0]
2025-08-03 20:21:43 - Transfer processing failed for transferId: TXN-0109602DCE4345BD
com.moneytransfer.exception.InsufficientFundsException: Insufficient funds in account: TEST002345678901
	at com.moneytransfer.service.TransferService.executeTransfer(TransferService.java:174)
	at com.moneytransfer.service.TransferService.processTransferWithLocking(TransferService.java:136)
	at com.moneytransfer.service.TransferService.processTransfer(TransferService.java:80)
	at com.moneytransfer.service.TransferService$$FastClassBySpringCGLIB$$c976fc01.invoke(<generated>)
	at org.springframework.cglib.proxy.MethodProxy.invoke(MethodProxy.java:218)
	at org.springframework.aop.framework.CglibAopProxy$CglibMethodInvocation.invokeJoinpoint(CglibAopProxy.java:792)
	at org.springframework.aop.framework.ReflectiveMethodInvocation.proceed(ReflectiveMethodInvocation.java:163)
	at org.springframework.aop.framework.CglibAopProxy$CglibMethodInvocation.proceed(CglibAopProxy.java:762)
	at org.springframework.transaction.interceptor.TransactionInterceptor$1.proceedWithInvocation(TransactionInterceptor.java:123)
	at org.springframework.transaction.interceptor.TransactionAspectSupport.invokeWithinTransaction(TransactionAspectSupport.java:388)
	at org.springframework.transaction.interceptor.TransactionInterceptor.invoke(TransactionInterceptor.java:119)
	at org.springframework.aop.framework.ReflectiveMethodInvocation.proceed(ReflectiveMethodInvocation.java:186)
	at org.springframework.aop.framework.CglibAopProxy$CglibMethodInvocation.proceed(CglibAopProxy.java:762)
	at org.springframework.aop.framework.CglibAopProxy$DynamicAdvisedInterceptor.intercept(CglibAopProxy.java:707)
	at com.moneytransfer.service.TransferService$$EnhancerBySpringCGLIB$$5e45c9cb.processTransfer(<generated>)
	at com.moneytransfer.service.TransferServiceConcurrencyTest.lambda$testConcurrentInsufficientFunds$5(TransferServiceConcurrencyTest.java:261)
	at java.base/java.util.concurrent.CompletableFuture$AsyncRun.run(CompletableFuture.java:1736)
	at java.base/java.util.concurrent.ThreadPoolExecutor.runWorker(ThreadPoolExecutor.java:1128)
	at java.base/java.util.concurrent.ThreadPoolExecutor$Worker.run(ThreadPoolExecutor.java:628)
	at java.base/java.lang.Thread.run(Thread.java:834)
2025-08-03 20:21:43 - binding parameter [1] as [VARCHAR] - [TEST001234567890]
2025-08-03 20:21:43 - binding parameter [1] as [NUMERIC] - [100.00]
2025-08-03 20:21:43 - binding parameter [2] as [TIMESTAMP] - [null]
2025-08-03 20:21:43 - binding parameter [3] as [TIMESTAMP] - [2025-08-03T20:21:43.800770]
2025-08-03 20:21:43 - binding parameter [4] as [VARCHAR] - [USD]
2025-08-03 20:21:43 - binding parameter [5] as [VARCHAR] - [Concurrent insufficient funds test]
2025-08-03 20:21:43 - binding parameter [6] as [VARCHAR] - [null]
2025-08-03 20:21:43 - binding parameter [7] as [BIGINT] - [18]
2025-08-03 20:21:43 - binding parameter [8] as [TIMESTAMP] - [null]
2025-08-03 20:21:43 - binding parameter [9] as [VARCHAR] - [PENDING]
2025-08-03 20:21:43 - binding parameter [10] as [BIGINT] - [17]
2025-08-03 20:21:43 - binding parameter [11] as [VARCHAR] - [TXN-4A80F261B72844C4]
2025-08-03 20:21:43 - binding parameter [12] as [TIMESTAMP] - [2025-08-03T20:21:43.800777]
2025-08-03 20:21:43 - binding parameter [13] as [BIGINT] - [0]
2025-08-03 20:21:43 - Transfer processing failed for transferId: TXN-4A80F261B72844C4
com.moneytransfer.exception.InsufficientFundsException: Insufficient funds in account: TEST002345678901
	at com.moneytransfer.service.TransferService.executeTransfer(TransferService.java:174)
	at com.moneytransfer.service.TransferService.processTransferWithLocking(TransferService.java:136)
	at com.moneytransfer.service.TransferService.processTransfer(TransferService.java:80)
	at com.moneytransfer.service.TransferService$$FastClassBySpringCGLIB$$c976fc01.invoke(<generated>)
	at org.springframework.cglib.proxy.MethodProxy.invoke(MethodProxy.java:218)
	at org.springframework.aop.framework.CglibAopProxy$CglibMethodInvocation.invokeJoinpoint(CglibAopProxy.java:792)
	at org.springframework.aop.framework.ReflectiveMethodInvocation.proceed(ReflectiveMethodInvocation.java:163)
	at org.springframework.aop.framework.CglibAopProxy$CglibMethodInvocation.proceed(CglibAopProxy.java:762)
	at org.springframework.transaction.interceptor.TransactionInterceptor$1.proceedWithInvocation(TransactionInterceptor.java:123)
	at org.springframework.transaction.interceptor.TransactionAspectSupport.invokeWithinTransaction(TransactionAspectSupport.java:388)
	at org.springframework.transaction.interceptor.TransactionInterceptor.invoke(TransactionInterceptor.java:119)
	at org.springframework.aop.framework.ReflectiveMethodInvocation.proceed(ReflectiveMethodInvocation.java:186)
	at org.springframework.aop.framework.CglibAopProxy$CglibMethodInvocation.proceed(CglibAopProxy.java:762)
	at org.springframework.aop.framework.CglibAopProxy$DynamicAdvisedInterceptor.intercept(CglibAopProxy.java:707)
	at com.moneytransfer.service.TransferService$$EnhancerBySpringCGLIB$$5e45c9cb.processTransfer(<generated>)
	at com.moneytransfer.service.TransferServiceConcurrencyTest.lambda$testConcurrentInsufficientFunds$5(TransferServiceConcurrencyTest.java:261)
	at java.base/java.util.concurrent.CompletableFuture$AsyncRun.run(CompletableFuture.java:1736)
	at java.base/java.util.concurrent.ThreadPoolExecutor.runWorker(ThreadPoolExecutor.java:1128)
	at java.base/java.util.concurrent.ThreadPoolExecutor$Worker.run(ThreadPoolExecutor.java:628)
	at java.base/java.lang.Thread.run(Thread.java:834)
]]></system-out>
  </testcase>
</testsuite>