<?xml version="1.0" encoding="UTF-8"?>
<testsuite xmlns:xsi="http://www.w3.org/2001/XMLSchema-instance" xsi:noNamespaceSchemaLocation="https://maven.apache.org/surefire/maven-surefire-plugin/xsd/surefire-test-report.xsd" name="com.moneytransfer.service.TransferServiceConcurrencyTest" time="5.714" tests="5" errors="4" skipped="0" failures="0">
  <properties>
    <property name="gopherProxySet" value="false"/>
    <property name="awt.toolkit" value="sun.lwawt.macosx.LWCToolkit"/>
    <property name="java.specification.version" value="11"/>
    <property name="sun.cpu.isalist" value=""/>
    <property name="sun.jnu.encoding" value="UTF-8"/>
    <property name="java.class.path" value="/Users/shihab/money-transfer-app/money-transfer-app/target/test-classes:/Users/shihab/money-transfer-app/money-transfer-app/target/classes:/Users/shihab/.m2/repository/org/springframework/boot/spring-boot-starter-web/2.7.18/spring-boot-starter-web-2.7.18.jar:/Users/shihab/.m2/repository/org/springframework/boot/spring-boot-starter/2.7.18/spring-boot-starter-2.7.18.jar:/Users/shihab/.m2/repository/org/springframework/boot/spring-boot/2.7.18/spring-boot-2.7.18.jar:/Users/shihab/.m2/repository/org/springframework/boot/spring-boot-autoconfigure/2.7.18/spring-boot-autoconfigure-2.7.18.jar:/Users/shihab/.m2/repository/org/springframework/boot/spring-boot-starter-logging/2.7.18/spring-boot-starter-logging-2.7.18.jar:/Users/shihab/.m2/repository/ch/qos/logback/logback-classic/1.2.12/logback-classic-1.2.12.jar:/Users/shihab/.m2/repository/ch/qos/logback/logback-core/1.2.12/logback-core-1.2.12.jar:/Users/shihab/.m2/repository/org/apache/logging/log4j/log4j-to-slf4j/2.17.2/log4j-to-slf4j-2.17.2.jar:/Users/shihab/.m2/repository/org/apache/logging/log4j/log4j-api/2.17.2/log4j-api-2.17.2.jar:/Users/shihab/.m2/repository/org/slf4j/jul-to-slf4j/1.7.36/jul-to-slf4j-1.7.36.jar:/Users/shihab/.m2/repository/jakarta/annotation/jakarta.annotation-api/1.3.5/jakarta.annotation-api-1.3.5.jar:/Users/shihab/.m2/repository/org/yaml/snakeyaml/1.30/snakeyaml-1.30.jar:/Users/shihab/.m2/repository/org/springframework/boot/spring-boot-starter-json/2.7.18/spring-boot-starter-json-2.7.18.jar:/Users/shihab/.m2/repository/com/fasterxml/jackson/datatype/jackson-datatype-jdk8/2.13.5/jackson-datatype-jdk8-2.13.5.jar:/Users/shihab/.m2/repository/com/fasterxml/jackson/datatype/jackson-datatype-jsr310/2.13.5/jackson-datatype-jsr310-2.13.5.jar:/Users/shihab/.m2/repository/com/fasterxml/jackson/module/jackson-module-parameter-names/2.13.5/jackson-module-parameter-names-2.13.5.jar:/Users/shihab/.m2/repository/org/springframework/boot/spring-boot-starter-tomcat/2.7.18/spring-boot-starter-tomcat-2.7.18.jar:/Users/shihab/.m2/repository/org/apache/tomcat/embed/tomcat-embed-core/9.0.83/tomcat-embed-core-9.0.83.jar:/Users/shihab/.m2/repository/org/apache/tomcat/embed/tomcat-embed-websocket/9.0.83/tomcat-embed-websocket-9.0.83.jar:/Users/shihab/.m2/repository/org/springframework/spring-web/5.3.31/spring-web-5.3.31.jar:/Users/shihab/.m2/repository/org/springframework/spring-beans/5.3.31/spring-beans-5.3.31.jar:/Users/shihab/.m2/repository/org/springframework/spring-webmvc/5.3.31/spring-webmvc-5.3.31.jar:/Users/shihab/.m2/repository/org/springframework/spring-context/5.3.31/spring-context-5.3.31.jar:/Users/shihab/.m2/repository/org/springframework/spring-expression/5.3.31/spring-expression-5.3.31.jar:/Users/shihab/.m2/repository/org/springframework/boot/spring-boot-starter-data-jpa/2.7.18/spring-boot-starter-data-jpa-2.7.18.jar:/Users/shihab/.m2/repository/org/springframework/boot/spring-boot-starter-aop/2.7.18/spring-boot-starter-aop-2.7.18.jar:/Users/shihab/.m2/repository/org/aspectj/aspectjweaver/1.9.7/aspectjweaver-1.9.7.jar:/Users/shihab/.m2/repository/org/springframework/boot/spring-boot-starter-jdbc/2.7.18/spring-boot-starter-jdbc-2.7.18.jar:/Users/shihab/.m2/repository/com/zaxxer/HikariCP/4.0.3/HikariCP-4.0.3.jar:/Users/shihab/.m2/repository/org/springframework/spring-jdbc/5.3.31/spring-jdbc-5.3.31.jar:/Users/shihab/.m2/repository/jakarta/transaction/jakarta.transaction-api/1.3.3/jakarta.transaction-api-1.3.3.jar:/Users/shihab/.m2/repository/jakarta/persistence/jakarta.persistence-api/2.2.3/jakarta.persistence-api-2.2.3.jar:/Users/shihab/.m2/repository/org/hibernate/hibernate-core/5.6.15.Final/hibernate-core-5.6.15.Final.jar:/Users/shihab/.m2/repository/org/jboss/logging/jboss-logging/3.4.3.Final/jboss-logging-3.4.3.Final.jar:/Users/shihab/.m2/repository/net/bytebuddy/byte-buddy/1.12.23/byte-buddy-1.12.23.jar:/Users/shihab/.m2/repository/antlr/antlr/2.7.7/antlr-2.7.7.jar:/Users/shihab/.m2/repository/org/jboss/jandex/2.4.2.Final/jandex-2.4.2.Final.jar:/Users/shihab/.m2/repository/com/fasterxml/classmate/1.5.1/classmate-1.5.1.jar:/Users/shihab/.m2/repository/org/hibernate/common/hibernate-commons-annotations/5.1.2.Final/hibernate-commons-annotations-5.1.2.Final.jar:/Users/shihab/.m2/repository/org/glassfish/jaxb/jaxb-runtime/2.3.9/jaxb-runtime-2.3.9.jar:/Users/shihab/.m2/repository/org/glassfish/jaxb/txw2/2.3.9/txw2-2.3.9.jar:/Users/shihab/.m2/repository/com/sun/istack/istack-commons-runtime/3.0.12/istack-commons-runtime-3.0.12.jar:/Users/shihab/.m2/repository/com/sun/activation/jakarta.activation/1.2.2/jakarta.activation-1.2.2.jar:/Users/shihab/.m2/repository/org/springframework/data/spring-data-jpa/2.7.18/spring-data-jpa-2.7.18.jar:/Users/shihab/.m2/repository/org/springframework/data/spring-data-commons/2.7.18/spring-data-commons-2.7.18.jar:/Users/shihab/.m2/repository/org/springframework/spring-orm/5.3.31/spring-orm-5.3.31.jar:/Users/shihab/.m2/repository/org/springframework/spring-tx/5.3.31/spring-tx-5.3.31.jar:/Users/shihab/.m2/repository/org/slf4j/slf4j-api/1.7.36/slf4j-api-1.7.36.jar:/Users/shihab/.m2/repository/org/springframework/spring-aspects/5.3.31/spring-aspects-5.3.31.jar:/Users/shihab/.m2/repository/org/springframework/boot/spring-boot-starter-validation/2.7.18/spring-boot-starter-validation-2.7.18.jar:/Users/shihab/.m2/repository/org/apache/tomcat/embed/tomcat-embed-el/9.0.83/tomcat-embed-el-9.0.83.jar:/Users/shihab/.m2/repository/org/hibernate/validator/hibernate-validator/6.2.5.Final/hibernate-validator-6.2.5.Final.jar:/Users/shihab/.m2/repository/jakarta/validation/jakarta.validation-api/2.0.2/jakarta.validation-api-2.0.2.jar:/Users/shihab/.m2/repository/org/springframework/boot/spring-boot-starter-security/2.7.18/spring-boot-starter-security-2.7.18.jar:/Users/shihab/.m2/repository/org/springframework/spring-aop/5.3.31/spring-aop-5.3.31.jar:/Users/shihab/.m2/repository/org/springframework/security/spring-security-config/5.7.11/spring-security-config-5.7.11.jar:/Users/shihab/.m2/repository/org/springframework/security/spring-security-web/5.7.11/spring-security-web-5.7.11.jar:/Users/shihab/.m2/repository/org/springframework/boot/spring-boot-starter-actuator/2.7.18/spring-boot-starter-actuator-2.7.18.jar:/Users/shihab/.m2/repository/org/springframework/boot/spring-boot-actuator-autoconfigure/2.7.18/spring-boot-actuator-autoconfigure-2.7.18.jar:/Users/shihab/.m2/repository/org/springframework/boot/spring-boot-actuator/2.7.18/spring-boot-actuator-2.7.18.jar:/Users/shihab/.m2/repository/io/micrometer/micrometer-core/1.9.17/micrometer-core-1.9.17.jar:/Users/shihab/.m2/repository/org/hdrhistogram/HdrHistogram/2.1.12/HdrHistogram-2.1.12.jar:/Users/shihab/.m2/repository/org/latencyutils/LatencyUtils/2.0.3/LatencyUtils-2.0.3.jar:/Users/shihab/.m2/repository/org/springframework/boot/spring-boot-starter-cache/2.7.18/spring-boot-starter-cache-2.7.18.jar:/Users/shihab/.m2/repository/org/springframework/spring-context-support/5.3.31/spring-context-support-5.3.31.jar:/Users/shihab/.m2/repository/com/h2database/h2/2.1.214/h2-2.1.214.jar:/Users/shihab/.m2/repository/org/postgresql/postgresql/42.3.8/postgresql-42.3.8.jar:/Users/shihab/.m2/repository/org/checkerframework/checker-qual/3.5.0/checker-qual-3.5.0.jar:/Users/shihab/.m2/repository/io/micrometer/micrometer-registry-prometheus/1.9.17/micrometer-registry-prometheus-1.9.17.jar:/Users/shihab/.m2/repository/io/prometheus/simpleclient_common/0.15.0/simpleclient_common-0.15.0.jar:/Users/shihab/.m2/repository/io/prometheus/simpleclient/0.15.0/simpleclient-0.15.0.jar:/Users/shihab/.m2/repository/io/prometheus/simpleclient_tracer_otel/0.15.0/simpleclient_tracer_otel-0.15.0.jar:/Users/shihab/.m2/repository/io/prometheus/simpleclient_tracer_common/0.15.0/simpleclient_tracer_common-0.15.0.jar:/Users/shihab/.m2/repository/io/prometheus/simpleclient_tracer_otel_agent/0.15.0/simpleclient_tracer_otel_agent-0.15.0.jar:/Users/shihab/.m2/repository/org/springframework/boot/spring-boot-starter-test/2.7.18/spring-boot-starter-test-2.7.18.jar:/Users/shihab/.m2/repository/org/springframework/boot/spring-boot-test/2.7.18/spring-boot-test-2.7.18.jar:/Users/shihab/.m2/repository/org/springframework/boot/spring-boot-test-autoconfigure/2.7.18/spring-boot-test-autoconfigure-2.7.18.jar:/Users/shihab/.m2/repository/com/jayway/jsonpath/json-path/2.7.0/json-path-2.7.0.jar:/Users/shihab/.m2/repository/net/minidev/json-smart/2.4.11/json-smart-2.4.11.jar:/Users/shihab/.m2/repository/net/minidev/accessors-smart/2.4.11/accessors-smart-2.4.11.jar:/Users/shihab/.m2/repository/org/ow2/asm/asm/9.3/asm-9.3.jar:/Users/shihab/.m2/repository/jakarta/xml/bind/jakarta.xml.bind-api/2.3.3/jakarta.xml.bind-api-2.3.3.jar:/Users/shihab/.m2/repository/jakarta/activation/jakarta.activation-api/1.2.2/jakarta.activation-api-1.2.2.jar:/Users/shihab/.m2/repository/org/assertj/assertj-core/3.22.0/assertj-core-3.22.0.jar:/Users/shihab/.m2/repository/org/hamcrest/hamcrest/2.2/hamcrest-2.2.jar:/Users/shihab/.m2/repository/org/junit/jupiter/junit-jupiter/5.8.2/junit-jupiter-5.8.2.jar:/Users/shihab/.m2/repository/org/junit/jupiter/junit-jupiter-api/5.8.2/junit-jupiter-api-5.8.2.jar:/Users/shihab/.m2/repository/org/opentest4j/opentest4j/1.2.0/opentest4j-1.2.0.jar:/Users/shihab/.m2/repository/org/junit/platform/junit-platform-commons/1.8.2/junit-platform-commons-1.8.2.jar:/Users/shihab/.m2/repository/org/apiguardian/apiguardian-api/1.1.2/apiguardian-api-1.1.2.jar:/Users/shihab/.m2/repository/org/junit/jupiter/junit-jupiter-params/5.8.2/junit-jupiter-params-5.8.2.jar:/Users/shihab/.m2/repository/org/junit/jupiter/junit-jupiter-engine/5.8.2/junit-jupiter-engine-5.8.2.jar:/Users/shihab/.m2/repository/org/junit/platform/junit-platform-engine/1.8.2/junit-platform-engine-1.8.2.jar:/Users/shihab/.m2/repository/org/mockito/mockito-core/4.5.1/mockito-core-4.5.1.jar:/Users/shihab/.m2/repository/net/bytebuddy/byte-buddy-agent/1.12.23/byte-buddy-agent-1.12.23.jar:/Users/shihab/.m2/repository/org/objenesis/objenesis/3.2/objenesis-3.2.jar:/Users/shihab/.m2/repository/org/mockito/mockito-junit-jupiter/4.5.1/mockito-junit-jupiter-4.5.1.jar:/Users/shihab/.m2/repository/org/skyscreamer/jsonassert/1.5.1/jsonassert-1.5.1.jar:/Users/shihab/.m2/repository/com/vaadin/external/google/android-json/0.0.20131108.vaadin1/android-json-0.0.20131108.vaadin1.jar:/Users/shihab/.m2/repository/org/springframework/spring-core/5.3.31/spring-core-5.3.31.jar:/Users/shihab/.m2/repository/org/springframework/spring-jcl/5.3.31/spring-jcl-5.3.31.jar:/Users/shihab/.m2/repository/org/springframework/spring-test/5.3.31/spring-test-5.3.31.jar:/Users/shihab/.m2/repository/org/xmlunit/xmlunit-core/2.9.1/xmlunit-core-2.9.1.jar:/Users/shihab/.m2/repository/org/springframework/security/spring-security-test/5.7.11/spring-security-test-5.7.11.jar:/Users/shihab/.m2/repository/org/springframework/security/spring-security-core/5.7.11/spring-security-core-5.7.11.jar:/Users/shihab/.m2/repository/org/springframework/security/spring-security-crypto/5.7.11/spring-security-crypto-5.7.11.jar:/Users/shihab/.m2/repository/org/apache/commons/commons-lang3/3.12.0/commons-lang3-3.12.0.jar:/Users/shihab/.m2/repository/com/fasterxml/jackson/core/jackson-databind/2.13.5/jackson-databind-2.13.5.jar:/Users/shihab/.m2/repository/com/fasterxml/jackson/core/jackson-annotations/2.13.5/jackson-annotations-2.13.5.jar:/Users/shihab/.m2/repository/com/fasterxml/jackson/core/jackson-core/2.13.5/jackson-core-2.13.5.jar:"/>
    <property name="java.vm.vendor" value="Oracle Corporation"/>
    <property name="sun.arch.data.model" value="64"/>
    <property name="java.vendor.url" value="https://openjdk.java.net/"/>
    <property name="user.timezone" value=""/>
    <property name="java.vm.specification.version" value="11"/>
    <property name="os.name" value="Mac OS X"/>
    <property name="sun.java.launcher" value="SUN_STANDARD"/>
    <property name="user.country" value="BD"/>
    <property name="sun.boot.library.path" value="/Library/Java/JavaVirtualMachines/jdk-11.0.16.1.jdk/Contents/Home/lib"/>
    <property name="sun.java.command" value="/Users/shihab/money-transfer-app/money-transfer-app/target/surefire/surefirebooter2596276163893783963.jar /Users/shihab/money-transfer-app/money-transfer-app/target/surefire 2025-08-03T20-25-31_140-jvmRun1 surefire13599042630417690772tmp surefire_017731803812440787555tmp"/>
    <property name="http.nonProxyHosts" value="local|*.local|169.254/16|*.169.254/16"/>
    <property name="jdk.debug" value="release"/>
    <property name="surefire.test.class.path" value="/Users/shihab/money-transfer-app/money-transfer-app/target/test-classes:/Users/shihab/money-transfer-app/money-transfer-app/target/classes:/Users/shihab/.m2/repository/org/springframework/boot/spring-boot-starter-web/2.7.18/spring-boot-starter-web-2.7.18.jar:/Users/shihab/.m2/repository/org/springframework/boot/spring-boot-starter/2.7.18/spring-boot-starter-2.7.18.jar:/Users/shihab/.m2/repository/org/springframework/boot/spring-boot/2.7.18/spring-boot-2.7.18.jar:/Users/shihab/.m2/repository/org/springframework/boot/spring-boot-autoconfigure/2.7.18/spring-boot-autoconfigure-2.7.18.jar:/Users/shihab/.m2/repository/org/springframework/boot/spring-boot-starter-logging/2.7.18/spring-boot-starter-logging-2.7.18.jar:/Users/shihab/.m2/repository/ch/qos/logback/logback-classic/1.2.12/logback-classic-1.2.12.jar:/Users/shihab/.m2/repository/ch/qos/logback/logback-core/1.2.12/logback-core-1.2.12.jar:/Users/shihab/.m2/repository/org/apache/logging/log4j/log4j-to-slf4j/2.17.2/log4j-to-slf4j-2.17.2.jar:/Users/shihab/.m2/repository/org/apache/logging/log4j/log4j-api/2.17.2/log4j-api-2.17.2.jar:/Users/shihab/.m2/repository/org/slf4j/jul-to-slf4j/1.7.36/jul-to-slf4j-1.7.36.jar:/Users/shihab/.m2/repository/jakarta/annotation/jakarta.annotation-api/1.3.5/jakarta.annotation-api-1.3.5.jar:/Users/shihab/.m2/repository/org/yaml/snakeyaml/1.30/snakeyaml-1.30.jar:/Users/shihab/.m2/repository/org/springframework/boot/spring-boot-starter-json/2.7.18/spring-boot-starter-json-2.7.18.jar:/Users/shihab/.m2/repository/com/fasterxml/jackson/datatype/jackson-datatype-jdk8/2.13.5/jackson-datatype-jdk8-2.13.5.jar:/Users/shihab/.m2/repository/com/fasterxml/jackson/datatype/jackson-datatype-jsr310/2.13.5/jackson-datatype-jsr310-2.13.5.jar:/Users/shihab/.m2/repository/com/fasterxml/jackson/module/jackson-module-parameter-names/2.13.5/jackson-module-parameter-names-2.13.5.jar:/Users/shihab/.m2/repository/org/springframework/boot/spring-boot-starter-tomcat/2.7.18/spring-boot-starter-tomcat-2.7.18.jar:/Users/shihab/.m2/repository/org/apache/tomcat/embed/tomcat-embed-core/9.0.83/tomcat-embed-core-9.0.83.jar:/Users/shihab/.m2/repository/org/apache/tomcat/embed/tomcat-embed-websocket/9.0.83/tomcat-embed-websocket-9.0.83.jar:/Users/shihab/.m2/repository/org/springframework/spring-web/5.3.31/spring-web-5.3.31.jar:/Users/shihab/.m2/repository/org/springframework/spring-beans/5.3.31/spring-beans-5.3.31.jar:/Users/shihab/.m2/repository/org/springframework/spring-webmvc/5.3.31/spring-webmvc-5.3.31.jar:/Users/shihab/.m2/repository/org/springframework/spring-context/5.3.31/spring-context-5.3.31.jar:/Users/shihab/.m2/repository/org/springframework/spring-expression/5.3.31/spring-expression-5.3.31.jar:/Users/shihab/.m2/repository/org/springframework/boot/spring-boot-starter-data-jpa/2.7.18/spring-boot-starter-data-jpa-2.7.18.jar:/Users/shihab/.m2/repository/org/springframework/boot/spring-boot-starter-aop/2.7.18/spring-boot-starter-aop-2.7.18.jar:/Users/shihab/.m2/repository/org/aspectj/aspectjweaver/1.9.7/aspectjweaver-1.9.7.jar:/Users/shihab/.m2/repository/org/springframework/boot/spring-boot-starter-jdbc/2.7.18/spring-boot-starter-jdbc-2.7.18.jar:/Users/shihab/.m2/repository/com/zaxxer/HikariCP/4.0.3/HikariCP-4.0.3.jar:/Users/shihab/.m2/repository/org/springframework/spring-jdbc/5.3.31/spring-jdbc-5.3.31.jar:/Users/shihab/.m2/repository/jakarta/transaction/jakarta.transaction-api/1.3.3/jakarta.transaction-api-1.3.3.jar:/Users/shihab/.m2/repository/jakarta/persistence/jakarta.persistence-api/2.2.3/jakarta.persistence-api-2.2.3.jar:/Users/shihab/.m2/repository/org/hibernate/hibernate-core/5.6.15.Final/hibernate-core-5.6.15.Final.jar:/Users/shihab/.m2/repository/org/jboss/logging/jboss-logging/3.4.3.Final/jboss-logging-3.4.3.Final.jar:/Users/shihab/.m2/repository/net/bytebuddy/byte-buddy/1.12.23/byte-buddy-1.12.23.jar:/Users/shihab/.m2/repository/antlr/antlr/2.7.7/antlr-2.7.7.jar:/Users/shihab/.m2/repository/org/jboss/jandex/2.4.2.Final/jandex-2.4.2.Final.jar:/Users/shihab/.m2/repository/com/fasterxml/classmate/1.5.1/classmate-1.5.1.jar:/Users/shihab/.m2/repository/org/hibernate/common/hibernate-commons-annotations/5.1.2.Final/hibernate-commons-annotations-5.1.2.Final.jar:/Users/shihab/.m2/repository/org/glassfish/jaxb/jaxb-runtime/2.3.9/jaxb-runtime-2.3.9.jar:/Users/shihab/.m2/repository/org/glassfish/jaxb/txw2/2.3.9/txw2-2.3.9.jar:/Users/shihab/.m2/repository/com/sun/istack/istack-commons-runtime/3.0.12/istack-commons-runtime-3.0.12.jar:/Users/shihab/.m2/repository/com/sun/activation/jakarta.activation/1.2.2/jakarta.activation-1.2.2.jar:/Users/shihab/.m2/repository/org/springframework/data/spring-data-jpa/2.7.18/spring-data-jpa-2.7.18.jar:/Users/shihab/.m2/repository/org/springframework/data/spring-data-commons/2.7.18/spring-data-commons-2.7.18.jar:/Users/shihab/.m2/repository/org/springframework/spring-orm/5.3.31/spring-orm-5.3.31.jar:/Users/shihab/.m2/repository/org/springframework/spring-tx/5.3.31/spring-tx-5.3.31.jar:/Users/shihab/.m2/repository/org/slf4j/slf4j-api/1.7.36/slf4j-api-1.7.36.jar:/Users/shihab/.m2/repository/org/springframework/spring-aspects/5.3.31/spring-aspects-5.3.31.jar:/Users/shihab/.m2/repository/org/springframework/boot/spring-boot-starter-validation/2.7.18/spring-boot-starter-validation-2.7.18.jar:/Users/shihab/.m2/repository/org/apache/tomcat/embed/tomcat-embed-el/9.0.83/tomcat-embed-el-9.0.83.jar:/Users/shihab/.m2/repository/org/hibernate/validator/hibernate-validator/6.2.5.Final/hibernate-validator-6.2.5.Final.jar:/Users/shihab/.m2/repository/jakarta/validation/jakarta.validation-api/2.0.2/jakarta.validation-api-2.0.2.jar:/Users/shihab/.m2/repository/org/springframework/boot/spring-boot-starter-security/2.7.18/spring-boot-starter-security-2.7.18.jar:/Users/shihab/.m2/repository/org/springframework/spring-aop/5.3.31/spring-aop-5.3.31.jar:/Users/shihab/.m2/repository/org/springframework/security/spring-security-config/5.7.11/spring-security-config-5.7.11.jar:/Users/shihab/.m2/repository/org/springframework/security/spring-security-web/5.7.11/spring-security-web-5.7.11.jar:/Users/shihab/.m2/repository/org/springframework/boot/spring-boot-starter-actuator/2.7.18/spring-boot-starter-actuator-2.7.18.jar:/Users/shihab/.m2/repository/org/springframework/boot/spring-boot-actuator-autoconfigure/2.7.18/spring-boot-actuator-autoconfigure-2.7.18.jar:/Users/shihab/.m2/repository/org/springframework/boot/spring-boot-actuator/2.7.18/spring-boot-actuator-2.7.18.jar:/Users/shihab/.m2/repository/io/micrometer/micrometer-core/1.9.17/micrometer-core-1.9.17.jar:/Users/shihab/.m2/repository/org/hdrhistogram/HdrHistogram/2.1.12/HdrHistogram-2.1.12.jar:/Users/shihab/.m2/repository/org/latencyutils/LatencyUtils/2.0.3/LatencyUtils-2.0.3.jar:/Users/shihab/.m2/repository/org/springframework/boot/spring-boot-starter-cache/2.7.18/spring-boot-starter-cache-2.7.18.jar:/Users/shihab/.m2/repository/org/springframework/spring-context-support/5.3.31/spring-context-support-5.3.31.jar:/Users/shihab/.m2/repository/com/h2database/h2/2.1.214/h2-2.1.214.jar:/Users/shihab/.m2/repository/org/postgresql/postgresql/42.3.8/postgresql-42.3.8.jar:/Users/shihab/.m2/repository/org/checkerframework/checker-qual/3.5.0/checker-qual-3.5.0.jar:/Users/shihab/.m2/repository/io/micrometer/micrometer-registry-prometheus/1.9.17/micrometer-registry-prometheus-1.9.17.jar:/Users/shihab/.m2/repository/io/prometheus/simpleclient_common/0.15.0/simpleclient_common-0.15.0.jar:/Users/shihab/.m2/repository/io/prometheus/simpleclient/0.15.0/simpleclient-0.15.0.jar:/Users/shihab/.m2/repository/io/prometheus/simpleclient_tracer_otel/0.15.0/simpleclient_tracer_otel-0.15.0.jar:/Users/shihab/.m2/repository/io/prometheus/simpleclient_tracer_common/0.15.0/simpleclient_tracer_common-0.15.0.jar:/Users/shihab/.m2/repository/io/prometheus/simpleclient_tracer_otel_agent/0.15.0/simpleclient_tracer_otel_agent-0.15.0.jar:/Users/shihab/.m2/repository/org/springframework/boot/spring-boot-starter-test/2.7.18/spring-boot-starter-test-2.7.18.jar:/Users/shihab/.m2/repository/org/springframework/boot/spring-boot-test/2.7.18/spring-boot-test-2.7.18.jar:/Users/shihab/.m2/repository/org/springframework/boot/spring-boot-test-autoconfigure/2.7.18/spring-boot-test-autoconfigure-2.7.18.jar:/Users/shihab/.m2/repository/com/jayway/jsonpath/json-path/2.7.0/json-path-2.7.0.jar:/Users/shihab/.m2/repository/net/minidev/json-smart/2.4.11/json-smart-2.4.11.jar:/Users/shihab/.m2/repository/net/minidev/accessors-smart/2.4.11/accessors-smart-2.4.11.jar:/Users/shihab/.m2/repository/org/ow2/asm/asm/9.3/asm-9.3.jar:/Users/shihab/.m2/repository/jakarta/xml/bind/jakarta.xml.bind-api/2.3.3/jakarta.xml.bind-api-2.3.3.jar:/Users/shihab/.m2/repository/jakarta/activation/jakarta.activation-api/1.2.2/jakarta.activation-api-1.2.2.jar:/Users/shihab/.m2/repository/org/assertj/assertj-core/3.22.0/assertj-core-3.22.0.jar:/Users/shihab/.m2/repository/org/hamcrest/hamcrest/2.2/hamcrest-2.2.jar:/Users/shihab/.m2/repository/org/junit/jupiter/junit-jupiter/5.8.2/junit-jupiter-5.8.2.jar:/Users/shihab/.m2/repository/org/junit/jupiter/junit-jupiter-api/5.8.2/junit-jupiter-api-5.8.2.jar:/Users/shihab/.m2/repository/org/opentest4j/opentest4j/1.2.0/opentest4j-1.2.0.jar:/Users/shihab/.m2/repository/org/junit/platform/junit-platform-commons/1.8.2/junit-platform-commons-1.8.2.jar:/Users/shihab/.m2/repository/org/apiguardian/apiguardian-api/1.1.2/apiguardian-api-1.1.2.jar:/Users/shihab/.m2/repository/org/junit/jupiter/junit-jupiter-params/5.8.2/junit-jupiter-params-5.8.2.jar:/Users/shihab/.m2/repository/org/junit/jupiter/junit-jupiter-engine/5.8.2/junit-jupiter-engine-5.8.2.jar:/Users/shihab/.m2/repository/org/junit/platform/junit-platform-engine/1.8.2/junit-platform-engine-1.8.2.jar:/Users/shihab/.m2/repository/org/mockito/mockito-core/4.5.1/mockito-core-4.5.1.jar:/Users/shihab/.m2/repository/net/bytebuddy/byte-buddy-agent/1.12.23/byte-buddy-agent-1.12.23.jar:/Users/shihab/.m2/repository/org/objenesis/objenesis/3.2/objenesis-3.2.jar:/Users/shihab/.m2/repository/org/mockito/mockito-junit-jupiter/4.5.1/mockito-junit-jupiter-4.5.1.jar:/Users/shihab/.m2/repository/org/skyscreamer/jsonassert/1.5.1/jsonassert-1.5.1.jar:/Users/shihab/.m2/repository/com/vaadin/external/google/android-json/0.0.20131108.vaadin1/android-json-0.0.20131108.vaadin1.jar:/Users/shihab/.m2/repository/org/springframework/spring-core/5.3.31/spring-core-5.3.31.jar:/Users/shihab/.m2/repository/org/springframework/spring-jcl/5.3.31/spring-jcl-5.3.31.jar:/Users/shihab/.m2/repository/org/springframework/spring-test/5.3.31/spring-test-5.3.31.jar:/Users/shihab/.m2/repository/org/xmlunit/xmlunit-core/2.9.1/xmlunit-core-2.9.1.jar:/Users/shihab/.m2/repository/org/springframework/security/spring-security-test/5.7.11/spring-security-test-5.7.11.jar:/Users/shihab/.m2/repository/org/springframework/security/spring-security-core/5.7.11/spring-security-core-5.7.11.jar:/Users/shihab/.m2/repository/org/springframework/security/spring-security-crypto/5.7.11/spring-security-crypto-5.7.11.jar:/Users/shihab/.m2/repository/org/apache/commons/commons-lang3/3.12.0/commons-lang3-3.12.0.jar:/Users/shihab/.m2/repository/com/fasterxml/jackson/core/jackson-databind/2.13.5/jackson-databind-2.13.5.jar:/Users/shihab/.m2/repository/com/fasterxml/jackson/core/jackson-annotations/2.13.5/jackson-annotations-2.13.5.jar:/Users/shihab/.m2/repository/com/fasterxml/jackson/core/jackson-core/2.13.5/jackson-core-2.13.5.jar:"/>
    <property name="sun.cpu.endian" value="little"/>
    <property name="user.home" value="/Users/shihab"/>
    <property name="user.language" value="en"/>
    <property name="java.specification.vendor" value="Oracle Corporation"/>
    <property name="java.version.date" value="2022-08-18"/>
    <property name="java.home" value="/Library/Java/JavaVirtualMachines/jdk-11.0.16.1.jdk/Contents/Home"/>
    <property name="file.separator" value="/"/>
    <property name="basedir" value="/Users/shihab/money-transfer-app/money-transfer-app"/>
    <property name="java.vm.compressedOopsMode" value="Zero based"/>
    <property name="line.separator" value="&#10;"/>
    <property name="java.specification.name" value="Java Platform API Specification"/>
    <property name="java.vm.specification.vendor" value="Oracle Corporation"/>
    <property name="java.awt.graphicsenv" value="sun.awt.CGraphicsEnvironment"/>
    <property name="surefire.real.class.path" value="/Users/shihab/money-transfer-app/money-transfer-app/target/surefire/surefirebooter2596276163893783963.jar"/>
    <property name="sun.management.compiler" value="HotSpot 64-Bit Tiered Compilers"/>
    <property name="ftp.nonProxyHosts" value="local|*.local|169.254/16|*.169.254/16"/>
    <property name="java.runtime.version" value="11.0.16.1+1-LTS-1"/>
    <property name="user.name" value="shihab"/>
    <property name="path.separator" value=":"/>
    <property name="os.version" value="15.5"/>
    <property name="java.runtime.name" value="Java(TM) SE Runtime Environment"/>
    <property name="file.encoding" value="UTF-8"/>
    <property name="java.vm.name" value="Java HotSpot(TM) 64-Bit Server VM"/>
    <property name="java.vendor.version" value="18.9"/>
    <property name="localRepository" value="/Users/shihab/.m2/repository"/>
    <property name="java.vendor.url.bug" value="https://bugreport.java.com/bugreport/"/>
    <property name="java.io.tmpdir" value="/var/folders/r7/_kq0df3j6mx84czg106xkzf40000gn/T/"/>
    <property name="java.version" value="11.0.16.1"/>
    <property name="user.dir" value="/Users/shihab/money-transfer-app/money-transfer-app"/>
    <property name="os.arch" value="aarch64"/>
    <property name="java.vm.specification.name" value="Java Virtual Machine Specification"/>
    <property name="java.awt.printerjob" value="sun.lwawt.macosx.CPrinterJob"/>
    <property name="sun.os.patch.level" value="unknown"/>
    <property name="java.library.path" value="/Users/shihab/Library/Java/Extensions:/Library/Java/Extensions:/Network/Library/Java/Extensions:/System/Library/Java/Extensions:/usr/lib/java:."/>
    <property name="java.vendor" value="Oracle Corporation"/>
    <property name="java.vm.info" value="mixed mode"/>
    <property name="java.vm.version" value="11.0.16.1+1-LTS-1"/>
    <property name="sun.io.unicode.encoding" value="UnicodeBig"/>
    <property name="java.class.version" value="55.0"/>
    <property name="socksNonProxyHosts" value="local|*.local|169.254/16|*.169.254/16"/>
  </properties>
  <testcase name="testConcurrentTransfers" classname="com.moneytransfer.service.TransferServiceConcurrencyTest" time="0.681">
    <error message="no transaction is in progress; nested exception is javax.persistence.TransactionRequiredException: no transaction is in progress" type="org.springframework.dao.InvalidDataAccessApiUsageException">org.springframework.dao.InvalidDataAccessApiUsageException: no transaction is in progress; nested exception is javax.persistence.TransactionRequiredException: no transaction is in progress
	at com.moneytransfer.service.TransferServiceConcurrencyTest.testConcurrentTransfers(TransferServiceConcurrencyTest.java:112)
Caused by: javax.persistence.TransactionRequiredException: no transaction is in progress
	at com.moneytransfer.service.TransferServiceConcurrencyTest.testConcurrentTransfers(TransferServiceConcurrencyTest.java:112)
</error>
    <system-out><![CDATA[20:25:31.796 [main] DEBUG org.springframework.test.context.BootstrapUtils - Instantiating CacheAwareContextLoaderDelegate from class [org.springframework.test.context.cache.DefaultCacheAwareContextLoaderDelegate]
20:25:31.803 [main] DEBUG org.springframework.test.context.BootstrapUtils - Instantiating BootstrapContext using constructor [public org.springframework.test.context.support.DefaultBootstrapContext(java.lang.Class,org.springframework.test.context.CacheAwareContextLoaderDelegate)]
20:25:31.827 [main] DEBUG org.springframework.test.context.BootstrapUtils - Instantiating TestContextBootstrapper for test class [com.moneytransfer.service.TransferServiceConcurrencyTest] from class [org.springframework.boot.test.context.SpringBootTestContextBootstrapper]
20:25:31.836 [main] INFO org.springframework.boot.test.context.SpringBootTestContextBootstrapper - Neither @ContextConfiguration nor @ContextHierarchy found for test class [com.moneytransfer.service.TransferServiceConcurrencyTest], using SpringBootContextLoader
20:25:31.840 [main] DEBUG org.springframework.test.context.support.AbstractContextLoader - Did not detect default resource location for test class [com.moneytransfer.service.TransferServiceConcurrencyTest]: class path resource [com/moneytransfer/service/TransferServiceConcurrencyTest-context.xml] does not exist
20:25:31.840 [main] DEBUG org.springframework.test.context.support.AbstractContextLoader - Did not detect default resource location for test class [com.moneytransfer.service.TransferServiceConcurrencyTest]: class path resource [com/moneytransfer/service/TransferServiceConcurrencyTestContext.groovy] does not exist
20:25:31.840 [main] INFO org.springframework.test.context.support.AbstractContextLoader - Could not detect default resource locations for test class [com.moneytransfer.service.TransferServiceConcurrencyTest]: no resource found for suffixes {-context.xml, Context.groovy}.
20:25:31.841 [main] INFO org.springframework.test.context.support.AnnotationConfigContextLoaderUtils - Could not detect default configuration classes for test class [com.moneytransfer.service.TransferServiceConcurrencyTest]: TransferServiceConcurrencyTest does not declare any static, non-private, non-final, nested classes annotated with @Configuration.
20:25:31.922 [main] DEBUG org.springframework.context.annotation.ClassPathScanningCandidateComponentProvider - Identified candidate component class: file [/Users/shihab/money-transfer-app/money-transfer-app/target/classes/com/moneytransfer/MoneyTransferApplication.class]
20:25:31.923 [main] INFO org.springframework.boot.test.context.SpringBootTestContextBootstrapper - Found @SpringBootConfiguration com.moneytransfer.MoneyTransferApplication for test class com.moneytransfer.service.TransferServiceConcurrencyTest
20:25:31.978 [main] DEBUG org.springframework.boot.test.context.SpringBootTestContextBootstrapper - @TestExecutionListeners is not present for class [com.moneytransfer.service.TransferServiceConcurrencyTest]: using defaults.
20:25:31.978 [main] INFO org.springframework.boot.test.context.SpringBootTestContextBootstrapper - Loaded default TestExecutionListener class names from location [META-INF/spring.factories]: [org.springframework.boot.test.mock.mockito.MockitoTestExecutionListener, org.springframework.boot.test.mock.mockito.ResetMocksTestExecutionListener, org.springframework.boot.test.autoconfigure.restdocs.RestDocsTestExecutionListener, org.springframework.boot.test.autoconfigure.web.client.MockRestServiceServerResetTestExecutionListener, org.springframework.boot.test.autoconfigure.web.servlet.MockMvcPrintOnlyOnFailureTestExecutionListener, org.springframework.boot.test.autoconfigure.web.servlet.WebDriverTestExecutionListener, org.springframework.boot.test.autoconfigure.webservices.client.MockWebServiceServerTestExecutionListener, org.springframework.test.context.web.ServletTestExecutionListener, org.springframework.test.context.support.DirtiesContextBeforeModesTestExecutionListener, org.springframework.test.context.event.ApplicationEventsTestExecutionListener, org.springframework.test.context.support.DependencyInjectionTestExecutionListener, org.springframework.test.context.support.DirtiesContextTestExecutionListener, org.springframework.test.context.transaction.TransactionalTestExecutionListener, org.springframework.test.context.jdbc.SqlScriptsTestExecutionListener, org.springframework.test.context.event.EventPublishingTestExecutionListener, org.springframework.security.test.context.support.WithSecurityContextTestExecutionListener, org.springframework.security.test.context.support.ReactorContextTestExecutionListener]
20:25:31.993 [main] INFO org.springframework.boot.test.context.SpringBootTestContextBootstrapper - Using TestExecutionListeners: [org.springframework.test.context.web.ServletTestExecutionListener@13f17eb4, org.springframework.test.context.support.DirtiesContextBeforeModesTestExecutionListener@1d0d6318, org.springframework.test.context.event.ApplicationEventsTestExecutionListener@4bc28c33, org.springframework.boot.test.mock.mockito.MockitoTestExecutionListener@4409e975, org.springframework.boot.test.autoconfigure.SpringBootDependencyInjectionTestExecutionListener@5c153b9e, org.springframework.test.context.support.DirtiesContextTestExecutionListener@2a7686a7, org.springframework.test.context.transaction.TransactionalTestExecutionListener@758a34ce, org.springframework.test.context.jdbc.SqlScriptsTestExecutionListener@7ec3394b, org.springframework.test.context.event.EventPublishingTestExecutionListener@bff34c6, org.springframework.security.test.context.support.WithSecurityContextTestExecutionListener@1522d8a0, org.springframework.security.test.context.support.ReactorContextTestExecutionListener@312ab28e, org.springframework.boot.test.mock.mockito.ResetMocksTestExecutionListener@5644dc81, org.springframework.boot.test.autoconfigure.restdocs.RestDocsTestExecutionListener@246f8b8b, org.springframework.boot.test.autoconfigure.web.client.MockRestServiceServerResetTestExecutionListener@278bb07e, org.springframework.boot.test.autoconfigure.web.servlet.MockMvcPrintOnlyOnFailureTestExecutionListener@4351c8c3, org.springframework.boot.test.autoconfigure.web.servlet.WebDriverTestExecutionListener@3381b4fc, org.springframework.boot.test.autoconfigure.webservices.client.MockWebServiceServerTestExecutionListener@6bea52d4]
20:25:31.995 [main] DEBUG org.springframework.test.context.support.AbstractDirtiesContextTestExecutionListener - Before test class: context [DefaultTestContext@c1bd0be testClass = TransferServiceConcurrencyTest, testInstance = [null], testMethod = [null], testException = [null], mergedContextConfiguration = [WebMergedContextConfiguration@476b0ae6 testClass = TransferServiceConcurrencyTest, locations = '{}', classes = '{class com.moneytransfer.MoneyTransferApplication}', contextInitializerClasses = '[]', activeProfiles = '{test}', propertySourceLocations = '{}', propertySourceProperties = '{spring.cache.type=simple, spring.jpa.hibernate.ddl-auto=create-drop, spring.datasource.url=jdbc:h2:mem:testdb, org.springframework.boot.test.context.SpringBootTestContextBootstrapper=true, server.port=0}', contextCustomizers = set[org.springframework.boot.test.context.filter.ExcludeFilterContextCustomizer@239105a8, org.springframework.boot.test.json.DuplicateJsonObjectContextCustomizerFactory$DuplicateJsonObjectContextCustomizer@1df8b5b8, org.springframework.boot.test.mock.mockito.MockitoContextCustomizer@0, org.springframework.boot.test.web.client.TestRestTemplateContextCustomizer@5f77d0f9, org.springframework.boot.test.autoconfigure.actuate.metrics.MetricsExportContextCustomizerFactory$DisableMetricExportContextCustomizer@1cd629b3, org.springframework.boot.test.autoconfigure.properties.PropertyMappingContextCustomizer@0, org.springframework.boot.test.autoconfigure.web.servlet.WebDriverContextCustomizerFactory$Customizer@7b7fdc8, org.springframework.boot.test.context.SpringBootTestArgs@1, org.springframework.boot.test.context.SpringBootTestWebEnvironment@49b0b76], resourceBasePath = 'src/main/webapp', contextLoader = 'org.springframework.boot.test.context.SpringBootContextLoader', parent = [null]], attributes = map['org.springframework.test.context.web.ServletTestExecutionListener.activateListener' -> false]], class annotated with @DirtiesContext [false] with mode [null].
20:25:32.008 [main] DEBUG org.springframework.test.context.support.DependencyInjectionTestExecutionListener - Performing dependency injection for test context [[DefaultTestContext@c1bd0be testClass = TransferServiceConcurrencyTest, testInstance = com.moneytransfer.service.TransferServiceConcurrencyTest@60a2630a, testMethod = [null], testException = [null], mergedContextConfiguration = [WebMergedContextConfiguration@476b0ae6 testClass = TransferServiceConcurrencyTest, locations = '{}', classes = '{class com.moneytransfer.MoneyTransferApplication}', contextInitializerClasses = '[]', activeProfiles = '{test}', propertySourceLocations = '{}', propertySourceProperties = '{spring.cache.type=simple, spring.jpa.hibernate.ddl-auto=create-drop, spring.datasource.url=jdbc:h2:mem:testdb, org.springframework.boot.test.context.SpringBootTestContextBootstrapper=true, server.port=0}', contextCustomizers = set[org.springframework.boot.test.context.filter.ExcludeFilterContextCustomizer@239105a8, org.springframework.boot.test.json.DuplicateJsonObjectContextCustomizerFactory$DuplicateJsonObjectContextCustomizer@1df8b5b8, org.springframework.boot.test.mock.mockito.MockitoContextCustomizer@0, org.springframework.boot.test.web.client.TestRestTemplateContextCustomizer@5f77d0f9, org.springframework.boot.test.autoconfigure.actuate.metrics.MetricsExportContextCustomizerFactory$DisableMetricExportContextCustomizer@1cd629b3, org.springframework.boot.test.autoconfigure.properties.PropertyMappingContextCustomizer@0, org.springframework.boot.test.autoconfigure.web.servlet.WebDriverContextCustomizerFactory$Customizer@7b7fdc8, org.springframework.boot.test.context.SpringBootTestArgs@1, org.springframework.boot.test.context.SpringBootTestWebEnvironment@49b0b76], resourceBasePath = 'src/main/webapp', contextLoader = 'org.springframework.boot.test.context.SpringBootContextLoader', parent = [null]], attributes = map['org.springframework.test.context.web.ServletTestExecutionListener.activateListener' -> false, 'org.springframework.test.context.event.ApplicationEventsTestExecutionListener.recordApplicationEvents' -> false]]].

  .   ____          _            __ _ _
 /\\ / ___'_ __ _ _(_)_ __  __ _ \ \ \ \
( ( )\___ | '_ | '_| | '_ \/ _` | \ \ \ \
 \\/  ___)| |_)| | | | | || (_| |  ) ) ) )
  '  |____| .__|_| |_|_| |_\__, | / / / /
 =========|_|==============|___/=/_/_/_/
 :: Spring Boot ::               (v2.7.18)

2025-08-03 20:25:32 - Starting TransferServiceConcurrencyTest using Java 11.0.16.1 on Shihabs-MacBook-Pro.local with PID 49748 (started by shihab in /Users/shihab/money-transfer-app/money-transfer-app)
2025-08-03 20:25:32 - The following 1 profile is active: "test"
2025-08-03 20:25:32 - Bootstrapping Spring Data JPA repositories in DEFAULT mode.
2025-08-03 20:25:32 - Finished Spring Data repository scanning in 35 ms. Found 2 JPA repository interfaces.
2025-08-03 20:25:33 - Tomcat initialized with port(s): 0 (http)
2025-08-03 20:25:33 - Starting service [Tomcat]
2025-08-03 20:25:33 - Starting Servlet engine: [Apache Tomcat/9.0.83]
2025-08-03 20:25:33 - Initializing Spring embedded WebApplicationContext
2025-08-03 20:25:33 - Root WebApplicationContext: initialization completed in 1366 ms
2025-08-03 20:25:34 - HHH000204: Processing PersistenceUnitInfo [name: default]
2025-08-03 20:25:34 - HHH000412: Hibernate ORM core version 5.6.15.Final
2025-08-03 20:25:34 - HCANN000001: Hibernate Commons Annotations {5.1.2.Final}
2025-08-03 20:25:34 - HikariPool-1 - Starting...
2025-08-03 20:25:34 - HikariPool-1 - Start completed.
2025-08-03 20:25:34 - HHH000400: Using dialect: org.hibernate.dialect.H2Dialect
2025-08-03 20:25:35 - HHH000490: Using JtaPlatform implementation: [org.hibernate.engine.transaction.jta.platform.internal.NoJtaPlatform]
2025-08-03 20:25:35 - Initialized JPA EntityManagerFactory for persistence unit 'default'
2025-08-03 20:25:35 - spring.jpa.open-in-view is enabled by default. Therefore, database queries may be performed during view rendering. Explicitly configure spring.jpa.open-in-view to disable this warning
2025-08-03 20:25:36 - Exposing 4 endpoint(s) beneath base path '/actuator'
2025-08-03 20:25:36 - Tomcat started on port(s): 60102 (http) with context path ''
2025-08-03 20:25:36 - Started TransferServiceConcurrencyTest in 4.419 seconds (JVM running for 5.139)
2025-08-03 20:25:36 - Initializing sample data...
2025-08-03 20:25:36 - binding parameter [1] as [VARCHAR] - [John Doe]
2025-08-03 20:25:36 - binding parameter [2] as [VARCHAR] - [ACC001234567890]
2025-08-03 20:25:36 - binding parameter [3] as [NUMERIC] - [10000.00]
2025-08-03 20:25:36 - binding parameter [4] as [TIMESTAMP] - [2025-08-03T20:25:36.545670]
2025-08-03 20:25:36 - binding parameter [5] as [VARCHAR] - [USD]
2025-08-03 20:25:36 - binding parameter [6] as [VARCHAR] - [ACTIVE]
2025-08-03 20:25:36 - binding parameter [7] as [TIMESTAMP] - [2025-08-03T20:25:36.545744]
2025-08-03 20:25:36 - binding parameter [8] as [VARCHAR] - [user1]
2025-08-03 20:25:36 - binding parameter [9] as [BIGINT] - [0]
2025-08-03 20:25:36 - binding parameter [1] as [VARCHAR] - [John Doe]
2025-08-03 20:25:36 - binding parameter [2] as [VARCHAR] - [ACC002345678901]
2025-08-03 20:25:36 - binding parameter [3] as [NUMERIC] - [8500.00]
2025-08-03 20:25:36 - binding parameter [4] as [TIMESTAMP] - [2025-08-03T20:25:36.552085]
2025-08-03 20:25:36 - binding parameter [5] as [VARCHAR] - [EUR]
2025-08-03 20:25:36 - binding parameter [6] as [VARCHAR] - [ACTIVE]
2025-08-03 20:25:36 - binding parameter [7] as [TIMESTAMP] - [2025-08-03T20:25:36.552095]
2025-08-03 20:25:36 - binding parameter [8] as [VARCHAR] - [user1]
2025-08-03 20:25:36 - binding parameter [9] as [BIGINT] - [0]
2025-08-03 20:25:36 - binding parameter [1] as [VARCHAR] - [Jane Smith]
2025-08-03 20:25:36 - binding parameter [2] as [VARCHAR] - [ACC003456789012]
2025-08-03 20:25:36 - binding parameter [3] as [NUMERIC] - [5000.00]
2025-08-03 20:25:36 - binding parameter [4] as [TIMESTAMP] - [2025-08-03T20:25:36.553361]
2025-08-03 20:25:36 - binding parameter [5] as [VARCHAR] - [USD]
2025-08-03 20:25:36 - binding parameter [6] as [VARCHAR] - [ACTIVE]
2025-08-03 20:25:36 - binding parameter [7] as [TIMESTAMP] - [2025-08-03T20:25:36.553370]
2025-08-03 20:25:36 - binding parameter [8] as [VARCHAR] - [user2]
2025-08-03 20:25:36 - binding parameter [9] as [BIGINT] - [0]
2025-08-03 20:25:36 - binding parameter [1] as [VARCHAR] - [Jane Smith]
2025-08-03 20:25:36 - binding parameter [2] as [VARCHAR] - [ACC004567890123]
2025-08-03 20:25:36 - binding parameter [3] as [NUMERIC] - [3000.00]
2025-08-03 20:25:36 - binding parameter [4] as [TIMESTAMP] - [2025-08-03T20:25:36.554714]
2025-08-03 20:25:36 - binding parameter [5] as [VARCHAR] - [GBP]
2025-08-03 20:25:36 - binding parameter [6] as [VARCHAR] - [ACTIVE]
2025-08-03 20:25:36 - binding parameter [7] as [TIMESTAMP] - [2025-08-03T20:25:36.554727]
2025-08-03 20:25:36 - binding parameter [8] as [VARCHAR] - [user2]
2025-08-03 20:25:36 - binding parameter [9] as [BIGINT] - [0]
2025-08-03 20:25:36 - binding parameter [1] as [VARCHAR] - [Bob Johnson]
2025-08-03 20:25:36 - binding parameter [2] as [VARCHAR] - [ACC005678901234]
2025-08-03 20:25:36 - binding parameter [3] as [NUMERIC] - [7500.00]
2025-08-03 20:25:36 - binding parameter [4] as [TIMESTAMP] - [2025-08-03T20:25:36.555912]
2025-08-03 20:25:36 - binding parameter [5] as [VARCHAR] - [USD]
2025-08-03 20:25:36 - binding parameter [6] as [VARCHAR] - [ACTIVE]
2025-08-03 20:25:36 - binding parameter [7] as [TIMESTAMP] - [2025-08-03T20:25:36.555930]
2025-08-03 20:25:36 - binding parameter [8] as [VARCHAR] - [user3]
2025-08-03 20:25:36 - binding parameter [9] as [BIGINT] - [0]
2025-08-03 20:25:36 - binding parameter [1] as [VARCHAR] - [Alice Brown]
2025-08-03 20:25:36 - binding parameter [2] as [VARCHAR] - [ACC006789012345]
2025-08-03 20:25:36 - binding parameter [3] as [NUMERIC] - [12000.00]
2025-08-03 20:25:36 - binding parameter [4] as [TIMESTAMP] - [2025-08-03T20:25:36.557250]
2025-08-03 20:25:36 - binding parameter [5] as [VARCHAR] - [EUR]
2025-08-03 20:25:36 - binding parameter [6] as [VARCHAR] - [ACTIVE]
2025-08-03 20:25:36 - binding parameter [7] as [TIMESTAMP] - [2025-08-03T20:25:36.557259]
2025-08-03 20:25:36 - binding parameter [8] as [VARCHAR] - [user4]
2025-08-03 20:25:36 - binding parameter [9] as [BIGINT] - [0]
2025-08-03 20:25:36 - binding parameter [1] as [VARCHAR] - [Charlie Wilson]
2025-08-03 20:25:36 - binding parameter [2] as [VARCHAR] - [ACC007890123456]
2025-08-03 20:25:36 - binding parameter [3] as [NUMERIC] - [4500.00]
2025-08-03 20:25:36 - binding parameter [4] as [TIMESTAMP] - [2025-08-03T20:25:36.558418]
2025-08-03 20:25:36 - binding parameter [5] as [VARCHAR] - [GBP]
2025-08-03 20:25:36 - binding parameter [6] as [VARCHAR] - [ACTIVE]
2025-08-03 20:25:36 - binding parameter [7] as [TIMESTAMP] - [2025-08-03T20:25:36.558427]
2025-08-03 20:25:36 - binding parameter [8] as [VARCHAR] - [user5]
2025-08-03 20:25:36 - binding parameter [9] as [BIGINT] - [0]
2025-08-03 20:25:36 - binding parameter [1] as [VARCHAR] - [Diana Davis]
2025-08-03 20:25:36 - binding parameter [2] as [VARCHAR] - [ACC008901234567]
2025-08-03 20:25:36 - binding parameter [3] as [NUMERIC] - [2000.00]
2025-08-03 20:25:36 - binding parameter [4] as [TIMESTAMP] - [2025-08-03T20:25:36.559303]
2025-08-03 20:25:36 - binding parameter [5] as [VARCHAR] - [USD]
2025-08-03 20:25:36 - binding parameter [6] as [VARCHAR] - [ACTIVE]
2025-08-03 20:25:36 - binding parameter [7] as [TIMESTAMP] - [2025-08-03T20:25:36.559314]
2025-08-03 20:25:36 - binding parameter [8] as [VARCHAR] - [user6]
2025-08-03 20:25:36 - binding parameter [9] as [BIGINT] - [0]
2025-08-03 20:25:36 - Sample data initialized successfully. Created 8 accounts.
2025-08-03 20:25:36 - Created account: ACC001234567890 - John Doe user1 - Balance: 10000.00 USD
2025-08-03 20:25:36 - Created account: ACC002345678901 - John Doe user1 - Balance: 8500.00 EUR
2025-08-03 20:25:36 - Created account: ACC003456789012 - Jane Smith user2 - Balance: 5000.00 USD
2025-08-03 20:25:36 - Created account: ACC004567890123 - Jane Smith user2 - Balance: 3000.00 GBP
2025-08-03 20:25:36 - Created account: ACC005678901234 - Bob Johnson user3 - Balance: 7500.00 USD
2025-08-03 20:25:36 - Created account: ACC006789012345 - Alice Brown user4 - Balance: 12000.00 EUR
2025-08-03 20:25:36 - Created account: ACC007890123456 - Charlie Wilson user5 - Balance: 4500.00 GBP
2025-08-03 20:25:36 - Created account: ACC008901234567 - Diana Davis user6 - Balance: 2000.00 USD
2025-08-03 20:25:36 - binding parameter [1] as [BIGINT] - [1]
2025-08-03 20:25:36 - binding parameter [2] as [BIGINT] - [0]
2025-08-03 20:25:36 - binding parameter [1] as [BIGINT] - [2]
2025-08-03 20:25:36 - binding parameter [2] as [BIGINT] - [0]
2025-08-03 20:25:36 - binding parameter [1] as [BIGINT] - [3]
2025-08-03 20:25:36 - binding parameter [2] as [BIGINT] - [0]
2025-08-03 20:25:36 - binding parameter [1] as [BIGINT] - [4]
2025-08-03 20:25:36 - binding parameter [2] as [BIGINT] - [0]
2025-08-03 20:25:36 - binding parameter [1] as [BIGINT] - [5]
2025-08-03 20:25:36 - binding parameter [2] as [BIGINT] - [0]
2025-08-03 20:25:36 - binding parameter [1] as [BIGINT] - [6]
2025-08-03 20:25:36 - binding parameter [2] as [BIGINT] - [0]
2025-08-03 20:25:36 - binding parameter [1] as [BIGINT] - [7]
2025-08-03 20:25:36 - binding parameter [2] as [BIGINT] - [0]
2025-08-03 20:25:36 - binding parameter [1] as [BIGINT] - [8]
2025-08-03 20:25:36 - binding parameter [2] as [BIGINT] - [0]
2025-08-03 20:25:36 - binding parameter [1] as [VARCHAR] - [Test User 1]
2025-08-03 20:25:36 - binding parameter [2] as [VARCHAR] - [TEST001234567890]
2025-08-03 20:25:36 - binding parameter [3] as [NUMERIC] - [1000.00]
2025-08-03 20:25:36 - binding parameter [4] as [TIMESTAMP] - [2025-08-03T20:25:36.667964]
2025-08-03 20:25:36 - binding parameter [5] as [VARCHAR] - [USD]
2025-08-03 20:25:36 - binding parameter [6] as [VARCHAR] - [ACTIVE]
2025-08-03 20:25:36 - binding parameter [7] as [TIMESTAMP] - [2025-08-03T20:25:36.667976]
2025-08-03 20:25:36 - binding parameter [8] as [VARCHAR] - [user1]
2025-08-03 20:25:36 - binding parameter [9] as [BIGINT] - [0]
2025-08-03 20:25:36 - binding parameter [1] as [VARCHAR] - [Test User 2]
2025-08-03 20:25:36 - binding parameter [2] as [VARCHAR] - [TEST002345678901]
2025-08-03 20:25:36 - binding parameter [3] as [NUMERIC] - [500.00]
2025-08-03 20:25:36 - binding parameter [4] as [TIMESTAMP] - [2025-08-03T20:25:36.669363]
2025-08-03 20:25:36 - binding parameter [5] as [VARCHAR] - [USD]
2025-08-03 20:25:36 - binding parameter [6] as [VARCHAR] - [ACTIVE]
2025-08-03 20:25:36 - binding parameter [7] as [TIMESTAMP] - [2025-08-03T20:25:36.669372]
2025-08-03 20:25:36 - binding parameter [8] as [VARCHAR] - [user2]
2025-08-03 20:25:36 - binding parameter [9] as [BIGINT] - [0]
2025-08-03 20:25:36 - Processing transfer request: TransferRequest{fromAccountNumber='TEST001234567890', toAccountNumber='TEST002345678901', amount=10.00, currency=USD, description='Concurrent transfer test'}
2025-08-03 20:25:36 - Processing transfer request: TransferRequest{fromAccountNumber='TEST001234567890', toAccountNumber='TEST002345678901', amount=10.00, currency=USD, description='Concurrent transfer test'}
2025-08-03 20:25:36 - Processing transfer request: TransferRequest{fromAccountNumber='TEST001234567890', toAccountNumber='TEST002345678901', amount=10.00, currency=USD, description='Concurrent transfer test'}
2025-08-03 20:25:36 - Processing transfer request: TransferRequest{fromAccountNumber='TEST001234567890', toAccountNumber='TEST002345678901', amount=10.00, currency=USD, description='Concurrent transfer test'}
2025-08-03 20:25:36 - Processing transfer request: TransferRequest{fromAccountNumber='TEST001234567890', toAccountNumber='TEST002345678901', amount=10.00, currency=USD, description='Concurrent transfer test'}
2025-08-03 20:25:36 - Processing transfer request: TransferRequest{fromAccountNumber='TEST001234567890', toAccountNumber='TEST002345678901', amount=10.00, currency=USD, description='Concurrent transfer test'}
2025-08-03 20:25:36 - Processing transfer request: TransferRequest{fromAccountNumber='TEST001234567890', toAccountNumber='TEST002345678901', amount=10.00, currency=USD, description='Concurrent transfer test'}
2025-08-03 20:25:36 - Processing transfer request: TransferRequest{fromAccountNumber='TEST001234567890', toAccountNumber='TEST002345678901', amount=10.00, currency=USD, description='Concurrent transfer test'}
2025-08-03 20:25:36 - Processing transfer request: TransferRequest{fromAccountNumber='TEST001234567890', toAccountNumber='TEST002345678901', amount=10.00, currency=USD, description='Concurrent transfer test'}
2025-08-03 20:25:36 - Processing transfer request: TransferRequest{fromAccountNumber='TEST001234567890', toAccountNumber='TEST002345678901', amount=10.00, currency=USD, description='Concurrent transfer test'}
2025-08-03 20:25:36 - binding parameter [1] as [VARCHAR] - [TEST001234567890]
2025-08-03 20:25:36 - binding parameter [1] as [VARCHAR] - [TEST001234567890]
2025-08-03 20:25:36 - binding parameter [1] as [VARCHAR] - [TEST001234567890]
2025-08-03 20:25:36 - binding parameter [1] as [VARCHAR] - [TEST001234567890]
2025-08-03 20:25:36 - binding parameter [1] as [VARCHAR] - [TEST001234567890]
2025-08-03 20:25:36 - binding parameter [1] as [VARCHAR] - [TEST001234567890]
2025-08-03 20:25:36 - binding parameter [1] as [VARCHAR] - [TEST001234567890]
2025-08-03 20:25:36 - binding parameter [1] as [VARCHAR] - [TEST001234567890]
2025-08-03 20:25:36 - binding parameter [1] as [VARCHAR] - [TEST001234567890]
2025-08-03 20:25:36 - binding parameter [1] as [VARCHAR] - [TEST001234567890]
2025-08-03 20:25:36 - binding parameter [1] as [VARCHAR] - [TEST002345678901]
2025-08-03 20:25:36 - binding parameter [1] as [NUMERIC] - [10.00]
2025-08-03 20:25:36 - binding parameter [2] as [TIMESTAMP] - [null]
2025-08-03 20:25:36 - binding parameter [3] as [TIMESTAMP] - [2025-08-03T20:25:36.704371]
2025-08-03 20:25:36 - binding parameter [4] as [VARCHAR] - [USD]
2025-08-03 20:25:36 - binding parameter [5] as [VARCHAR] - [Concurrent transfer test]
2025-08-03 20:25:36 - binding parameter [6] as [VARCHAR] - [null]
2025-08-03 20:25:36 - binding parameter [7] as [BIGINT] - [9]
2025-08-03 20:25:36 - binding parameter [8] as [TIMESTAMP] - [null]
2025-08-03 20:25:36 - binding parameter [9] as [VARCHAR] - [PENDING]
2025-08-03 20:25:36 - binding parameter [10] as [BIGINT] - [10]
2025-08-03 20:25:36 - binding parameter [11] as [VARCHAR] - [TXN-083BB7923BEF4B75]
2025-08-03 20:25:36 - binding parameter [12] as [TIMESTAMP] - [2025-08-03T20:25:36.704383]
2025-08-03 20:25:36 - binding parameter [13] as [BIGINT] - [0]
2025-08-03 20:25:36 - Transfer completed successfully: TXN-083BB7923BEF4B75
2025-08-03 20:25:36 - binding parameter [1] as [VARCHAR] - [Test User 1]
2025-08-03 20:25:36 - binding parameter [2] as [VARCHAR] - [TEST001234567890]
2025-08-03 20:25:36 - binding parameter [3] as [NUMERIC] - [990.00]
2025-08-03 20:25:36 - binding parameter [4] as [VARCHAR] - [USD]
2025-08-03 20:25:36 - binding parameter [5] as [VARCHAR] - [ACTIVE]
2025-08-03 20:25:36 - binding parameter [6] as [TIMESTAMP] - [2025-08-03T20:25:36.725344]
2025-08-03 20:25:36 - binding parameter [7] as [VARCHAR] - [user1]
2025-08-03 20:25:36 - binding parameter [8] as [BIGINT] - [1]
2025-08-03 20:25:36 - binding parameter [9] as [BIGINT] - [9]
2025-08-03 20:25:36 - binding parameter [10] as [BIGINT] - [0]
2025-08-03 20:25:36 - binding parameter [1] as [VARCHAR] - [Test User 2]
2025-08-03 20:25:36 - binding parameter [2] as [VARCHAR] - [TEST002345678901]
2025-08-03 20:25:36 - binding parameter [3] as [NUMERIC] - [510.00]
2025-08-03 20:25:36 - binding parameter [4] as [VARCHAR] - [USD]
2025-08-03 20:25:36 - binding parameter [5] as [VARCHAR] - [ACTIVE]
2025-08-03 20:25:36 - binding parameter [6] as [TIMESTAMP] - [2025-08-03T20:25:36.728052]
2025-08-03 20:25:36 - binding parameter [7] as [VARCHAR] - [user2]
2025-08-03 20:25:36 - binding parameter [8] as [BIGINT] - [1]
2025-08-03 20:25:36 - binding parameter [9] as [BIGINT] - [10]
2025-08-03 20:25:36 - binding parameter [10] as [BIGINT] - [0]
2025-08-03 20:25:36 - binding parameter [1] as [NUMERIC] - [10.00]
2025-08-03 20:25:36 - binding parameter [2] as [TIMESTAMP] - [2025-08-03T20:25:36.722898]
2025-08-03 20:25:36 - binding parameter [3] as [VARCHAR] - [USD]
2025-08-03 20:25:36 - binding parameter [4] as [VARCHAR] - [Concurrent transfer test]
2025-08-03 20:25:36 - binding parameter [5] as [VARCHAR] - [null]
2025-08-03 20:25:36 - binding parameter [6] as [BIGINT] - [9]
2025-08-03 20:25:36 - binding parameter [7] as [TIMESTAMP] - [2025-08-03T20:25:36.712919]
2025-08-03 20:25:36 - binding parameter [8] as [VARCHAR] - [COMPLETED]
2025-08-03 20:25:36 - binding parameter [9] as [BIGINT] - [10]
2025-08-03 20:25:36 - binding parameter [10] as [VARCHAR] - [TXN-083BB7923BEF4B75]
2025-08-03 20:25:36 - binding parameter [11] as [TIMESTAMP] - [2025-08-03T20:25:36.728675]
2025-08-03 20:25:36 - binding parameter [12] as [BIGINT] - [1]
2025-08-03 20:25:36 - binding parameter [13] as [BIGINT] - [1]
2025-08-03 20:25:36 - binding parameter [14] as [BIGINT] - [0]
2025-08-03 20:25:36 - binding parameter [1] as [VARCHAR] - [TEST002345678901]
2025-08-03 20:25:36 - binding parameter [1] as [NUMERIC] - [10.00]
2025-08-03 20:25:36 - binding parameter [2] as [TIMESTAMP] - [null]
2025-08-03 20:25:36 - binding parameter [3] as [TIMESTAMP] - [2025-08-03T20:25:36.737664]
2025-08-03 20:25:36 - binding parameter [4] as [VARCHAR] - [USD]
2025-08-03 20:25:36 - binding parameter [5] as [VARCHAR] - [Concurrent transfer test]
2025-08-03 20:25:36 - binding parameter [6] as [VARCHAR] - [null]
2025-08-03 20:25:36 - binding parameter [7] as [BIGINT] - [9]
2025-08-03 20:25:36 - binding parameter [8] as [TIMESTAMP] - [null]
2025-08-03 20:25:36 - binding parameter [9] as [VARCHAR] - [PENDING]
2025-08-03 20:25:36 - binding parameter [10] as [BIGINT] - [10]
2025-08-03 20:25:36 - binding parameter [11] as [VARCHAR] - [TXN-7DA96D28AAED4143]
2025-08-03 20:25:36 - binding parameter [12] as [TIMESTAMP] - [2025-08-03T20:25:36.737675]
2025-08-03 20:25:36 - binding parameter [13] as [BIGINT] - [0]
2025-08-03 20:25:36 - Transfer completed successfully: TXN-7DA96D28AAED4143
2025-08-03 20:25:36 - binding parameter [1] as [VARCHAR] - [Test User 1]
2025-08-03 20:25:36 - Processing transfer request: TransferRequest{fromAccountNumber='TEST001234567890', toAccountNumber='TEST002345678901', amount=10.00, currency=USD, description='Concurrent transfer test'}
2025-08-03 20:25:36 - binding parameter [2] as [VARCHAR] - [TEST001234567890]
2025-08-03 20:25:36 - binding parameter [3] as [NUMERIC] - [980.00]
2025-08-03 20:25:36 - binding parameter [4] as [VARCHAR] - [USD]
2025-08-03 20:25:36 - binding parameter [5] as [VARCHAR] - [ACTIVE]
2025-08-03 20:25:36 - binding parameter [6] as [TIMESTAMP] - [2025-08-03T20:25:36.740789]
2025-08-03 20:25:36 - binding parameter [7] as [VARCHAR] - [user1]
2025-08-03 20:25:36 - binding parameter [8] as [BIGINT] - [2]
2025-08-03 20:25:36 - binding parameter [9] as [BIGINT] - [9]
2025-08-03 20:25:36 - binding parameter [10] as [BIGINT] - [1]
2025-08-03 20:25:36 - binding parameter [1] as [VARCHAR] - [Test User 2]
2025-08-03 20:25:36 - binding parameter [2] as [VARCHAR] - [TEST002345678901]
2025-08-03 20:25:36 - binding parameter [3] as [NUMERIC] - [520.00]
2025-08-03 20:25:36 - binding parameter [4] as [VARCHAR] - [USD]
2025-08-03 20:25:36 - binding parameter [5] as [VARCHAR] - [ACTIVE]
2025-08-03 20:25:36 - binding parameter [6] as [TIMESTAMP] - [2025-08-03T20:25:36.741735]
2025-08-03 20:25:36 - binding parameter [7] as [VARCHAR] - [user2]
2025-08-03 20:25:36 - binding parameter [8] as [BIGINT] - [2]
2025-08-03 20:25:36 - binding parameter [9] as [BIGINT] - [10]
2025-08-03 20:25:36 - binding parameter [10] as [BIGINT] - [1]
2025-08-03 20:25:36 - binding parameter [1] as [NUMERIC] - [10.00]
2025-08-03 20:25:36 - binding parameter [1] as [VARCHAR] - [TEST001234567890]
2025-08-03 20:25:36 - binding parameter [2] as [TIMESTAMP] - [2025-08-03T20:25:36.739690]
2025-08-03 20:25:36 - binding parameter [3] as [VARCHAR] - [USD]
2025-08-03 20:25:36 - binding parameter [4] as [VARCHAR] - [Concurrent transfer test]
2025-08-03 20:25:36 - binding parameter [5] as [VARCHAR] - [null]
2025-08-03 20:25:36 - binding parameter [6] as [BIGINT] - [9]
2025-08-03 20:25:36 - binding parameter [7] as [TIMESTAMP] - [2025-08-03T20:25:36.739162]
2025-08-03 20:25:36 - binding parameter [8] as [VARCHAR] - [COMPLETED]
2025-08-03 20:25:36 - binding parameter [9] as [BIGINT] - [10]
2025-08-03 20:25:36 - binding parameter [10] as [VARCHAR] - [TXN-7DA96D28AAED4143]
2025-08-03 20:25:36 - binding parameter [11] as [TIMESTAMP] - [2025-08-03T20:25:36.742234]
2025-08-03 20:25:36 - binding parameter [12] as [BIGINT] - [1]
2025-08-03 20:25:36 - binding parameter [13] as [BIGINT] - [2]
2025-08-03 20:25:36 - binding parameter [14] as [BIGINT] - [0]
2025-08-03 20:25:36 - Processing transfer request: TransferRequest{fromAccountNumber='TEST001234567890', toAccountNumber='TEST002345678901', amount=10.00, currency=USD, description='Concurrent transfer test'}
2025-08-03 20:25:36 - binding parameter [1] as [VARCHAR] - [TEST001234567890]
2025-08-03 20:25:36 - binding parameter [1] as [VARCHAR] - [TEST002345678901]
2025-08-03 20:25:36 - binding parameter [1] as [NUMERIC] - [10.00]
2025-08-03 20:25:36 - binding parameter [2] as [TIMESTAMP] - [null]
2025-08-03 20:25:36 - binding parameter [3] as [TIMESTAMP] - [2025-08-03T20:25:36.747104]
2025-08-03 20:25:36 - binding parameter [4] as [VARCHAR] - [USD]
2025-08-03 20:25:36 - binding parameter [5] as [VARCHAR] - [Concurrent transfer test]
2025-08-03 20:25:36 - binding parameter [6] as [VARCHAR] - [null]
2025-08-03 20:25:36 - binding parameter [7] as [BIGINT] - [9]
2025-08-03 20:25:36 - binding parameter [8] as [TIMESTAMP] - [null]
2025-08-03 20:25:36 - binding parameter [9] as [VARCHAR] - [PENDING]
2025-08-03 20:25:36 - binding parameter [10] as [BIGINT] - [10]
2025-08-03 20:25:36 - binding parameter [11] as [VARCHAR] - [TXN-A7639D6F8EF54CA8]
2025-08-03 20:25:36 - binding parameter [12] as [TIMESTAMP] - [2025-08-03T20:25:36.747117]
2025-08-03 20:25:36 - binding parameter [13] as [BIGINT] - [0]
2025-08-03 20:25:36 - Transfer completed successfully: TXN-A7639D6F8EF54CA8
2025-08-03 20:25:36 - binding parameter [1] as [VARCHAR] - [Test User 1]
2025-08-03 20:25:36 - binding parameter [2] as [VARCHAR] - [TEST001234567890]
2025-08-03 20:25:36 - binding parameter [3] as [NUMERIC] - [970.00]
2025-08-03 20:25:36 - binding parameter [4] as [VARCHAR] - [USD]
2025-08-03 20:25:36 - binding parameter [5] as [VARCHAR] - [ACTIVE]
2025-08-03 20:25:36 - binding parameter [6] as [TIMESTAMP] - [2025-08-03T20:25:36.749169]
2025-08-03 20:25:36 - binding parameter [7] as [VARCHAR] - [user1]
2025-08-03 20:25:36 - binding parameter [8] as [BIGINT] - [3]
2025-08-03 20:25:36 - binding parameter [9] as [BIGINT] - [9]
2025-08-03 20:25:36 - binding parameter [10] as [BIGINT] - [2]
2025-08-03 20:25:36 - binding parameter [1] as [VARCHAR] - [Test User 2]
2025-08-03 20:25:36 - binding parameter [2] as [VARCHAR] - [TEST002345678901]
2025-08-03 20:25:36 - binding parameter [3] as [NUMERIC] - [530.00]
2025-08-03 20:25:36 - binding parameter [4] as [VARCHAR] - [USD]
2025-08-03 20:25:36 - binding parameter [5] as [VARCHAR] - [ACTIVE]
2025-08-03 20:25:36 - binding parameter [6] as [TIMESTAMP] - [2025-08-03T20:25:36.749900]
2025-08-03 20:25:36 - binding parameter [7] as [VARCHAR] - [user2]
2025-08-03 20:25:36 - binding parameter [8] as [BIGINT] - [3]
2025-08-03 20:25:36 - binding parameter [9] as [BIGINT] - [10]
2025-08-03 20:25:36 - binding parameter [10] as [BIGINT] - [2]
2025-08-03 20:25:36 - binding parameter [1] as [NUMERIC] - [10.00]
2025-08-03 20:25:36 - binding parameter [2] as [TIMESTAMP] - [2025-08-03T20:25:36.748669]
2025-08-03 20:25:36 - binding parameter [3] as [VARCHAR] - [USD]
2025-08-03 20:25:36 - binding parameter [4] as [VARCHAR] - [Concurrent transfer test]
2025-08-03 20:25:36 - binding parameter [5] as [VARCHAR] - [null]
2025-08-03 20:25:36 - binding parameter [6] as [BIGINT] - [9]
2025-08-03 20:25:36 - binding parameter [7] as [TIMESTAMP] - [2025-08-03T20:25:36.748152]
2025-08-03 20:25:36 - binding parameter [8] as [VARCHAR] - [COMPLETED]
2025-08-03 20:25:36 - binding parameter [9] as [BIGINT] - [10]
2025-08-03 20:25:36 - binding parameter [10] as [VARCHAR] - [TXN-A7639D6F8EF54CA8]
2025-08-03 20:25:36 - binding parameter [11] as [TIMESTAMP] - [2025-08-03T20:25:36.750832]
2025-08-03 20:25:36 - binding parameter [12] as [BIGINT] - [1]
2025-08-03 20:25:36 - binding parameter [13] as [BIGINT] - [3]
2025-08-03 20:25:36 - binding parameter [14] as [BIGINT] - [0]
2025-08-03 20:25:36 - Processing transfer request: TransferRequest{fromAccountNumber='TEST001234567890', toAccountNumber='TEST002345678901', amount=10.00, currency=USD, description='Concurrent transfer test'}
2025-08-03 20:25:36 - binding parameter [1] as [VARCHAR] - [TEST001234567890]
2025-08-03 20:25:36 - binding parameter [1] as [VARCHAR] - [TEST002345678901]
2025-08-03 20:25:36 - binding parameter [1] as [NUMERIC] - [10.00]
2025-08-03 20:25:36 - binding parameter [2] as [TIMESTAMP] - [null]
2025-08-03 20:25:36 - binding parameter [3] as [TIMESTAMP] - [2025-08-03T20:25:36.754383]
2025-08-03 20:25:36 - binding parameter [4] as [VARCHAR] - [USD]
2025-08-03 20:25:36 - binding parameter [5] as [VARCHAR] - [Concurrent transfer test]
2025-08-03 20:25:36 - binding parameter [6] as [VARCHAR] - [null]
2025-08-03 20:25:36 - binding parameter [7] as [BIGINT] - [9]
2025-08-03 20:25:36 - binding parameter [8] as [TIMESTAMP] - [null]
2025-08-03 20:25:36 - binding parameter [9] as [VARCHAR] - [PENDING]
2025-08-03 20:25:36 - binding parameter [10] as [BIGINT] - [10]
2025-08-03 20:25:36 - binding parameter [11] as [VARCHAR] - [TXN-258DF96B18774BDE]
2025-08-03 20:25:36 - binding parameter [12] as [TIMESTAMP] - [2025-08-03T20:25:36.754394]
2025-08-03 20:25:36 - binding parameter [13] as [BIGINT] - [0]
2025-08-03 20:25:36 - Transfer completed successfully: TXN-258DF96B18774BDE
2025-08-03 20:25:36 - binding parameter [1] as [VARCHAR] - [Test User 1]
2025-08-03 20:25:36 - binding parameter [2] as [VARCHAR] - [TEST001234567890]
2025-08-03 20:25:36 - binding parameter [3] as [NUMERIC] - [960.00]
2025-08-03 20:25:36 - binding parameter [4] as [VARCHAR] - [USD]
2025-08-03 20:25:36 - binding parameter [5] as [VARCHAR] - [ACTIVE]
2025-08-03 20:25:36 - binding parameter [6] as [TIMESTAMP] - [2025-08-03T20:25:36.756528]
2025-08-03 20:25:36 - binding parameter [7] as [VARCHAR] - [user1]
2025-08-03 20:25:36 - binding parameter [8] as [BIGINT] - [4]
2025-08-03 20:25:36 - binding parameter [9] as [BIGINT] - [9]
2025-08-03 20:25:36 - binding parameter [10] as [BIGINT] - [3]
2025-08-03 20:25:36 - binding parameter [1] as [VARCHAR] - [Test User 2]
2025-08-03 20:25:36 - binding parameter [2] as [VARCHAR] - [TEST002345678901]
2025-08-03 20:25:36 - binding parameter [3] as [NUMERIC] - [540.00]
2025-08-03 20:25:36 - binding parameter [4] as [VARCHAR] - [USD]
2025-08-03 20:25:36 - binding parameter [5] as [VARCHAR] - [ACTIVE]
2025-08-03 20:25:36 - binding parameter [6] as [TIMESTAMP] - [2025-08-03T20:25:36.757572]
2025-08-03 20:25:36 - binding parameter [7] as [VARCHAR] - [user2]
2025-08-03 20:25:36 - binding parameter [8] as [BIGINT] - [4]
2025-08-03 20:25:36 - binding parameter [9] as [BIGINT] - [10]
2025-08-03 20:25:36 - binding parameter [10] as [BIGINT] - [3]
2025-08-03 20:25:36 - binding parameter [1] as [NUMERIC] - [10.00]
2025-08-03 20:25:36 - binding parameter [2] as [TIMESTAMP] - [2025-08-03T20:25:36.755841]
2025-08-03 20:25:36 - binding parameter [3] as [VARCHAR] - [USD]
2025-08-03 20:25:36 - binding parameter [4] as [VARCHAR] - [Concurrent transfer test]
2025-08-03 20:25:36 - binding parameter [5] as [VARCHAR] - [null]
2025-08-03 20:25:36 - binding parameter [6] as [BIGINT] - [9]
2025-08-03 20:25:36 - binding parameter [7] as [TIMESTAMP] - [2025-08-03T20:25:36.755534]
2025-08-03 20:25:36 - binding parameter [8] as [VARCHAR] - [COMPLETED]
2025-08-03 20:25:36 - binding parameter [9] as [BIGINT] - [10]
2025-08-03 20:25:36 - binding parameter [10] as [VARCHAR] - [TXN-258DF96B18774BDE]
2025-08-03 20:25:36 - binding parameter [11] as [TIMESTAMP] - [2025-08-03T20:25:36.758050]
2025-08-03 20:25:36 - binding parameter [12] as [BIGINT] - [1]
2025-08-03 20:25:36 - binding parameter [13] as [BIGINT] - [4]
2025-08-03 20:25:36 - binding parameter [14] as [BIGINT] - [0]
2025-08-03 20:25:36 - Processing transfer request: TransferRequest{fromAccountNumber='TEST001234567890', toAccountNumber='TEST002345678901', amount=10.00, currency=USD, description='Concurrent transfer test'}
2025-08-03 20:25:36 - binding parameter [1] as [VARCHAR] - [TEST001234567890]
2025-08-03 20:25:36 - binding parameter [1] as [VARCHAR] - [TEST002345678901]
2025-08-03 20:25:36 - binding parameter [1] as [NUMERIC] - [10.00]
2025-08-03 20:25:36 - binding parameter [2] as [TIMESTAMP] - [null]
2025-08-03 20:25:36 - binding parameter [3] as [TIMESTAMP] - [2025-08-03T20:25:36.760849]
2025-08-03 20:25:36 - binding parameter [4] as [VARCHAR] - [USD]
2025-08-03 20:25:36 - binding parameter [5] as [VARCHAR] - [Concurrent transfer test]
2025-08-03 20:25:36 - binding parameter [6] as [VARCHAR] - [null]
2025-08-03 20:25:36 - binding parameter [7] as [BIGINT] - [9]
2025-08-03 20:25:36 - binding parameter [8] as [TIMESTAMP] - [null]
2025-08-03 20:25:36 - binding parameter [9] as [VARCHAR] - [PENDING]
2025-08-03 20:25:36 - binding parameter [10] as [BIGINT] - [10]
2025-08-03 20:25:36 - binding parameter [11] as [VARCHAR] - [TXN-599A2BB811974616]
2025-08-03 20:25:36 - binding parameter [12] as [TIMESTAMP] - [2025-08-03T20:25:36.760858]
2025-08-03 20:25:36 - binding parameter [13] as [BIGINT] - [0]
2025-08-03 20:25:36 - Transfer completed successfully: TXN-599A2BB811974616
2025-08-03 20:25:36 - binding parameter [1] as [VARCHAR] - [Test User 1]
2025-08-03 20:25:36 - binding parameter [2] as [VARCHAR] - [TEST001234567890]
2025-08-03 20:25:36 - binding parameter [3] as [NUMERIC] - [950.00]
2025-08-03 20:25:36 - binding parameter [4] as [VARCHAR] - [USD]
2025-08-03 20:25:36 - binding parameter [5] as [VARCHAR] - [ACTIVE]
2025-08-03 20:25:36 - binding parameter [6] as [TIMESTAMP] - [2025-08-03T20:25:36.763965]
2025-08-03 20:25:36 - binding parameter [7] as [VARCHAR] - [user1]
2025-08-03 20:25:36 - binding parameter [8] as [BIGINT] - [5]
2025-08-03 20:25:36 - binding parameter [9] as [BIGINT] - [9]
2025-08-03 20:25:36 - binding parameter [10] as [BIGINT] - [4]
2025-08-03 20:25:36 - binding parameter [1] as [VARCHAR] - [Test User 2]
2025-08-03 20:25:36 - binding parameter [2] as [VARCHAR] - [TEST002345678901]
2025-08-03 20:25:36 - binding parameter [3] as [NUMERIC] - [550.00]
2025-08-03 20:25:36 - binding parameter [4] as [VARCHAR] - [USD]
2025-08-03 20:25:36 - binding parameter [5] as [VARCHAR] - [ACTIVE]
2025-08-03 20:25:36 - binding parameter [6] as [TIMESTAMP] - [2025-08-03T20:25:36.765583]
2025-08-03 20:25:36 - binding parameter [7] as [VARCHAR] - [user2]
2025-08-03 20:25:36 - binding parameter [8] as [BIGINT] - [5]
2025-08-03 20:25:36 - binding parameter [9] as [BIGINT] - [10]
2025-08-03 20:25:36 - binding parameter [10] as [BIGINT] - [4]
2025-08-03 20:25:36 - binding parameter [1] as [NUMERIC] - [10.00]
2025-08-03 20:25:36 - binding parameter [2] as [TIMESTAMP] - [2025-08-03T20:25:36.762943]
2025-08-03 20:25:36 - binding parameter [3] as [VARCHAR] - [USD]
2025-08-03 20:25:36 - binding parameter [4] as [VARCHAR] - [Concurrent transfer test]
2025-08-03 20:25:36 - binding parameter [5] as [VARCHAR] - [null]
2025-08-03 20:25:36 - binding parameter [6] as [BIGINT] - [9]
2025-08-03 20:25:36 - binding parameter [7] as [TIMESTAMP] - [2025-08-03T20:25:36.762515]
2025-08-03 20:25:36 - binding parameter [8] as [VARCHAR] - [COMPLETED]
2025-08-03 20:25:36 - binding parameter [9] as [BIGINT] - [10]
2025-08-03 20:25:36 - binding parameter [10] as [VARCHAR] - [TXN-599A2BB811974616]
2025-08-03 20:25:36 - binding parameter [11] as [TIMESTAMP] - [2025-08-03T20:25:36.774977]
2025-08-03 20:25:36 - binding parameter [12] as [BIGINT] - [1]
2025-08-03 20:25:36 - binding parameter [13] as [BIGINT] - [5]
2025-08-03 20:25:36 - binding parameter [14] as [BIGINT] - [0]
2025-08-03 20:25:36 - Processing transfer request: TransferRequest{fromAccountNumber='TEST001234567890', toAccountNumber='TEST002345678901', amount=10.00, currency=USD, description='Concurrent transfer test'}
2025-08-03 20:25:36 - binding parameter [1] as [VARCHAR] - [TEST001234567890]
2025-08-03 20:25:36 - binding parameter [1] as [VARCHAR] - [TEST002345678901]
2025-08-03 20:25:36 - binding parameter [1] as [NUMERIC] - [10.00]
2025-08-03 20:25:36 - binding parameter [2] as [TIMESTAMP] - [null]
2025-08-03 20:25:36 - binding parameter [3] as [TIMESTAMP] - [2025-08-03T20:25:36.844345]
2025-08-03 20:25:36 - binding parameter [4] as [VARCHAR] - [USD]
2025-08-03 20:25:36 - binding parameter [5] as [VARCHAR] - [Concurrent transfer test]
2025-08-03 20:25:36 - binding parameter [6] as [VARCHAR] - [null]
2025-08-03 20:25:36 - binding parameter [7] as [BIGINT] - [9]
2025-08-03 20:25:36 - binding parameter [8] as [TIMESTAMP] - [null]
2025-08-03 20:25:36 - binding parameter [9] as [VARCHAR] - [PENDING]
2025-08-03 20:25:36 - binding parameter [10] as [BIGINT] - [10]
2025-08-03 20:25:36 - binding parameter [11] as [VARCHAR] - [TXN-BFC22340DFC9411B]
2025-08-03 20:25:36 - binding parameter [12] as [TIMESTAMP] - [2025-08-03T20:25:36.844580]
2025-08-03 20:25:36 - binding parameter [13] as [BIGINT] - [0]
2025-08-03 20:25:36 - Transfer completed successfully: TXN-BFC22340DFC9411B
2025-08-03 20:25:36 - binding parameter [1] as [VARCHAR] - [Test User 1]
2025-08-03 20:25:36 - binding parameter [2] as [VARCHAR] - [TEST001234567890]
2025-08-03 20:25:36 - binding parameter [3] as [NUMERIC] - [940.00]
2025-08-03 20:25:36 - binding parameter [4] as [VARCHAR] - [USD]
2025-08-03 20:25:36 - binding parameter [5] as [VARCHAR] - [ACTIVE]
2025-08-03 20:25:36 - binding parameter [6] as [TIMESTAMP] - [2025-08-03T20:25:36.887809]
2025-08-03 20:25:36 - binding parameter [7] as [VARCHAR] - [user1]
2025-08-03 20:25:36 - binding parameter [8] as [BIGINT] - [6]
2025-08-03 20:25:36 - binding parameter [9] as [BIGINT] - [9]
2025-08-03 20:25:36 - binding parameter [10] as [BIGINT] - [5]
2025-08-03 20:25:36 - binding parameter [1] as [VARCHAR] - [Test User 2]
2025-08-03 20:25:36 - binding parameter [2] as [VARCHAR] - [TEST002345678901]
2025-08-03 20:25:36 - binding parameter [3] as [NUMERIC] - [560.00]
2025-08-03 20:25:36 - binding parameter [4] as [VARCHAR] - [USD]
2025-08-03 20:25:36 - binding parameter [5] as [VARCHAR] - [ACTIVE]
2025-08-03 20:25:36 - binding parameter [6] as [TIMESTAMP] - [2025-08-03T20:25:36.890414]
2025-08-03 20:25:36 - binding parameter [7] as [VARCHAR] - [user2]
2025-08-03 20:25:36 - binding parameter [8] as [BIGINT] - [6]
2025-08-03 20:25:36 - binding parameter [9] as [BIGINT] - [10]
2025-08-03 20:25:36 - binding parameter [10] as [BIGINT] - [5]
2025-08-03 20:25:36 - binding parameter [1] as [NUMERIC] - [10.00]
2025-08-03 20:25:36 - binding parameter [2] as [TIMESTAMP] - [2025-08-03T20:25:36.887186]
2025-08-03 20:25:36 - binding parameter [3] as [VARCHAR] - [USD]
2025-08-03 20:25:36 - binding parameter [4] as [VARCHAR] - [Concurrent transfer test]
2025-08-03 20:25:36 - binding parameter [5] as [VARCHAR] - [null]
2025-08-03 20:25:36 - binding parameter [6] as [BIGINT] - [9]
2025-08-03 20:25:36 - binding parameter [7] as [TIMESTAMP] - [2025-08-03T20:25:36.884994]
2025-08-03 20:25:36 - binding parameter [8] as [VARCHAR] - [COMPLETED]
2025-08-03 20:25:36 - binding parameter [9] as [BIGINT] - [10]
2025-08-03 20:25:36 - binding parameter [10] as [VARCHAR] - [TXN-BFC22340DFC9411B]
2025-08-03 20:25:36 - binding parameter [11] as [TIMESTAMP] - [2025-08-03T20:25:36.891755]
2025-08-03 20:25:36 - binding parameter [12] as [BIGINT] - [1]
2025-08-03 20:25:36 - binding parameter [13] as [BIGINT] - [6]
2025-08-03 20:25:36 - binding parameter [14] as [BIGINT] - [0]
2025-08-03 20:25:36 - Processing transfer request: TransferRequest{fromAccountNumber='TEST001234567890', toAccountNumber='TEST002345678901', amount=10.00, currency=USD, description='Concurrent transfer test'}
2025-08-03 20:25:36 - binding parameter [1] as [VARCHAR] - [TEST001234567890]
2025-08-03 20:25:36 - binding parameter [1] as [VARCHAR] - [TEST002345678901]
2025-08-03 20:25:36 - binding parameter [1] as [NUMERIC] - [10.00]
2025-08-03 20:25:36 - binding parameter [2] as [TIMESTAMP] - [null]
2025-08-03 20:25:36 - binding parameter [3] as [TIMESTAMP] - [2025-08-03T20:25:36.897631]
2025-08-03 20:25:36 - binding parameter [4] as [VARCHAR] - [USD]
2025-08-03 20:25:36 - binding parameter [5] as [VARCHAR] - [Concurrent transfer test]
2025-08-03 20:25:36 - binding parameter [6] as [VARCHAR] - [null]
2025-08-03 20:25:36 - binding parameter [7] as [BIGINT] - [9]
2025-08-03 20:25:36 - binding parameter [8] as [TIMESTAMP] - [null]
2025-08-03 20:25:36 - binding parameter [9] as [VARCHAR] - [PENDING]
2025-08-03 20:25:36 - binding parameter [10] as [BIGINT] - [10]
2025-08-03 20:25:36 - binding parameter [11] as [VARCHAR] - [TXN-EF5F896375424A04]
2025-08-03 20:25:36 - binding parameter [12] as [TIMESTAMP] - [2025-08-03T20:25:36.897642]
2025-08-03 20:25:36 - binding parameter [13] as [BIGINT] - [0]
2025-08-03 20:25:36 - Transfer completed successfully: TXN-EF5F896375424A04
2025-08-03 20:25:36 - binding parameter [1] as [VARCHAR] - [Test User 1]
2025-08-03 20:25:36 - binding parameter [2] as [VARCHAR] - [TEST001234567890]
2025-08-03 20:25:36 - binding parameter [3] as [NUMERIC] - [930.00]
2025-08-03 20:25:36 - binding parameter [4] as [VARCHAR] - [USD]
2025-08-03 20:25:36 - binding parameter [5] as [VARCHAR] - [ACTIVE]
2025-08-03 20:25:36 - binding parameter [6] as [TIMESTAMP] - [2025-08-03T20:25:36.901490]
2025-08-03 20:25:36 - binding parameter [7] as [VARCHAR] - [user1]
2025-08-03 20:25:36 - binding parameter [8] as [BIGINT] - [7]
2025-08-03 20:25:36 - binding parameter [9] as [BIGINT] - [9]
2025-08-03 20:25:36 - binding parameter [10] as [BIGINT] - [6]
2025-08-03 20:25:36 - binding parameter [1] as [VARCHAR] - [Test User 2]
2025-08-03 20:25:36 - binding parameter [2] as [VARCHAR] - [TEST002345678901]
2025-08-03 20:25:36 - binding parameter [3] as [NUMERIC] - [570.00]
2025-08-03 20:25:36 - binding parameter [4] as [VARCHAR] - [USD]
2025-08-03 20:25:36 - binding parameter [5] as [VARCHAR] - [ACTIVE]
2025-08-03 20:25:36 - binding parameter [6] as [TIMESTAMP] - [2025-08-03T20:25:36.907192]
2025-08-03 20:25:36 - binding parameter [7] as [VARCHAR] - [user2]
2025-08-03 20:25:36 - binding parameter [8] as [BIGINT] - [7]
2025-08-03 20:25:36 - binding parameter [9] as [BIGINT] - [10]
2025-08-03 20:25:36 - binding parameter [10] as [BIGINT] - [6]
2025-08-03 20:25:36 - binding parameter [1] as [NUMERIC] - [10.00]
2025-08-03 20:25:36 - binding parameter [2] as [TIMESTAMP] - [2025-08-03T20:25:36.900300]
2025-08-03 20:25:36 - binding parameter [3] as [VARCHAR] - [USD]
2025-08-03 20:25:36 - binding parameter [4] as [VARCHAR] - [Concurrent transfer test]
2025-08-03 20:25:36 - binding parameter [5] as [VARCHAR] - [null]
2025-08-03 20:25:36 - binding parameter [6] as [BIGINT] - [9]
2025-08-03 20:25:36 - binding parameter [7] as [TIMESTAMP] - [2025-08-03T20:25:36.899994]
2025-08-03 20:25:36 - binding parameter [8] as [VARCHAR] - [COMPLETED]
2025-08-03 20:25:36 - binding parameter [9] as [BIGINT] - [10]
2025-08-03 20:25:36 - binding parameter [10] as [VARCHAR] - [TXN-EF5F896375424A04]
2025-08-03 20:25:36 - binding parameter [11] as [TIMESTAMP] - [2025-08-03T20:25:36.908788]
2025-08-03 20:25:36 - binding parameter [12] as [BIGINT] - [1]
2025-08-03 20:25:36 - binding parameter [13] as [BIGINT] - [7]
2025-08-03 20:25:36 - binding parameter [14] as [BIGINT] - [0]
2025-08-03 20:25:36 - Processing transfer request: TransferRequest{fromAccountNumber='TEST001234567890', toAccountNumber='TEST002345678901', amount=10.00, currency=USD, description='Concurrent transfer test'}
2025-08-03 20:25:36 - binding parameter [1] as [VARCHAR] - [TEST001234567890]
2025-08-03 20:25:36 - binding parameter [1] as [VARCHAR] - [TEST002345678901]
2025-08-03 20:25:36 - binding parameter [1] as [NUMERIC] - [10.00]
2025-08-03 20:25:36 - binding parameter [2] as [TIMESTAMP] - [null]
2025-08-03 20:25:36 - binding parameter [3] as [TIMESTAMP] - [2025-08-03T20:25:36.911690]
2025-08-03 20:25:36 - binding parameter [4] as [VARCHAR] - [USD]
2025-08-03 20:25:36 - binding parameter [5] as [VARCHAR] - [Concurrent transfer test]
2025-08-03 20:25:36 - binding parameter [6] as [VARCHAR] - [null]
2025-08-03 20:25:36 - binding parameter [7] as [BIGINT] - [9]
2025-08-03 20:25:36 - binding parameter [8] as [TIMESTAMP] - [null]
2025-08-03 20:25:36 - binding parameter [9] as [VARCHAR] - [PENDING]
2025-08-03 20:25:36 - binding parameter [10] as [BIGINT] - [10]
2025-08-03 20:25:36 - binding parameter [11] as [VARCHAR] - [TXN-999E9992B7224A31]
2025-08-03 20:25:36 - binding parameter [12] as [TIMESTAMP] - [2025-08-03T20:25:36.911699]
2025-08-03 20:25:36 - binding parameter [13] as [BIGINT] - [0]
2025-08-03 20:25:36 - Transfer completed successfully: TXN-999E9992B7224A31
2025-08-03 20:25:36 - binding parameter [1] as [VARCHAR] - [Test User 1]
2025-08-03 20:25:36 - binding parameter [2] as [VARCHAR] - [TEST001234567890]
2025-08-03 20:25:36 - binding parameter [3] as [NUMERIC] - [920.00]
2025-08-03 20:25:36 - binding parameter [4] as [VARCHAR] - [USD]
2025-08-03 20:25:36 - binding parameter [5] as [VARCHAR] - [ACTIVE]
2025-08-03 20:25:36 - binding parameter [6] as [TIMESTAMP] - [2025-08-03T20:25:36.913993]
2025-08-03 20:25:36 - binding parameter [7] as [VARCHAR] - [user1]
2025-08-03 20:25:36 - binding parameter [8] as [BIGINT] - [8]
2025-08-03 20:25:36 - binding parameter [9] as [BIGINT] - [9]
2025-08-03 20:25:36 - binding parameter [10] as [BIGINT] - [7]
2025-08-03 20:25:36 - binding parameter [1] as [VARCHAR] - [Test User 2]
2025-08-03 20:25:36 - binding parameter [2] as [VARCHAR] - [TEST002345678901]
2025-08-03 20:25:36 - binding parameter [3] as [NUMERIC] - [580.00]
2025-08-03 20:25:36 - binding parameter [4] as [VARCHAR] - [USD]
2025-08-03 20:25:36 - binding parameter [5] as [VARCHAR] - [ACTIVE]
2025-08-03 20:25:36 - binding parameter [6] as [TIMESTAMP] - [2025-08-03T20:25:36.915048]
2025-08-03 20:25:36 - binding parameter [7] as [VARCHAR] - [user2]
2025-08-03 20:25:36 - binding parameter [8] as [BIGINT] - [8]
2025-08-03 20:25:36 - binding parameter [9] as [BIGINT] - [10]
2025-08-03 20:25:36 - binding parameter [10] as [BIGINT] - [7]
2025-08-03 20:25:36 - binding parameter [1] as [NUMERIC] - [10.00]
2025-08-03 20:25:36 - binding parameter [2] as [TIMESTAMP] - [2025-08-03T20:25:36.913441]
2025-08-03 20:25:36 - binding parameter [3] as [VARCHAR] - [USD]
2025-08-03 20:25:36 - binding parameter [4] as [VARCHAR] - [Concurrent transfer test]
2025-08-03 20:25:36 - binding parameter [5] as [VARCHAR] - [null]
2025-08-03 20:25:36 - binding parameter [6] as [BIGINT] - [9]
2025-08-03 20:25:36 - binding parameter [7] as [TIMESTAMP] - [2025-08-03T20:25:36.912650]
2025-08-03 20:25:36 - binding parameter [8] as [VARCHAR] - [COMPLETED]
2025-08-03 20:25:36 - binding parameter [9] as [BIGINT] - [10]
2025-08-03 20:25:36 - binding parameter [10] as [VARCHAR] - [TXN-999E9992B7224A31]
2025-08-03 20:25:36 - binding parameter [11] as [TIMESTAMP] - [2025-08-03T20:25:36.915582]
2025-08-03 20:25:36 - binding parameter [12] as [BIGINT] - [1]
2025-08-03 20:25:36 - binding parameter [13] as [BIGINT] - [8]
2025-08-03 20:25:36 - binding parameter [14] as [BIGINT] - [0]
2025-08-03 20:25:36 - Processing transfer request: TransferRequest{fromAccountNumber='TEST001234567890', toAccountNumber='TEST002345678901', amount=10.00, currency=USD, description='Concurrent transfer test'}
2025-08-03 20:25:36 - binding parameter [1] as [VARCHAR] - [TEST001234567890]
2025-08-03 20:25:36 - binding parameter [1] as [VARCHAR] - [TEST002345678901]
2025-08-03 20:25:36 - binding parameter [1] as [NUMERIC] - [10.00]
2025-08-03 20:25:36 - binding parameter [2] as [TIMESTAMP] - [null]
2025-08-03 20:25:36 - binding parameter [3] as [TIMESTAMP] - [2025-08-03T20:25:36.922158]
2025-08-03 20:25:36 - binding parameter [4] as [VARCHAR] - [USD]
2025-08-03 20:25:36 - binding parameter [5] as [VARCHAR] - [Concurrent transfer test]
2025-08-03 20:25:36 - binding parameter [6] as [VARCHAR] - [null]
2025-08-03 20:25:36 - binding parameter [7] as [BIGINT] - [9]
2025-08-03 20:25:36 - binding parameter [8] as [TIMESTAMP] - [null]
2025-08-03 20:25:36 - binding parameter [9] as [VARCHAR] - [PENDING]
2025-08-03 20:25:36 - binding parameter [10] as [BIGINT] - [10]
2025-08-03 20:25:36 - binding parameter [11] as [VARCHAR] - [TXN-B343CFAFDD234F64]
2025-08-03 20:25:36 - binding parameter [12] as [TIMESTAMP] - [2025-08-03T20:25:36.922171]
2025-08-03 20:25:36 - binding parameter [13] as [BIGINT] - [0]
2025-08-03 20:25:36 - Transfer completed successfully: TXN-B343CFAFDD234F64
2025-08-03 20:25:36 - binding parameter [1] as [VARCHAR] - [Test User 1]
2025-08-03 20:25:36 - binding parameter [2] as [VARCHAR] - [TEST001234567890]
2025-08-03 20:25:36 - binding parameter [3] as [NUMERIC] - [910.00]
2025-08-03 20:25:36 - binding parameter [4] as [VARCHAR] - [USD]
2025-08-03 20:25:36 - binding parameter [5] as [VARCHAR] - [ACTIVE]
2025-08-03 20:25:36 - binding parameter [6] as [TIMESTAMP] - [2025-08-03T20:25:36.925280]
2025-08-03 20:25:36 - binding parameter [7] as [VARCHAR] - [user1]
2025-08-03 20:25:36 - binding parameter [8] as [BIGINT] - [9]
2025-08-03 20:25:36 - binding parameter [9] as [BIGINT] - [9]
2025-08-03 20:25:36 - binding parameter [10] as [BIGINT] - [8]
2025-08-03 20:25:36 - binding parameter [1] as [VARCHAR] - [Test User 2]
2025-08-03 20:25:36 - binding parameter [2] as [VARCHAR] - [TEST002345678901]
2025-08-03 20:25:36 - binding parameter [3] as [NUMERIC] - [590.00]
2025-08-03 20:25:36 - binding parameter [4] as [VARCHAR] - [USD]
2025-08-03 20:25:36 - binding parameter [5] as [VARCHAR] - [ACTIVE]
2025-08-03 20:25:36 - binding parameter [6] as [TIMESTAMP] - [2025-08-03T20:25:36.926497]
2025-08-03 20:25:36 - binding parameter [7] as [VARCHAR] - [user2]
2025-08-03 20:25:36 - binding parameter [8] as [BIGINT] - [9]
2025-08-03 20:25:36 - binding parameter [9] as [BIGINT] - [10]
2025-08-03 20:25:36 - binding parameter [10] as [BIGINT] - [8]
2025-08-03 20:25:36 - binding parameter [1] as [NUMERIC] - [10.00]
2025-08-03 20:25:36 - binding parameter [2] as [TIMESTAMP] - [2025-08-03T20:25:36.924787]
2025-08-03 20:25:36 - binding parameter [3] as [VARCHAR] - [USD]
2025-08-03 20:25:36 - binding parameter [4] as [VARCHAR] - [Concurrent transfer test]
2025-08-03 20:25:36 - binding parameter [5] as [VARCHAR] - [null]
2025-08-03 20:25:36 - binding parameter [6] as [BIGINT] - [9]
2025-08-03 20:25:36 - binding parameter [7] as [TIMESTAMP] - [2025-08-03T20:25:36.924491]
2025-08-03 20:25:36 - binding parameter [8] as [VARCHAR] - [COMPLETED]
2025-08-03 20:25:36 - binding parameter [9] as [BIGINT] - [10]
2025-08-03 20:25:36 - binding parameter [10] as [VARCHAR] - [TXN-B343CFAFDD234F64]
2025-08-03 20:25:36 - binding parameter [11] as [TIMESTAMP] - [2025-08-03T20:25:36.927376]
2025-08-03 20:25:36 - binding parameter [12] as [BIGINT] - [1]
2025-08-03 20:25:36 - binding parameter [13] as [BIGINT] - [9]
2025-08-03 20:25:36 - binding parameter [14] as [BIGINT] - [0]
2025-08-03 20:25:36 - Processing transfer request: TransferRequest{fromAccountNumber='TEST001234567890', toAccountNumber='TEST002345678901', amount=10.00, currency=USD, description='Concurrent transfer test'}
2025-08-03 20:25:36 - binding parameter [1] as [VARCHAR] - [TEST001234567890]
2025-08-03 20:25:36 - binding parameter [1] as [VARCHAR] - [TEST002345678901]
2025-08-03 20:25:36 - binding parameter [1] as [NUMERIC] - [10.00]
2025-08-03 20:25:36 - binding parameter [2] as [TIMESTAMP] - [null]
2025-08-03 20:25:36 - binding parameter [3] as [TIMESTAMP] - [2025-08-03T20:25:36.931597]
2025-08-03 20:25:36 - binding parameter [4] as [VARCHAR] - [USD]
2025-08-03 20:25:36 - binding parameter [5] as [VARCHAR] - [Concurrent transfer test]
2025-08-03 20:25:36 - binding parameter [6] as [VARCHAR] - [null]
2025-08-03 20:25:36 - binding parameter [7] as [BIGINT] - [9]
2025-08-03 20:25:36 - binding parameter [8] as [TIMESTAMP] - [null]
2025-08-03 20:25:36 - binding parameter [9] as [VARCHAR] - [PENDING]
2025-08-03 20:25:36 - binding parameter [10] as [BIGINT] - [10]
2025-08-03 20:25:36 - binding parameter [11] as [VARCHAR] - [TXN-2B783E06837A420A]
2025-08-03 20:25:36 - binding parameter [12] as [TIMESTAMP] - [2025-08-03T20:25:36.931612]
2025-08-03 20:25:36 - binding parameter [13] as [BIGINT] - [0]
2025-08-03 20:25:36 - Transfer completed successfully: TXN-2B783E06837A420A
2025-08-03 20:25:36 - binding parameter [1] as [VARCHAR] - [Test User 1]
2025-08-03 20:25:36 - binding parameter [2] as [VARCHAR] - [TEST001234567890]
2025-08-03 20:25:36 - binding parameter [3] as [NUMERIC] - [900.00]
2025-08-03 20:25:36 - binding parameter [4] as [VARCHAR] - [USD]
2025-08-03 20:25:36 - binding parameter [5] as [VARCHAR] - [ACTIVE]
2025-08-03 20:25:36 - binding parameter [6] as [TIMESTAMP] - [2025-08-03T20:25:36.934289]
2025-08-03 20:25:36 - binding parameter [7] as [VARCHAR] - [user1]
2025-08-03 20:25:36 - binding parameter [8] as [BIGINT] - [10]
2025-08-03 20:25:36 - binding parameter [9] as [BIGINT] - [9]
2025-08-03 20:25:36 - binding parameter [10] as [BIGINT] - [9]
2025-08-03 20:25:36 - binding parameter [1] as [VARCHAR] - [Test User 2]
2025-08-03 20:25:36 - binding parameter [2] as [VARCHAR] - [TEST002345678901]
2025-08-03 20:25:36 - binding parameter [3] as [NUMERIC] - [600.00]
2025-08-03 20:25:36 - binding parameter [4] as [VARCHAR] - [USD]
2025-08-03 20:25:36 - binding parameter [5] as [VARCHAR] - [ACTIVE]
2025-08-03 20:25:36 - binding parameter [6] as [TIMESTAMP] - [2025-08-03T20:25:36.934947]
2025-08-03 20:25:36 - binding parameter [7] as [VARCHAR] - [user2]
2025-08-03 20:25:36 - binding parameter [8] as [BIGINT] - [10]
2025-08-03 20:25:36 - binding parameter [9] as [BIGINT] - [10]
2025-08-03 20:25:36 - binding parameter [10] as [BIGINT] - [9]
2025-08-03 20:25:36 - binding parameter [1] as [NUMERIC] - [10.00]
2025-08-03 20:25:36 - binding parameter [2] as [TIMESTAMP] - [2025-08-03T20:25:36.933047]
2025-08-03 20:25:36 - binding parameter [3] as [VARCHAR] - [USD]
2025-08-03 20:25:36 - binding parameter [4] as [VARCHAR] - [Concurrent transfer test]
2025-08-03 20:25:36 - binding parameter [5] as [VARCHAR] - [null]
2025-08-03 20:25:36 - binding parameter [6] as [BIGINT] - [9]
2025-08-03 20:25:36 - binding parameter [7] as [TIMESTAMP] - [2025-08-03T20:25:36.932763]
2025-08-03 20:25:36 - binding parameter [8] as [VARCHAR] - [COMPLETED]
2025-08-03 20:25:36 - binding parameter [9] as [BIGINT] - [10]
2025-08-03 20:25:36 - binding parameter [10] as [VARCHAR] - [TXN-2B783E06837A420A]
2025-08-03 20:25:36 - binding parameter [11] as [TIMESTAMP] - [2025-08-03T20:25:36.936010]
2025-08-03 20:25:36 - binding parameter [12] as [BIGINT] - [1]
2025-08-03 20:25:36 - binding parameter [13] as [BIGINT] - [10]
2025-08-03 20:25:36 - binding parameter [14] as [BIGINT] - [0]
2025-08-03 20:25:36 - Processing transfer request: TransferRequest{fromAccountNumber='TEST001234567890', toAccountNumber='TEST002345678901', amount=10.00, currency=USD, description='Concurrent transfer test'}
2025-08-03 20:25:36 - binding parameter [1] as [VARCHAR] - [TEST001234567890]
2025-08-03 20:25:36 - binding parameter [1] as [VARCHAR] - [TEST002345678901]
2025-08-03 20:25:36 - binding parameter [1] as [NUMERIC] - [10.00]
2025-08-03 20:25:36 - binding parameter [2] as [TIMESTAMP] - [null]
2025-08-03 20:25:36 - binding parameter [3] as [TIMESTAMP] - [2025-08-03T20:25:36.941639]
2025-08-03 20:25:36 - binding parameter [4] as [VARCHAR] - [USD]
2025-08-03 20:25:36 - binding parameter [5] as [VARCHAR] - [Concurrent transfer test]
2025-08-03 20:25:36 - binding parameter [6] as [VARCHAR] - [null]
2025-08-03 20:25:36 - binding parameter [7] as [BIGINT] - [9]
2025-08-03 20:25:36 - binding parameter [8] as [TIMESTAMP] - [null]
2025-08-03 20:25:36 - binding parameter [9] as [VARCHAR] - [PENDING]
2025-08-03 20:25:36 - binding parameter [10] as [BIGINT] - [10]
2025-08-03 20:25:36 - binding parameter [11] as [VARCHAR] - [TXN-01AA23632D554AF7]
2025-08-03 20:25:36 - binding parameter [12] as [TIMESTAMP] - [2025-08-03T20:25:36.941651]
2025-08-03 20:25:36 - binding parameter [13] as [BIGINT] - [0]
2025-08-03 20:25:36 - Transfer completed successfully: TXN-01AA23632D554AF7
2025-08-03 20:25:36 - binding parameter [1] as [VARCHAR] - [Test User 1]
2025-08-03 20:25:36 - binding parameter [2] as [VARCHAR] - [TEST001234567890]
2025-08-03 20:25:36 - binding parameter [3] as [NUMERIC] - [890.00]
2025-08-03 20:25:36 - binding parameter [4] as [VARCHAR] - [USD]
2025-08-03 20:25:36 - binding parameter [5] as [VARCHAR] - [ACTIVE]
2025-08-03 20:25:36 - binding parameter [6] as [TIMESTAMP] - [2025-08-03T20:25:36.946848]
2025-08-03 20:25:36 - binding parameter [7] as [VARCHAR] - [user1]
2025-08-03 20:25:36 - binding parameter [8] as [BIGINT] - [11]
2025-08-03 20:25:36 - binding parameter [9] as [BIGINT] - [9]
2025-08-03 20:25:36 - binding parameter [10] as [BIGINT] - [10]
2025-08-03 20:25:36 - binding parameter [1] as [VARCHAR] - [Test User 2]
2025-08-03 20:25:36 - binding parameter [2] as [VARCHAR] - [TEST002345678901]
2025-08-03 20:25:36 - binding parameter [3] as [NUMERIC] - [610.00]
2025-08-03 20:25:36 - binding parameter [4] as [VARCHAR] - [USD]
2025-08-03 20:25:36 - binding parameter [5] as [VARCHAR] - [ACTIVE]
2025-08-03 20:25:36 - binding parameter [6] as [TIMESTAMP] - [2025-08-03T20:25:36.947787]
2025-08-03 20:25:36 - binding parameter [7] as [VARCHAR] - [user2]
2025-08-03 20:25:36 - binding parameter [8] as [BIGINT] - [11]
2025-08-03 20:25:36 - binding parameter [9] as [BIGINT] - [10]
2025-08-03 20:25:36 - binding parameter [10] as [BIGINT] - [10]
2025-08-03 20:25:36 - binding parameter [1] as [NUMERIC] - [10.00]
2025-08-03 20:25:36 - binding parameter [2] as [TIMESTAMP] - [2025-08-03T20:25:36.945103]
2025-08-03 20:25:36 - binding parameter [3] as [VARCHAR] - [USD]
2025-08-03 20:25:36 - binding parameter [4] as [VARCHAR] - [Concurrent transfer test]
2025-08-03 20:25:36 - binding parameter [5] as [VARCHAR] - [null]
2025-08-03 20:25:36 - binding parameter [6] as [BIGINT] - [9]
2025-08-03 20:25:36 - binding parameter [7] as [TIMESTAMP] - [2025-08-03T20:25:36.944237]
2025-08-03 20:25:36 - binding parameter [8] as [VARCHAR] - [COMPLETED]
2025-08-03 20:25:36 - binding parameter [9] as [BIGINT] - [10]
2025-08-03 20:25:36 - binding parameter [10] as [VARCHAR] - [TXN-01AA23632D554AF7]
2025-08-03 20:25:36 - binding parameter [11] as [TIMESTAMP] - [2025-08-03T20:25:36.948614]
2025-08-03 20:25:36 - binding parameter [12] as [BIGINT] - [1]
2025-08-03 20:25:36 - binding parameter [13] as [BIGINT] - [11]
2025-08-03 20:25:36 - binding parameter [14] as [BIGINT] - [0]
2025-08-03 20:25:36 - Processing transfer request: TransferRequest{fromAccountNumber='TEST001234567890', toAccountNumber='TEST002345678901', amount=10.00, currency=USD, description='Concurrent transfer test'}
2025-08-03 20:25:36 - binding parameter [1] as [VARCHAR] - [TEST002345678901]
2025-08-03 20:25:36 - binding parameter [1] as [NUMERIC] - [10.00]
2025-08-03 20:25:36 - binding parameter [2] as [TIMESTAMP] - [null]
2025-08-03 20:25:36 - binding parameter [3] as [TIMESTAMP] - [2025-08-03T20:25:36.951665]
2025-08-03 20:25:36 - binding parameter [4] as [VARCHAR] - [USD]
2025-08-03 20:25:36 - binding parameter [5] as [VARCHAR] - [Concurrent transfer test]
2025-08-03 20:25:36 - binding parameter [6] as [VARCHAR] - [null]
2025-08-03 20:25:36 - binding parameter [7] as [BIGINT] - [9]
2025-08-03 20:25:36 - binding parameter [8] as [TIMESTAMP] - [null]
2025-08-03 20:25:36 - binding parameter [9] as [VARCHAR] - [PENDING]
2025-08-03 20:25:36 - binding parameter [10] as [BIGINT] - [10]
2025-08-03 20:25:36 - binding parameter [11] as [VARCHAR] - [TXN-D4F1BFA3D3CB4550]
2025-08-03 20:25:36 - binding parameter [12] as [TIMESTAMP] - [2025-08-03T20:25:36.951675]
2025-08-03 20:25:36 - binding parameter [1] as [VARCHAR] - [TEST001234567890]
2025-08-03 20:25:36 - binding parameter [13] as [BIGINT] - [0]
2025-08-03 20:25:36 - Transfer completed successfully: TXN-D4F1BFA3D3CB4550
2025-08-03 20:25:36 - binding parameter [1] as [VARCHAR] - [Test User 1]
2025-08-03 20:25:36 - binding parameter [2] as [VARCHAR] - [TEST001234567890]
2025-08-03 20:25:36 - binding parameter [3] as [NUMERIC] - [880.00]
2025-08-03 20:25:36 - binding parameter [4] as [VARCHAR] - [USD]
2025-08-03 20:25:36 - binding parameter [5] as [VARCHAR] - [ACTIVE]
2025-08-03 20:25:36 - binding parameter [6] as [TIMESTAMP] - [2025-08-03T20:25:36.953023]
2025-08-03 20:25:36 - binding parameter [7] as [VARCHAR] - [user1]
2025-08-03 20:25:36 - binding parameter [8] as [BIGINT] - [12]
2025-08-03 20:25:36 - binding parameter [9] as [BIGINT] - [9]
2025-08-03 20:25:36 - binding parameter [10] as [BIGINT] - [11]
2025-08-03 20:25:36 - binding parameter [1] as [VARCHAR] - [Test User 2]
2025-08-03 20:25:36 - binding parameter [2] as [VARCHAR] - [TEST002345678901]
2025-08-03 20:25:36 - binding parameter [3] as [NUMERIC] - [620.00]
2025-08-03 20:25:36 - binding parameter [4] as [VARCHAR] - [USD]
2025-08-03 20:25:36 - binding parameter [5] as [VARCHAR] - [ACTIVE]
2025-08-03 20:25:36 - binding parameter [6] as [TIMESTAMP] - [2025-08-03T20:25:36.953437]
2025-08-03 20:25:36 - binding parameter [7] as [VARCHAR] - [user2]
2025-08-03 20:25:36 - binding parameter [8] as [BIGINT] - [12]
2025-08-03 20:25:36 - binding parameter [9] as [BIGINT] - [10]
2025-08-03 20:25:36 - binding parameter [10] as [BIGINT] - [11]
2025-08-03 20:25:36 - binding parameter [1] as [NUMERIC] - [10.00]
2025-08-03 20:25:36 - binding parameter [2] as [TIMESTAMP] - [2025-08-03T20:25:36.952710]
2025-08-03 20:25:36 - binding parameter [3] as [VARCHAR] - [USD]
2025-08-03 20:25:36 - binding parameter [4] as [VARCHAR] - [Concurrent transfer test]
2025-08-03 20:25:36 - binding parameter [5] as [VARCHAR] - [null]
2025-08-03 20:25:36 - binding parameter [6] as [BIGINT] - [9]
2025-08-03 20:25:36 - binding parameter [7] as [TIMESTAMP] - [2025-08-03T20:25:36.952473]
2025-08-03 20:25:36 - binding parameter [8] as [VARCHAR] - [COMPLETED]
2025-08-03 20:25:36 - binding parameter [9] as [BIGINT] - [10]
2025-08-03 20:25:36 - binding parameter [10] as [VARCHAR] - [TXN-D4F1BFA3D3CB4550]
2025-08-03 20:25:36 - binding parameter [11] as [TIMESTAMP] - [2025-08-03T20:25:36.953761]
2025-08-03 20:25:36 - binding parameter [12] as [BIGINT] - [1]
2025-08-03 20:25:36 - binding parameter [13] as [BIGINT] - [12]
2025-08-03 20:25:36 - binding parameter [14] as [BIGINT] - [0]
2025-08-03 20:25:36 - binding parameter [1] as [VARCHAR] - [TEST002345678901]
2025-08-03 20:25:36 - binding parameter [1] as [NUMERIC] - [10.00]
2025-08-03 20:25:36 - binding parameter [2] as [TIMESTAMP] - [null]
2025-08-03 20:25:36 - binding parameter [3] as [TIMESTAMP] - [2025-08-03T20:25:36.958809]
2025-08-03 20:25:36 - binding parameter [4] as [VARCHAR] - [USD]
2025-08-03 20:25:36 - binding parameter [5] as [VARCHAR] - [Concurrent transfer test]
2025-08-03 20:25:36 - binding parameter [6] as [VARCHAR] - [null]
2025-08-03 20:25:36 - binding parameter [7] as [BIGINT] - [9]
2025-08-03 20:25:36 - binding parameter [8] as [TIMESTAMP] - [null]
2025-08-03 20:25:36 - binding parameter [9] as [VARCHAR] - [PENDING]
2025-08-03 20:25:36 - binding parameter [10] as [BIGINT] - [10]
2025-08-03 20:25:36 - binding parameter [11] as [VARCHAR] - [TXN-879DB9BA869643F3]
2025-08-03 20:25:36 - binding parameter [12] as [TIMESTAMP] - [2025-08-03T20:25:36.958821]
2025-08-03 20:25:36 - binding parameter [13] as [BIGINT] - [0]
2025-08-03 20:25:36 - Transfer completed successfully: TXN-879DB9BA869643F3
2025-08-03 20:25:36 - binding parameter [1] as [VARCHAR] - [Test User 1]
2025-08-03 20:25:36 - binding parameter [2] as [VARCHAR] - [TEST001234567890]
2025-08-03 20:25:36 - binding parameter [3] as [NUMERIC] - [870.00]
2025-08-03 20:25:36 - binding parameter [4] as [VARCHAR] - [USD]
2025-08-03 20:25:36 - binding parameter [5] as [VARCHAR] - [ACTIVE]
2025-08-03 20:25:36 - binding parameter [6] as [TIMESTAMP] - [2025-08-03T20:25:36.961046]
2025-08-03 20:25:36 - binding parameter [7] as [VARCHAR] - [user1]
2025-08-03 20:25:36 - binding parameter [8] as [BIGINT] - [13]
2025-08-03 20:25:36 - binding parameter [9] as [BIGINT] - [9]
2025-08-03 20:25:36 - binding parameter [10] as [BIGINT] - [12]
2025-08-03 20:25:36 - binding parameter [1] as [VARCHAR] - [Test User 2]
2025-08-03 20:25:36 - binding parameter [2] as [VARCHAR] - [TEST002345678901]
2025-08-03 20:25:36 - binding parameter [3] as [NUMERIC] - [630.00]
2025-08-03 20:25:36 - binding parameter [4] as [VARCHAR] - [USD]
2025-08-03 20:25:36 - binding parameter [5] as [VARCHAR] - [ACTIVE]
2025-08-03 20:25:36 - binding parameter [6] as [TIMESTAMP] - [2025-08-03T20:25:36.961663]
2025-08-03 20:25:36 - binding parameter [7] as [VARCHAR] - [user2]
2025-08-03 20:25:36 - binding parameter [8] as [BIGINT] - [13]
2025-08-03 20:25:36 - binding parameter [9] as [BIGINT] - [10]
2025-08-03 20:25:36 - binding parameter [10] as [BIGINT] - [12]
2025-08-03 20:25:36 - binding parameter [1] as [NUMERIC] - [10.00]
2025-08-03 20:25:36 - binding parameter [2] as [TIMESTAMP] - [2025-08-03T20:25:36.960142]
2025-08-03 20:25:36 - binding parameter [3] as [VARCHAR] - [USD]
2025-08-03 20:25:36 - binding parameter [4] as [VARCHAR] - [Concurrent transfer test]
2025-08-03 20:25:36 - binding parameter [5] as [VARCHAR] - [null]
2025-08-03 20:25:36 - binding parameter [6] as [BIGINT] - [9]
2025-08-03 20:25:36 - binding parameter [7] as [TIMESTAMP] - [2025-08-03T20:25:36.959738]
2025-08-03 20:25:36 - binding parameter [8] as [VARCHAR] - [COMPLETED]
2025-08-03 20:25:36 - binding parameter [9] as [BIGINT] - [10]
2025-08-03 20:25:36 - binding parameter [10] as [VARCHAR] - [TXN-879DB9BA869643F3]
2025-08-03 20:25:36 - binding parameter [11] as [TIMESTAMP] - [2025-08-03T20:25:36.961978]
2025-08-03 20:25:36 - binding parameter [12] as [BIGINT] - [1]
2025-08-03 20:25:36 - binding parameter [13] as [BIGINT] - [13]
2025-08-03 20:25:36 - binding parameter [14] as [BIGINT] - [0]
2025-08-03 20:25:36 - Processing transfer request: TransferRequest{fromAccountNumber='TEST001234567890', toAccountNumber='TEST002345678901', amount=10.00, currency=USD, description='Concurrent transfer test'}
2025-08-03 20:25:36 - binding parameter [1] as [VARCHAR] - [TEST001234567890]
2025-08-03 20:25:36 - binding parameter [1] as [VARCHAR] - [TEST002345678901]
2025-08-03 20:25:36 - binding parameter [1] as [NUMERIC] - [10.00]
2025-08-03 20:25:36 - binding parameter [2] as [TIMESTAMP] - [null]
2025-08-03 20:25:36 - binding parameter [3] as [TIMESTAMP] - [2025-08-03T20:25:36.964749]
2025-08-03 20:25:36 - binding parameter [4] as [VARCHAR] - [USD]
2025-08-03 20:25:36 - binding parameter [5] as [VARCHAR] - [Concurrent transfer test]
2025-08-03 20:25:36 - binding parameter [6] as [VARCHAR] - [null]
2025-08-03 20:25:36 - binding parameter [7] as [BIGINT] - [9]
2025-08-03 20:25:36 - binding parameter [8] as [TIMESTAMP] - [null]
2025-08-03 20:25:36 - binding parameter [9] as [VARCHAR] - [PENDING]
2025-08-03 20:25:36 - binding parameter [10] as [BIGINT] - [10]
2025-08-03 20:25:36 - binding parameter [11] as [VARCHAR] - [TXN-E5980D2C594F4537]
2025-08-03 20:25:36 - binding parameter [12] as [TIMESTAMP] - [2025-08-03T20:25:36.964758]
2025-08-03 20:25:36 - binding parameter [13] as [BIGINT] - [0]
2025-08-03 20:25:36 - Transfer completed successfully: TXN-E5980D2C594F4537
2025-08-03 20:25:36 - binding parameter [1] as [VARCHAR] - [Test User 1]
2025-08-03 20:25:36 - binding parameter [2] as [VARCHAR] - [TEST001234567890]
2025-08-03 20:25:36 - binding parameter [3] as [NUMERIC] - [860.00]
2025-08-03 20:25:36 - binding parameter [4] as [VARCHAR] - [USD]
2025-08-03 20:25:36 - binding parameter [5] as [VARCHAR] - [ACTIVE]
2025-08-03 20:25:36 - binding parameter [6] as [TIMESTAMP] - [2025-08-03T20:25:36.967014]
2025-08-03 20:25:36 - binding parameter [7] as [VARCHAR] - [user1]
2025-08-03 20:25:36 - binding parameter [8] as [BIGINT] - [14]
2025-08-03 20:25:36 - binding parameter [9] as [BIGINT] - [9]
2025-08-03 20:25:36 - binding parameter [10] as [BIGINT] - [13]
2025-08-03 20:25:36 - binding parameter [1] as [VARCHAR] - [Test User 2]
2025-08-03 20:25:36 - binding parameter [2] as [VARCHAR] - [TEST002345678901]
2025-08-03 20:25:36 - binding parameter [3] as [NUMERIC] - [640.00]
2025-08-03 20:25:36 - binding parameter [4] as [VARCHAR] - [USD]
2025-08-03 20:25:36 - binding parameter [5] as [VARCHAR] - [ACTIVE]
2025-08-03 20:25:36 - binding parameter [6] as [TIMESTAMP] - [2025-08-03T20:25:36.967903]
2025-08-03 20:25:36 - binding parameter [7] as [VARCHAR] - [user2]
2025-08-03 20:25:36 - binding parameter [8] as [BIGINT] - [14]
2025-08-03 20:25:36 - binding parameter [9] as [BIGINT] - [10]
2025-08-03 20:25:36 - binding parameter [10] as [BIGINT] - [13]
2025-08-03 20:25:36 - binding parameter [1] as [NUMERIC] - [10.00]
2025-08-03 20:25:36 - binding parameter [2] as [TIMESTAMP] - [2025-08-03T20:25:36.966570]
2025-08-03 20:25:36 - binding parameter [3] as [VARCHAR] - [USD]
2025-08-03 20:25:36 - binding parameter [4] as [VARCHAR] - [Concurrent transfer test]
2025-08-03 20:25:36 - binding parameter [5] as [VARCHAR] - [null]
2025-08-03 20:25:36 - binding parameter [6] as [BIGINT] - [9]
2025-08-03 20:25:36 - binding parameter [7] as [TIMESTAMP] - [2025-08-03T20:25:36.966282]
2025-08-03 20:25:36 - binding parameter [8] as [VARCHAR] - [COMPLETED]
2025-08-03 20:25:36 - binding parameter [9] as [BIGINT] - [10]
2025-08-03 20:25:36 - binding parameter [10] as [VARCHAR] - [TXN-E5980D2C594F4537]
2025-08-03 20:25:36 - binding parameter [11] as [TIMESTAMP] - [2025-08-03T20:25:36.968391]
2025-08-03 20:25:36 - binding parameter [12] as [BIGINT] - [1]
2025-08-03 20:25:36 - binding parameter [13] as [BIGINT] - [14]
2025-08-03 20:25:36 - binding parameter [14] as [BIGINT] - [0]
2025-08-03 20:25:36 - Processing transfer request: TransferRequest{fromAccountNumber='TEST001234567890', toAccountNumber='TEST002345678901', amount=10.00, currency=USD, description='Concurrent transfer test'}
2025-08-03 20:25:36 - binding parameter [1] as [VARCHAR] - [TEST001234567890]
2025-08-03 20:25:36 - binding parameter [1] as [VARCHAR] - [TEST002345678901]
2025-08-03 20:25:36 - binding parameter [1] as [NUMERIC] - [10.00]
2025-08-03 20:25:36 - binding parameter [2] as [TIMESTAMP] - [null]
2025-08-03 20:25:36 - binding parameter [3] as [TIMESTAMP] - [2025-08-03T20:25:36.972048]
2025-08-03 20:25:36 - binding parameter [4] as [VARCHAR] - [USD]
2025-08-03 20:25:36 - binding parameter [5] as [VARCHAR] - [Concurrent transfer test]
2025-08-03 20:25:36 - binding parameter [6] as [VARCHAR] - [null]
2025-08-03 20:25:36 - binding parameter [7] as [BIGINT] - [9]
2025-08-03 20:25:36 - binding parameter [8] as [TIMESTAMP] - [null]
2025-08-03 20:25:36 - binding parameter [9] as [VARCHAR] - [PENDING]
2025-08-03 20:25:36 - binding parameter [10] as [BIGINT] - [10]
2025-08-03 20:25:36 - binding parameter [11] as [VARCHAR] - [TXN-B4A83608CC594659]
2025-08-03 20:25:36 - binding parameter [12] as [TIMESTAMP] - [2025-08-03T20:25:36.972081]
2025-08-03 20:25:36 - binding parameter [13] as [BIGINT] - [0]
2025-08-03 20:25:36 - Transfer completed successfully: TXN-B4A83608CC594659
2025-08-03 20:25:36 - binding parameter [1] as [VARCHAR] - [Test User 1]
2025-08-03 20:25:36 - binding parameter [2] as [VARCHAR] - [TEST001234567890]
2025-08-03 20:25:36 - binding parameter [3] as [NUMERIC] - [850.00]
2025-08-03 20:25:36 - binding parameter [4] as [VARCHAR] - [USD]
2025-08-03 20:25:36 - binding parameter [5] as [VARCHAR] - [ACTIVE]
2025-08-03 20:25:36 - binding parameter [6] as [TIMESTAMP] - [2025-08-03T20:25:36.974817]
2025-08-03 20:25:36 - binding parameter [7] as [VARCHAR] - [user1]
2025-08-03 20:25:36 - binding parameter [8] as [BIGINT] - [15]
2025-08-03 20:25:36 - binding parameter [9] as [BIGINT] - [9]
2025-08-03 20:25:36 - binding parameter [10] as [BIGINT] - [14]
2025-08-03 20:25:36 - binding parameter [1] as [VARCHAR] - [Test User 2]
2025-08-03 20:25:36 - binding parameter [2] as [VARCHAR] - [TEST002345678901]
2025-08-03 20:25:36 - binding parameter [3] as [NUMERIC] - [650.00]
2025-08-03 20:25:36 - binding parameter [4] as [VARCHAR] - [USD]
2025-08-03 20:25:36 - binding parameter [5] as [VARCHAR] - [ACTIVE]
2025-08-03 20:25:36 - binding parameter [6] as [TIMESTAMP] - [2025-08-03T20:25:36.975910]
2025-08-03 20:25:36 - binding parameter [7] as [VARCHAR] - [user2]
2025-08-03 20:25:36 - binding parameter [8] as [BIGINT] - [15]
2025-08-03 20:25:36 - binding parameter [9] as [BIGINT] - [10]
2025-08-03 20:25:36 - binding parameter [10] as [BIGINT] - [14]
2025-08-03 20:25:36 - binding parameter [1] as [NUMERIC] - [10.00]
2025-08-03 20:25:36 - binding parameter [2] as [TIMESTAMP] - [2025-08-03T20:25:36.974246]
2025-08-03 20:25:36 - binding parameter [3] as [VARCHAR] - [USD]
2025-08-03 20:25:36 - binding parameter [4] as [VARCHAR] - [Concurrent transfer test]
2025-08-03 20:25:36 - binding parameter [5] as [VARCHAR] - [null]
2025-08-03 20:25:36 - binding parameter [6] as [BIGINT] - [9]
2025-08-03 20:25:36 - binding parameter [7] as [TIMESTAMP] - [2025-08-03T20:25:36.973976]
2025-08-03 20:25:36 - binding parameter [8] as [VARCHAR] - [COMPLETED]
2025-08-03 20:25:36 - binding parameter [9] as [BIGINT] - [10]
2025-08-03 20:25:36 - binding parameter [10] as [VARCHAR] - [TXN-B4A83608CC594659]
2025-08-03 20:25:36 - binding parameter [11] as [TIMESTAMP] - [2025-08-03T20:25:36.976318]
2025-08-03 20:25:36 - binding parameter [12] as [BIGINT] - [1]
2025-08-03 20:25:36 - binding parameter [13] as [BIGINT] - [15]
2025-08-03 20:25:36 - binding parameter [14] as [BIGINT] - [0]
2025-08-03 20:25:36 - Processing transfer request: TransferRequest{fromAccountNumber='TEST001234567890', toAccountNumber='TEST002345678901', amount=10.00, currency=USD, description='Concurrent transfer test'}
2025-08-03 20:25:36 - binding parameter [1] as [VARCHAR] - [TEST001234567890]
2025-08-03 20:25:36 - binding parameter [1] as [VARCHAR] - [TEST002345678901]
2025-08-03 20:25:36 - binding parameter [1] as [NUMERIC] - [10.00]
2025-08-03 20:25:36 - binding parameter [2] as [TIMESTAMP] - [null]
2025-08-03 20:25:36 - binding parameter [3] as [TIMESTAMP] - [2025-08-03T20:25:36.979016]
2025-08-03 20:25:36 - binding parameter [4] as [VARCHAR] - [USD]
2025-08-03 20:25:36 - binding parameter [5] as [VARCHAR] - [Concurrent transfer test]
2025-08-03 20:25:36 - binding parameter [6] as [VARCHAR] - [null]
2025-08-03 20:25:36 - binding parameter [7] as [BIGINT] - [9]
2025-08-03 20:25:36 - binding parameter [8] as [TIMESTAMP] - [null]
2025-08-03 20:25:36 - binding parameter [9] as [VARCHAR] - [PENDING]
2025-08-03 20:25:36 - binding parameter [10] as [BIGINT] - [10]
2025-08-03 20:25:36 - binding parameter [11] as [VARCHAR] - [TXN-FE380B436FC0424D]
2025-08-03 20:25:36 - binding parameter [12] as [TIMESTAMP] - [2025-08-03T20:25:36.979027]
2025-08-03 20:25:36 - binding parameter [13] as [BIGINT] - [0]
2025-08-03 20:25:36 - Transfer completed successfully: TXN-FE380B436FC0424D
2025-08-03 20:25:36 - binding parameter [1] as [VARCHAR] - [Test User 1]
2025-08-03 20:25:36 - binding parameter [2] as [VARCHAR] - [TEST001234567890]
2025-08-03 20:25:36 - binding parameter [3] as [NUMERIC] - [840.00]
2025-08-03 20:25:36 - binding parameter [4] as [VARCHAR] - [USD]
2025-08-03 20:25:36 - binding parameter [5] as [VARCHAR] - [ACTIVE]
2025-08-03 20:25:36 - binding parameter [6] as [TIMESTAMP] - [2025-08-03T20:25:36.990054]
2025-08-03 20:25:36 - binding parameter [7] as [VARCHAR] - [user1]
2025-08-03 20:25:36 - binding parameter [8] as [BIGINT] - [16]
2025-08-03 20:25:36 - binding parameter [9] as [BIGINT] - [9]
2025-08-03 20:25:36 - binding parameter [10] as [BIGINT] - [15]
2025-08-03 20:25:36 - binding parameter [1] as [VARCHAR] - [Test User 2]
2025-08-03 20:25:36 - binding parameter [2] as [VARCHAR] - [TEST002345678901]
2025-08-03 20:25:36 - binding parameter [3] as [NUMERIC] - [660.00]
2025-08-03 20:25:36 - binding parameter [4] as [VARCHAR] - [USD]
2025-08-03 20:25:36 - binding parameter [5] as [VARCHAR] - [ACTIVE]
2025-08-03 20:25:36 - binding parameter [6] as [TIMESTAMP] - [2025-08-03T20:25:36.991477]
2025-08-03 20:25:36 - binding parameter [7] as [VARCHAR] - [user2]
2025-08-03 20:25:36 - binding parameter [8] as [BIGINT] - [16]
2025-08-03 20:25:36 - binding parameter [9] as [BIGINT] - [10]
2025-08-03 20:25:36 - binding parameter [10] as [BIGINT] - [15]
2025-08-03 20:25:36 - binding parameter [1] as [NUMERIC] - [10.00]
2025-08-03 20:25:36 - binding parameter [2] as [TIMESTAMP] - [2025-08-03T20:25:36.988983]
2025-08-03 20:25:36 - binding parameter [3] as [VARCHAR] - [USD]
2025-08-03 20:25:36 - binding parameter [4] as [VARCHAR] - [Concurrent transfer test]
2025-08-03 20:25:36 - binding parameter [5] as [VARCHAR] - [null]
2025-08-03 20:25:36 - binding parameter [6] as [BIGINT] - [9]
2025-08-03 20:25:36 - binding parameter [7] as [TIMESTAMP] - [2025-08-03T20:25:36.987784]
2025-08-03 20:25:36 - binding parameter [8] as [VARCHAR] - [COMPLETED]
2025-08-03 20:25:36 - binding parameter [9] as [BIGINT] - [10]
2025-08-03 20:25:36 - binding parameter [10] as [VARCHAR] - [TXN-FE380B436FC0424D]
2025-08-03 20:25:36 - binding parameter [11] as [TIMESTAMP] - [2025-08-03T20:25:36.992300]
2025-08-03 20:25:36 - binding parameter [12] as [BIGINT] - [1]
2025-08-03 20:25:36 - binding parameter [13] as [BIGINT] - [16]
2025-08-03 20:25:36 - binding parameter [14] as [BIGINT] - [0]
2025-08-03 20:25:36 - Processing transfer request: TransferRequest{fromAccountNumber='TEST001234567890', toAccountNumber='TEST002345678901', amount=10.00, currency=USD, description='Concurrent transfer test'}
2025-08-03 20:25:36 - binding parameter [1] as [VARCHAR] - [TEST002345678901]
2025-08-03 20:25:36 - binding parameter [1] as [VARCHAR] - [TEST001234567890]
2025-08-03 20:25:36 - binding parameter [1] as [NUMERIC] - [10.00]
2025-08-03 20:25:36 - binding parameter [2] as [TIMESTAMP] - [null]
2025-08-03 20:25:36 - binding parameter [3] as [TIMESTAMP] - [2025-08-03T20:25:36.997477]
2025-08-03 20:25:36 - binding parameter [4] as [VARCHAR] - [USD]
2025-08-03 20:25:36 - binding parameter [5] as [VARCHAR] - [Concurrent transfer test]
2025-08-03 20:25:36 - binding parameter [6] as [VARCHAR] - [null]
2025-08-03 20:25:36 - binding parameter [7] as [BIGINT] - [9]
2025-08-03 20:25:36 - binding parameter [8] as [TIMESTAMP] - [null]
2025-08-03 20:25:36 - binding parameter [9] as [VARCHAR] - [PENDING]
2025-08-03 20:25:36 - binding parameter [10] as [BIGINT] - [10]
2025-08-03 20:25:36 - binding parameter [11] as [VARCHAR] - [TXN-24F3052CBB3C44EA]
2025-08-03 20:25:36 - binding parameter [12] as [TIMESTAMP] - [2025-08-03T20:25:36.997493]
2025-08-03 20:25:36 - binding parameter [13] as [BIGINT] - [0]
2025-08-03 20:25:36 - Transfer completed successfully: TXN-24F3052CBB3C44EA
2025-08-03 20:25:36 - binding parameter [1] as [VARCHAR] - [Test User 1]
2025-08-03 20:25:36 - binding parameter [2] as [VARCHAR] - [TEST001234567890]
2025-08-03 20:25:36 - binding parameter [3] as [NUMERIC] - [830.00]
2025-08-03 20:25:36 - binding parameter [4] as [VARCHAR] - [USD]
2025-08-03 20:25:36 - binding parameter [5] as [VARCHAR] - [ACTIVE]
2025-08-03 20:25:36 - binding parameter [6] as [TIMESTAMP] - [2025-08-03T20:25:36.999019]
2025-08-03 20:25:36 - binding parameter [7] as [VARCHAR] - [user1]
2025-08-03 20:25:36 - binding parameter [8] as [BIGINT] - [17]
2025-08-03 20:25:36 - binding parameter [9] as [BIGINT] - [9]
2025-08-03 20:25:36 - binding parameter [10] as [BIGINT] - [16]
2025-08-03 20:25:37 - binding parameter [1] as [VARCHAR] - [Test User 2]
2025-08-03 20:25:37 - binding parameter [2] as [VARCHAR] - [TEST002345678901]
2025-08-03 20:25:37 - binding parameter [3] as [NUMERIC] - [670.00]
2025-08-03 20:25:37 - binding parameter [4] as [VARCHAR] - [USD]
2025-08-03 20:25:37 - binding parameter [5] as [VARCHAR] - [ACTIVE]
2025-08-03 20:25:37 - binding parameter [6] as [TIMESTAMP] - [2025-08-03T20:25:37.000842]
2025-08-03 20:25:37 - binding parameter [7] as [VARCHAR] - [user2]
2025-08-03 20:25:37 - binding parameter [8] as [BIGINT] - [17]
2025-08-03 20:25:37 - binding parameter [9] as [BIGINT] - [10]
2025-08-03 20:25:37 - binding parameter [10] as [BIGINT] - [16]
2025-08-03 20:25:37 - binding parameter [1] as [NUMERIC] - [10.00]
2025-08-03 20:25:37 - binding parameter [2] as [TIMESTAMP] - [2025-08-03T20:25:36.998632]
2025-08-03 20:25:37 - binding parameter [3] as [VARCHAR] - [USD]
2025-08-03 20:25:37 - binding parameter [4] as [VARCHAR] - [Concurrent transfer test]
2025-08-03 20:25:37 - binding parameter [5] as [VARCHAR] - [null]
2025-08-03 20:25:37 - binding parameter [6] as [BIGINT] - [9]
2025-08-03 20:25:37 - binding parameter [7] as [TIMESTAMP] - [2025-08-03T20:25:36.998364]
2025-08-03 20:25:37 - binding parameter [8] as [VARCHAR] - [COMPLETED]
2025-08-03 20:25:37 - binding parameter [9] as [BIGINT] - [10]
2025-08-03 20:25:37 - binding parameter [10] as [VARCHAR] - [TXN-24F3052CBB3C44EA]
2025-08-03 20:25:37 - binding parameter [11] as [TIMESTAMP] - [2025-08-03T20:25:37.002658]
2025-08-03 20:25:37 - binding parameter [12] as [BIGINT] - [1]
2025-08-03 20:25:37 - binding parameter [13] as [BIGINT] - [17]
2025-08-03 20:25:37 - binding parameter [14] as [BIGINT] - [0]
2025-08-03 20:25:37 - Processing transfer request: TransferRequest{fromAccountNumber='TEST001234567890', toAccountNumber='TEST002345678901', amount=10.00, currency=USD, description='Concurrent transfer test'}
2025-08-03 20:25:37 - binding parameter [1] as [VARCHAR] - [TEST001234567890]
2025-08-03 20:25:37 - binding parameter [1] as [VARCHAR] - [TEST002345678901]
2025-08-03 20:25:37 - binding parameter [1] as [NUMERIC] - [10.00]
2025-08-03 20:25:37 - binding parameter [2] as [TIMESTAMP] - [null]
2025-08-03 20:25:37 - binding parameter [3] as [TIMESTAMP] - [2025-08-03T20:25:37.009506]
2025-08-03 20:25:37 - binding parameter [4] as [VARCHAR] - [USD]
2025-08-03 20:25:37 - binding parameter [5] as [VARCHAR] - [Concurrent transfer test]
2025-08-03 20:25:37 - binding parameter [6] as [VARCHAR] - [null]
2025-08-03 20:25:37 - binding parameter [7] as [BIGINT] - [9]
2025-08-03 20:25:37 - binding parameter [8] as [TIMESTAMP] - [null]
2025-08-03 20:25:37 - binding parameter [9] as [VARCHAR] - [PENDING]
2025-08-03 20:25:37 - binding parameter [10] as [BIGINT] - [10]
2025-08-03 20:25:37 - binding parameter [11] as [VARCHAR] - [TXN-092E526DFBC24F87]
2025-08-03 20:25:37 - binding parameter [12] as [TIMESTAMP] - [2025-08-03T20:25:37.009517]
2025-08-03 20:25:37 - binding parameter [13] as [BIGINT] - [0]
2025-08-03 20:25:37 - Transfer completed successfully: TXN-092E526DFBC24F87
2025-08-03 20:25:37 - binding parameter [1] as [VARCHAR] - [Test User 1]
2025-08-03 20:25:37 - binding parameter [2] as [VARCHAR] - [TEST001234567890]
2025-08-03 20:25:37 - binding parameter [3] as [NUMERIC] - [820.00]
2025-08-03 20:25:37 - binding parameter [4] as [VARCHAR] - [USD]
2025-08-03 20:25:37 - binding parameter [5] as [VARCHAR] - [ACTIVE]
2025-08-03 20:25:37 - binding parameter [6] as [TIMESTAMP] - [2025-08-03T20:25:37.011231]
2025-08-03 20:25:37 - binding parameter [7] as [VARCHAR] - [user1]
2025-08-03 20:25:37 - binding parameter [8] as [BIGINT] - [18]
2025-08-03 20:25:37 - binding parameter [9] as [BIGINT] - [9]
2025-08-03 20:25:37 - binding parameter [10] as [BIGINT] - [17]
2025-08-03 20:25:37 - binding parameter [1] as [VARCHAR] - [Test User 2]
2025-08-03 20:25:37 - binding parameter [2] as [VARCHAR] - [TEST002345678901]
2025-08-03 20:25:37 - binding parameter [3] as [NUMERIC] - [680.00]
2025-08-03 20:25:37 - binding parameter [4] as [VARCHAR] - [USD]
2025-08-03 20:25:37 - binding parameter [5] as [VARCHAR] - [ACTIVE]
2025-08-03 20:25:37 - binding parameter [6] as [TIMESTAMP] - [2025-08-03T20:25:37.011686]
2025-08-03 20:25:37 - binding parameter [7] as [VARCHAR] - [user2]
2025-08-03 20:25:37 - binding parameter [8] as [BIGINT] - [18]
2025-08-03 20:25:37 - binding parameter [9] as [BIGINT] - [10]
2025-08-03 20:25:37 - binding parameter [10] as [BIGINT] - [17]
2025-08-03 20:25:37 - binding parameter [1] as [NUMERIC] - [10.00]
2025-08-03 20:25:37 - binding parameter [2] as [TIMESTAMP] - [2025-08-03T20:25:37.010836]
2025-08-03 20:25:37 - binding parameter [3] as [VARCHAR] - [USD]
2025-08-03 20:25:37 - binding parameter [4] as [VARCHAR] - [Concurrent transfer test]
2025-08-03 20:25:37 - binding parameter [5] as [VARCHAR] - [null]
2025-08-03 20:25:37 - binding parameter [6] as [BIGINT] - [9]
2025-08-03 20:25:37 - binding parameter [7] as [TIMESTAMP] - [2025-08-03T20:25:37.010301]
2025-08-03 20:25:37 - binding parameter [8] as [VARCHAR] - [COMPLETED]
2025-08-03 20:25:37 - binding parameter [9] as [BIGINT] - [10]
2025-08-03 20:25:37 - binding parameter [10] as [VARCHAR] - [TXN-092E526DFBC24F87]
2025-08-03 20:25:37 - binding parameter [11] as [TIMESTAMP] - [2025-08-03T20:25:37.011967]
2025-08-03 20:25:37 - binding parameter [12] as [BIGINT] - [1]
2025-08-03 20:25:37 - binding parameter [13] as [BIGINT] - [18]
2025-08-03 20:25:37 - binding parameter [14] as [BIGINT] - [0]
2025-08-03 20:25:37 - Processing transfer request: TransferRequest{fromAccountNumber='TEST001234567890', toAccountNumber='TEST002345678901', amount=10.00, currency=USD, description='Concurrent transfer test'}
2025-08-03 20:25:37 - binding parameter [1] as [VARCHAR] - [TEST001234567890]
2025-08-03 20:25:37 - binding parameter [1] as [VARCHAR] - [TEST002345678901]
2025-08-03 20:25:37 - binding parameter [1] as [NUMERIC] - [10.00]
2025-08-03 20:25:37 - binding parameter [2] as [TIMESTAMP] - [null]
2025-08-03 20:25:37 - binding parameter [3] as [TIMESTAMP] - [2025-08-03T20:25:37.015513]
2025-08-03 20:25:37 - binding parameter [4] as [VARCHAR] - [USD]
2025-08-03 20:25:37 - binding parameter [5] as [VARCHAR] - [Concurrent transfer test]
2025-08-03 20:25:37 - binding parameter [6] as [VARCHAR] - [null]
2025-08-03 20:25:37 - binding parameter [7] as [BIGINT] - [9]
2025-08-03 20:25:37 - binding parameter [8] as [TIMESTAMP] - [null]
2025-08-03 20:25:37 - binding parameter [9] as [VARCHAR] - [PENDING]
2025-08-03 20:25:37 - binding parameter [10] as [BIGINT] - [10]
2025-08-03 20:25:37 - binding parameter [11] as [VARCHAR] - [TXN-DF087D5977C1470E]
2025-08-03 20:25:37 - binding parameter [12] as [TIMESTAMP] - [2025-08-03T20:25:37.015527]
2025-08-03 20:25:37 - binding parameter [13] as [BIGINT] - [0]
2025-08-03 20:25:37 - Transfer completed successfully: TXN-DF087D5977C1470E
2025-08-03 20:25:37 - binding parameter [1] as [VARCHAR] - [Test User 1]
2025-08-03 20:25:37 - binding parameter [2] as [VARCHAR] - [TEST001234567890]
2025-08-03 20:25:37 - binding parameter [3] as [NUMERIC] - [810.00]
2025-08-03 20:25:37 - binding parameter [4] as [VARCHAR] - [USD]
2025-08-03 20:25:37 - binding parameter [5] as [VARCHAR] - [ACTIVE]
2025-08-03 20:25:37 - binding parameter [6] as [TIMESTAMP] - [2025-08-03T20:25:37.016863]
2025-08-03 20:25:37 - binding parameter [7] as [VARCHAR] - [user1]
2025-08-03 20:25:37 - binding parameter [8] as [BIGINT] - [19]
2025-08-03 20:25:37 - binding parameter [9] as [BIGINT] - [9]
2025-08-03 20:25:37 - binding parameter [10] as [BIGINT] - [18]
2025-08-03 20:25:37 - binding parameter [1] as [VARCHAR] - [Test User 2]
2025-08-03 20:25:37 - binding parameter [2] as [VARCHAR] - [TEST002345678901]
2025-08-03 20:25:37 - binding parameter [3] as [NUMERIC] - [690.00]
2025-08-03 20:25:37 - binding parameter [4] as [VARCHAR] - [USD]
2025-08-03 20:25:37 - binding parameter [5] as [VARCHAR] - [ACTIVE]
2025-08-03 20:25:37 - binding parameter [6] as [TIMESTAMP] - [2025-08-03T20:25:37.017258]
2025-08-03 20:25:37 - binding parameter [7] as [VARCHAR] - [user2]
2025-08-03 20:25:37 - binding parameter [8] as [BIGINT] - [19]
2025-08-03 20:25:37 - binding parameter [9] as [BIGINT] - [10]
2025-08-03 20:25:37 - binding parameter [10] as [BIGINT] - [18]
2025-08-03 20:25:37 - binding parameter [1] as [NUMERIC] - [10.00]
2025-08-03 20:25:37 - binding parameter [2] as [TIMESTAMP] - [2025-08-03T20:25:37.016472]
2025-08-03 20:25:37 - binding parameter [3] as [VARCHAR] - [USD]
2025-08-03 20:25:37 - binding parameter [4] as [VARCHAR] - [Concurrent transfer test]
2025-08-03 20:25:37 - binding parameter [5] as [VARCHAR] - [null]
2025-08-03 20:25:37 - binding parameter [6] as [BIGINT] - [9]
2025-08-03 20:25:37 - binding parameter [7] as [TIMESTAMP] - [2025-08-03T20:25:37.016238]
2025-08-03 20:25:37 - binding parameter [8] as [VARCHAR] - [COMPLETED]
2025-08-03 20:25:37 - binding parameter [9] as [BIGINT] - [10]
2025-08-03 20:25:37 - binding parameter [10] as [VARCHAR] - [TXN-DF087D5977C1470E]
2025-08-03 20:25:37 - binding parameter [11] as [TIMESTAMP] - [2025-08-03T20:25:37.017557]
2025-08-03 20:25:37 - binding parameter [12] as [BIGINT] - [1]
2025-08-03 20:25:37 - binding parameter [13] as [BIGINT] - [19]
2025-08-03 20:25:37 - binding parameter [14] as [BIGINT] - [0]
2025-08-03 20:25:37 - Processing transfer request: TransferRequest{fromAccountNumber='TEST001234567890', toAccountNumber='TEST002345678901', amount=10.00, currency=USD, description='Concurrent transfer test'}
2025-08-03 20:25:37 - binding parameter [1] as [VARCHAR] - [TEST002345678901]
2025-08-03 20:25:37 - binding parameter [1] as [VARCHAR] - [TEST001234567890]
2025-08-03 20:25:37 - binding parameter [1] as [NUMERIC] - [10.00]
2025-08-03 20:25:37 - binding parameter [2] as [TIMESTAMP] - [null]
2025-08-03 20:25:37 - binding parameter [3] as [TIMESTAMP] - [2025-08-03T20:25:37.019259]
2025-08-03 20:25:37 - binding parameter [4] as [VARCHAR] - [USD]
2025-08-03 20:25:37 - binding parameter [5] as [VARCHAR] - [Concurrent transfer test]
2025-08-03 20:25:37 - binding parameter [6] as [VARCHAR] - [null]
2025-08-03 20:25:37 - binding parameter [7] as [BIGINT] - [9]
2025-08-03 20:25:37 - binding parameter [8] as [TIMESTAMP] - [null]
2025-08-03 20:25:37 - binding parameter [9] as [VARCHAR] - [PENDING]
2025-08-03 20:25:37 - binding parameter [10] as [BIGINT] - [10]
2025-08-03 20:25:37 - binding parameter [11] as [VARCHAR] - [TXN-E39903FA28804F4B]
2025-08-03 20:25:37 - binding parameter [12] as [TIMESTAMP] - [2025-08-03T20:25:37.019266]
2025-08-03 20:25:37 - binding parameter [13] as [BIGINT] - [0]
2025-08-03 20:25:37 - Transfer completed successfully: TXN-E39903FA28804F4B
2025-08-03 20:25:37 - binding parameter [1] as [VARCHAR] - [Test User 1]
2025-08-03 20:25:37 - binding parameter [2] as [VARCHAR] - [TEST001234567890]
2025-08-03 20:25:37 - binding parameter [3] as [NUMERIC] - [800.00]
2025-08-03 20:25:37 - binding parameter [4] as [VARCHAR] - [USD]
2025-08-03 20:25:37 - binding parameter [5] as [VARCHAR] - [ACTIVE]
2025-08-03 20:25:37 - binding parameter [6] as [TIMESTAMP] - [2025-08-03T20:25:37.020713]
2025-08-03 20:25:37 - binding parameter [7] as [VARCHAR] - [user1]
2025-08-03 20:25:37 - binding parameter [8] as [BIGINT] - [20]
2025-08-03 20:25:37 - binding parameter [9] as [BIGINT] - [9]
2025-08-03 20:25:37 - binding parameter [10] as [BIGINT] - [19]
2025-08-03 20:25:37 - binding parameter [1] as [VARCHAR] - [Test User 2]
2025-08-03 20:25:37 - binding parameter [2] as [VARCHAR] - [TEST002345678901]
2025-08-03 20:25:37 - binding parameter [3] as [NUMERIC] - [700.00]
2025-08-03 20:25:37 - binding parameter [4] as [VARCHAR] - [USD]
2025-08-03 20:25:37 - binding parameter [5] as [VARCHAR] - [ACTIVE]
2025-08-03 20:25:37 - binding parameter [6] as [TIMESTAMP] - [2025-08-03T20:25:37.021212]
2025-08-03 20:25:37 - binding parameter [7] as [VARCHAR] - [user2]
2025-08-03 20:25:37 - binding parameter [8] as [BIGINT] - [20]
2025-08-03 20:25:37 - binding parameter [9] as [BIGINT] - [10]
2025-08-03 20:25:37 - binding parameter [10] as [BIGINT] - [19]
2025-08-03 20:25:37 - binding parameter [1] as [NUMERIC] - [10.00]
2025-08-03 20:25:37 - binding parameter [2] as [TIMESTAMP] - [2025-08-03T20:25:37.020200]
2025-08-03 20:25:37 - binding parameter [3] as [VARCHAR] - [USD]
2025-08-03 20:25:37 - binding parameter [4] as [VARCHAR] - [Concurrent transfer test]
2025-08-03 20:25:37 - binding parameter [5] as [VARCHAR] - [null]
2025-08-03 20:25:37 - binding parameter [6] as [BIGINT] - [9]
2025-08-03 20:25:37 - binding parameter [7] as [TIMESTAMP] - [2025-08-03T20:25:37.019977]
2025-08-03 20:25:37 - binding parameter [8] as [VARCHAR] - [COMPLETED]
2025-08-03 20:25:37 - binding parameter [9] as [BIGINT] - [10]
2025-08-03 20:25:37 - binding parameter [10] as [VARCHAR] - [TXN-E39903FA28804F4B]
2025-08-03 20:25:37 - binding parameter [11] as [TIMESTAMP] - [2025-08-03T20:25:37.021601]
2025-08-03 20:25:37 - binding parameter [12] as [BIGINT] - [1]
2025-08-03 20:25:37 - binding parameter [13] as [BIGINT] - [20]
2025-08-03 20:25:37 - binding parameter [14] as [BIGINT] - [0]
2025-08-03 20:25:37 - Processing transfer request: TransferRequest{fromAccountNumber='TEST001234567890', toAccountNumber='TEST002345678901', amount=10.00, currency=USD, description='Concurrent transfer test'}
2025-08-03 20:25:37 - binding parameter [1] as [VARCHAR] - [TEST001234567890]
2025-08-03 20:25:37 - binding parameter [1] as [VARCHAR] - [TEST002345678901]
2025-08-03 20:25:37 - binding parameter [1] as [NUMERIC] - [10.00]
2025-08-03 20:25:37 - binding parameter [2] as [TIMESTAMP] - [null]
2025-08-03 20:25:37 - binding parameter [3] as [TIMESTAMP] - [2025-08-03T20:25:37.023877]
2025-08-03 20:25:37 - binding parameter [4] as [VARCHAR] - [USD]
2025-08-03 20:25:37 - binding parameter [5] as [VARCHAR] - [Concurrent transfer test]
2025-08-03 20:25:37 - binding parameter [6] as [VARCHAR] - [null]
2025-08-03 20:25:37 - binding parameter [7] as [BIGINT] - [9]
2025-08-03 20:25:37 - binding parameter [8] as [TIMESTAMP] - [null]
2025-08-03 20:25:37 - binding parameter [9] as [VARCHAR] - [PENDING]
2025-08-03 20:25:37 - binding parameter [10] as [BIGINT] - [10]
2025-08-03 20:25:37 - binding parameter [11] as [VARCHAR] - [TXN-22A107E8268F422C]
2025-08-03 20:25:37 - binding parameter [12] as [TIMESTAMP] - [2025-08-03T20:25:37.023887]
2025-08-03 20:25:37 - binding parameter [13] as [BIGINT] - [0]
2025-08-03 20:25:37 - Transfer completed successfully: TXN-22A107E8268F422C
2025-08-03 20:25:37 - binding parameter [1] as [VARCHAR] - [Test User 1]
2025-08-03 20:25:37 - binding parameter [2] as [VARCHAR] - [TEST001234567890]
2025-08-03 20:25:37 - binding parameter [3] as [NUMERIC] - [790.00]
2025-08-03 20:25:37 - binding parameter [4] as [VARCHAR] - [USD]
2025-08-03 20:25:37 - binding parameter [5] as [VARCHAR] - [ACTIVE]
2025-08-03 20:25:37 - binding parameter [6] as [TIMESTAMP] - [2025-08-03T20:25:37.025]
2025-08-03 20:25:37 - binding parameter [7] as [VARCHAR] - [user1]
2025-08-03 20:25:37 - binding parameter [8] as [BIGINT] - [21]
2025-08-03 20:25:37 - binding parameter [9] as [BIGINT] - [9]
2025-08-03 20:25:37 - binding parameter [10] as [BIGINT] - [20]
2025-08-03 20:25:37 - binding parameter [1] as [VARCHAR] - [Test User 2]
2025-08-03 20:25:37 - binding parameter [2] as [VARCHAR] - [TEST002345678901]
2025-08-03 20:25:37 - binding parameter [3] as [NUMERIC] - [710.00]
2025-08-03 20:25:37 - binding parameter [4] as [VARCHAR] - [USD]
2025-08-03 20:25:37 - binding parameter [5] as [VARCHAR] - [ACTIVE]
2025-08-03 20:25:37 - binding parameter [6] as [TIMESTAMP] - [2025-08-03T20:25:37.025791]
2025-08-03 20:25:37 - binding parameter [7] as [VARCHAR] - [user2]
2025-08-03 20:25:37 - binding parameter [8] as [BIGINT] - [21]
2025-08-03 20:25:37 - binding parameter [9] as [BIGINT] - [10]
2025-08-03 20:25:37 - binding parameter [10] as [BIGINT] - [20]
2025-08-03 20:25:37 - binding parameter [1] as [NUMERIC] - [10.00]
2025-08-03 20:25:37 - binding parameter [2] as [TIMESTAMP] - [2025-08-03T20:25:37.024710]
2025-08-03 20:25:37 - binding parameter [3] as [VARCHAR] - [USD]
2025-08-03 20:25:37 - binding parameter [4] as [VARCHAR] - [Concurrent transfer test]
2025-08-03 20:25:37 - binding parameter [5] as [VARCHAR] - [null]
2025-08-03 20:25:37 - binding parameter [6] as [BIGINT] - [9]
2025-08-03 20:25:37 - binding parameter [7] as [TIMESTAMP] - [2025-08-03T20:25:37.024512]
2025-08-03 20:25:37 - binding parameter [8] as [VARCHAR] - [COMPLETED]
2025-08-03 20:25:37 - binding parameter [9] as [BIGINT] - [10]
2025-08-03 20:25:37 - binding parameter [10] as [VARCHAR] - [TXN-22A107E8268F422C]
2025-08-03 20:25:37 - binding parameter [11] as [TIMESTAMP] - [2025-08-03T20:25:37.026280]
2025-08-03 20:25:37 - binding parameter [12] as [BIGINT] - [1]
2025-08-03 20:25:37 - binding parameter [13] as [BIGINT] - [21]
2025-08-03 20:25:37 - binding parameter [14] as [BIGINT] - [0]
2025-08-03 20:25:37 - Processing transfer request: TransferRequest{fromAccountNumber='TEST001234567890', toAccountNumber='TEST002345678901', amount=10.00, currency=USD, description='Concurrent transfer test'}
2025-08-03 20:25:37 - binding parameter [1] as [VARCHAR] - [TEST001234567890]
2025-08-03 20:25:37 - binding parameter [1] as [VARCHAR] - [TEST002345678901]
2025-08-03 20:25:37 - binding parameter [1] as [NUMERIC] - [10.00]
2025-08-03 20:25:37 - binding parameter [2] as [TIMESTAMP] - [null]
2025-08-03 20:25:37 - binding parameter [3] as [TIMESTAMP] - [2025-08-03T20:25:37.028489]
2025-08-03 20:25:37 - binding parameter [4] as [VARCHAR] - [USD]
2025-08-03 20:25:37 - binding parameter [5] as [VARCHAR] - [Concurrent transfer test]
2025-08-03 20:25:37 - binding parameter [6] as [VARCHAR] - [null]
2025-08-03 20:25:37 - binding parameter [7] as [BIGINT] - [9]
2025-08-03 20:25:37 - binding parameter [8] as [TIMESTAMP] - [null]
2025-08-03 20:25:37 - binding parameter [9] as [VARCHAR] - [PENDING]
2025-08-03 20:25:37 - binding parameter [10] as [BIGINT] - [10]
2025-08-03 20:25:37 - binding parameter [11] as [VARCHAR] - [TXN-8533B4A660544848]
2025-08-03 20:25:37 - binding parameter [12] as [TIMESTAMP] - [2025-08-03T20:25:37.028499]
2025-08-03 20:25:37 - binding parameter [13] as [BIGINT] - [0]
2025-08-03 20:25:37 - Transfer completed successfully: TXN-8533B4A660544848
2025-08-03 20:25:37 - binding parameter [1] as [VARCHAR] - [Test User 1]
2025-08-03 20:25:37 - binding parameter [2] as [VARCHAR] - [TEST001234567890]
2025-08-03 20:25:37 - binding parameter [3] as [NUMERIC] - [780.00]
2025-08-03 20:25:37 - binding parameter [4] as [VARCHAR] - [USD]
2025-08-03 20:25:37 - binding parameter [5] as [VARCHAR] - [ACTIVE]
2025-08-03 20:25:37 - binding parameter [6] as [TIMESTAMP] - [2025-08-03T20:25:37.029447]
2025-08-03 20:25:37 - binding parameter [7] as [VARCHAR] - [user1]
2025-08-03 20:25:37 - binding parameter [8] as [BIGINT] - [22]
2025-08-03 20:25:37 - binding parameter [9] as [BIGINT] - [9]
2025-08-03 20:25:37 - binding parameter [10] as [BIGINT] - [21]
2025-08-03 20:25:37 - binding parameter [1] as [VARCHAR] - [Test User 2]
2025-08-03 20:25:37 - binding parameter [2] as [VARCHAR] - [TEST002345678901]
2025-08-03 20:25:37 - binding parameter [3] as [NUMERIC] - [720.00]
2025-08-03 20:25:37 - binding parameter [4] as [VARCHAR] - [USD]
2025-08-03 20:25:37 - binding parameter [5] as [VARCHAR] - [ACTIVE]
2025-08-03 20:25:37 - binding parameter [6] as [TIMESTAMP] - [2025-08-03T20:25:37.029841]
2025-08-03 20:25:37 - binding parameter [7] as [VARCHAR] - [user2]
2025-08-03 20:25:37 - binding parameter [8] as [BIGINT] - [22]
2025-08-03 20:25:37 - binding parameter [9] as [BIGINT] - [10]
2025-08-03 20:25:37 - binding parameter [10] as [BIGINT] - [21]
2025-08-03 20:25:37 - binding parameter [1] as [NUMERIC] - [10.00]
2025-08-03 20:25:37 - binding parameter [2] as [TIMESTAMP] - [2025-08-03T20:25:37.029197]
2025-08-03 20:25:37 - binding parameter [3] as [VARCHAR] - [USD]
2025-08-03 20:25:37 - binding parameter [4] as [VARCHAR] - [Concurrent transfer test]
2025-08-03 20:25:37 - binding parameter [5] as [VARCHAR] - [null]
2025-08-03 20:25:37 - binding parameter [6] as [BIGINT] - [9]
2025-08-03 20:25:37 - binding parameter [7] as [TIMESTAMP] - [2025-08-03T20:25:37.029011]
2025-08-03 20:25:37 - binding parameter [8] as [VARCHAR] - [COMPLETED]
2025-08-03 20:25:37 - binding parameter [9] as [BIGINT] - [10]
2025-08-03 20:25:37 - binding parameter [10] as [VARCHAR] - [TXN-8533B4A660544848]
2025-08-03 20:25:37 - binding parameter [11] as [TIMESTAMP] - [2025-08-03T20:25:37.030330]
2025-08-03 20:25:37 - binding parameter [12] as [BIGINT] - [1]
2025-08-03 20:25:37 - binding parameter [13] as [BIGINT] - [22]
2025-08-03 20:25:37 - binding parameter [14] as [BIGINT] - [0]
2025-08-03 20:25:37 - Processing transfer request: TransferRequest{fromAccountNumber='TEST001234567890', toAccountNumber='TEST002345678901', amount=10.00, currency=USD, description='Concurrent transfer test'}
2025-08-03 20:25:37 - binding parameter [1] as [VARCHAR] - [TEST002345678901]
2025-08-03 20:25:37 - binding parameter [1] as [VARCHAR] - [TEST001234567890]
2025-08-03 20:25:37 - binding parameter [1] as [NUMERIC] - [10.00]
2025-08-03 20:25:37 - binding parameter [2] as [TIMESTAMP] - [null]
2025-08-03 20:25:37 - binding parameter [3] as [TIMESTAMP] - [2025-08-03T20:25:37.032686]
2025-08-03 20:25:37 - binding parameter [4] as [VARCHAR] - [USD]
2025-08-03 20:25:37 - binding parameter [5] as [VARCHAR] - [Concurrent transfer test]
2025-08-03 20:25:37 - binding parameter [6] as [VARCHAR] - [null]
2025-08-03 20:25:37 - binding parameter [7] as [BIGINT] - [9]
2025-08-03 20:25:37 - binding parameter [8] as [TIMESTAMP] - [null]
2025-08-03 20:25:37 - binding parameter [9] as [VARCHAR] - [PENDING]
2025-08-03 20:25:37 - binding parameter [10] as [BIGINT] - [10]
2025-08-03 20:25:37 - binding parameter [11] as [VARCHAR] - [TXN-32A36794C1234108]
2025-08-03 20:25:37 - binding parameter [12] as [TIMESTAMP] - [2025-08-03T20:25:37.032696]
2025-08-03 20:25:37 - binding parameter [13] as [BIGINT] - [0]
2025-08-03 20:25:37 - Transfer completed successfully: TXN-32A36794C1234108
2025-08-03 20:25:37 - binding parameter [1] as [VARCHAR] - [Test User 1]
2025-08-03 20:25:37 - binding parameter [2] as [VARCHAR] - [TEST001234567890]
2025-08-03 20:25:37 - binding parameter [3] as [NUMERIC] - [770.00]
2025-08-03 20:25:37 - binding parameter [4] as [VARCHAR] - [USD]
2025-08-03 20:25:37 - binding parameter [5] as [VARCHAR] - [ACTIVE]
2025-08-03 20:25:37 - binding parameter [6] as [TIMESTAMP] - [2025-08-03T20:25:37.033816]
2025-08-03 20:25:37 - binding parameter [7] as [VARCHAR] - [user1]
2025-08-03 20:25:37 - binding parameter [8] as [BIGINT] - [23]
2025-08-03 20:25:37 - binding parameter [9] as [BIGINT] - [9]
2025-08-03 20:25:37 - binding parameter [10] as [BIGINT] - [22]
2025-08-03 20:25:37 - binding parameter [1] as [VARCHAR] - [Test User 2]
2025-08-03 20:25:37 - binding parameter [2] as [VARCHAR] - [TEST002345678901]
2025-08-03 20:25:37 - binding parameter [3] as [NUMERIC] - [730.00]
2025-08-03 20:25:37 - binding parameter [4] as [VARCHAR] - [USD]
2025-08-03 20:25:37 - binding parameter [5] as [VARCHAR] - [ACTIVE]
2025-08-03 20:25:37 - binding parameter [6] as [TIMESTAMP] - [2025-08-03T20:25:37.034170]
2025-08-03 20:25:37 - binding parameter [7] as [VARCHAR] - [user2]
2025-08-03 20:25:37 - binding parameter [8] as [BIGINT] - [23]
2025-08-03 20:25:37 - binding parameter [9] as [BIGINT] - [10]
2025-08-03 20:25:37 - binding parameter [10] as [BIGINT] - [22]
2025-08-03 20:25:37 - binding parameter [1] as [NUMERIC] - [10.00]
2025-08-03 20:25:37 - binding parameter [2] as [TIMESTAMP] - [2025-08-03T20:25:37.033466]
2025-08-03 20:25:37 - binding parameter [3] as [VARCHAR] - [USD]
2025-08-03 20:25:37 - binding parameter [4] as [VARCHAR] - [Concurrent transfer test]
2025-08-03 20:25:37 - binding parameter [5] as [VARCHAR] - [null]
2025-08-03 20:25:37 - binding parameter [6] as [BIGINT] - [9]
2025-08-03 20:25:37 - binding parameter [7] as [TIMESTAMP] - [2025-08-03T20:25:37.033273]
2025-08-03 20:25:37 - binding parameter [8] as [VARCHAR] - [COMPLETED]
2025-08-03 20:25:37 - binding parameter [9] as [BIGINT] - [10]
2025-08-03 20:25:37 - binding parameter [10] as [VARCHAR] - [TXN-32A36794C1234108]
2025-08-03 20:25:37 - binding parameter [11] as [TIMESTAMP] - [2025-08-03T20:25:37.034438]
2025-08-03 20:25:37 - binding parameter [12] as [BIGINT] - [1]
2025-08-03 20:25:37 - binding parameter [13] as [BIGINT] - [23]
2025-08-03 20:25:37 - binding parameter [14] as [BIGINT] - [0]
2025-08-03 20:25:37 - Processing transfer request: TransferRequest{fromAccountNumber='TEST001234567890', toAccountNumber='TEST002345678901', amount=10.00, currency=USD, description='Concurrent transfer test'}
2025-08-03 20:25:37 - binding parameter [1] as [VARCHAR] - [TEST001234567890]
2025-08-03 20:25:37 - binding parameter [1] as [VARCHAR] - [TEST002345678901]
2025-08-03 20:25:37 - binding parameter [1] as [NUMERIC] - [10.00]
2025-08-03 20:25:37 - binding parameter [2] as [TIMESTAMP] - [null]
2025-08-03 20:25:37 - binding parameter [3] as [TIMESTAMP] - [2025-08-03T20:25:37.036866]
2025-08-03 20:25:37 - binding parameter [4] as [VARCHAR] - [USD]
2025-08-03 20:25:37 - binding parameter [5] as [VARCHAR] - [Concurrent transfer test]
2025-08-03 20:25:37 - binding parameter [6] as [VARCHAR] - [null]
2025-08-03 20:25:37 - binding parameter [7] as [BIGINT] - [9]
2025-08-03 20:25:37 - binding parameter [8] as [TIMESTAMP] - [null]
2025-08-03 20:25:37 - binding parameter [9] as [VARCHAR] - [PENDING]
2025-08-03 20:25:37 - binding parameter [10] as [BIGINT] - [10]
2025-08-03 20:25:37 - binding parameter [11] as [VARCHAR] - [TXN-7ECDB0B8F0F84793]
2025-08-03 20:25:37 - binding parameter [12] as [TIMESTAMP] - [2025-08-03T20:25:37.036874]
2025-08-03 20:25:37 - binding parameter [13] as [BIGINT] - [0]
2025-08-03 20:25:37 - Transfer completed successfully: TXN-7ECDB0B8F0F84793
2025-08-03 20:25:37 - binding parameter [1] as [VARCHAR] - [Test User 1]
2025-08-03 20:25:37 - binding parameter [2] as [VARCHAR] - [TEST001234567890]
2025-08-03 20:25:37 - binding parameter [3] as [NUMERIC] - [760.00]
2025-08-03 20:25:37 - binding parameter [4] as [VARCHAR] - [USD]
2025-08-03 20:25:37 - binding parameter [5] as [VARCHAR] - [ACTIVE]
2025-08-03 20:25:37 - binding parameter [6] as [TIMESTAMP] - [2025-08-03T20:25:37.038390]
2025-08-03 20:25:37 - binding parameter [7] as [VARCHAR] - [user1]
2025-08-03 20:25:37 - binding parameter [8] as [BIGINT] - [24]
2025-08-03 20:25:37 - binding parameter [9] as [BIGINT] - [9]
2025-08-03 20:25:37 - binding parameter [10] as [BIGINT] - [23]
2025-08-03 20:25:37 - binding parameter [1] as [VARCHAR] - [Test User 2]
2025-08-03 20:25:37 - binding parameter [2] as [VARCHAR] - [TEST002345678901]
2025-08-03 20:25:37 - binding parameter [3] as [NUMERIC] - [740.00]
2025-08-03 20:25:37 - binding parameter [4] as [VARCHAR] - [USD]
2025-08-03 20:25:37 - binding parameter [5] as [VARCHAR] - [ACTIVE]
2025-08-03 20:25:37 - binding parameter [6] as [TIMESTAMP] - [2025-08-03T20:25:37.038843]
2025-08-03 20:25:37 - binding parameter [7] as [VARCHAR] - [user2]
2025-08-03 20:25:37 - binding parameter [8] as [BIGINT] - [24]
2025-08-03 20:25:37 - binding parameter [9] as [BIGINT] - [10]
2025-08-03 20:25:37 - binding parameter [10] as [BIGINT] - [23]
2025-08-03 20:25:37 - binding parameter [1] as [NUMERIC] - [10.00]
2025-08-03 20:25:37 - binding parameter [2] as [TIMESTAMP] - [2025-08-03T20:25:37.037850]
2025-08-03 20:25:37 - binding parameter [3] as [VARCHAR] - [USD]
2025-08-03 20:25:37 - binding parameter [4] as [VARCHAR] - [Concurrent transfer test]
2025-08-03 20:25:37 - binding parameter [5] as [VARCHAR] - [null]
2025-08-03 20:25:37 - binding parameter [6] as [BIGINT] - [9]
2025-08-03 20:25:37 - binding parameter [7] as [TIMESTAMP] - [2025-08-03T20:25:37.037590]
2025-08-03 20:25:37 - binding parameter [8] as [VARCHAR] - [COMPLETED]
2025-08-03 20:25:37 - binding parameter [9] as [BIGINT] - [10]
2025-08-03 20:25:37 - binding parameter [10] as [VARCHAR] - [TXN-7ECDB0B8F0F84793]
2025-08-03 20:25:37 - binding parameter [11] as [TIMESTAMP] - [2025-08-03T20:25:37.039081]
2025-08-03 20:25:37 - binding parameter [12] as [BIGINT] - [1]
2025-08-03 20:25:37 - binding parameter [13] as [BIGINT] - [24]
2025-08-03 20:25:37 - binding parameter [14] as [BIGINT] - [0]
2025-08-03 20:25:37 - Processing transfer request: TransferRequest{fromAccountNumber='TEST001234567890', toAccountNumber='TEST002345678901', amount=10.00, currency=USD, description='Concurrent transfer test'}
2025-08-03 20:25:37 - binding parameter [1] as [VARCHAR] - [TEST001234567890]
2025-08-03 20:25:37 - binding parameter [1] as [VARCHAR] - [TEST002345678901]
2025-08-03 20:25:37 - binding parameter [1] as [NUMERIC] - [10.00]
2025-08-03 20:25:37 - binding parameter [2] as [TIMESTAMP] - [null]
2025-08-03 20:25:37 - binding parameter [3] as [TIMESTAMP] - [2025-08-03T20:25:37.041885]
2025-08-03 20:25:37 - binding parameter [4] as [VARCHAR] - [USD]
2025-08-03 20:25:37 - binding parameter [5] as [VARCHAR] - [Concurrent transfer test]
2025-08-03 20:25:37 - binding parameter [6] as [VARCHAR] - [null]
2025-08-03 20:25:37 - binding parameter [7] as [BIGINT] - [9]
2025-08-03 20:25:37 - binding parameter [8] as [TIMESTAMP] - [null]
2025-08-03 20:25:37 - binding parameter [9] as [VARCHAR] - [PENDING]
2025-08-03 20:25:37 - binding parameter [10] as [BIGINT] - [10]
2025-08-03 20:25:37 - binding parameter [11] as [VARCHAR] - [TXN-7648B1FA02864F39]
2025-08-03 20:25:37 - binding parameter [12] as [TIMESTAMP] - [2025-08-03T20:25:37.041893]
2025-08-03 20:25:37 - binding parameter [13] as [BIGINT] - [0]
2025-08-03 20:25:37 - Transfer completed successfully: TXN-7648B1FA02864F39
2025-08-03 20:25:37 - binding parameter [1] as [VARCHAR] - [Test User 1]
2025-08-03 20:25:37 - binding parameter [2] as [VARCHAR] - [TEST001234567890]
2025-08-03 20:25:37 - binding parameter [3] as [NUMERIC] - [750.00]
2025-08-03 20:25:37 - binding parameter [4] as [VARCHAR] - [USD]
2025-08-03 20:25:37 - binding parameter [5] as [VARCHAR] - [ACTIVE]
2025-08-03 20:25:37 - binding parameter [6] as [TIMESTAMP] - [2025-08-03T20:25:37.043546]
2025-08-03 20:25:37 - binding parameter [7] as [VARCHAR] - [user1]
2025-08-03 20:25:37 - binding parameter [8] as [BIGINT] - [25]
2025-08-03 20:25:37 - binding parameter [9] as [BIGINT] - [9]
2025-08-03 20:25:37 - binding parameter [10] as [BIGINT] - [24]
2025-08-03 20:25:37 - binding parameter [1] as [VARCHAR] - [Test User 2]
2025-08-03 20:25:37 - binding parameter [2] as [VARCHAR] - [TEST002345678901]
2025-08-03 20:25:37 - binding parameter [3] as [NUMERIC] - [750.00]
2025-08-03 20:25:37 - binding parameter [4] as [VARCHAR] - [USD]
2025-08-03 20:25:37 - binding parameter [5] as [VARCHAR] - [ACTIVE]
2025-08-03 20:25:37 - binding parameter [6] as [TIMESTAMP] - [2025-08-03T20:25:37.043917]
2025-08-03 20:25:37 - binding parameter [7] as [VARCHAR] - [user2]
2025-08-03 20:25:37 - binding parameter [8] as [BIGINT] - [25]
2025-08-03 20:25:37 - binding parameter [9] as [BIGINT] - [10]
2025-08-03 20:25:37 - binding parameter [10] as [BIGINT] - [24]
2025-08-03 20:25:37 - binding parameter [1] as [NUMERIC] - [10.00]
2025-08-03 20:25:37 - binding parameter [2] as [TIMESTAMP] - [2025-08-03T20:25:37.043130]
2025-08-03 20:25:37 - binding parameter [3] as [VARCHAR] - [USD]
2025-08-03 20:25:37 - binding parameter [4] as [VARCHAR] - [Concurrent transfer test]
2025-08-03 20:25:37 - binding parameter [5] as [VARCHAR] - [null]
2025-08-03 20:25:37 - binding parameter [6] as [BIGINT] - [9]
2025-08-03 20:25:37 - binding parameter [7] as [TIMESTAMP] - [2025-08-03T20:25:37.042454]
2025-08-03 20:25:37 - binding parameter [8] as [VARCHAR] - [COMPLETED]
2025-08-03 20:25:37 - binding parameter [9] as [BIGINT] - [10]
2025-08-03 20:25:37 - binding parameter [10] as [VARCHAR] - [TXN-7648B1FA02864F39]
2025-08-03 20:25:37 - binding parameter [11] as [TIMESTAMP] - [2025-08-03T20:25:37.044174]
2025-08-03 20:25:37 - binding parameter [12] as [BIGINT] - [1]
2025-08-03 20:25:37 - binding parameter [13] as [BIGINT] - [25]
2025-08-03 20:25:37 - binding parameter [14] as [BIGINT] - [0]
2025-08-03 20:25:37 - Processing transfer request: TransferRequest{fromAccountNumber='TEST001234567890', toAccountNumber='TEST002345678901', amount=10.00, currency=USD, description='Concurrent transfer test'}
2025-08-03 20:25:37 - binding parameter [1] as [VARCHAR] - [TEST001234567890]
2025-08-03 20:25:37 - binding parameter [1] as [VARCHAR] - [TEST002345678901]
2025-08-03 20:25:37 - binding parameter [1] as [NUMERIC] - [10.00]
2025-08-03 20:25:37 - binding parameter [2] as [TIMESTAMP] - [null]
2025-08-03 20:25:37 - binding parameter [3] as [TIMESTAMP] - [2025-08-03T20:25:37.046234]
2025-08-03 20:25:37 - binding parameter [4] as [VARCHAR] - [USD]
2025-08-03 20:25:37 - binding parameter [5] as [VARCHAR] - [Concurrent transfer test]
2025-08-03 20:25:37 - binding parameter [6] as [VARCHAR] - [null]
2025-08-03 20:25:37 - binding parameter [7] as [BIGINT] - [9]
2025-08-03 20:25:37 - binding parameter [8] as [TIMESTAMP] - [null]
2025-08-03 20:25:37 - binding parameter [9] as [VARCHAR] - [PENDING]
2025-08-03 20:25:37 - binding parameter [10] as [BIGINT] - [10]
2025-08-03 20:25:37 - binding parameter [11] as [VARCHAR] - [TXN-1C3F85FBC7BD473E]
2025-08-03 20:25:37 - binding parameter [12] as [TIMESTAMP] - [2025-08-03T20:25:37.046243]
2025-08-03 20:25:37 - binding parameter [13] as [BIGINT] - [0]
2025-08-03 20:25:37 - Transfer completed successfully: TXN-1C3F85FBC7BD473E
2025-08-03 20:25:37 - binding parameter [1] as [VARCHAR] - [Test User 1]
2025-08-03 20:25:37 - binding parameter [2] as [VARCHAR] - [TEST001234567890]
2025-08-03 20:25:37 - binding parameter [3] as [NUMERIC] - [740.00]
2025-08-03 20:25:37 - binding parameter [4] as [VARCHAR] - [USD]
2025-08-03 20:25:37 - binding parameter [5] as [VARCHAR] - [ACTIVE]
2025-08-03 20:25:37 - binding parameter [6] as [TIMESTAMP] - [2025-08-03T20:25:37.047374]
2025-08-03 20:25:37 - binding parameter [7] as [VARCHAR] - [user1]
2025-08-03 20:25:37 - binding parameter [8] as [BIGINT] - [26]
2025-08-03 20:25:37 - binding parameter [9] as [BIGINT] - [9]
2025-08-03 20:25:37 - binding parameter [10] as [BIGINT] - [25]
2025-08-03 20:25:37 - binding parameter [1] as [VARCHAR] - [Test User 2]
2025-08-03 20:25:37 - binding parameter [2] as [VARCHAR] - [TEST002345678901]
2025-08-03 20:25:37 - binding parameter [3] as [NUMERIC] - [760.00]
2025-08-03 20:25:37 - binding parameter [4] as [VARCHAR] - [USD]
2025-08-03 20:25:37 - binding parameter [5] as [VARCHAR] - [ACTIVE]
2025-08-03 20:25:37 - binding parameter [6] as [TIMESTAMP] - [2025-08-03T20:25:37.047679]
2025-08-03 20:25:37 - binding parameter [7] as [VARCHAR] - [user2]
2025-08-03 20:25:37 - binding parameter [8] as [BIGINT] - [26]
2025-08-03 20:25:37 - binding parameter [9] as [BIGINT] - [10]
2025-08-03 20:25:37 - binding parameter [10] as [BIGINT] - [25]
2025-08-03 20:25:37 - binding parameter [1] as [NUMERIC] - [10.00]
2025-08-03 20:25:37 - binding parameter [2] as [TIMESTAMP] - [2025-08-03T20:25:37.047039]
2025-08-03 20:25:37 - binding parameter [3] as [VARCHAR] - [USD]
2025-08-03 20:25:37 - binding parameter [4] as [VARCHAR] - [Concurrent transfer test]
2025-08-03 20:25:37 - binding parameter [5] as [VARCHAR] - [null]
2025-08-03 20:25:37 - binding parameter [6] as [BIGINT] - [9]
2025-08-03 20:25:37 - binding parameter [7] as [TIMESTAMP] - [2025-08-03T20:25:37.046845]
2025-08-03 20:25:37 - binding parameter [8] as [VARCHAR] - [COMPLETED]
2025-08-03 20:25:37 - binding parameter [9] as [BIGINT] - [10]
2025-08-03 20:25:37 - binding parameter [10] as [VARCHAR] - [TXN-1C3F85FBC7BD473E]
2025-08-03 20:25:37 - binding parameter [11] as [TIMESTAMP] - [2025-08-03T20:25:37.047910]
2025-08-03 20:25:37 - binding parameter [12] as [BIGINT] - [1]
2025-08-03 20:25:37 - binding parameter [13] as [BIGINT] - [26]
2025-08-03 20:25:37 - binding parameter [14] as [BIGINT] - [0]
2025-08-03 20:25:37 - Processing transfer request: TransferRequest{fromAccountNumber='TEST001234567890', toAccountNumber='TEST002345678901', amount=10.00, currency=USD, description='Concurrent transfer test'}
2025-08-03 20:25:37 - binding parameter [1] as [VARCHAR] - [TEST001234567890]
2025-08-03 20:25:37 - binding parameter [1] as [VARCHAR] - [TEST002345678901]
2025-08-03 20:25:37 - binding parameter [1] as [NUMERIC] - [10.00]
2025-08-03 20:25:37 - binding parameter [2] as [TIMESTAMP] - [null]
2025-08-03 20:25:37 - binding parameter [3] as [TIMESTAMP] - [2025-08-03T20:25:37.050090]
2025-08-03 20:25:37 - binding parameter [4] as [VARCHAR] - [USD]
2025-08-03 20:25:37 - binding parameter [5] as [VARCHAR] - [Concurrent transfer test]
2025-08-03 20:25:37 - binding parameter [6] as [VARCHAR] - [null]
2025-08-03 20:25:37 - binding parameter [7] as [BIGINT] - [9]
2025-08-03 20:25:37 - binding parameter [8] as [TIMESTAMP] - [null]
2025-08-03 20:25:37 - binding parameter [9] as [VARCHAR] - [PENDING]
2025-08-03 20:25:37 - binding parameter [10] as [BIGINT] - [10]
2025-08-03 20:25:37 - binding parameter [11] as [VARCHAR] - [TXN-35438EDC300D4DBE]
2025-08-03 20:25:37 - binding parameter [12] as [TIMESTAMP] - [2025-08-03T20:25:37.050097]
2025-08-03 20:25:37 - binding parameter [13] as [BIGINT] - [0]
2025-08-03 20:25:37 - Transfer completed successfully: TXN-35438EDC300D4DBE
2025-08-03 20:25:37 - binding parameter [1] as [VARCHAR] - [Test User 1]
2025-08-03 20:25:37 - binding parameter [2] as [VARCHAR] - [TEST001234567890]
2025-08-03 20:25:37 - binding parameter [3] as [NUMERIC] - [730.00]
2025-08-03 20:25:37 - binding parameter [4] as [VARCHAR] - [USD]
2025-08-03 20:25:37 - binding parameter [5] as [VARCHAR] - [ACTIVE]
2025-08-03 20:25:37 - binding parameter [6] as [TIMESTAMP] - [2025-08-03T20:25:37.051334]
2025-08-03 20:25:37 - binding parameter [7] as [VARCHAR] - [user1]
2025-08-03 20:25:37 - binding parameter [8] as [BIGINT] - [27]
2025-08-03 20:25:37 - binding parameter [9] as [BIGINT] - [9]
2025-08-03 20:25:37 - binding parameter [10] as [BIGINT] - [26]
2025-08-03 20:25:37 - binding parameter [1] as [VARCHAR] - [Test User 2]
2025-08-03 20:25:37 - binding parameter [2] as [VARCHAR] - [TEST002345678901]
2025-08-03 20:25:37 - binding parameter [3] as [NUMERIC] - [770.00]
2025-08-03 20:25:37 - binding parameter [4] as [VARCHAR] - [USD]
2025-08-03 20:25:37 - binding parameter [5] as [VARCHAR] - [ACTIVE]
2025-08-03 20:25:37 - binding parameter [6] as [TIMESTAMP] - [2025-08-03T20:25:37.051659]
2025-08-03 20:25:37 - binding parameter [7] as [VARCHAR] - [user2]
2025-08-03 20:25:37 - binding parameter [8] as [BIGINT] - [27]
2025-08-03 20:25:37 - binding parameter [9] as [BIGINT] - [10]
2025-08-03 20:25:37 - binding parameter [10] as [BIGINT] - [26]
2025-08-03 20:25:37 - binding parameter [1] as [NUMERIC] - [10.00]
2025-08-03 20:25:37 - binding parameter [2] as [TIMESTAMP] - [2025-08-03T20:25:37.050995]
2025-08-03 20:25:37 - binding parameter [3] as [VARCHAR] - [USD]
2025-08-03 20:25:37 - binding parameter [4] as [VARCHAR] - [Concurrent transfer test]
2025-08-03 20:25:37 - binding parameter [5] as [VARCHAR] - [null]
2025-08-03 20:25:37 - binding parameter [6] as [BIGINT] - [9]
2025-08-03 20:25:37 - binding parameter [7] as [TIMESTAMP] - [2025-08-03T20:25:37.050629]
2025-08-03 20:25:37 - binding parameter [8] as [VARCHAR] - [COMPLETED]
2025-08-03 20:25:37 - binding parameter [9] as [BIGINT] - [10]
2025-08-03 20:25:37 - binding parameter [10] as [VARCHAR] - [TXN-35438EDC300D4DBE]
2025-08-03 20:25:37 - binding parameter [11] as [TIMESTAMP] - [2025-08-03T20:25:37.051885]
2025-08-03 20:25:37 - binding parameter [12] as [BIGINT] - [1]
2025-08-03 20:25:37 - binding parameter [13] as [BIGINT] - [27]
2025-08-03 20:25:37 - binding parameter [14] as [BIGINT] - [0]
2025-08-03 20:25:37 - Processing transfer request: TransferRequest{fromAccountNumber='TEST001234567890', toAccountNumber='TEST002345678901', amount=10.00, currency=USD, description='Concurrent transfer test'}
2025-08-03 20:25:37 - binding parameter [1] as [VARCHAR] - [TEST001234567890]
2025-08-03 20:25:37 - binding parameter [1] as [VARCHAR] - [TEST002345678901]
2025-08-03 20:25:37 - binding parameter [1] as [NUMERIC] - [10.00]
2025-08-03 20:25:37 - binding parameter [2] as [TIMESTAMP] - [null]
2025-08-03 20:25:37 - binding parameter [3] as [TIMESTAMP] - [2025-08-03T20:25:37.053509]
2025-08-03 20:25:37 - binding parameter [4] as [VARCHAR] - [USD]
2025-08-03 20:25:37 - binding parameter [5] as [VARCHAR] - [Concurrent transfer test]
2025-08-03 20:25:37 - binding parameter [6] as [VARCHAR] - [null]
2025-08-03 20:25:37 - binding parameter [7] as [BIGINT] - [9]
2025-08-03 20:25:37 - binding parameter [8] as [TIMESTAMP] - [null]
2025-08-03 20:25:37 - binding parameter [9] as [VARCHAR] - [PENDING]
2025-08-03 20:25:37 - binding parameter [10] as [BIGINT] - [10]
2025-08-03 20:25:37 - binding parameter [11] as [VARCHAR] - [TXN-D3A730BFB310416B]
2025-08-03 20:25:37 - binding parameter [12] as [TIMESTAMP] - [2025-08-03T20:25:37.053517]
2025-08-03 20:25:37 - binding parameter [13] as [BIGINT] - [0]
2025-08-03 20:25:37 - Transfer completed successfully: TXN-D3A730BFB310416B
2025-08-03 20:25:37 - binding parameter [1] as [VARCHAR] - [Test User 1]
2025-08-03 20:25:37 - binding parameter [2] as [VARCHAR] - [TEST001234567890]
2025-08-03 20:25:37 - binding parameter [3] as [NUMERIC] - [720.00]
2025-08-03 20:25:37 - binding parameter [4] as [VARCHAR] - [USD]
2025-08-03 20:25:37 - binding parameter [5] as [VARCHAR] - [ACTIVE]
2025-08-03 20:25:37 - binding parameter [6] as [TIMESTAMP] - [2025-08-03T20:25:37.055734]
2025-08-03 20:25:37 - binding parameter [7] as [VARCHAR] - [user1]
2025-08-03 20:25:37 - binding parameter [8] as [BIGINT] - [28]
2025-08-03 20:25:37 - binding parameter [9] as [BIGINT] - [9]
2025-08-03 20:25:37 - binding parameter [10] as [BIGINT] - [27]
2025-08-03 20:25:37 - binding parameter [1] as [VARCHAR] - [Test User 2]
2025-08-03 20:25:37 - binding parameter [2] as [VARCHAR] - [TEST002345678901]
2025-08-03 20:25:37 - binding parameter [3] as [NUMERIC] - [780.00]
2025-08-03 20:25:37 - binding parameter [4] as [VARCHAR] - [USD]
2025-08-03 20:25:37 - binding parameter [5] as [VARCHAR] - [ACTIVE]
2025-08-03 20:25:37 - binding parameter [6] as [TIMESTAMP] - [2025-08-03T20:25:37.056536]
2025-08-03 20:25:37 - binding parameter [7] as [VARCHAR] - [user2]
2025-08-03 20:25:37 - binding parameter [8] as [BIGINT] - [28]
2025-08-03 20:25:37 - binding parameter [9] as [BIGINT] - [10]
2025-08-03 20:25:37 - binding parameter [10] as [BIGINT] - [27]
2025-08-03 20:25:37 - binding parameter [1] as [NUMERIC] - [10.00]
2025-08-03 20:25:37 - binding parameter [2] as [TIMESTAMP] - [2025-08-03T20:25:37.055203]
2025-08-03 20:25:37 - binding parameter [3] as [VARCHAR] - [USD]
2025-08-03 20:25:37 - binding parameter [4] as [VARCHAR] - [Concurrent transfer test]
2025-08-03 20:25:37 - binding parameter [5] as [VARCHAR] - [null]
2025-08-03 20:25:37 - binding parameter [6] as [BIGINT] - [9]
2025-08-03 20:25:37 - binding parameter [7] as [TIMESTAMP] - [2025-08-03T20:25:37.054587]
2025-08-03 20:25:37 - binding parameter [8] as [VARCHAR] - [COMPLETED]
2025-08-03 20:25:37 - binding parameter [9] as [BIGINT] - [10]
2025-08-03 20:25:37 - binding parameter [10] as [VARCHAR] - [TXN-D3A730BFB310416B]
2025-08-03 20:25:37 - binding parameter [11] as [TIMESTAMP] - [2025-08-03T20:25:37.056819]
2025-08-03 20:25:37 - binding parameter [12] as [BIGINT] - [1]
2025-08-03 20:25:37 - binding parameter [13] as [BIGINT] - [28]
2025-08-03 20:25:37 - binding parameter [14] as [BIGINT] - [0]
2025-08-03 20:25:37 - binding parameter [1] as [VARCHAR] - [TEST002345678901]
2025-08-03 20:25:37 - binding parameter [1] as [NUMERIC] - [10.00]
2025-08-03 20:25:37 - binding parameter [2] as [TIMESTAMP] - [null]
2025-08-03 20:25:37 - binding parameter [3] as [TIMESTAMP] - [2025-08-03T20:25:37.059692]
2025-08-03 20:25:37 - binding parameter [4] as [VARCHAR] - [USD]
2025-08-03 20:25:37 - binding parameter [5] as [VARCHAR] - [Concurrent transfer test]
2025-08-03 20:25:37 - binding parameter [6] as [VARCHAR] - [null]
2025-08-03 20:25:37 - binding parameter [7] as [BIGINT] - [9]
2025-08-03 20:25:37 - binding parameter [8] as [TIMESTAMP] - [null]
2025-08-03 20:25:37 - binding parameter [9] as [VARCHAR] - [PENDING]
2025-08-03 20:25:37 - binding parameter [10] as [BIGINT] - [10]
2025-08-03 20:25:37 - binding parameter [11] as [VARCHAR] - [TXN-7532A2F793BD493F]
2025-08-03 20:25:37 - binding parameter [12] as [TIMESTAMP] - [2025-08-03T20:25:37.059699]
2025-08-03 20:25:37 - binding parameter [13] as [BIGINT] - [0]
2025-08-03 20:25:37 - Transfer completed successfully: TXN-7532A2F793BD493F
2025-08-03 20:25:37 - binding parameter [1] as [VARCHAR] - [Test User 1]
2025-08-03 20:25:37 - binding parameter [2] as [VARCHAR] - [TEST001234567890]
2025-08-03 20:25:37 - binding parameter [3] as [NUMERIC] - [710.00]
2025-08-03 20:25:37 - binding parameter [4] as [VARCHAR] - [USD]
2025-08-03 20:25:37 - binding parameter [5] as [VARCHAR] - [ACTIVE]
2025-08-03 20:25:37 - binding parameter [6] as [TIMESTAMP] - [2025-08-03T20:25:37.060955]
2025-08-03 20:25:37 - binding parameter [7] as [VARCHAR] - [user1]
2025-08-03 20:25:37 - binding parameter [8] as [BIGINT] - [29]
2025-08-03 20:25:37 - binding parameter [9] as [BIGINT] - [9]
2025-08-03 20:25:37 - binding parameter [10] as [BIGINT] - [28]
2025-08-03 20:25:37 - binding parameter [1] as [VARCHAR] - [Test User 2]
2025-08-03 20:25:37 - binding parameter [2] as [VARCHAR] - [TEST002345678901]
2025-08-03 20:25:37 - binding parameter [3] as [NUMERIC] - [790.00]
2025-08-03 20:25:37 - binding parameter [4] as [VARCHAR] - [USD]
2025-08-03 20:25:37 - binding parameter [5] as [VARCHAR] - [ACTIVE]
2025-08-03 20:25:37 - binding parameter [6] as [TIMESTAMP] - [2025-08-03T20:25:37.061431]
2025-08-03 20:25:37 - binding parameter [7] as [VARCHAR] - [user2]
2025-08-03 20:25:37 - binding parameter [8] as [BIGINT] - [29]
2025-08-03 20:25:37 - binding parameter [9] as [BIGINT] - [10]
2025-08-03 20:25:37 - binding parameter [10] as [BIGINT] - [28]
2025-08-03 20:25:37 - binding parameter [1] as [NUMERIC] - [10.00]
2025-08-03 20:25:37 - binding parameter [2] as [TIMESTAMP] - [2025-08-03T20:25:37.060664]
2025-08-03 20:25:37 - binding parameter [3] as [VARCHAR] - [USD]
2025-08-03 20:25:37 - binding parameter [4] as [VARCHAR] - [Concurrent transfer test]
2025-08-03 20:25:37 - binding parameter [5] as [VARCHAR] - [null]
2025-08-03 20:25:37 - binding parameter [6] as [BIGINT] - [9]
2025-08-03 20:25:37 - binding parameter [7] as [TIMESTAMP] - [2025-08-03T20:25:37.060438]
2025-08-03 20:25:37 - binding parameter [8] as [VARCHAR] - [COMPLETED]
2025-08-03 20:25:37 - binding parameter [9] as [BIGINT] - [10]
2025-08-03 20:25:37 - binding parameter [10] as [VARCHAR] - [TXN-7532A2F793BD493F]
2025-08-03 20:25:37 - binding parameter [11] as [TIMESTAMP] - [2025-08-03T20:25:37.061795]
2025-08-03 20:25:37 - binding parameter [12] as [BIGINT] - [1]
2025-08-03 20:25:37 - binding parameter [13] as [BIGINT] - [29]
2025-08-03 20:25:37 - binding parameter [14] as [BIGINT] - [0]
2025-08-03 20:25:37 - Processing transfer request: TransferRequest{fromAccountNumber='TEST001234567890', toAccountNumber='TEST002345678901', amount=10.00, currency=USD, description='Concurrent transfer test'}
2025-08-03 20:25:37 - binding parameter [1] as [VARCHAR] - [TEST002345678901]
2025-08-03 20:25:37 - binding parameter [1] as [VARCHAR] - [TEST001234567890]
2025-08-03 20:25:37 - binding parameter [1] as [NUMERIC] - [10.00]
2025-08-03 20:25:37 - binding parameter [2] as [TIMESTAMP] - [null]
2025-08-03 20:25:37 - binding parameter [3] as [TIMESTAMP] - [2025-08-03T20:25:37.064784]
2025-08-03 20:25:37 - binding parameter [4] as [VARCHAR] - [USD]
2025-08-03 20:25:37 - binding parameter [5] as [VARCHAR] - [Concurrent transfer test]
2025-08-03 20:25:37 - binding parameter [6] as [VARCHAR] - [null]
2025-08-03 20:25:37 - binding parameter [7] as [BIGINT] - [9]
2025-08-03 20:25:37 - binding parameter [8] as [TIMESTAMP] - [null]
2025-08-03 20:25:37 - binding parameter [9] as [VARCHAR] - [PENDING]
2025-08-03 20:25:37 - binding parameter [10] as [BIGINT] - [10]
2025-08-03 20:25:37 - binding parameter [11] as [VARCHAR] - [TXN-7A89A13A30BB4AA1]
2025-08-03 20:25:37 - binding parameter [12] as [TIMESTAMP] - [2025-08-03T20:25:37.064793]
2025-08-03 20:25:37 - binding parameter [13] as [BIGINT] - [0]
2025-08-03 20:25:37 - Transfer completed successfully: TXN-7A89A13A30BB4AA1
2025-08-03 20:25:37 - binding parameter [1] as [VARCHAR] - [Test User 1]
2025-08-03 20:25:37 - binding parameter [2] as [VARCHAR] - [TEST001234567890]
2025-08-03 20:25:37 - binding parameter [3] as [NUMERIC] - [700.00]
2025-08-03 20:25:37 - binding parameter [4] as [VARCHAR] - [USD]
2025-08-03 20:25:37 - binding parameter [5] as [VARCHAR] - [ACTIVE]
2025-08-03 20:25:37 - binding parameter [6] as [TIMESTAMP] - [2025-08-03T20:25:37.065833]
2025-08-03 20:25:37 - binding parameter [7] as [VARCHAR] - [user1]
2025-08-03 20:25:37 - binding parameter [8] as [BIGINT] - [30]
2025-08-03 20:25:37 - binding parameter [9] as [BIGINT] - [9]
2025-08-03 20:25:37 - binding parameter [10] as [BIGINT] - [29]
2025-08-03 20:25:37 - binding parameter [1] as [VARCHAR] - [Test User 2]
2025-08-03 20:25:37 - binding parameter [2] as [VARCHAR] - [TEST002345678901]
2025-08-03 20:25:37 - binding parameter [3] as [NUMERIC] - [800.00]
2025-08-03 20:25:37 - binding parameter [4] as [VARCHAR] - [USD]
2025-08-03 20:25:37 - binding parameter [5] as [VARCHAR] - [ACTIVE]
2025-08-03 20:25:37 - binding parameter [6] as [TIMESTAMP] - [2025-08-03T20:25:37.066186]
2025-08-03 20:25:37 - binding parameter [7] as [VARCHAR] - [user2]
2025-08-03 20:25:37 - binding parameter [8] as [BIGINT] - [30]
2025-08-03 20:25:37 - binding parameter [9] as [BIGINT] - [10]
2025-08-03 20:25:37 - binding parameter [10] as [BIGINT] - [29]
2025-08-03 20:25:37 - binding parameter [1] as [NUMERIC] - [10.00]
2025-08-03 20:25:37 - binding parameter [2] as [TIMESTAMP] - [2025-08-03T20:25:37.065503]
2025-08-03 20:25:37 - binding parameter [3] as [VARCHAR] - [USD]
2025-08-03 20:25:37 - binding parameter [4] as [VARCHAR] - [Concurrent transfer test]
2025-08-03 20:25:37 - binding parameter [5] as [VARCHAR] - [null]
2025-08-03 20:25:37 - binding parameter [6] as [BIGINT] - [9]
2025-08-03 20:25:37 - binding parameter [7] as [TIMESTAMP] - [2025-08-03T20:25:37.065331]
2025-08-03 20:25:37 - binding parameter [8] as [VARCHAR] - [COMPLETED]
2025-08-03 20:25:37 - binding parameter [9] as [BIGINT] - [10]
2025-08-03 20:25:37 - binding parameter [10] as [VARCHAR] - [TXN-7A89A13A30BB4AA1]
2025-08-03 20:25:37 - binding parameter [11] as [TIMESTAMP] - [2025-08-03T20:25:37.066759]
2025-08-03 20:25:37 - binding parameter [12] as [BIGINT] - [1]
2025-08-03 20:25:37 - binding parameter [13] as [BIGINT] - [30]
2025-08-03 20:25:37 - binding parameter [14] as [BIGINT] - [0]
2025-08-03 20:25:37 - binding parameter [1] as [VARCHAR] - [TEST002345678901]
2025-08-03 20:25:37 - binding parameter [1] as [NUMERIC] - [10.00]
2025-08-03 20:25:37 - binding parameter [2] as [TIMESTAMP] - [null]
2025-08-03 20:25:37 - binding parameter [3] as [TIMESTAMP] - [2025-08-03T20:25:37.069967]
2025-08-03 20:25:37 - binding parameter [4] as [VARCHAR] - [USD]
2025-08-03 20:25:37 - binding parameter [5] as [VARCHAR] - [Concurrent transfer test]
2025-08-03 20:25:37 - binding parameter [6] as [VARCHAR] - [null]
2025-08-03 20:25:37 - binding parameter [7] as [BIGINT] - [9]
2025-08-03 20:25:37 - binding parameter [8] as [TIMESTAMP] - [null]
2025-08-03 20:25:37 - binding parameter [9] as [VARCHAR] - [PENDING]
2025-08-03 20:25:37 - binding parameter [10] as [BIGINT] - [10]
2025-08-03 20:25:37 - binding parameter [11] as [VARCHAR] - [TXN-38345CFF4E524AF8]
2025-08-03 20:25:37 - binding parameter [12] as [TIMESTAMP] - [2025-08-03T20:25:37.069975]
2025-08-03 20:25:37 - binding parameter [13] as [BIGINT] - [0]
2025-08-03 20:25:37 - Transfer completed successfully: TXN-38345CFF4E524AF8
2025-08-03 20:25:37 - binding parameter [1] as [VARCHAR] - [Test User 1]
2025-08-03 20:25:37 - binding parameter [2] as [VARCHAR] - [TEST001234567890]
2025-08-03 20:25:37 - binding parameter [3] as [NUMERIC] - [690.00]
2025-08-03 20:25:37 - binding parameter [4] as [VARCHAR] - [USD]
2025-08-03 20:25:37 - binding parameter [5] as [VARCHAR] - [ACTIVE]
2025-08-03 20:25:37 - binding parameter [6] as [TIMESTAMP] - [2025-08-03T20:25:37.073449]
2025-08-03 20:25:37 - binding parameter [7] as [VARCHAR] - [user1]
2025-08-03 20:25:37 - binding parameter [8] as [BIGINT] - [31]
2025-08-03 20:25:37 - binding parameter [9] as [BIGINT] - [9]
2025-08-03 20:25:37 - binding parameter [10] as [BIGINT] - [30]
2025-08-03 20:25:37 - binding parameter [1] as [VARCHAR] - [Test User 2]
2025-08-03 20:25:37 - binding parameter [2] as [VARCHAR] - [TEST002345678901]
2025-08-03 20:25:37 - binding parameter [3] as [NUMERIC] - [810.00]
2025-08-03 20:25:37 - binding parameter [4] as [VARCHAR] - [USD]
2025-08-03 20:25:37 - binding parameter [5] as [VARCHAR] - [ACTIVE]
2025-08-03 20:25:37 - binding parameter [6] as [TIMESTAMP] - [2025-08-03T20:25:37.074519]
2025-08-03 20:25:37 - binding parameter [7] as [VARCHAR] - [user2]
2025-08-03 20:25:37 - binding parameter [8] as [BIGINT] - [31]
2025-08-03 20:25:37 - binding parameter [9] as [BIGINT] - [10]
2025-08-03 20:25:37 - binding parameter [10] as [BIGINT] - [30]
2025-08-03 20:25:37 - binding parameter [1] as [NUMERIC] - [10.00]
2025-08-03 20:25:37 - binding parameter [2] as [TIMESTAMP] - [2025-08-03T20:25:37.072470]
2025-08-03 20:25:37 - binding parameter [3] as [VARCHAR] - [USD]
2025-08-03 20:25:37 - binding parameter [4] as [VARCHAR] - [Concurrent transfer test]
2025-08-03 20:25:37 - binding parameter [5] as [VARCHAR] - [null]
2025-08-03 20:25:37 - binding parameter [6] as [BIGINT] - [9]
2025-08-03 20:25:37 - binding parameter [7] as [TIMESTAMP] - [2025-08-03T20:25:37.072234]
2025-08-03 20:25:37 - binding parameter [8] as [VARCHAR] - [COMPLETED]
2025-08-03 20:25:37 - binding parameter [9] as [BIGINT] - [10]
2025-08-03 20:25:37 - binding parameter [10] as [VARCHAR] - [TXN-38345CFF4E524AF8]
2025-08-03 20:25:37 - binding parameter [11] as [TIMESTAMP] - [2025-08-03T20:25:37.074809]
2025-08-03 20:25:37 - binding parameter [12] as [BIGINT] - [1]
2025-08-03 20:25:37 - binding parameter [13] as [BIGINT] - [31]
2025-08-03 20:25:37 - binding parameter [14] as [BIGINT] - [0]
2025-08-03 20:25:37 - Processing transfer request: TransferRequest{fromAccountNumber='TEST001234567890', toAccountNumber='TEST002345678901', amount=10.00, currency=USD, description='Concurrent transfer test'}
2025-08-03 20:25:37 - binding parameter [1] as [VARCHAR] - [TEST001234567890]
2025-08-03 20:25:37 - binding parameter [1] as [VARCHAR] - [TEST002345678901]
2025-08-03 20:25:37 - binding parameter [1] as [NUMERIC] - [10.00]
2025-08-03 20:25:37 - binding parameter [2] as [TIMESTAMP] - [null]
2025-08-03 20:25:37 - binding parameter [3] as [TIMESTAMP] - [2025-08-03T20:25:37.076998]
2025-08-03 20:25:37 - binding parameter [4] as [VARCHAR] - [USD]
2025-08-03 20:25:37 - binding parameter [5] as [VARCHAR] - [Concurrent transfer test]
2025-08-03 20:25:37 - binding parameter [6] as [VARCHAR] - [null]
2025-08-03 20:25:37 - binding parameter [7] as [BIGINT] - [9]
2025-08-03 20:25:37 - binding parameter [8] as [TIMESTAMP] - [null]
2025-08-03 20:25:37 - binding parameter [9] as [VARCHAR] - [PENDING]
2025-08-03 20:25:37 - binding parameter [10] as [BIGINT] - [10]
2025-08-03 20:25:37 - binding parameter [11] as [VARCHAR] - [TXN-AEB3D5A0D6DA4831]
2025-08-03 20:25:37 - binding parameter [12] as [TIMESTAMP] - [2025-08-03T20:25:37.077004]
2025-08-03 20:25:37 - binding parameter [13] as [BIGINT] - [0]
2025-08-03 20:25:37 - Transfer completed successfully: TXN-AEB3D5A0D6DA4831
2025-08-03 20:25:37 - binding parameter [1] as [VARCHAR] - [Test User 1]
2025-08-03 20:25:37 - binding parameter [2] as [VARCHAR] - [TEST001234567890]
2025-08-03 20:25:37 - binding parameter [3] as [NUMERIC] - [680.00]
2025-08-03 20:25:37 - binding parameter [4] as [VARCHAR] - [USD]
2025-08-03 20:25:37 - binding parameter [5] as [VARCHAR] - [ACTIVE]
2025-08-03 20:25:37 - binding parameter [6] as [TIMESTAMP] - [2025-08-03T20:25:37.079129]
2025-08-03 20:25:37 - binding parameter [7] as [VARCHAR] - [user1]
2025-08-03 20:25:37 - binding parameter [8] as [BIGINT] - [32]
2025-08-03 20:25:37 - binding parameter [9] as [BIGINT] - [9]
2025-08-03 20:25:37 - binding parameter [10] as [BIGINT] - [31]
2025-08-03 20:25:37 - binding parameter [1] as [VARCHAR] - [Test User 2]
2025-08-03 20:25:37 - binding parameter [2] as [VARCHAR] - [TEST002345678901]
2025-08-03 20:25:37 - binding parameter [3] as [NUMERIC] - [820.00]
2025-08-03 20:25:37 - binding parameter [4] as [VARCHAR] - [USD]
2025-08-03 20:25:37 - binding parameter [5] as [VARCHAR] - [ACTIVE]
2025-08-03 20:25:37 - binding parameter [6] as [TIMESTAMP] - [2025-08-03T20:25:37.079602]
2025-08-03 20:25:37 - binding parameter [7] as [VARCHAR] - [user2]
2025-08-03 20:25:37 - binding parameter [8] as [BIGINT] - [32]
2025-08-03 20:25:37 - binding parameter [9] as [BIGINT] - [10]
2025-08-03 20:25:37 - binding parameter [10] as [BIGINT] - [31]
2025-08-03 20:25:37 - binding parameter [1] as [NUMERIC] - [10.00]
2025-08-03 20:25:37 - binding parameter [2] as [TIMESTAMP] - [2025-08-03T20:25:37.077669]
2025-08-03 20:25:37 - binding parameter [3] as [VARCHAR] - [USD]
2025-08-03 20:25:37 - binding parameter [4] as [VARCHAR] - [Concurrent transfer test]
2025-08-03 20:25:37 - binding parameter [5] as [VARCHAR] - [null]
2025-08-03 20:25:37 - binding parameter [6] as [BIGINT] - [9]
2025-08-03 20:25:37 - binding parameter [7] as [TIMESTAMP] - [2025-08-03T20:25:37.077490]
2025-08-03 20:25:37 - binding parameter [8] as [VARCHAR] - [COMPLETED]
2025-08-03 20:25:37 - binding parameter [9] as [BIGINT] - [10]
2025-08-03 20:25:37 - binding parameter [10] as [VARCHAR] - [TXN-AEB3D5A0D6DA4831]
2025-08-03 20:25:37 - binding parameter [11] as [TIMESTAMP] - [2025-08-03T20:25:37.080492]
2025-08-03 20:25:37 - binding parameter [12] as [BIGINT] - [1]
2025-08-03 20:25:37 - binding parameter [13] as [BIGINT] - [32]
2025-08-03 20:25:37 - binding parameter [14] as [BIGINT] - [0]
2025-08-03 20:25:37 - Processing transfer request: TransferRequest{fromAccountNumber='TEST001234567890', toAccountNumber='TEST002345678901', amount=10.00, currency=USD, description='Concurrent transfer test'}
2025-08-03 20:25:37 - binding parameter [1] as [VARCHAR] - [TEST001234567890]
2025-08-03 20:25:37 - binding parameter [1] as [VARCHAR] - [TEST002345678901]
2025-08-03 20:25:37 - binding parameter [1] as [NUMERIC] - [10.00]
2025-08-03 20:25:37 - binding parameter [2] as [TIMESTAMP] - [null]
2025-08-03 20:25:37 - binding parameter [3] as [TIMESTAMP] - [2025-08-03T20:25:37.083925]
2025-08-03 20:25:37 - binding parameter [4] as [VARCHAR] - [USD]
2025-08-03 20:25:37 - binding parameter [5] as [VARCHAR] - [Concurrent transfer test]
2025-08-03 20:25:37 - binding parameter [6] as [VARCHAR] - [null]
2025-08-03 20:25:37 - binding parameter [7] as [BIGINT] - [9]
2025-08-03 20:25:37 - binding parameter [8] as [TIMESTAMP] - [null]
2025-08-03 20:25:37 - binding parameter [9] as [VARCHAR] - [PENDING]
2025-08-03 20:25:37 - binding parameter [10] as [BIGINT] - [10]
2025-08-03 20:25:37 - binding parameter [11] as [VARCHAR] - [TXN-CC6E96F7B4834190]
2025-08-03 20:25:37 - binding parameter [12] as [TIMESTAMP] - [2025-08-03T20:25:37.083933]
2025-08-03 20:25:37 - binding parameter [13] as [BIGINT] - [0]
2025-08-03 20:25:37 - Transfer completed successfully: TXN-CC6E96F7B4834190
2025-08-03 20:25:37 - binding parameter [1] as [VARCHAR] - [Test User 1]
2025-08-03 20:25:37 - binding parameter [2] as [VARCHAR] - [TEST001234567890]
2025-08-03 20:25:37 - binding parameter [3] as [NUMERIC] - [670.00]
2025-08-03 20:25:37 - binding parameter [4] as [VARCHAR] - [USD]
2025-08-03 20:25:37 - binding parameter [5] as [VARCHAR] - [ACTIVE]
2025-08-03 20:25:37 - binding parameter [6] as [TIMESTAMP] - [2025-08-03T20:25:37.085568]
2025-08-03 20:25:37 - binding parameter [7] as [VARCHAR] - [user1]
2025-08-03 20:25:37 - binding parameter [8] as [BIGINT] - [33]
2025-08-03 20:25:37 - binding parameter [9] as [BIGINT] - [9]
2025-08-03 20:25:37 - binding parameter [10] as [BIGINT] - [32]
2025-08-03 20:25:37 - binding parameter [1] as [VARCHAR] - [Test User 2]
2025-08-03 20:25:37 - binding parameter [2] as [VARCHAR] - [TEST002345678901]
2025-08-03 20:25:37 - binding parameter [3] as [NUMERIC] - [830.00]
2025-08-03 20:25:37 - binding parameter [4] as [VARCHAR] - [USD]
2025-08-03 20:25:37 - binding parameter [5] as [VARCHAR] - [ACTIVE]
2025-08-03 20:25:37 - binding parameter [6] as [TIMESTAMP] - [2025-08-03T20:25:37.085881]
2025-08-03 20:25:37 - binding parameter [7] as [VARCHAR] - [user2]
2025-08-03 20:25:37 - binding parameter [8] as [BIGINT] - [33]
2025-08-03 20:25:37 - binding parameter [9] as [BIGINT] - [10]
2025-08-03 20:25:37 - binding parameter [10] as [BIGINT] - [32]
2025-08-03 20:25:37 - binding parameter [1] as [NUMERIC] - [10.00]
2025-08-03 20:25:37 - binding parameter [2] as [TIMESTAMP] - [2025-08-03T20:25:37.085284]
2025-08-03 20:25:37 - binding parameter [3] as [VARCHAR] - [USD]
2025-08-03 20:25:37 - binding parameter [4] as [VARCHAR] - [Concurrent transfer test]
2025-08-03 20:25:37 - binding parameter [5] as [VARCHAR] - [null]
2025-08-03 20:25:37 - binding parameter [6] as [BIGINT] - [9]
2025-08-03 20:25:37 - binding parameter [7] as [TIMESTAMP] - [2025-08-03T20:25:37.085087]
2025-08-03 20:25:37 - binding parameter [8] as [VARCHAR] - [COMPLETED]
2025-08-03 20:25:37 - binding parameter [9] as [BIGINT] - [10]
2025-08-03 20:25:37 - binding parameter [10] as [VARCHAR] - [TXN-CC6E96F7B4834190]
2025-08-03 20:25:37 - binding parameter [11] as [TIMESTAMP] - [2025-08-03T20:25:37.086098]
2025-08-03 20:25:37 - binding parameter [12] as [BIGINT] - [1]
2025-08-03 20:25:37 - binding parameter [13] as [BIGINT] - [33]
2025-08-03 20:25:37 - binding parameter [14] as [BIGINT] - [0]
2025-08-03 20:25:37 - binding parameter [1] as [VARCHAR] - [TEST002345678901]
2025-08-03 20:25:37 - binding parameter [1] as [NUMERIC] - [10.00]
2025-08-03 20:25:37 - binding parameter [2] as [TIMESTAMP] - [null]
2025-08-03 20:25:37 - binding parameter [3] as [TIMESTAMP] - [2025-08-03T20:25:37.091388]
2025-08-03 20:25:37 - binding parameter [4] as [VARCHAR] - [USD]
2025-08-03 20:25:37 - binding parameter [5] as [VARCHAR] - [Concurrent transfer test]
2025-08-03 20:25:37 - binding parameter [6] as [VARCHAR] - [null]
2025-08-03 20:25:37 - binding parameter [7] as [BIGINT] - [9]
2025-08-03 20:25:37 - binding parameter [8] as [TIMESTAMP] - [null]
2025-08-03 20:25:37 - binding parameter [9] as [VARCHAR] - [PENDING]
2025-08-03 20:25:37 - binding parameter [10] as [BIGINT] - [10]
2025-08-03 20:25:37 - binding parameter [11] as [VARCHAR] - [TXN-CF9A9E1F1EF1477A]
2025-08-03 20:25:37 - binding parameter [12] as [TIMESTAMP] - [2025-08-03T20:25:37.091400]
2025-08-03 20:25:37 - binding parameter [13] as [BIGINT] - [0]
2025-08-03 20:25:37 - Transfer completed successfully: TXN-CF9A9E1F1EF1477A
2025-08-03 20:25:37 - binding parameter [1] as [VARCHAR] - [Test User 1]
2025-08-03 20:25:37 - binding parameter [2] as [VARCHAR] - [TEST001234567890]
2025-08-03 20:25:37 - binding parameter [3] as [NUMERIC] - [660.00]
2025-08-03 20:25:37 - binding parameter [4] as [VARCHAR] - [USD]
2025-08-03 20:25:37 - binding parameter [5] as [VARCHAR] - [ACTIVE]
2025-08-03 20:25:37 - binding parameter [6] as [TIMESTAMP] - [2025-08-03T20:25:37.093259]
2025-08-03 20:25:37 - binding parameter [7] as [VARCHAR] - [user1]
2025-08-03 20:25:37 - binding parameter [8] as [BIGINT] - [34]
2025-08-03 20:25:37 - binding parameter [9] as [BIGINT] - [9]
2025-08-03 20:25:37 - binding parameter [10] as [BIGINT] - [33]
2025-08-03 20:25:37 - binding parameter [1] as [VARCHAR] - [Test User 2]
2025-08-03 20:25:37 - binding parameter [2] as [VARCHAR] - [TEST002345678901]
2025-08-03 20:25:37 - binding parameter [3] as [NUMERIC] - [840.00]
2025-08-03 20:25:37 - binding parameter [4] as [VARCHAR] - [USD]
2025-08-03 20:25:37 - binding parameter [5] as [VARCHAR] - [ACTIVE]
2025-08-03 20:25:37 - binding parameter [6] as [TIMESTAMP] - [2025-08-03T20:25:37.093641]
2025-08-03 20:25:37 - binding parameter [7] as [VARCHAR] - [user2]
2025-08-03 20:25:37 - binding parameter [8] as [BIGINT] - [34]
2025-08-03 20:25:37 - binding parameter [9] as [BIGINT] - [10]
2025-08-03 20:25:37 - binding parameter [10] as [BIGINT] - [33]
2025-08-03 20:25:37 - binding parameter [1] as [NUMERIC] - [10.00]
2025-08-03 20:25:37 - binding parameter [2] as [TIMESTAMP] - [2025-08-03T20:25:37.092916]
2025-08-03 20:25:37 - binding parameter [3] as [VARCHAR] - [USD]
2025-08-03 20:25:37 - binding parameter [4] as [VARCHAR] - [Concurrent transfer test]
2025-08-03 20:25:37 - binding parameter [5] as [VARCHAR] - [null]
2025-08-03 20:25:37 - binding parameter [6] as [BIGINT] - [9]
2025-08-03 20:25:37 - binding parameter [7] as [TIMESTAMP] - [2025-08-03T20:25:37.092515]
2025-08-03 20:25:37 - binding parameter [8] as [VARCHAR] - [COMPLETED]
2025-08-03 20:25:37 - binding parameter [9] as [BIGINT] - [10]
2025-08-03 20:25:37 - binding parameter [10] as [VARCHAR] - [TXN-CF9A9E1F1EF1477A]
2025-08-03 20:25:37 - binding parameter [11] as [TIMESTAMP] - [2025-08-03T20:25:37.093858]
2025-08-03 20:25:37 - binding parameter [12] as [BIGINT] - [1]
2025-08-03 20:25:37 - binding parameter [13] as [BIGINT] - [34]
2025-08-03 20:25:37 - binding parameter [14] as [BIGINT] - [0]
2025-08-03 20:25:37 - binding parameter [1] as [VARCHAR] - [TEST002345678901]
2025-08-03 20:25:37 - binding parameter [1] as [NUMERIC] - [10.00]
2025-08-03 20:25:37 - binding parameter [2] as [TIMESTAMP] - [null]
2025-08-03 20:25:37 - binding parameter [3] as [TIMESTAMP] - [2025-08-03T20:25:37.097001]
2025-08-03 20:25:37 - binding parameter [4] as [VARCHAR] - [USD]
2025-08-03 20:25:37 - binding parameter [5] as [VARCHAR] - [Concurrent transfer test]
2025-08-03 20:25:37 - binding parameter [6] as [VARCHAR] - [null]
2025-08-03 20:25:37 - binding parameter [7] as [BIGINT] - [9]
2025-08-03 20:25:37 - binding parameter [8] as [TIMESTAMP] - [null]
2025-08-03 20:25:37 - binding parameter [9] as [VARCHAR] - [PENDING]
2025-08-03 20:25:37 - binding parameter [10] as [BIGINT] - [10]
2025-08-03 20:25:37 - binding parameter [11] as [VARCHAR] - [TXN-685FCE45E2BA4137]
2025-08-03 20:25:37 - binding parameter [12] as [TIMESTAMP] - [2025-08-03T20:25:37.097013]
2025-08-03 20:25:37 - binding parameter [13] as [BIGINT] - [0]
2025-08-03 20:25:37 - Transfer completed successfully: TXN-685FCE45E2BA4137
2025-08-03 20:25:37 - binding parameter [1] as [VARCHAR] - [Test User 1]
2025-08-03 20:25:37 - binding parameter [2] as [VARCHAR] - [TEST001234567890]
2025-08-03 20:25:37 - binding parameter [3] as [NUMERIC] - [650.00]
2025-08-03 20:25:37 - binding parameter [4] as [VARCHAR] - [USD]
2025-08-03 20:25:37 - binding parameter [5] as [VARCHAR] - [ACTIVE]
2025-08-03 20:25:37 - binding parameter [6] as [TIMESTAMP] - [2025-08-03T20:25:37.099066]
2025-08-03 20:25:37 - binding parameter [7] as [VARCHAR] - [user1]
2025-08-03 20:25:37 - binding parameter [8] as [BIGINT] - [35]
2025-08-03 20:25:37 - binding parameter [9] as [BIGINT] - [9]
2025-08-03 20:25:37 - binding parameter [10] as [BIGINT] - [34]
2025-08-03 20:25:37 - binding parameter [1] as [VARCHAR] - [Test User 2]
2025-08-03 20:25:37 - binding parameter [2] as [VARCHAR] - [TEST002345678901]
2025-08-03 20:25:37 - binding parameter [3] as [NUMERIC] - [850.00]
2025-08-03 20:25:37 - binding parameter [4] as [VARCHAR] - [USD]
2025-08-03 20:25:37 - binding parameter [5] as [VARCHAR] - [ACTIVE]
2025-08-03 20:25:37 - binding parameter [6] as [TIMESTAMP] - [2025-08-03T20:25:37.099872]
2025-08-03 20:25:37 - binding parameter [7] as [VARCHAR] - [user2]
2025-08-03 20:25:37 - binding parameter [8] as [BIGINT] - [35]
2025-08-03 20:25:37 - binding parameter [9] as [BIGINT] - [10]
2025-08-03 20:25:37 - binding parameter [10] as [BIGINT] - [34]
2025-08-03 20:25:37 - binding parameter [1] as [NUMERIC] - [10.00]
2025-08-03 20:25:37 - binding parameter [2] as [TIMESTAMP] - [2025-08-03T20:25:37.098606]
2025-08-03 20:25:37 - binding parameter [3] as [VARCHAR] - [USD]
2025-08-03 20:25:37 - binding parameter [4] as [VARCHAR] - [Concurrent transfer test]
2025-08-03 20:25:37 - binding parameter [5] as [VARCHAR] - [null]
2025-08-03 20:25:37 - binding parameter [6] as [BIGINT] - [9]
2025-08-03 20:25:37 - binding parameter [7] as [TIMESTAMP] - [2025-08-03T20:25:37.098347]
2025-08-03 20:25:37 - binding parameter [8] as [VARCHAR] - [COMPLETED]
2025-08-03 20:25:37 - binding parameter [9] as [BIGINT] - [10]
2025-08-03 20:25:37 - binding parameter [10] as [VARCHAR] - [TXN-685FCE45E2BA4137]
2025-08-03 20:25:37 - binding parameter [11] as [TIMESTAMP] - [2025-08-03T20:25:37.100287]
2025-08-03 20:25:37 - binding parameter [12] as [BIGINT] - [1]
2025-08-03 20:25:37 - binding parameter [13] as [BIGINT] - [35]
2025-08-03 20:25:37 - binding parameter [14] as [BIGINT] - [0]
2025-08-03 20:25:37 - Processing transfer request: TransferRequest{fromAccountNumber='TEST001234567890', toAccountNumber='TEST002345678901', amount=10.00, currency=USD, description='Concurrent transfer test'}
2025-08-03 20:25:37 - binding parameter [1] as [VARCHAR] - [TEST001234567890]
2025-08-03 20:25:37 - binding parameter [1] as [VARCHAR] - [TEST002345678901]
2025-08-03 20:25:37 - binding parameter [1] as [NUMERIC] - [10.00]
2025-08-03 20:25:37 - binding parameter [2] as [TIMESTAMP] - [null]
2025-08-03 20:25:37 - binding parameter [3] as [TIMESTAMP] - [2025-08-03T20:25:37.102390]
2025-08-03 20:25:37 - binding parameter [4] as [VARCHAR] - [USD]
2025-08-03 20:25:37 - binding parameter [5] as [VARCHAR] - [Concurrent transfer test]
2025-08-03 20:25:37 - binding parameter [6] as [VARCHAR] - [null]
2025-08-03 20:25:37 - binding parameter [7] as [BIGINT] - [9]
2025-08-03 20:25:37 - binding parameter [8] as [TIMESTAMP] - [null]
2025-08-03 20:25:37 - binding parameter [9] as [VARCHAR] - [PENDING]
2025-08-03 20:25:37 - binding parameter [10] as [BIGINT] - [10]
2025-08-03 20:25:37 - binding parameter [11] as [VARCHAR] - [TXN-75E8239E18DE4B89]
2025-08-03 20:25:37 - binding parameter [12] as [TIMESTAMP] - [2025-08-03T20:25:37.102397]
2025-08-03 20:25:37 - binding parameter [13] as [BIGINT] - [0]
2025-08-03 20:25:37 - Transfer completed successfully: TXN-75E8239E18DE4B89
2025-08-03 20:25:37 - binding parameter [1] as [VARCHAR] - [Test User 1]
2025-08-03 20:25:37 - binding parameter [2] as [VARCHAR] - [TEST001234567890]
2025-08-03 20:25:37 - binding parameter [3] as [NUMERIC] - [640.00]
2025-08-03 20:25:37 - binding parameter [4] as [VARCHAR] - [USD]
2025-08-03 20:25:37 - binding parameter [5] as [VARCHAR] - [ACTIVE]
2025-08-03 20:25:37 - binding parameter [6] as [TIMESTAMP] - [2025-08-03T20:25:37.107256]
2025-08-03 20:25:37 - binding parameter [7] as [VARCHAR] - [user1]
2025-08-03 20:25:37 - binding parameter [8] as [BIGINT] - [36]
2025-08-03 20:25:37 - binding parameter [9] as [BIGINT] - [9]
2025-08-03 20:25:37 - binding parameter [10] as [BIGINT] - [35]
2025-08-03 20:25:37 - binding parameter [1] as [VARCHAR] - [Test User 2]
2025-08-03 20:25:37 - binding parameter [2] as [VARCHAR] - [TEST002345678901]
2025-08-03 20:25:37 - binding parameter [3] as [NUMERIC] - [860.00]
2025-08-03 20:25:37 - binding parameter [4] as [VARCHAR] - [USD]
2025-08-03 20:25:37 - binding parameter [5] as [VARCHAR] - [ACTIVE]
2025-08-03 20:25:37 - binding parameter [6] as [TIMESTAMP] - [2025-08-03T20:25:37.108148]
2025-08-03 20:25:37 - binding parameter [7] as [VARCHAR] - [user2]
2025-08-03 20:25:37 - binding parameter [8] as [BIGINT] - [36]
2025-08-03 20:25:37 - binding parameter [9] as [BIGINT] - [10]
2025-08-03 20:25:37 - binding parameter [10] as [BIGINT] - [35]
2025-08-03 20:25:37 - binding parameter [1] as [NUMERIC] - [10.00]
2025-08-03 20:25:37 - binding parameter [2] as [TIMESTAMP] - [2025-08-03T20:25:37.106111]
2025-08-03 20:25:37 - binding parameter [3] as [VARCHAR] - [USD]
2025-08-03 20:25:37 - binding parameter [4] as [VARCHAR] - [Concurrent transfer test]
2025-08-03 20:25:37 - binding parameter [5] as [VARCHAR] - [null]
2025-08-03 20:25:37 - binding parameter [6] as [BIGINT] - [9]
2025-08-03 20:25:37 - binding parameter [7] as [TIMESTAMP] - [2025-08-03T20:25:37.104784]
2025-08-03 20:25:37 - binding parameter [8] as [VARCHAR] - [COMPLETED]
2025-08-03 20:25:37 - binding parameter [9] as [BIGINT] - [10]
2025-08-03 20:25:37 - binding parameter [10] as [VARCHAR] - [TXN-75E8239E18DE4B89]
2025-08-03 20:25:37 - binding parameter [11] as [TIMESTAMP] - [2025-08-03T20:25:37.108573]
2025-08-03 20:25:37 - binding parameter [12] as [BIGINT] - [1]
2025-08-03 20:25:37 - binding parameter [13] as [BIGINT] - [36]
2025-08-03 20:25:37 - binding parameter [14] as [BIGINT] - [0]
2025-08-03 20:25:37 - Processing transfer request: TransferRequest{fromAccountNumber='TEST001234567890', toAccountNumber='TEST002345678901', amount=10.00, currency=USD, description='Concurrent transfer test'}
2025-08-03 20:25:37 - binding parameter [1] as [VARCHAR] - [TEST001234567890]
2025-08-03 20:25:37 - binding parameter [1] as [VARCHAR] - [TEST002345678901]
2025-08-03 20:25:37 - binding parameter [1] as [NUMERIC] - [10.00]
2025-08-03 20:25:37 - binding parameter [2] as [TIMESTAMP] - [null]
2025-08-03 20:25:37 - binding parameter [3] as [TIMESTAMP] - [2025-08-03T20:25:37.115063]
2025-08-03 20:25:37 - binding parameter [4] as [VARCHAR] - [USD]
2025-08-03 20:25:37 - binding parameter [5] as [VARCHAR] - [Concurrent transfer test]
2025-08-03 20:25:37 - binding parameter [6] as [VARCHAR] - [null]
2025-08-03 20:25:37 - binding parameter [7] as [BIGINT] - [9]
2025-08-03 20:25:37 - binding parameter [8] as [TIMESTAMP] - [null]
2025-08-03 20:25:37 - binding parameter [9] as [VARCHAR] - [PENDING]
2025-08-03 20:25:37 - binding parameter [10] as [BIGINT] - [10]
2025-08-03 20:25:37 - binding parameter [11] as [VARCHAR] - [TXN-8569E1B5B3A549DA]
2025-08-03 20:25:37 - binding parameter [12] as [TIMESTAMP] - [2025-08-03T20:25:37.115073]
2025-08-03 20:25:37 - binding parameter [13] as [BIGINT] - [0]
2025-08-03 20:25:37 - Transfer completed successfully: TXN-8569E1B5B3A549DA
2025-08-03 20:25:37 - binding parameter [1] as [VARCHAR] - [Test User 1]
2025-08-03 20:25:37 - binding parameter [2] as [VARCHAR] - [TEST001234567890]
2025-08-03 20:25:37 - binding parameter [3] as [NUMERIC] - [630.00]
2025-08-03 20:25:37 - binding parameter [4] as [VARCHAR] - [USD]
2025-08-03 20:25:37 - binding parameter [5] as [VARCHAR] - [ACTIVE]
2025-08-03 20:25:37 - binding parameter [6] as [TIMESTAMP] - [2025-08-03T20:25:37.119450]
2025-08-03 20:25:37 - binding parameter [7] as [VARCHAR] - [user1]
2025-08-03 20:25:37 - binding parameter [8] as [BIGINT] - [37]
2025-08-03 20:25:37 - binding parameter [9] as [BIGINT] - [9]
2025-08-03 20:25:37 - binding parameter [10] as [BIGINT] - [36]
2025-08-03 20:25:37 - binding parameter [1] as [VARCHAR] - [Test User 2]
2025-08-03 20:25:37 - binding parameter [2] as [VARCHAR] - [TEST002345678901]
2025-08-03 20:25:37 - binding parameter [3] as [NUMERIC] - [870.00]
2025-08-03 20:25:37 - binding parameter [4] as [VARCHAR] - [USD]
2025-08-03 20:25:37 - binding parameter [5] as [VARCHAR] - [ACTIVE]
2025-08-03 20:25:37 - binding parameter [6] as [TIMESTAMP] - [2025-08-03T20:25:37.120561]
2025-08-03 20:25:37 - binding parameter [7] as [VARCHAR] - [user2]
2025-08-03 20:25:37 - binding parameter [8] as [BIGINT] - [37]
2025-08-03 20:25:37 - binding parameter [9] as [BIGINT] - [10]
2025-08-03 20:25:37 - binding parameter [10] as [BIGINT] - [36]
2025-08-03 20:25:37 - binding parameter [1] as [NUMERIC] - [10.00]
2025-08-03 20:25:37 - binding parameter [2] as [TIMESTAMP] - [2025-08-03T20:25:37.117131]
2025-08-03 20:25:37 - binding parameter [3] as [VARCHAR] - [USD]
2025-08-03 20:25:37 - binding parameter [4] as [VARCHAR] - [Concurrent transfer test]
2025-08-03 20:25:37 - binding parameter [5] as [VARCHAR] - [null]
2025-08-03 20:25:37 - binding parameter [6] as [BIGINT] - [9]
2025-08-03 20:25:37 - binding parameter [7] as [TIMESTAMP] - [2025-08-03T20:25:37.116069]
2025-08-03 20:25:37 - binding parameter [8] as [VARCHAR] - [COMPLETED]
2025-08-03 20:25:37 - binding parameter [9] as [BIGINT] - [10]
2025-08-03 20:25:37 - binding parameter [10] as [VARCHAR] - [TXN-8569E1B5B3A549DA]
2025-08-03 20:25:37 - binding parameter [11] as [TIMESTAMP] - [2025-08-03T20:25:37.121289]
2025-08-03 20:25:37 - binding parameter [12] as [BIGINT] - [1]
2025-08-03 20:25:37 - binding parameter [13] as [BIGINT] - [37]
2025-08-03 20:25:37 - binding parameter [14] as [BIGINT] - [0]
2025-08-03 20:25:37 - Processing transfer request: TransferRequest{fromAccountNumber='TEST001234567890', toAccountNumber='TEST002345678901', amount=10.00, currency=USD, description='Concurrent transfer test'}
2025-08-03 20:25:37 - binding parameter [1] as [VARCHAR] - [TEST002345678901]
2025-08-03 20:25:37 - binding parameter [1] as [VARCHAR] - [TEST001234567890]
2025-08-03 20:25:37 - binding parameter [1] as [NUMERIC] - [10.00]
2025-08-03 20:25:37 - binding parameter [2] as [TIMESTAMP] - [null]
2025-08-03 20:25:37 - binding parameter [3] as [TIMESTAMP] - [2025-08-03T20:25:37.124453]
2025-08-03 20:25:37 - binding parameter [4] as [VARCHAR] - [USD]
2025-08-03 20:25:37 - binding parameter [5] as [VARCHAR] - [Concurrent transfer test]
2025-08-03 20:25:37 - binding parameter [6] as [VARCHAR] - [null]
2025-08-03 20:25:37 - binding parameter [7] as [BIGINT] - [9]
2025-08-03 20:25:37 - binding parameter [8] as [TIMESTAMP] - [null]
2025-08-03 20:25:37 - binding parameter [9] as [VARCHAR] - [PENDING]
2025-08-03 20:25:37 - binding parameter [10] as [BIGINT] - [10]
2025-08-03 20:25:37 - binding parameter [11] as [VARCHAR] - [TXN-E8188B1EB71E4460]
2025-08-03 20:25:37 - binding parameter [12] as [TIMESTAMP] - [2025-08-03T20:25:37.124460]
2025-08-03 20:25:37 - binding parameter [13] as [BIGINT] - [0]
2025-08-03 20:25:37 - Transfer completed successfully: TXN-E8188B1EB71E4460
2025-08-03 20:25:37 - binding parameter [1] as [VARCHAR] - [Test User 1]
2025-08-03 20:25:37 - binding parameter [2] as [VARCHAR] - [TEST001234567890]
2025-08-03 20:25:37 - binding parameter [3] as [NUMERIC] - [620.00]
2025-08-03 20:25:37 - binding parameter [4] as [VARCHAR] - [USD]
2025-08-03 20:25:37 - binding parameter [5] as [VARCHAR] - [ACTIVE]
2025-08-03 20:25:37 - binding parameter [6] as [TIMESTAMP] - [2025-08-03T20:25:37.129854]
2025-08-03 20:25:37 - binding parameter [7] as [VARCHAR] - [user1]
2025-08-03 20:25:37 - binding parameter [8] as [BIGINT] - [38]
2025-08-03 20:25:37 - binding parameter [9] as [BIGINT] - [9]
2025-08-03 20:25:37 - binding parameter [10] as [BIGINT] - [37]
2025-08-03 20:25:37 - binding parameter [1] as [VARCHAR] - [Test User 2]
2025-08-03 20:25:37 - binding parameter [2] as [VARCHAR] - [TEST002345678901]
2025-08-03 20:25:37 - binding parameter [3] as [NUMERIC] - [880.00]
2025-08-03 20:25:37 - binding parameter [4] as [VARCHAR] - [USD]
2025-08-03 20:25:37 - binding parameter [5] as [VARCHAR] - [ACTIVE]
2025-08-03 20:25:37 - binding parameter [6] as [TIMESTAMP] - [2025-08-03T20:25:37.140557]
2025-08-03 20:25:37 - binding parameter [7] as [VARCHAR] - [user2]
2025-08-03 20:25:37 - binding parameter [8] as [BIGINT] - [38]
2025-08-03 20:25:37 - binding parameter [9] as [BIGINT] - [10]
2025-08-03 20:25:37 - binding parameter [10] as [BIGINT] - [37]
2025-08-03 20:25:37 - binding parameter [1] as [NUMERIC] - [10.00]
2025-08-03 20:25:37 - binding parameter [2] as [TIMESTAMP] - [2025-08-03T20:25:37.129460]
2025-08-03 20:25:37 - binding parameter [3] as [VARCHAR] - [USD]
2025-08-03 20:25:37 - binding parameter [4] as [VARCHAR] - [Concurrent transfer test]
2025-08-03 20:25:37 - binding parameter [5] as [VARCHAR] - [null]
2025-08-03 20:25:37 - binding parameter [6] as [BIGINT] - [9]
2025-08-03 20:25:37 - binding parameter [7] as [TIMESTAMP] - [2025-08-03T20:25:37.129183]
2025-08-03 20:25:37 - binding parameter [8] as [VARCHAR] - [COMPLETED]
2025-08-03 20:25:37 - binding parameter [9] as [BIGINT] - [10]
2025-08-03 20:25:37 - binding parameter [10] as [VARCHAR] - [TXN-E8188B1EB71E4460]
2025-08-03 20:25:37 - binding parameter [11] as [TIMESTAMP] - [2025-08-03T20:25:37.141399]
2025-08-03 20:25:37 - binding parameter [12] as [BIGINT] - [1]
2025-08-03 20:25:37 - binding parameter [13] as [BIGINT] - [38]
2025-08-03 20:25:37 - binding parameter [14] as [BIGINT] - [0]
2025-08-03 20:25:37 - binding parameter [1] as [VARCHAR] - [TEST002345678901]
2025-08-03 20:25:37 - binding parameter [1] as [NUMERIC] - [10.00]
2025-08-03 20:25:37 - binding parameter [2] as [TIMESTAMP] - [null]
2025-08-03 20:25:37 - binding parameter [3] as [TIMESTAMP] - [2025-08-03T20:25:37.143444]
2025-08-03 20:25:37 - binding parameter [4] as [VARCHAR] - [USD]
2025-08-03 20:25:37 - binding parameter [5] as [VARCHAR] - [Concurrent transfer test]
2025-08-03 20:25:37 - binding parameter [6] as [VARCHAR] - [null]
2025-08-03 20:25:37 - binding parameter [7] as [BIGINT] - [9]
2025-08-03 20:25:37 - binding parameter [8] as [TIMESTAMP] - [null]
2025-08-03 20:25:37 - binding parameter [9] as [VARCHAR] - [PENDING]
2025-08-03 20:25:37 - binding parameter [10] as [BIGINT] - [10]
2025-08-03 20:25:37 - binding parameter [11] as [VARCHAR] - [TXN-BCBC5317742C4988]
2025-08-03 20:25:37 - binding parameter [12] as [TIMESTAMP] - [2025-08-03T20:25:37.143452]
2025-08-03 20:25:37 - binding parameter [13] as [BIGINT] - [0]
2025-08-03 20:25:37 - Transfer completed successfully: TXN-BCBC5317742C4988
2025-08-03 20:25:37 - binding parameter [1] as [VARCHAR] - [Test User 1]
2025-08-03 20:25:37 - binding parameter [2] as [VARCHAR] - [TEST001234567890]
2025-08-03 20:25:37 - binding parameter [3] as [NUMERIC] - [610.00]
2025-08-03 20:25:37 - binding parameter [4] as [VARCHAR] - [USD]
2025-08-03 20:25:37 - binding parameter [5] as [VARCHAR] - [ACTIVE]
2025-08-03 20:25:37 - binding parameter [6] as [TIMESTAMP] - [2025-08-03T20:25:37.145559]
2025-08-03 20:25:37 - binding parameter [7] as [VARCHAR] - [user1]
2025-08-03 20:25:37 - binding parameter [8] as [BIGINT] - [39]
2025-08-03 20:25:37 - binding parameter [9] as [BIGINT] - [9]
2025-08-03 20:25:37 - binding parameter [10] as [BIGINT] - [38]
2025-08-03 20:25:37 - binding parameter [1] as [VARCHAR] - [Test User 2]
2025-08-03 20:25:37 - binding parameter [2] as [VARCHAR] - [TEST002345678901]
2025-08-03 20:25:37 - binding parameter [3] as [NUMERIC] - [890.00]
2025-08-03 20:25:37 - binding parameter [4] as [VARCHAR] - [USD]
2025-08-03 20:25:37 - binding parameter [5] as [VARCHAR] - [ACTIVE]
2025-08-03 20:25:37 - binding parameter [6] as [TIMESTAMP] - [2025-08-03T20:25:37.146325]
2025-08-03 20:25:37 - binding parameter [7] as [VARCHAR] - [user2]
2025-08-03 20:25:37 - binding parameter [8] as [BIGINT] - [39]
2025-08-03 20:25:37 - binding parameter [9] as [BIGINT] - [10]
2025-08-03 20:25:37 - binding parameter [10] as [BIGINT] - [38]
2025-08-03 20:25:37 - binding parameter [1] as [NUMERIC] - [10.00]
2025-08-03 20:25:37 - binding parameter [2] as [TIMESTAMP] - [2025-08-03T20:25:37.145100]
2025-08-03 20:25:37 - binding parameter [3] as [VARCHAR] - [USD]
2025-08-03 20:25:37 - binding parameter [4] as [VARCHAR] - [Concurrent transfer test]
2025-08-03 20:25:37 - binding parameter [5] as [VARCHAR] - [null]
2025-08-03 20:25:37 - binding parameter [6] as [BIGINT] - [9]
2025-08-03 20:25:37 - binding parameter [7] as [TIMESTAMP] - [2025-08-03T20:25:37.144911]
2025-08-03 20:25:37 - binding parameter [8] as [VARCHAR] - [COMPLETED]
2025-08-03 20:25:37 - binding parameter [9] as [BIGINT] - [10]
2025-08-03 20:25:37 - binding parameter [10] as [VARCHAR] - [TXN-BCBC5317742C4988]
2025-08-03 20:25:37 - binding parameter [11] as [TIMESTAMP] - [2025-08-03T20:25:37.146653]
2025-08-03 20:25:37 - binding parameter [12] as [BIGINT] - [1]
2025-08-03 20:25:37 - binding parameter [13] as [BIGINT] - [39]
2025-08-03 20:25:37 - binding parameter [14] as [BIGINT] - [0]
2025-08-03 20:25:37 - Processing transfer request: TransferRequest{fromAccountNumber='TEST001234567890', toAccountNumber='TEST002345678901', amount=10.00, currency=USD, description='Concurrent transfer test'}
2025-08-03 20:25:37 - binding parameter [1] as [VARCHAR] - [TEST001234567890]
2025-08-03 20:25:37 - binding parameter [1] as [VARCHAR] - [TEST002345678901]
2025-08-03 20:25:37 - binding parameter [1] as [NUMERIC] - [10.00]
2025-08-03 20:25:37 - binding parameter [2] as [TIMESTAMP] - [null]
2025-08-03 20:25:37 - binding parameter [3] as [TIMESTAMP] - [2025-08-03T20:25:37.150230]
2025-08-03 20:25:37 - binding parameter [4] as [VARCHAR] - [USD]
2025-08-03 20:25:37 - binding parameter [5] as [VARCHAR] - [Concurrent transfer test]
2025-08-03 20:25:37 - binding parameter [6] as [VARCHAR] - [null]
2025-08-03 20:25:37 - binding parameter [7] as [BIGINT] - [9]
2025-08-03 20:25:37 - binding parameter [8] as [TIMESTAMP] - [null]
2025-08-03 20:25:37 - binding parameter [9] as [VARCHAR] - [PENDING]
2025-08-03 20:25:37 - binding parameter [10] as [BIGINT] - [10]
2025-08-03 20:25:37 - binding parameter [11] as [VARCHAR] - [TXN-680DA3DF98CF4C15]
2025-08-03 20:25:37 - binding parameter [12] as [TIMESTAMP] - [2025-08-03T20:25:37.150240]
2025-08-03 20:25:37 - binding parameter [13] as [BIGINT] - [0]
2025-08-03 20:25:37 - Transfer completed successfully: TXN-680DA3DF98CF4C15
2025-08-03 20:25:37 - binding parameter [1] as [VARCHAR] - [Test User 1]
2025-08-03 20:25:37 - binding parameter [2] as [VARCHAR] - [TEST001234567890]
2025-08-03 20:25:37 - binding parameter [3] as [NUMERIC] - [600.00]
2025-08-03 20:25:37 - binding parameter [4] as [VARCHAR] - [USD]
2025-08-03 20:25:37 - binding parameter [5] as [VARCHAR] - [ACTIVE]
2025-08-03 20:25:37 - binding parameter [6] as [TIMESTAMP] - [2025-08-03T20:25:37.151661]
2025-08-03 20:25:37 - binding parameter [7] as [VARCHAR] - [user1]
2025-08-03 20:25:37 - binding parameter [8] as [BIGINT] - [40]
2025-08-03 20:25:37 - binding parameter [9] as [BIGINT] - [9]
2025-08-03 20:25:37 - binding parameter [10] as [BIGINT] - [39]
2025-08-03 20:25:37 - binding parameter [1] as [VARCHAR] - [Test User 2]
2025-08-03 20:25:37 - binding parameter [2] as [VARCHAR] - [TEST002345678901]
2025-08-03 20:25:37 - binding parameter [3] as [NUMERIC] - [900.00]
2025-08-03 20:25:37 - binding parameter [4] as [VARCHAR] - [USD]
2025-08-03 20:25:37 - binding parameter [5] as [VARCHAR] - [ACTIVE]
2025-08-03 20:25:37 - binding parameter [6] as [TIMESTAMP] - [2025-08-03T20:25:37.152004]
2025-08-03 20:25:37 - binding parameter [7] as [VARCHAR] - [user2]
2025-08-03 20:25:37 - binding parameter [8] as [BIGINT] - [40]
2025-08-03 20:25:37 - binding parameter [9] as [BIGINT] - [10]
2025-08-03 20:25:37 - binding parameter [10] as [BIGINT] - [39]
2025-08-03 20:25:37 - binding parameter [1] as [NUMERIC] - [10.00]
2025-08-03 20:25:37 - binding parameter [2] as [TIMESTAMP] - [2025-08-03T20:25:37.151356]
2025-08-03 20:25:37 - binding parameter [3] as [VARCHAR] - [USD]
2025-08-03 20:25:37 - binding parameter [4] as [VARCHAR] - [Concurrent transfer test]
2025-08-03 20:25:37 - binding parameter [5] as [VARCHAR] - [null]
2025-08-03 20:25:37 - binding parameter [6] as [BIGINT] - [9]
2025-08-03 20:25:37 - binding parameter [7] as [TIMESTAMP] - [2025-08-03T20:25:37.151176]
2025-08-03 20:25:37 - binding parameter [8] as [VARCHAR] - [COMPLETED]
2025-08-03 20:25:37 - binding parameter [9] as [BIGINT] - [10]
2025-08-03 20:25:37 - binding parameter [10] as [VARCHAR] - [TXN-680DA3DF98CF4C15]
2025-08-03 20:25:37 - binding parameter [11] as [TIMESTAMP] - [2025-08-03T20:25:37.152221]
2025-08-03 20:25:37 - binding parameter [12] as [BIGINT] - [1]
2025-08-03 20:25:37 - binding parameter [13] as [BIGINT] - [40]
2025-08-03 20:25:37 - binding parameter [14] as [BIGINT] - [0]
2025-08-03 20:25:37 - Processing transfer request: TransferRequest{fromAccountNumber='TEST001234567890', toAccountNumber='TEST002345678901', amount=10.00, currency=USD, description='Concurrent transfer test'}
2025-08-03 20:25:37 - binding parameter [1] as [VARCHAR] - [TEST001234567890]
2025-08-03 20:25:37 - binding parameter [1] as [VARCHAR] - [TEST002345678901]
2025-08-03 20:25:37 - binding parameter [1] as [NUMERIC] - [10.00]
2025-08-03 20:25:37 - binding parameter [2] as [TIMESTAMP] - [null]
2025-08-03 20:25:37 - binding parameter [3] as [TIMESTAMP] - [2025-08-03T20:25:37.154540]
2025-08-03 20:25:37 - binding parameter [4] as [VARCHAR] - [USD]
2025-08-03 20:25:37 - binding parameter [5] as [VARCHAR] - [Concurrent transfer test]
2025-08-03 20:25:37 - binding parameter [6] as [VARCHAR] - [null]
2025-08-03 20:25:37 - binding parameter [7] as [BIGINT] - [9]
2025-08-03 20:25:37 - binding parameter [8] as [TIMESTAMP] - [null]
2025-08-03 20:25:37 - binding parameter [9] as [VARCHAR] - [PENDING]
2025-08-03 20:25:37 - binding parameter [10] as [BIGINT] - [10]
2025-08-03 20:25:37 - binding parameter [11] as [VARCHAR] - [TXN-9C22EB797BAE4F38]
2025-08-03 20:25:37 - binding parameter [12] as [TIMESTAMP] - [2025-08-03T20:25:37.154551]
2025-08-03 20:25:37 - binding parameter [13] as [BIGINT] - [0]
2025-08-03 20:25:37 - Transfer completed successfully: TXN-9C22EB797BAE4F38
2025-08-03 20:25:37 - binding parameter [1] as [VARCHAR] - [Test User 1]
2025-08-03 20:25:37 - binding parameter [2] as [VARCHAR] - [TEST001234567890]
2025-08-03 20:25:37 - binding parameter [3] as [NUMERIC] - [590.00]
2025-08-03 20:25:37 - binding parameter [4] as [VARCHAR] - [USD]
2025-08-03 20:25:37 - binding parameter [5] as [VARCHAR] - [ACTIVE]
2025-08-03 20:25:37 - binding parameter [6] as [TIMESTAMP] - [2025-08-03T20:25:37.157168]
2025-08-03 20:25:37 - binding parameter [7] as [VARCHAR] - [user1]
2025-08-03 20:25:37 - binding parameter [8] as [BIGINT] - [41]
2025-08-03 20:25:37 - binding parameter [9] as [BIGINT] - [9]
2025-08-03 20:25:37 - binding parameter [10] as [BIGINT] - [40]
2025-08-03 20:25:37 - binding parameter [1] as [VARCHAR] - [Test User 2]
2025-08-03 20:25:37 - binding parameter [2] as [VARCHAR] - [TEST002345678901]
2025-08-03 20:25:37 - binding parameter [3] as [NUMERIC] - [910.00]
2025-08-03 20:25:37 - binding parameter [4] as [VARCHAR] - [USD]
2025-08-03 20:25:37 - binding parameter [5] as [VARCHAR] - [ACTIVE]
2025-08-03 20:25:37 - binding parameter [6] as [TIMESTAMP] - [2025-08-03T20:25:37.157679]
2025-08-03 20:25:37 - binding parameter [7] as [VARCHAR] - [user2]
2025-08-03 20:25:37 - binding parameter [8] as [BIGINT] - [41]
2025-08-03 20:25:37 - binding parameter [9] as [BIGINT] - [10]
2025-08-03 20:25:37 - binding parameter [10] as [BIGINT] - [40]
2025-08-03 20:25:37 - binding parameter [1] as [NUMERIC] - [10.00]
2025-08-03 20:25:37 - binding parameter [2] as [TIMESTAMP] - [2025-08-03T20:25:37.156374]
2025-08-03 20:25:37 - binding parameter [3] as [VARCHAR] - [USD]
2025-08-03 20:25:37 - binding parameter [4] as [VARCHAR] - [Concurrent transfer test]
2025-08-03 20:25:37 - binding parameter [5] as [VARCHAR] - [null]
2025-08-03 20:25:37 - binding parameter [6] as [BIGINT] - [9]
2025-08-03 20:25:37 - binding parameter [7] as [TIMESTAMP] - [2025-08-03T20:25:37.155739]
2025-08-03 20:25:37 - binding parameter [8] as [VARCHAR] - [COMPLETED]
2025-08-03 20:25:37 - binding parameter [9] as [BIGINT] - [10]
2025-08-03 20:25:37 - binding parameter [10] as [VARCHAR] - [TXN-9C22EB797BAE4F38]
2025-08-03 20:25:37 - binding parameter [11] as [TIMESTAMP] - [2025-08-03T20:25:37.157915]
2025-08-03 20:25:37 - binding parameter [12] as [BIGINT] - [1]
2025-08-03 20:25:37 - binding parameter [13] as [BIGINT] - [41]
2025-08-03 20:25:37 - binding parameter [14] as [BIGINT] - [0]
2025-08-03 20:25:37 - Processing transfer request: TransferRequest{fromAccountNumber='TEST001234567890', toAccountNumber='TEST002345678901', amount=10.00, currency=USD, description='Concurrent transfer test'}
2025-08-03 20:25:37 - binding parameter [1] as [VARCHAR] - [TEST001234567890]
2025-08-03 20:25:37 - binding parameter [1] as [VARCHAR] - [TEST002345678901]
2025-08-03 20:25:37 - binding parameter [1] as [NUMERIC] - [10.00]
2025-08-03 20:25:37 - binding parameter [2] as [TIMESTAMP] - [null]
2025-08-03 20:25:37 - binding parameter [3] as [TIMESTAMP] - [2025-08-03T20:25:37.163115]
2025-08-03 20:25:37 - binding parameter [4] as [VARCHAR] - [USD]
2025-08-03 20:25:37 - binding parameter [5] as [VARCHAR] - [Concurrent transfer test]
2025-08-03 20:25:37 - binding parameter [6] as [VARCHAR] - [null]
2025-08-03 20:25:37 - binding parameter [7] as [BIGINT] - [9]
2025-08-03 20:25:37 - binding parameter [8] as [TIMESTAMP] - [null]
2025-08-03 20:25:37 - binding parameter [9] as [VARCHAR] - [PENDING]
2025-08-03 20:25:37 - binding parameter [10] as [BIGINT] - [10]
2025-08-03 20:25:37 - binding parameter [11] as [VARCHAR] - [TXN-16952659371243B9]
2025-08-03 20:25:37 - binding parameter [12] as [TIMESTAMP] - [2025-08-03T20:25:37.163125]
2025-08-03 20:25:37 - binding parameter [13] as [BIGINT] - [0]
2025-08-03 20:25:37 - Transfer completed successfully: TXN-16952659371243B9
2025-08-03 20:25:37 - binding parameter [1] as [VARCHAR] - [Test User 1]
2025-08-03 20:25:37 - binding parameter [2] as [VARCHAR] - [TEST001234567890]
2025-08-03 20:25:37 - binding parameter [3] as [NUMERIC] - [580.00]
2025-08-03 20:25:37 - binding parameter [4] as [VARCHAR] - [USD]
2025-08-03 20:25:37 - binding parameter [5] as [VARCHAR] - [ACTIVE]
2025-08-03 20:25:37 - binding parameter [6] as [TIMESTAMP] - [2025-08-03T20:25:37.164395]
2025-08-03 20:25:37 - binding parameter [7] as [VARCHAR] - [user1]
2025-08-03 20:25:37 - binding parameter [8] as [BIGINT] - [42]
2025-08-03 20:25:37 - binding parameter [9] as [BIGINT] - [9]
2025-08-03 20:25:37 - binding parameter [10] as [BIGINT] - [41]
2025-08-03 20:25:37 - binding parameter [1] as [VARCHAR] - [Test User 2]
2025-08-03 20:25:37 - binding parameter [2] as [VARCHAR] - [TEST002345678901]
2025-08-03 20:25:37 - binding parameter [3] as [NUMERIC] - [920.00]
2025-08-03 20:25:37 - binding parameter [4] as [VARCHAR] - [USD]
2025-08-03 20:25:37 - binding parameter [5] as [VARCHAR] - [ACTIVE]
2025-08-03 20:25:37 - binding parameter [6] as [TIMESTAMP] - [2025-08-03T20:25:37.164686]
2025-08-03 20:25:37 - binding parameter [7] as [VARCHAR] - [user2]
2025-08-03 20:25:37 - binding parameter [8] as [BIGINT] - [42]
2025-08-03 20:25:37 - binding parameter [9] as [BIGINT] - [10]
2025-08-03 20:25:37 - binding parameter [10] as [BIGINT] - [41]
2025-08-03 20:25:37 - binding parameter [1] as [NUMERIC] - [10.00]
2025-08-03 20:25:37 - binding parameter [2] as [TIMESTAMP] - [2025-08-03T20:25:37.164117]
2025-08-03 20:25:37 - binding parameter [3] as [VARCHAR] - [USD]
2025-08-03 20:25:37 - binding parameter [4] as [VARCHAR] - [Concurrent transfer test]
2025-08-03 20:25:37 - binding parameter [5] as [VARCHAR] - [null]
2025-08-03 20:25:37 - binding parameter [6] as [BIGINT] - [9]
2025-08-03 20:25:37 - binding parameter [7] as [TIMESTAMP] - [2025-08-03T20:25:37.163938]
2025-08-03 20:25:37 - binding parameter [8] as [VARCHAR] - [COMPLETED]
2025-08-03 20:25:37 - binding parameter [9] as [BIGINT] - [10]
2025-08-03 20:25:37 - binding parameter [10] as [VARCHAR] - [TXN-16952659371243B9]
2025-08-03 20:25:37 - binding parameter [11] as [TIMESTAMP] - [2025-08-03T20:25:37.164879]
2025-08-03 20:25:37 - binding parameter [12] as [BIGINT] - [1]
2025-08-03 20:25:37 - binding parameter [13] as [BIGINT] - [42]
2025-08-03 20:25:37 - binding parameter [14] as [BIGINT] - [0]
2025-08-03 20:25:37 - Processing transfer request: TransferRequest{fromAccountNumber='TEST001234567890', toAccountNumber='TEST002345678901', amount=10.00, currency=USD, description='Concurrent transfer test'}
2025-08-03 20:25:37 - binding parameter [1] as [VARCHAR] - [TEST001234567890]
2025-08-03 20:25:37 - binding parameter [1] as [VARCHAR] - [TEST002345678901]
2025-08-03 20:25:37 - binding parameter [1] as [NUMERIC] - [10.00]
2025-08-03 20:25:37 - binding parameter [2] as [TIMESTAMP] - [null]
2025-08-03 20:25:37 - binding parameter [3] as [TIMESTAMP] - [2025-08-03T20:25:37.167122]
2025-08-03 20:25:37 - binding parameter [4] as [VARCHAR] - [USD]
2025-08-03 20:25:37 - binding parameter [5] as [VARCHAR] - [Concurrent transfer test]
2025-08-03 20:25:37 - binding parameter [6] as [VARCHAR] - [null]
2025-08-03 20:25:37 - binding parameter [7] as [BIGINT] - [9]
2025-08-03 20:25:37 - binding parameter [8] as [TIMESTAMP] - [null]
2025-08-03 20:25:37 - binding parameter [9] as [VARCHAR] - [PENDING]
2025-08-03 20:25:37 - binding parameter [10] as [BIGINT] - [10]
2025-08-03 20:25:37 - binding parameter [11] as [VARCHAR] - [TXN-B88A855C88A144BD]
2025-08-03 20:25:37 - binding parameter [12] as [TIMESTAMP] - [2025-08-03T20:25:37.167136]
2025-08-03 20:25:37 - binding parameter [13] as [BIGINT] - [0]
2025-08-03 20:25:37 - Transfer completed successfully: TXN-B88A855C88A144BD
2025-08-03 20:25:37 - binding parameter [1] as [VARCHAR] - [Test User 1]
2025-08-03 20:25:37 - binding parameter [2] as [VARCHAR] - [TEST001234567890]
2025-08-03 20:25:37 - binding parameter [3] as [NUMERIC] - [570.00]
2025-08-03 20:25:37 - binding parameter [4] as [VARCHAR] - [USD]
2025-08-03 20:25:37 - binding parameter [5] as [VARCHAR] - [ACTIVE]
2025-08-03 20:25:37 - binding parameter [6] as [TIMESTAMP] - [2025-08-03T20:25:37.169212]
2025-08-03 20:25:37 - binding parameter [7] as [VARCHAR] - [user1]
2025-08-03 20:25:37 - binding parameter [8] as [BIGINT] - [43]
2025-08-03 20:25:37 - binding parameter [9] as [BIGINT] - [9]
2025-08-03 20:25:37 - binding parameter [10] as [BIGINT] - [42]
2025-08-03 20:25:37 - binding parameter [1] as [VARCHAR] - [Test User 2]
2025-08-03 20:25:37 - binding parameter [2] as [VARCHAR] - [TEST002345678901]
2025-08-03 20:25:37 - binding parameter [3] as [NUMERIC] - [930.00]
2025-08-03 20:25:37 - binding parameter [4] as [VARCHAR] - [USD]
2025-08-03 20:25:37 - binding parameter [5] as [VARCHAR] - [ACTIVE]
2025-08-03 20:25:37 - binding parameter [6] as [TIMESTAMP] - [2025-08-03T20:25:37.169573]
2025-08-03 20:25:37 - binding parameter [7] as [VARCHAR] - [user2]
2025-08-03 20:25:37 - binding parameter [8] as [BIGINT] - [43]
2025-08-03 20:25:37 - binding parameter [9] as [BIGINT] - [10]
2025-08-03 20:25:37 - binding parameter [10] as [BIGINT] - [42]
2025-08-03 20:25:37 - binding parameter [1] as [NUMERIC] - [10.00]
2025-08-03 20:25:37 - binding parameter [2] as [TIMESTAMP] - [2025-08-03T20:25:37.167980]
2025-08-03 20:25:37 - binding parameter [3] as [VARCHAR] - [USD]
2025-08-03 20:25:37 - binding parameter [4] as [VARCHAR] - [Concurrent transfer test]
2025-08-03 20:25:37 - binding parameter [5] as [VARCHAR] - [null]
2025-08-03 20:25:37 - binding parameter [6] as [BIGINT] - [9]
2025-08-03 20:25:37 - binding parameter [7] as [TIMESTAMP] - [2025-08-03T20:25:37.167830]
2025-08-03 20:25:37 - binding parameter [8] as [VARCHAR] - [COMPLETED]
2025-08-03 20:25:37 - binding parameter [9] as [BIGINT] - [10]
2025-08-03 20:25:37 - binding parameter [10] as [VARCHAR] - [TXN-B88A855C88A144BD]
2025-08-03 20:25:37 - binding parameter [11] as [TIMESTAMP] - [2025-08-03T20:25:37.169795]
2025-08-03 20:25:37 - binding parameter [12] as [BIGINT] - [1]
2025-08-03 20:25:37 - binding parameter [13] as [BIGINT] - [43]
2025-08-03 20:25:37 - binding parameter [14] as [BIGINT] - [0]
2025-08-03 20:25:37 - binding parameter [1] as [VARCHAR] - [TEST002345678901]
2025-08-03 20:25:37 - binding parameter [1] as [NUMERIC] - [10.00]
2025-08-03 20:25:37 - binding parameter [2] as [TIMESTAMP] - [null]
2025-08-03 20:25:37 - binding parameter [3] as [TIMESTAMP] - [2025-08-03T20:25:37.171498]
2025-08-03 20:25:37 - binding parameter [4] as [VARCHAR] - [USD]
2025-08-03 20:25:37 - binding parameter [5] as [VARCHAR] - [Concurrent transfer test]
2025-08-03 20:25:37 - binding parameter [6] as [VARCHAR] - [null]
2025-08-03 20:25:37 - binding parameter [7] as [BIGINT] - [9]
2025-08-03 20:25:37 - binding parameter [8] as [TIMESTAMP] - [null]
2025-08-03 20:25:37 - binding parameter [9] as [VARCHAR] - [PENDING]
2025-08-03 20:25:37 - binding parameter [10] as [BIGINT] - [10]
2025-08-03 20:25:37 - binding parameter [11] as [VARCHAR] - [TXN-BFBDC3E6858341FB]
2025-08-03 20:25:37 - binding parameter [12] as [TIMESTAMP] - [2025-08-03T20:25:37.171504]
2025-08-03 20:25:37 - binding parameter [13] as [BIGINT] - [0]
2025-08-03 20:25:37 - Transfer completed successfully: TXN-BFBDC3E6858341FB
2025-08-03 20:25:37 - binding parameter [1] as [VARCHAR] - [Test User 1]
2025-08-03 20:25:37 - binding parameter [2] as [VARCHAR] - [TEST001234567890]
2025-08-03 20:25:37 - binding parameter [3] as [NUMERIC] - [560.00]
2025-08-03 20:25:37 - binding parameter [4] as [VARCHAR] - [USD]
2025-08-03 20:25:37 - binding parameter [5] as [VARCHAR] - [ACTIVE]
2025-08-03 20:25:37 - binding parameter [6] as [TIMESTAMP] - [2025-08-03T20:25:37.174287]
2025-08-03 20:25:37 - binding parameter [7] as [VARCHAR] - [user1]
2025-08-03 20:25:37 - binding parameter [8] as [BIGINT] - [44]
2025-08-03 20:25:37 - binding parameter [9] as [BIGINT] - [9]
2025-08-03 20:25:37 - binding parameter [10] as [BIGINT] - [43]
2025-08-03 20:25:37 - binding parameter [1] as [VARCHAR] - [Test User 2]
2025-08-03 20:25:37 - binding parameter [2] as [VARCHAR] - [TEST002345678901]
2025-08-03 20:25:37 - binding parameter [3] as [NUMERIC] - [940.00]
2025-08-03 20:25:37 - binding parameter [4] as [VARCHAR] - [USD]
2025-08-03 20:25:37 - binding parameter [5] as [VARCHAR] - [ACTIVE]
2025-08-03 20:25:37 - binding parameter [6] as [TIMESTAMP] - [2025-08-03T20:25:37.174792]
2025-08-03 20:25:37 - binding parameter [7] as [VARCHAR] - [user2]
2025-08-03 20:25:37 - binding parameter [8] as [BIGINT] - [44]
2025-08-03 20:25:37 - binding parameter [9] as [BIGINT] - [10]
2025-08-03 20:25:37 - binding parameter [10] as [BIGINT] - [43]
2025-08-03 20:25:37 - binding parameter [1] as [NUMERIC] - [10.00]
2025-08-03 20:25:37 - binding parameter [2] as [TIMESTAMP] - [2025-08-03T20:25:37.173662]
2025-08-03 20:25:37 - binding parameter [3] as [VARCHAR] - [USD]
2025-08-03 20:25:37 - binding parameter [4] as [VARCHAR] - [Concurrent transfer test]
2025-08-03 20:25:37 - binding parameter [5] as [VARCHAR] - [null]
2025-08-03 20:25:37 - binding parameter [6] as [BIGINT] - [9]
2025-08-03 20:25:37 - binding parameter [7] as [TIMESTAMP] - [2025-08-03T20:25:37.173448]
2025-08-03 20:25:37 - binding parameter [8] as [VARCHAR] - [COMPLETED]
2025-08-03 20:25:37 - binding parameter [9] as [BIGINT] - [10]
2025-08-03 20:25:37 - binding parameter [10] as [VARCHAR] - [TXN-BFBDC3E6858341FB]
2025-08-03 20:25:37 - binding parameter [11] as [TIMESTAMP] - [2025-08-03T20:25:37.175518]
2025-08-03 20:25:37 - binding parameter [12] as [BIGINT] - [1]
2025-08-03 20:25:37 - binding parameter [13] as [BIGINT] - [44]
2025-08-03 20:25:37 - binding parameter [14] as [BIGINT] - [0]
2025-08-03 20:25:37 - Processing transfer request: TransferRequest{fromAccountNumber='TEST001234567890', toAccountNumber='TEST002345678901', amount=10.00, currency=USD, description='Concurrent transfer test'}
2025-08-03 20:25:37 - binding parameter [1] as [VARCHAR] - [TEST001234567890]
2025-08-03 20:25:37 - binding parameter [1] as [VARCHAR] - [TEST002345678901]
2025-08-03 20:25:37 - binding parameter [1] as [NUMERIC] - [10.00]
2025-08-03 20:25:37 - binding parameter [2] as [TIMESTAMP] - [null]
2025-08-03 20:25:37 - binding parameter [3] as [TIMESTAMP] - [2025-08-03T20:25:37.177943]
2025-08-03 20:25:37 - binding parameter [4] as [VARCHAR] - [USD]
2025-08-03 20:25:37 - binding parameter [5] as [VARCHAR] - [Concurrent transfer test]
2025-08-03 20:25:37 - binding parameter [6] as [VARCHAR] - [null]
2025-08-03 20:25:37 - binding parameter [7] as [BIGINT] - [9]
2025-08-03 20:25:37 - binding parameter [8] as [TIMESTAMP] - [null]
2025-08-03 20:25:37 - binding parameter [9] as [VARCHAR] - [PENDING]
2025-08-03 20:25:37 - binding parameter [10] as [BIGINT] - [10]
2025-08-03 20:25:37 - binding parameter [11] as [VARCHAR] - [TXN-747BA1062D474272]
2025-08-03 20:25:37 - binding parameter [12] as [TIMESTAMP] - [2025-08-03T20:25:37.177948]
2025-08-03 20:25:37 - binding parameter [13] as [BIGINT] - [0]
2025-08-03 20:25:37 - Transfer completed successfully: TXN-747BA1062D474272
2025-08-03 20:25:37 - binding parameter [1] as [VARCHAR] - [Test User 1]
2025-08-03 20:25:37 - binding parameter [2] as [VARCHAR] - [TEST001234567890]
2025-08-03 20:25:37 - binding parameter [3] as [NUMERIC] - [550.00]
2025-08-03 20:25:37 - binding parameter [4] as [VARCHAR] - [USD]
2025-08-03 20:25:37 - binding parameter [5] as [VARCHAR] - [ACTIVE]
2025-08-03 20:25:37 - binding parameter [6] as [TIMESTAMP] - [2025-08-03T20:25:37.178647]
2025-08-03 20:25:37 - binding parameter [7] as [VARCHAR] - [user1]
2025-08-03 20:25:37 - binding parameter [8] as [BIGINT] - [45]
2025-08-03 20:25:37 - binding parameter [9] as [BIGINT] - [9]
2025-08-03 20:25:37 - binding parameter [10] as [BIGINT] - [44]
2025-08-03 20:25:37 - binding parameter [1] as [VARCHAR] - [Test User 2]
2025-08-03 20:25:37 - binding parameter [2] as [VARCHAR] - [TEST002345678901]
2025-08-03 20:25:37 - binding parameter [3] as [NUMERIC] - [950.00]
2025-08-03 20:25:37 - binding parameter [4] as [VARCHAR] - [USD]
2025-08-03 20:25:37 - binding parameter [5] as [VARCHAR] - [ACTIVE]
2025-08-03 20:25:37 - binding parameter [6] as [TIMESTAMP] - [2025-08-03T20:25:37.178879]
2025-08-03 20:25:37 - binding parameter [7] as [VARCHAR] - [user2]
2025-08-03 20:25:37 - binding parameter [8] as [BIGINT] - [45]
2025-08-03 20:25:37 - binding parameter [9] as [BIGINT] - [10]
2025-08-03 20:25:37 - binding parameter [10] as [BIGINT] - [44]
2025-08-03 20:25:37 - binding parameter [1] as [NUMERIC] - [10.00]
2025-08-03 20:25:37 - binding parameter [2] as [TIMESTAMP] - [2025-08-03T20:25:37.178478]
2025-08-03 20:25:37 - binding parameter [3] as [VARCHAR] - [USD]
2025-08-03 20:25:37 - binding parameter [4] as [VARCHAR] - [Concurrent transfer test]
2025-08-03 20:25:37 - binding parameter [5] as [VARCHAR] - [null]
2025-08-03 20:25:37 - binding parameter [6] as [BIGINT] - [9]
2025-08-03 20:25:37 - binding parameter [7] as [TIMESTAMP] - [2025-08-03T20:25:37.178351]
2025-08-03 20:25:37 - binding parameter [8] as [VARCHAR] - [COMPLETED]
2025-08-03 20:25:37 - binding parameter [9] as [BIGINT] - [10]
2025-08-03 20:25:37 - binding parameter [10] as [VARCHAR] - [TXN-747BA1062D474272]
2025-08-03 20:25:37 - binding parameter [11] as [TIMESTAMP] - [2025-08-03T20:25:37.179847]
2025-08-03 20:25:37 - binding parameter [12] as [BIGINT] - [1]
2025-08-03 20:25:37 - binding parameter [13] as [BIGINT] - [45]
2025-08-03 20:25:37 - binding parameter [14] as [BIGINT] - [0]
2025-08-03 20:25:37 - Processing transfer request: TransferRequest{fromAccountNumber='TEST001234567890', toAccountNumber='TEST002345678901', amount=10.00, currency=USD, description='Concurrent transfer test'}
2025-08-03 20:25:37 - binding parameter [1] as [VARCHAR] - [TEST002345678901]
2025-08-03 20:25:37 - binding parameter [1] as [VARCHAR] - [TEST001234567890]
2025-08-03 20:25:37 - binding parameter [1] as [NUMERIC] - [10.00]
2025-08-03 20:25:37 - binding parameter [2] as [TIMESTAMP] - [null]
2025-08-03 20:25:37 - binding parameter [3] as [TIMESTAMP] - [2025-08-03T20:25:37.182927]
2025-08-03 20:25:37 - binding parameter [4] as [VARCHAR] - [USD]
2025-08-03 20:25:37 - binding parameter [5] as [VARCHAR] - [Concurrent transfer test]
2025-08-03 20:25:37 - binding parameter [6] as [VARCHAR] - [null]
2025-08-03 20:25:37 - binding parameter [7] as [BIGINT] - [9]
2025-08-03 20:25:37 - binding parameter [8] as [TIMESTAMP] - [null]
2025-08-03 20:25:37 - binding parameter [9] as [VARCHAR] - [PENDING]
2025-08-03 20:25:37 - binding parameter [10] as [BIGINT] - [10]
2025-08-03 20:25:37 - binding parameter [11] as [VARCHAR] - [TXN-B60CB633AF6E4AAE]
2025-08-03 20:25:37 - binding parameter [12] as [TIMESTAMP] - [2025-08-03T20:25:37.182935]
2025-08-03 20:25:37 - binding parameter [13] as [BIGINT] - [0]
2025-08-03 20:25:37 - Transfer completed successfully: TXN-B60CB633AF6E4AAE
2025-08-03 20:25:37 - binding parameter [1] as [VARCHAR] - [Test User 1]
2025-08-03 20:25:37 - binding parameter [2] as [VARCHAR] - [TEST001234567890]
2025-08-03 20:25:37 - binding parameter [3] as [NUMERIC] - [540.00]
2025-08-03 20:25:37 - binding parameter [4] as [VARCHAR] - [USD]
2025-08-03 20:25:37 - binding parameter [5] as [VARCHAR] - [ACTIVE]
2025-08-03 20:25:37 - binding parameter [6] as [TIMESTAMP] - [2025-08-03T20:25:37.187742]
2025-08-03 20:25:37 - binding parameter [7] as [VARCHAR] - [user1]
2025-08-03 20:25:37 - binding parameter [8] as [BIGINT] - [46]
2025-08-03 20:25:37 - binding parameter [9] as [BIGINT] - [9]
2025-08-03 20:25:37 - binding parameter [10] as [BIGINT] - [45]
2025-08-03 20:25:37 - binding parameter [1] as [VARCHAR] - [Test User 2]
2025-08-03 20:25:37 - binding parameter [2] as [VARCHAR] - [TEST002345678901]
2025-08-03 20:25:37 - binding parameter [3] as [NUMERIC] - [960.00]
2025-08-03 20:25:37 - binding parameter [4] as [VARCHAR] - [USD]
2025-08-03 20:25:37 - binding parameter [5] as [VARCHAR] - [ACTIVE]
2025-08-03 20:25:37 - binding parameter [6] as [TIMESTAMP] - [2025-08-03T20:25:37.188233]
2025-08-03 20:25:37 - binding parameter [7] as [VARCHAR] - [user2]
2025-08-03 20:25:37 - binding parameter [8] as [BIGINT] - [46]
2025-08-03 20:25:37 - binding parameter [9] as [BIGINT] - [10]
2025-08-03 20:25:37 - binding parameter [10] as [BIGINT] - [45]
2025-08-03 20:25:37 - binding parameter [1] as [NUMERIC] - [10.00]
2025-08-03 20:25:37 - binding parameter [2] as [TIMESTAMP] - [2025-08-03T20:25:37.186871]
2025-08-03 20:25:37 - binding parameter [3] as [VARCHAR] - [USD]
2025-08-03 20:25:37 - binding parameter [4] as [VARCHAR] - [Concurrent transfer test]
2025-08-03 20:25:37 - binding parameter [5] as [VARCHAR] - [null]
2025-08-03 20:25:37 - binding parameter [6] as [BIGINT] - [9]
2025-08-03 20:25:37 - binding parameter [7] as [TIMESTAMP] - [2025-08-03T20:25:37.186671]
2025-08-03 20:25:37 - binding parameter [8] as [VARCHAR] - [COMPLETED]
2025-08-03 20:25:37 - binding parameter [9] as [BIGINT] - [10]
2025-08-03 20:25:37 - binding parameter [10] as [VARCHAR] - [TXN-B60CB633AF6E4AAE]
2025-08-03 20:25:37 - binding parameter [11] as [TIMESTAMP] - [2025-08-03T20:25:37.188525]
2025-08-03 20:25:37 - binding parameter [12] as [BIGINT] - [1]
2025-08-03 20:25:37 - binding parameter [13] as [BIGINT] - [46]
2025-08-03 20:25:37 - binding parameter [14] as [BIGINT] - [0]
2025-08-03 20:25:37 - Processing transfer request: TransferRequest{fromAccountNumber='TEST001234567890', toAccountNumber='TEST002345678901', amount=10.00, currency=USD, description='Concurrent transfer test'}
2025-08-03 20:25:37 - binding parameter [1] as [VARCHAR] - [TEST001234567890]
2025-08-03 20:25:37 - binding parameter [1] as [VARCHAR] - [TEST002345678901]
2025-08-03 20:25:37 - binding parameter [1] as [NUMERIC] - [10.00]
2025-08-03 20:25:37 - binding parameter [2] as [TIMESTAMP] - [null]
2025-08-03 20:25:37 - binding parameter [3] as [TIMESTAMP] - [2025-08-03T20:25:37.190586]
2025-08-03 20:25:37 - binding parameter [4] as [VARCHAR] - [USD]
2025-08-03 20:25:37 - binding parameter [5] as [VARCHAR] - [Concurrent transfer test]
2025-08-03 20:25:37 - binding parameter [6] as [VARCHAR] - [null]
2025-08-03 20:25:37 - binding parameter [7] as [BIGINT] - [9]
2025-08-03 20:25:37 - binding parameter [8] as [TIMESTAMP] - [null]
2025-08-03 20:25:37 - binding parameter [9] as [VARCHAR] - [PENDING]
2025-08-03 20:25:37 - binding parameter [10] as [BIGINT] - [10]
2025-08-03 20:25:37 - binding parameter [11] as [VARCHAR] - [TXN-ED67769CBB15413C]
2025-08-03 20:25:37 - binding parameter [12] as [TIMESTAMP] - [2025-08-03T20:25:37.190592]
2025-08-03 20:25:37 - binding parameter [13] as [BIGINT] - [0]
2025-08-03 20:25:37 - Transfer completed successfully: TXN-ED67769CBB15413C
2025-08-03 20:25:37 - binding parameter [1] as [VARCHAR] - [Test User 1]
2025-08-03 20:25:37 - binding parameter [2] as [VARCHAR] - [TEST001234567890]
2025-08-03 20:25:37 - binding parameter [3] as [NUMERIC] - [530.00]
2025-08-03 20:25:37 - binding parameter [4] as [VARCHAR] - [USD]
2025-08-03 20:25:37 - binding parameter [5] as [VARCHAR] - [ACTIVE]
2025-08-03 20:25:37 - binding parameter [6] as [TIMESTAMP] - [2025-08-03T20:25:37.192173]
2025-08-03 20:25:37 - binding parameter [7] as [VARCHAR] - [user1]
2025-08-03 20:25:37 - binding parameter [8] as [BIGINT] - [47]
2025-08-03 20:25:37 - binding parameter [9] as [BIGINT] - [9]
2025-08-03 20:25:37 - binding parameter [10] as [BIGINT] - [46]
2025-08-03 20:25:37 - binding parameter [1] as [VARCHAR] - [Test User 2]
2025-08-03 20:25:37 - binding parameter [2] as [VARCHAR] - [TEST002345678901]
2025-08-03 20:25:37 - binding parameter [3] as [NUMERIC] - [970.00]
2025-08-03 20:25:37 - binding parameter [4] as [VARCHAR] - [USD]
2025-08-03 20:25:37 - binding parameter [5] as [VARCHAR] - [ACTIVE]
2025-08-03 20:25:37 - binding parameter [6] as [TIMESTAMP] - [2025-08-03T20:25:37.192465]
2025-08-03 20:25:37 - binding parameter [7] as [VARCHAR] - [user2]
2025-08-03 20:25:37 - binding parameter [8] as [BIGINT] - [47]
2025-08-03 20:25:37 - binding parameter [9] as [BIGINT] - [10]
2025-08-03 20:25:37 - binding parameter [10] as [BIGINT] - [46]
2025-08-03 20:25:37 - binding parameter [1] as [NUMERIC] - [10.00]
2025-08-03 20:25:37 - binding parameter [2] as [TIMESTAMP] - [2025-08-03T20:25:37.191900]
2025-08-03 20:25:37 - binding parameter [3] as [VARCHAR] - [USD]
2025-08-03 20:25:37 - binding parameter [4] as [VARCHAR] - [Concurrent transfer test]
2025-08-03 20:25:37 - binding parameter [5] as [VARCHAR] - [null]
2025-08-03 20:25:37 - binding parameter [6] as [BIGINT] - [9]
2025-08-03 20:25:37 - binding parameter [7] as [TIMESTAMP] - [2025-08-03T20:25:37.191753]
2025-08-03 20:25:37 - binding parameter [8] as [VARCHAR] - [COMPLETED]
2025-08-03 20:25:37 - binding parameter [9] as [BIGINT] - [10]
2025-08-03 20:25:37 - binding parameter [10] as [VARCHAR] - [TXN-ED67769CBB15413C]
2025-08-03 20:25:37 - binding parameter [11] as [TIMESTAMP] - [2025-08-03T20:25:37.192653]
2025-08-03 20:25:37 - binding parameter [12] as [BIGINT] - [1]
2025-08-03 20:25:37 - binding parameter [13] as [BIGINT] - [47]
2025-08-03 20:25:37 - binding parameter [14] as [BIGINT] - [0]
2025-08-03 20:25:37 - Processing transfer request: TransferRequest{fromAccountNumber='TEST001234567890', toAccountNumber='TEST002345678901', amount=10.00, currency=USD, description='Concurrent transfer test'}
2025-08-03 20:25:37 - binding parameter [1] as [VARCHAR] - [TEST001234567890]
2025-08-03 20:25:37 - binding parameter [1] as [VARCHAR] - [TEST002345678901]
2025-08-03 20:25:37 - binding parameter [1] as [NUMERIC] - [10.00]
2025-08-03 20:25:37 - binding parameter [2] as [TIMESTAMP] - [null]
2025-08-03 20:25:37 - binding parameter [3] as [TIMESTAMP] - [2025-08-03T20:25:37.194734]
2025-08-03 20:25:37 - binding parameter [4] as [VARCHAR] - [USD]
2025-08-03 20:25:37 - binding parameter [5] as [VARCHAR] - [Concurrent transfer test]
2025-08-03 20:25:37 - binding parameter [6] as [VARCHAR] - [null]
2025-08-03 20:25:37 - binding parameter [7] as [BIGINT] - [9]
2025-08-03 20:25:37 - binding parameter [8] as [TIMESTAMP] - [null]
2025-08-03 20:25:37 - binding parameter [9] as [VARCHAR] - [PENDING]
2025-08-03 20:25:37 - binding parameter [10] as [BIGINT] - [10]
2025-08-03 20:25:37 - binding parameter [11] as [VARCHAR] - [TXN-C25EC3641DB6499E]
2025-08-03 20:25:37 - binding parameter [12] as [TIMESTAMP] - [2025-08-03T20:25:37.194739]
2025-08-03 20:25:37 - binding parameter [13] as [BIGINT] - [0]
2025-08-03 20:25:37 - Transfer completed successfully: TXN-C25EC3641DB6499E
2025-08-03 20:25:37 - binding parameter [1] as [VARCHAR] - [Test User 1]
2025-08-03 20:25:37 - binding parameter [2] as [VARCHAR] - [TEST001234567890]
2025-08-03 20:25:37 - binding parameter [3] as [NUMERIC] - [520.00]
2025-08-03 20:25:37 - binding parameter [4] as [VARCHAR] - [USD]
2025-08-03 20:25:37 - binding parameter [5] as [VARCHAR] - [ACTIVE]
2025-08-03 20:25:37 - binding parameter [6] as [TIMESTAMP] - [2025-08-03T20:25:37.195598]
2025-08-03 20:25:37 - binding parameter [7] as [VARCHAR] - [user1]
2025-08-03 20:25:37 - binding parameter [8] as [BIGINT] - [48]
2025-08-03 20:25:37 - binding parameter [9] as [BIGINT] - [9]
2025-08-03 20:25:37 - binding parameter [10] as [BIGINT] - [47]
2025-08-03 20:25:37 - binding parameter [1] as [VARCHAR] - [Test User 2]
2025-08-03 20:25:37 - binding parameter [2] as [VARCHAR] - [TEST002345678901]
2025-08-03 20:25:37 - binding parameter [3] as [NUMERIC] - [980.00]
2025-08-03 20:25:37 - binding parameter [4] as [VARCHAR] - [USD]
2025-08-03 20:25:37 - binding parameter [5] as [VARCHAR] - [ACTIVE]
2025-08-03 20:25:37 - binding parameter [6] as [TIMESTAMP] - [2025-08-03T20:25:37.195998]
2025-08-03 20:25:37 - binding parameter [7] as [VARCHAR] - [user2]
2025-08-03 20:25:37 - binding parameter [8] as [BIGINT] - [48]
2025-08-03 20:25:37 - binding parameter [9] as [BIGINT] - [10]
2025-08-03 20:25:37 - binding parameter [10] as [BIGINT] - [47]
2025-08-03 20:25:37 - binding parameter [1] as [NUMERIC] - [10.00]
2025-08-03 20:25:37 - binding parameter [2] as [TIMESTAMP] - [2025-08-03T20:25:37.195233]
2025-08-03 20:25:37 - binding parameter [3] as [VARCHAR] - [USD]
2025-08-03 20:25:37 - binding parameter [4] as [VARCHAR] - [Concurrent transfer test]
2025-08-03 20:25:37 - binding parameter [5] as [VARCHAR] - [null]
2025-08-03 20:25:37 - binding parameter [6] as [BIGINT] - [9]
2025-08-03 20:25:37 - binding parameter [7] as [TIMESTAMP] - [2025-08-03T20:25:37.195117]
2025-08-03 20:25:37 - binding parameter [8] as [VARCHAR] - [COMPLETED]
2025-08-03 20:25:37 - binding parameter [9] as [BIGINT] - [10]
2025-08-03 20:25:37 - binding parameter [10] as [VARCHAR] - [TXN-C25EC3641DB6499E]
2025-08-03 20:25:37 - binding parameter [11] as [TIMESTAMP] - [2025-08-03T20:25:37.196217]
2025-08-03 20:25:37 - binding parameter [12] as [BIGINT] - [1]
2025-08-03 20:25:37 - binding parameter [13] as [BIGINT] - [48]
2025-08-03 20:25:37 - binding parameter [14] as [BIGINT] - [0]
2025-08-03 20:25:37 - binding parameter [1] as [VARCHAR] - [TEST002345678901]
2025-08-03 20:25:37 - binding parameter [1] as [NUMERIC] - [10.00]
2025-08-03 20:25:37 - binding parameter [2] as [TIMESTAMP] - [null]
2025-08-03 20:25:37 - binding parameter [3] as [TIMESTAMP] - [2025-08-03T20:25:37.199869]
2025-08-03 20:25:37 - binding parameter [4] as [VARCHAR] - [USD]
2025-08-03 20:25:37 - binding parameter [5] as [VARCHAR] - [Concurrent transfer test]
2025-08-03 20:25:37 - binding parameter [6] as [VARCHAR] - [null]
2025-08-03 20:25:37 - binding parameter [7] as [BIGINT] - [9]
2025-08-03 20:25:37 - binding parameter [8] as [TIMESTAMP] - [null]
2025-08-03 20:25:37 - binding parameter [9] as [VARCHAR] - [PENDING]
2025-08-03 20:25:37 - binding parameter [10] as [BIGINT] - [10]
2025-08-03 20:25:37 - binding parameter [11] as [VARCHAR] - [TXN-B874154526BB4E75]
2025-08-03 20:25:37 - binding parameter [12] as [TIMESTAMP] - [2025-08-03T20:25:37.199875]
2025-08-03 20:25:37 - binding parameter [13] as [BIGINT] - [0]
2025-08-03 20:25:37 - Transfer completed successfully: TXN-B874154526BB4E75
2025-08-03 20:25:37 - binding parameter [1] as [VARCHAR] - [Test User 1]
2025-08-03 20:25:37 - binding parameter [2] as [VARCHAR] - [TEST001234567890]
2025-08-03 20:25:37 - binding parameter [3] as [NUMERIC] - [510.00]
2025-08-03 20:25:37 - binding parameter [4] as [VARCHAR] - [USD]
2025-08-03 20:25:37 - binding parameter [5] as [VARCHAR] - [ACTIVE]
2025-08-03 20:25:37 - binding parameter [6] as [TIMESTAMP] - [2025-08-03T20:25:37.200750]
2025-08-03 20:25:37 - binding parameter [7] as [VARCHAR] - [user1]
2025-08-03 20:25:37 - binding parameter [8] as [BIGINT] - [49]
2025-08-03 20:25:37 - binding parameter [9] as [BIGINT] - [9]
2025-08-03 20:25:37 - binding parameter [10] as [BIGINT] - [48]
2025-08-03 20:25:37 - binding parameter [1] as [VARCHAR] - [Test User 2]
2025-08-03 20:25:37 - binding parameter [2] as [VARCHAR] - [TEST002345678901]
2025-08-03 20:25:37 - binding parameter [3] as [NUMERIC] - [990.00]
2025-08-03 20:25:37 - binding parameter [4] as [VARCHAR] - [USD]
2025-08-03 20:25:37 - binding parameter [5] as [VARCHAR] - [ACTIVE]
2025-08-03 20:25:37 - binding parameter [6] as [TIMESTAMP] - [2025-08-03T20:25:37.201037]
2025-08-03 20:25:37 - binding parameter [7] as [VARCHAR] - [user2]
2025-08-03 20:25:37 - binding parameter [8] as [BIGINT] - [49]
2025-08-03 20:25:37 - binding parameter [9] as [BIGINT] - [10]
2025-08-03 20:25:37 - binding parameter [10] as [BIGINT] - [48]
2025-08-03 20:25:37 - binding parameter [1] as [NUMERIC] - [10.00]
2025-08-03 20:25:37 - binding parameter [2] as [TIMESTAMP] - [2025-08-03T20:25:37.200536]
2025-08-03 20:25:37 - binding parameter [3] as [VARCHAR] - [USD]
2025-08-03 20:25:37 - binding parameter [4] as [VARCHAR] - [Concurrent transfer test]
2025-08-03 20:25:37 - binding parameter [5] as [VARCHAR] - [null]
2025-08-03 20:25:37 - binding parameter [6] as [BIGINT] - [9]
2025-08-03 20:25:37 - binding parameter [7] as [TIMESTAMP] - [2025-08-03T20:25:37.200403]
2025-08-03 20:25:37 - binding parameter [8] as [VARCHAR] - [COMPLETED]
2025-08-03 20:25:37 - binding parameter [9] as [BIGINT] - [10]
2025-08-03 20:25:37 - binding parameter [10] as [VARCHAR] - [TXN-B874154526BB4E75]
2025-08-03 20:25:37 - binding parameter [11] as [TIMESTAMP] - [2025-08-03T20:25:37.201244]
2025-08-03 20:25:37 - binding parameter [12] as [BIGINT] - [1]
2025-08-03 20:25:37 - binding parameter [13] as [BIGINT] - [49]
2025-08-03 20:25:37 - binding parameter [14] as [BIGINT] - [0]
2025-08-03 20:25:37 - binding parameter [1] as [VARCHAR] - [TEST002345678901]
2025-08-03 20:25:37 - binding parameter [1] as [NUMERIC] - [10.00]
2025-08-03 20:25:37 - binding parameter [2] as [TIMESTAMP] - [null]
2025-08-03 20:25:37 - binding parameter [3] as [TIMESTAMP] - [2025-08-03T20:25:37.202759]
2025-08-03 20:25:37 - binding parameter [4] as [VARCHAR] - [USD]
2025-08-03 20:25:37 - binding parameter [5] as [VARCHAR] - [Concurrent transfer test]
2025-08-03 20:25:37 - binding parameter [6] as [VARCHAR] - [null]
2025-08-03 20:25:37 - binding parameter [7] as [BIGINT] - [9]
2025-08-03 20:25:37 - binding parameter [8] as [TIMESTAMP] - [null]
2025-08-03 20:25:37 - binding parameter [9] as [VARCHAR] - [PENDING]
2025-08-03 20:25:37 - binding parameter [10] as [BIGINT] - [10]
2025-08-03 20:25:37 - binding parameter [11] as [VARCHAR] - [TXN-3905B8EF9A214002]
2025-08-03 20:25:37 - binding parameter [12] as [TIMESTAMP] - [2025-08-03T20:25:37.202765]
2025-08-03 20:25:37 - binding parameter [13] as [BIGINT] - [0]
2025-08-03 20:25:37 - Transfer completed successfully: TXN-3905B8EF9A214002
2025-08-03 20:25:37 - binding parameter [1] as [VARCHAR] - [Test User 1]
2025-08-03 20:25:37 - binding parameter [2] as [VARCHAR] - [TEST001234567890]
2025-08-03 20:25:37 - binding parameter [3] as [NUMERIC] - [500.00]
2025-08-03 20:25:37 - binding parameter [4] as [VARCHAR] - [USD]
2025-08-03 20:25:37 - binding parameter [5] as [VARCHAR] - [ACTIVE]
2025-08-03 20:25:37 - binding parameter [6] as [TIMESTAMP] - [2025-08-03T20:25:37.203654]
2025-08-03 20:25:37 - binding parameter [7] as [VARCHAR] - [user1]
2025-08-03 20:25:37 - binding parameter [8] as [BIGINT] - [50]
2025-08-03 20:25:37 - binding parameter [9] as [BIGINT] - [9]
2025-08-03 20:25:37 - binding parameter [10] as [BIGINT] - [49]
2025-08-03 20:25:37 - binding parameter [1] as [VARCHAR] - [Test User 2]
2025-08-03 20:25:37 - binding parameter [2] as [VARCHAR] - [TEST002345678901]
2025-08-03 20:25:37 - binding parameter [3] as [NUMERIC] - [1000.00]
2025-08-03 20:25:37 - binding parameter [4] as [VARCHAR] - [USD]
2025-08-03 20:25:37 - binding parameter [5] as [VARCHAR] - [ACTIVE]
2025-08-03 20:25:37 - binding parameter [6] as [TIMESTAMP] - [2025-08-03T20:25:37.204]
2025-08-03 20:25:37 - binding parameter [7] as [VARCHAR] - [user2]
2025-08-03 20:25:37 - binding parameter [8] as [BIGINT] - [50]
2025-08-03 20:25:37 - binding parameter [9] as [BIGINT] - [10]
2025-08-03 20:25:37 - binding parameter [10] as [BIGINT] - [49]
2025-08-03 20:25:37 - binding parameter [1] as [NUMERIC] - [10.00]
2025-08-03 20:25:37 - binding parameter [2] as [TIMESTAMP] - [2025-08-03T20:25:37.203382]
2025-08-03 20:25:37 - binding parameter [3] as [VARCHAR] - [USD]
2025-08-03 20:25:37 - binding parameter [4] as [VARCHAR] - [Concurrent transfer test]
2025-08-03 20:25:37 - binding parameter [5] as [VARCHAR] - [null]
2025-08-03 20:25:37 - binding parameter [6] as [BIGINT] - [9]
2025-08-03 20:25:37 - binding parameter [7] as [TIMESTAMP] - [2025-08-03T20:25:37.203246]
2025-08-03 20:25:37 - binding parameter [8] as [VARCHAR] - [COMPLETED]
2025-08-03 20:25:37 - binding parameter [9] as [BIGINT] - [10]
2025-08-03 20:25:37 - binding parameter [10] as [VARCHAR] - [TXN-3905B8EF9A214002]
2025-08-03 20:25:37 - binding parameter [11] as [TIMESTAMP] - [2025-08-03T20:25:37.204212]
2025-08-03 20:25:37 - binding parameter [12] as [BIGINT] - [1]
2025-08-03 20:25:37 - binding parameter [13] as [BIGINT] - [50]
2025-08-03 20:25:37 - binding parameter [14] as [BIGINT] - [0]
]]></system-out>
  </testcase>
  <testcase name="testInsufficientFundsHandling" classname="com.moneytransfer.service.TransferServiceConcurrencyTest" time="0.021">
    <error message="no transaction is in progress; nested exception is javax.persistence.TransactionRequiredException: no transaction is in progress" type="org.springframework.dao.InvalidDataAccessApiUsageException">org.springframework.dao.InvalidDataAccessApiUsageException: no transaction is in progress; nested exception is javax.persistence.TransactionRequiredException: no transaction is in progress
	at com.moneytransfer.service.TransferServiceConcurrencyTest.testInsufficientFundsHandling(TransferServiceConcurrencyTest.java:214)
Caused by: javax.persistence.TransactionRequiredException: no transaction is in progress
	at com.moneytransfer.service.TransferServiceConcurrencyTest.testInsufficientFundsHandling(TransferServiceConcurrencyTest.java:214)
</error>
    <system-out><![CDATA[2025-08-03 20:25:37 - binding parameter [1] as [BIGINT] - [1]
2025-08-03 20:25:37 - binding parameter [2] as [BIGINT] - [1]
2025-08-03 20:25:37 - binding parameter [1] as [BIGINT] - [2]
2025-08-03 20:25:37 - binding parameter [2] as [BIGINT] - [1]
2025-08-03 20:25:37 - binding parameter [1] as [BIGINT] - [3]
2025-08-03 20:25:37 - binding parameter [2] as [BIGINT] - [1]
2025-08-03 20:25:37 - binding parameter [1] as [BIGINT] - [4]
2025-08-03 20:25:37 - binding parameter [2] as [BIGINT] - [1]
2025-08-03 20:25:37 - binding parameter [1] as [BIGINT] - [5]
2025-08-03 20:25:37 - binding parameter [2] as [BIGINT] - [1]
2025-08-03 20:25:37 - binding parameter [1] as [BIGINT] - [6]
2025-08-03 20:25:37 - binding parameter [2] as [BIGINT] - [1]
2025-08-03 20:25:37 - binding parameter [1] as [BIGINT] - [7]
2025-08-03 20:25:37 - binding parameter [2] as [BIGINT] - [1]
2025-08-03 20:25:37 - binding parameter [1] as [BIGINT] - [8]
2025-08-03 20:25:37 - binding parameter [2] as [BIGINT] - [1]
2025-08-03 20:25:37 - binding parameter [1] as [BIGINT] - [9]
2025-08-03 20:25:37 - binding parameter [2] as [BIGINT] - [1]
2025-08-03 20:25:37 - binding parameter [1] as [BIGINT] - [10]
2025-08-03 20:25:37 - binding parameter [2] as [BIGINT] - [1]
2025-08-03 20:25:37 - binding parameter [1] as [BIGINT] - [11]
2025-08-03 20:25:37 - binding parameter [2] as [BIGINT] - [1]
2025-08-03 20:25:37 - binding parameter [1] as [BIGINT] - [12]
2025-08-03 20:25:37 - binding parameter [2] as [BIGINT] - [1]
2025-08-03 20:25:37 - binding parameter [1] as [BIGINT] - [13]
2025-08-03 20:25:37 - binding parameter [2] as [BIGINT] - [1]
2025-08-03 20:25:37 - binding parameter [1] as [BIGINT] - [14]
2025-08-03 20:25:37 - binding parameter [2] as [BIGINT] - [1]
2025-08-03 20:25:37 - binding parameter [1] as [BIGINT] - [15]
2025-08-03 20:25:37 - binding parameter [2] as [BIGINT] - [1]
2025-08-03 20:25:37 - binding parameter [1] as [BIGINT] - [16]
2025-08-03 20:25:37 - binding parameter [2] as [BIGINT] - [1]
2025-08-03 20:25:37 - binding parameter [1] as [BIGINT] - [17]
2025-08-03 20:25:37 - binding parameter [2] as [BIGINT] - [1]
2025-08-03 20:25:37 - binding parameter [1] as [BIGINT] - [18]
2025-08-03 20:25:37 - binding parameter [2] as [BIGINT] - [1]
2025-08-03 20:25:37 - binding parameter [1] as [BIGINT] - [19]
2025-08-03 20:25:37 - binding parameter [2] as [BIGINT] - [1]
2025-08-03 20:25:37 - binding parameter [1] as [BIGINT] - [20]
2025-08-03 20:25:37 - binding parameter [2] as [BIGINT] - [1]
2025-08-03 20:25:37 - binding parameter [1] as [BIGINT] - [21]
2025-08-03 20:25:37 - binding parameter [2] as [BIGINT] - [1]
2025-08-03 20:25:37 - binding parameter [1] as [BIGINT] - [22]
2025-08-03 20:25:37 - binding parameter [2] as [BIGINT] - [1]
2025-08-03 20:25:37 - binding parameter [1] as [BIGINT] - [23]
2025-08-03 20:25:37 - binding parameter [2] as [BIGINT] - [1]
2025-08-03 20:25:37 - binding parameter [1] as [BIGINT] - [24]
2025-08-03 20:25:37 - binding parameter [2] as [BIGINT] - [1]
2025-08-03 20:25:37 - binding parameter [1] as [BIGINT] - [25]
2025-08-03 20:25:37 - binding parameter [2] as [BIGINT] - [1]
2025-08-03 20:25:37 - binding parameter [1] as [BIGINT] - [26]
2025-08-03 20:25:37 - binding parameter [2] as [BIGINT] - [1]
2025-08-03 20:25:37 - binding parameter [1] as [BIGINT] - [27]
2025-08-03 20:25:37 - binding parameter [2] as [BIGINT] - [1]
2025-08-03 20:25:37 - binding parameter [1] as [BIGINT] - [28]
2025-08-03 20:25:37 - binding parameter [2] as [BIGINT] - [1]
2025-08-03 20:25:37 - binding parameter [1] as [BIGINT] - [29]
2025-08-03 20:25:37 - binding parameter [2] as [BIGINT] - [1]
2025-08-03 20:25:37 - binding parameter [1] as [BIGINT] - [30]
2025-08-03 20:25:37 - binding parameter [2] as [BIGINT] - [1]
2025-08-03 20:25:37 - binding parameter [1] as [BIGINT] - [31]
2025-08-03 20:25:37 - binding parameter [2] as [BIGINT] - [1]
2025-08-03 20:25:37 - binding parameter [1] as [BIGINT] - [32]
2025-08-03 20:25:37 - binding parameter [2] as [BIGINT] - [1]
2025-08-03 20:25:37 - binding parameter [1] as [BIGINT] - [33]
2025-08-03 20:25:37 - binding parameter [2] as [BIGINT] - [1]
2025-08-03 20:25:37 - binding parameter [1] as [BIGINT] - [34]
2025-08-03 20:25:37 - binding parameter [2] as [BIGINT] - [1]
2025-08-03 20:25:37 - binding parameter [1] as [BIGINT] - [35]
2025-08-03 20:25:37 - binding parameter [2] as [BIGINT] - [1]
2025-08-03 20:25:37 - binding parameter [1] as [BIGINT] - [36]
2025-08-03 20:25:37 - binding parameter [2] as [BIGINT] - [1]
2025-08-03 20:25:37 - binding parameter [1] as [BIGINT] - [37]
2025-08-03 20:25:37 - binding parameter [2] as [BIGINT] - [1]
2025-08-03 20:25:37 - binding parameter [1] as [BIGINT] - [38]
2025-08-03 20:25:37 - binding parameter [2] as [BIGINT] - [1]
2025-08-03 20:25:37 - binding parameter [1] as [BIGINT] - [39]
2025-08-03 20:25:37 - binding parameter [2] as [BIGINT] - [1]
2025-08-03 20:25:37 - binding parameter [1] as [BIGINT] - [40]
2025-08-03 20:25:37 - binding parameter [2] as [BIGINT] - [1]
2025-08-03 20:25:37 - binding parameter [1] as [BIGINT] - [41]
2025-08-03 20:25:37 - binding parameter [2] as [BIGINT] - [1]
2025-08-03 20:25:37 - binding parameter [1] as [BIGINT] - [42]
2025-08-03 20:25:37 - binding parameter [2] as [BIGINT] - [1]
2025-08-03 20:25:37 - binding parameter [1] as [BIGINT] - [43]
2025-08-03 20:25:37 - binding parameter [2] as [BIGINT] - [1]
2025-08-03 20:25:37 - binding parameter [1] as [BIGINT] - [44]
2025-08-03 20:25:37 - binding parameter [2] as [BIGINT] - [1]
2025-08-03 20:25:37 - binding parameter [1] as [BIGINT] - [45]
2025-08-03 20:25:37 - binding parameter [2] as [BIGINT] - [1]
2025-08-03 20:25:37 - binding parameter [1] as [BIGINT] - [46]
2025-08-03 20:25:37 - binding parameter [2] as [BIGINT] - [1]
2025-08-03 20:25:37 - binding parameter [1] as [BIGINT] - [47]
2025-08-03 20:25:37 - binding parameter [2] as [BIGINT] - [1]
2025-08-03 20:25:37 - binding parameter [1] as [BIGINT] - [48]
2025-08-03 20:25:37 - binding parameter [2] as [BIGINT] - [1]
2025-08-03 20:25:37 - binding parameter [1] as [BIGINT] - [49]
2025-08-03 20:25:37 - binding parameter [2] as [BIGINT] - [1]
2025-08-03 20:25:37 - binding parameter [1] as [BIGINT] - [50]
2025-08-03 20:25:37 - binding parameter [2] as [BIGINT] - [1]
2025-08-03 20:25:37 - binding parameter [1] as [BIGINT] - [9]
2025-08-03 20:25:37 - binding parameter [2] as [BIGINT] - [50]
2025-08-03 20:25:37 - binding parameter [1] as [BIGINT] - [10]
2025-08-03 20:25:37 - binding parameter [2] as [BIGINT] - [50]
2025-08-03 20:25:37 - binding parameter [1] as [VARCHAR] - [Test User 1]
2025-08-03 20:25:37 - binding parameter [2] as [VARCHAR] - [TEST001234567890]
2025-08-03 20:25:37 - binding parameter [3] as [NUMERIC] - [1000.00]
2025-08-03 20:25:37 - binding parameter [4] as [TIMESTAMP] - [2025-08-03T20:25:37.294018]
2025-08-03 20:25:37 - binding parameter [5] as [VARCHAR] - [USD]
2025-08-03 20:25:37 - binding parameter [6] as [VARCHAR] - [ACTIVE]
2025-08-03 20:25:37 - binding parameter [7] as [TIMESTAMP] - [2025-08-03T20:25:37.294026]
2025-08-03 20:25:37 - binding parameter [8] as [VARCHAR] - [user1]
2025-08-03 20:25:37 - binding parameter [9] as [BIGINT] - [0]
2025-08-03 20:25:37 - binding parameter [1] as [VARCHAR] - [Test User 2]
2025-08-03 20:25:37 - binding parameter [2] as [VARCHAR] - [TEST002345678901]
2025-08-03 20:25:37 - binding parameter [3] as [NUMERIC] - [500.00]
2025-08-03 20:25:37 - binding parameter [4] as [TIMESTAMP] - [2025-08-03T20:25:37.294784]
2025-08-03 20:25:37 - binding parameter [5] as [VARCHAR] - [USD]
2025-08-03 20:25:37 - binding parameter [6] as [VARCHAR] - [ACTIVE]
2025-08-03 20:25:37 - binding parameter [7] as [TIMESTAMP] - [2025-08-03T20:25:37.294788]
2025-08-03 20:25:37 - binding parameter [8] as [VARCHAR] - [user2]
2025-08-03 20:25:37 - binding parameter [9] as [BIGINT] - [0]
2025-08-03 20:25:37 - Processing transfer request: TransferRequest{fromAccountNumber='TEST002345678901', toAccountNumber='TEST001234567890', amount=2000.00, currency=USD, description='Insufficient funds test'}
2025-08-03 20:25:37 - binding parameter [1] as [VARCHAR] - [TEST002345678901]
2025-08-03 20:25:37 - binding parameter [1] as [VARCHAR] - [TEST001234567890]
2025-08-03 20:25:37 - binding parameter [1] as [NUMERIC] - [2000.00]
2025-08-03 20:25:37 - binding parameter [2] as [TIMESTAMP] - [null]
2025-08-03 20:25:37 - binding parameter [3] as [TIMESTAMP] - [2025-08-03T20:25:37.298356]
2025-08-03 20:25:37 - binding parameter [4] as [VARCHAR] - [USD]
2025-08-03 20:25:37 - binding parameter [5] as [VARCHAR] - [Insufficient funds test]
2025-08-03 20:25:37 - binding parameter [6] as [VARCHAR] - [null]
2025-08-03 20:25:37 - binding parameter [7] as [BIGINT] - [12]
2025-08-03 20:25:37 - binding parameter [8] as [TIMESTAMP] - [null]
2025-08-03 20:25:37 - binding parameter [9] as [VARCHAR] - [PENDING]
2025-08-03 20:25:37 - binding parameter [10] as [BIGINT] - [11]
2025-08-03 20:25:37 - binding parameter [11] as [VARCHAR] - [TXN-CBDAD76997DF4837]
2025-08-03 20:25:37 - binding parameter [12] as [TIMESTAMP] - [2025-08-03T20:25:37.298365]
2025-08-03 20:25:37 - binding parameter [13] as [BIGINT] - [0]
2025-08-03 20:25:37 - Transfer processing failed for transferId: TXN-CBDAD76997DF4837
com.moneytransfer.exception.InsufficientFundsException: Insufficient funds in account: TEST002345678901
	at com.moneytransfer.service.TransferService.executeTransfer(TransferService.java:174)
	at com.moneytransfer.service.TransferService.processTransferWithLocking(TransferService.java:136)
	at com.moneytransfer.service.TransferService.processTransfer(TransferService.java:80)
	at com.moneytransfer.service.TransferService$$FastClassBySpringCGLIB$$c976fc01.invoke(<generated>)
	at org.springframework.cglib.proxy.MethodProxy.invoke(MethodProxy.java:218)
	at org.springframework.aop.framework.CglibAopProxy$CglibMethodInvocation.invokeJoinpoint(CglibAopProxy.java:792)
	at org.springframework.aop.framework.ReflectiveMethodInvocation.proceed(ReflectiveMethodInvocation.java:163)
	at org.springframework.aop.framework.CglibAopProxy$CglibMethodInvocation.proceed(CglibAopProxy.java:762)
	at org.springframework.transaction.interceptor.TransactionInterceptor$1.proceedWithInvocation(TransactionInterceptor.java:123)
	at org.springframework.transaction.interceptor.TransactionAspectSupport.invokeWithinTransaction(TransactionAspectSupport.java:388)
	at org.springframework.transaction.interceptor.TransactionInterceptor.invoke(TransactionInterceptor.java:119)
	at org.springframework.aop.framework.ReflectiveMethodInvocation.proceed(ReflectiveMethodInvocation.java:186)
	at org.springframework.aop.framework.CglibAopProxy$CglibMethodInvocation.proceed(CglibAopProxy.java:762)
	at org.springframework.aop.framework.CglibAopProxy$DynamicAdvisedInterceptor.intercept(CglibAopProxy.java:707)
	at com.moneytransfer.service.TransferService$$EnhancerBySpringCGLIB$$14d34d15.processTransfer(<generated>)
	at com.moneytransfer.service.TransferServiceConcurrencyTest.lambda$testInsufficientFundsHandling$3(TransferServiceConcurrencyTest.java:210)
	at org.junit.jupiter.api.AssertThrows.assertThrows(AssertThrows.java:55)
	at org.junit.jupiter.api.AssertThrows.assertThrows(AssertThrows.java:37)
	at org.junit.jupiter.api.Assertions.assertThrows(Assertions.java:3082)
	at com.moneytransfer.service.TransferServiceConcurrencyTest.testInsufficientFundsHandling(TransferServiceConcurrencyTest.java:209)
	at java.base/jdk.internal.reflect.NativeMethodAccessorImpl.invoke0(Native Method)
	at java.base/jdk.internal.reflect.NativeMethodAccessorImpl.invoke(NativeMethodAccessorImpl.java:62)
	at java.base/jdk.internal.reflect.DelegatingMethodAccessorImpl.invoke(DelegatingMethodAccessorImpl.java:43)
	at java.base/java.lang.reflect.Method.invoke(Method.java:566)
	at org.junit.platform.commons.util.ReflectionUtils.invokeMethod(ReflectionUtils.java:725)
	at org.junit.jupiter.engine.execution.MethodInvocation.proceed(MethodInvocation.java:60)
	at org.junit.jupiter.engine.execution.InvocationInterceptorChain$ValidatingInvocation.proceed(InvocationInterceptorChain.java:131)
	at org.junit.jupiter.engine.extension.TimeoutExtension.intercept(TimeoutExtension.java:149)
	at org.junit.jupiter.engine.extension.TimeoutExtension.interceptTestableMethod(TimeoutExtension.java:140)
	at org.junit.jupiter.engine.extension.TimeoutExtension.interceptTestMethod(TimeoutExtension.java:84)
	at org.junit.jupiter.engine.execution.ExecutableInvoker$ReflectiveInterceptorCall.lambda$ofVoidMethod$0(ExecutableInvoker.java:115)
	at org.junit.jupiter.engine.execution.ExecutableInvoker.lambda$invoke$0(ExecutableInvoker.java:105)
	at org.junit.jupiter.engine.execution.InvocationInterceptorChain$InterceptedInvocation.proceed(InvocationInterceptorChain.java:106)
	at org.junit.jupiter.engine.execution.InvocationInterceptorChain.proceed(InvocationInterceptorChain.java:64)
	at org.junit.jupiter.engine.execution.InvocationInterceptorChain.chainAndInvoke(InvocationInterceptorChain.java:45)
	at org.junit.jupiter.engine.execution.InvocationInterceptorChain.invoke(InvocationInterceptorChain.java:37)
	at org.junit.jupiter.engine.execution.ExecutableInvoker.invoke(ExecutableInvoker.java:104)
	at org.junit.jupiter.engine.execution.ExecutableInvoker.invoke(ExecutableInvoker.java:98)
	at org.junit.jupiter.engine.descriptor.TestMethodTestDescriptor.lambda$invokeTestMethod$7(TestMethodTestDescriptor.java:214)
	at org.junit.platform.engine.support.hierarchical.ThrowableCollector.execute(ThrowableCollector.java:73)
	at org.junit.jupiter.engine.descriptor.TestMethodTestDescriptor.invokeTestMethod(TestMethodTestDescriptor.java:210)
	at org.junit.jupiter.engine.descriptor.TestMethodTestDescriptor.execute(TestMethodTestDescriptor.java:135)
	at org.junit.jupiter.engine.descriptor.TestMethodTestDescriptor.execute(TestMethodTestDescriptor.java:66)
	at org.junit.platform.engine.support.hierarchical.NodeTestTask.lambda$executeRecursively$6(NodeTestTask.java:151)
	at org.junit.platform.engine.support.hierarchical.ThrowableCollector.execute(ThrowableCollector.java:73)
	at org.junit.platform.engine.support.hierarchical.NodeTestTask.lambda$executeRecursively$8(NodeTestTask.java:141)
	at org.junit.platform.engine.support.hierarchical.Node.around(Node.java:137)
	at org.junit.platform.engine.support.hierarchical.NodeTestTask.lambda$executeRecursively$9(NodeTestTask.java:139)
	at org.junit.platform.engine.support.hierarchical.ThrowableCollector.execute(ThrowableCollector.java:73)
	at org.junit.platform.engine.support.hierarchical.NodeTestTask.executeRecursively(NodeTestTask.java:138)
	at org.junit.platform.engine.support.hierarchical.NodeTestTask.execute(NodeTestTask.java:95)
	at java.base/java.util.ArrayList.forEach(ArrayList.java:1541)
	at org.junit.platform.engine.support.hierarchical.SameThreadHierarchicalTestExecutorService.invokeAll(SameThreadHierarchicalTestExecutorService.java:41)
	at org.junit.platform.engine.support.hierarchical.NodeTestTask.lambda$executeRecursively$6(NodeTestTask.java:155)
	at org.junit.platform.engine.support.hierarchical.ThrowableCollector.execute(ThrowableCollector.java:73)
	at org.junit.platform.engine.support.hierarchical.NodeTestTask.lambda$executeRecursively$8(NodeTestTask.java:141)
	at org.junit.platform.engine.support.hierarchical.Node.around(Node.java:137)
	at org.junit.platform.engine.support.hierarchical.NodeTestTask.lambda$executeRecursively$9(NodeTestTask.java:139)
	at org.junit.platform.engine.support.hierarchical.ThrowableCollector.execute(ThrowableCollector.java:73)
	at org.junit.platform.engine.support.hierarchical.NodeTestTask.executeRecursively(NodeTestTask.java:138)
	at org.junit.platform.engine.support.hierarchical.NodeTestTask.execute(NodeTestTask.java:95)
	at java.base/java.util.ArrayList.forEach(ArrayList.java:1541)
	at org.junit.platform.engine.support.hierarchical.SameThreadHierarchicalTestExecutorService.invokeAll(SameThreadHierarchicalTestExecutorService.java:41)
	at org.junit.platform.engine.support.hierarchical.NodeTestTask.lambda$executeRecursively$6(NodeTestTask.java:155)
	at org.junit.platform.engine.support.hierarchical.ThrowableCollector.execute(ThrowableCollector.java:73)
	at org.junit.platform.engine.support.hierarchical.NodeTestTask.lambda$executeRecursively$8(NodeTestTask.java:141)
	at org.junit.platform.engine.support.hierarchical.Node.around(Node.java:137)
	at org.junit.platform.engine.support.hierarchical.NodeTestTask.lambda$executeRecursively$9(NodeTestTask.java:139)
	at org.junit.platform.engine.support.hierarchical.ThrowableCollector.execute(ThrowableCollector.java:73)
	at org.junit.platform.engine.support.hierarchical.NodeTestTask.executeRecursively(NodeTestTask.java:138)
	at org.junit.platform.engine.support.hierarchical.NodeTestTask.execute(NodeTestTask.java:95)
	at org.junit.platform.engine.support.hierarchical.SameThreadHierarchicalTestExecutorService.submit(SameThreadHierarchicalTestExecutorService.java:35)
	at org.junit.platform.engine.support.hierarchical.HierarchicalTestExecutor.execute(HierarchicalTestExecutor.java:57)
	at org.junit.platform.engine.support.hierarchical.HierarchicalTestEngine.execute(HierarchicalTestEngine.java:54)
	at org.junit.platform.launcher.core.DefaultLauncher.execute(DefaultLauncher.java:220)
	at org.junit.platform.launcher.core.DefaultLauncher.lambda$execute$6(DefaultLauncher.java:188)
	at org.junit.platform.launcher.core.DefaultLauncher.withInterceptedStreams(DefaultLauncher.java:202)
	at org.junit.platform.launcher.core.DefaultLauncher.execute(DefaultLauncher.java:181)
	at org.junit.platform.launcher.core.DefaultLauncher.execute(DefaultLauncher.java:128)
	at org.apache.maven.surefire.junitplatform.JUnitPlatformProvider.invokeAllTests(JUnitPlatformProvider.java:150)
	at org.apache.maven.surefire.junitplatform.JUnitPlatformProvider.invoke(JUnitPlatformProvider.java:124)
	at org.apache.maven.surefire.booter.ForkedBooter.invokeProviderInSameClassLoader(ForkedBooter.java:384)
	at org.apache.maven.surefire.booter.ForkedBooter.runSuitesInProcess(ForkedBooter.java:345)
	at org.apache.maven.surefire.booter.ForkedBooter.execute(ForkedBooter.java:126)
	at org.apache.maven.surefire.booter.ForkedBooter.main(ForkedBooter.java:418)
]]></system-out>
  </testcase>
  <testcase name="testTransferToSameAccount" classname="com.moneytransfer.service.TransferServiceConcurrencyTest" time="0.024"/>
  <testcase name="testBidirectionalConcurrentTransfers" classname="com.moneytransfer.service.TransferServiceConcurrencyTest" time="0.051">
    <error message="org.opentest4j.AssertionFailedError: Transfer 2 failed: could not extract ResultSet; SQL [n/a]; nested exception is org.hibernate.exception.LockAcquisitionException: could not extract ResultSet" type="java.util.concurrent.CompletionException">java.util.concurrent.CompletionException: org.opentest4j.AssertionFailedError: Transfer 2 failed: could not extract ResultSet; SQL [n/a]; nested exception is org.hibernate.exception.LockAcquisitionException: could not extract ResultSet
	at com.moneytransfer.service.TransferServiceConcurrencyTest.lambda$testBidirectionalConcurrentTransfers$2(TransferServiceConcurrencyTest.java:174)
</error>
    <system-out><![CDATA[2025-08-03 20:25:37 - binding parameter [1] as [BIGINT] - [13]
2025-08-03 20:25:37 - binding parameter [2] as [BIGINT] - [0]
2025-08-03 20:25:37 - binding parameter [1] as [BIGINT] - [14]
2025-08-03 20:25:37 - binding parameter [2] as [BIGINT] - [0]
2025-08-03 20:25:37 - binding parameter [1] as [VARCHAR] - [Test User 1]
2025-08-03 20:25:37 - binding parameter [2] as [VARCHAR] - [TEST001234567890]
2025-08-03 20:25:37 - binding parameter [3] as [NUMERIC] - [1000.00]
2025-08-03 20:25:37 - binding parameter [4] as [TIMESTAMP] - [2025-08-03T20:25:37.341170]
2025-08-03 20:25:37 - binding parameter [5] as [VARCHAR] - [USD]
2025-08-03 20:25:37 - binding parameter [6] as [VARCHAR] - [ACTIVE]
2025-08-03 20:25:37 - binding parameter [7] as [TIMESTAMP] - [2025-08-03T20:25:37.341196]
2025-08-03 20:25:37 - binding parameter [8] as [VARCHAR] - [user1]
2025-08-03 20:25:37 - binding parameter [9] as [BIGINT] - [0]
2025-08-03 20:25:37 - binding parameter [1] as [VARCHAR] - [Test User 2]
2025-08-03 20:25:37 - binding parameter [2] as [VARCHAR] - [TEST002345678901]
2025-08-03 20:25:37 - binding parameter [3] as [NUMERIC] - [500.00]
2025-08-03 20:25:37 - binding parameter [4] as [TIMESTAMP] - [2025-08-03T20:25:37.342654]
2025-08-03 20:25:37 - binding parameter [5] as [VARCHAR] - [USD]
2025-08-03 20:25:37 - binding parameter [6] as [VARCHAR] - [ACTIVE]
2025-08-03 20:25:37 - binding parameter [7] as [TIMESTAMP] - [2025-08-03T20:25:37.342662]
2025-08-03 20:25:37 - binding parameter [8] as [VARCHAR] - [user2]
2025-08-03 20:25:37 - binding parameter [9] as [BIGINT] - [0]
2025-08-03 20:25:37 - Processing transfer request: TransferRequest{fromAccountNumber='TEST001234567890', toAccountNumber='TEST002345678901', amount=5.00, currency=USD, description='Bidirectional transfer test 0'}
2025-08-03 20:25:37 - Processing transfer request: TransferRequest{fromAccountNumber='TEST002345678901', toAccountNumber='TEST001234567890', amount=5.00, currency=USD, description='Bidirectional transfer test 0'}
2025-08-03 20:25:37 - binding parameter [1] as [VARCHAR] - [TEST001234567890]
2025-08-03 20:25:37 - binding parameter [1] as [VARCHAR] - [TEST002345678901]
2025-08-03 20:25:37 - binding parameter [1] as [VARCHAR] - [TEST002345678901]
2025-08-03 20:25:37 - binding parameter [1] as [VARCHAR] - [TEST001234567890]
2025-08-03 20:25:37 - Processing transfer request: TransferRequest{fromAccountNumber='TEST001234567890', toAccountNumber='TEST002345678901', amount=5.00, currency=USD, description='Bidirectional transfer test 1'}
2025-08-03 20:25:37 - binding parameter [1] as [VARCHAR] - [TEST001234567890]
2025-08-03 20:25:37 - SQL Error: 40001, SQLState: 40001
2025-08-03 20:25:37 - Deadlock detected. The current transaction was rolled back. Details: "ACCOUNTS"; SQL statement:
select account0_.id as id1_0_, account0_.account_holder_name as account_2_0_, account0_.account_number as account_3_0_, account0_.balance as balance4_0_, account0_.created_at as created_5_0_, account0_.currency as currency6_0_, account0_.status as status7_0_, account0_.updated_at as updated_8_0_, account0_.user_id as user_id9_0_, account0_.version as version10_0_ from accounts account0_ where account0_.account_number=? for update [40001-214]
2025-08-03 20:25:37 - binding parameter [1] as [NUMERIC] - [5.00]
2025-08-03 20:25:37 - binding parameter [2] as [TIMESTAMP] - [null]
2025-08-03 20:25:37 - binding parameter [3] as [TIMESTAMP] - [2025-08-03T20:25:37.350832]
2025-08-03 20:25:37 - binding parameter [4] as [VARCHAR] - [USD]
2025-08-03 20:25:37 - binding parameter [5] as [VARCHAR] - [Bidirectional transfer test 0]
2025-08-03 20:25:37 - binding parameter [6] as [VARCHAR] - [null]
2025-08-03 20:25:37 - binding parameter [7] as [BIGINT] - [15]
2025-08-03 20:25:37 - binding parameter [8] as [TIMESTAMP] - [null]
2025-08-03 20:25:37 - binding parameter [9] as [VARCHAR] - [PENDING]
2025-08-03 20:25:37 - binding parameter [10] as [BIGINT] - [16]
2025-08-03 20:25:37 - binding parameter [11] as [VARCHAR] - [TXN-B03D4B8CD4DB4CE9]
2025-08-03 20:25:37 - binding parameter [12] as [TIMESTAMP] - [2025-08-03T20:25:37.350839]
2025-08-03 20:25:37 - binding parameter [13] as [BIGINT] - [0]
2025-08-03 20:25:37 - Processing transfer request: TransferRequest{fromAccountNumber='TEST002345678901', toAccountNumber='TEST001234567890', amount=5.00, currency=USD, description='Bidirectional transfer test 1'}
2025-08-03 20:25:37 - Transfer completed successfully: TXN-B03D4B8CD4DB4CE9
2025-08-03 20:25:37 - binding parameter [1] as [VARCHAR] - [TEST002345678901]
2025-08-03 20:25:37 - binding parameter [1] as [VARCHAR] - [Test User 1]
2025-08-03 20:25:37 - binding parameter [2] as [VARCHAR] - [TEST001234567890]
2025-08-03 20:25:37 - binding parameter [3] as [NUMERIC] - [995.00]
2025-08-03 20:25:37 - binding parameter [4] as [VARCHAR] - [USD]
2025-08-03 20:25:37 - binding parameter [5] as [VARCHAR] - [ACTIVE]
2025-08-03 20:25:37 - binding parameter [6] as [TIMESTAMP] - [2025-08-03T20:25:37.352567]
2025-08-03 20:25:37 - binding parameter [7] as [VARCHAR] - [user1]
2025-08-03 20:25:37 - binding parameter [8] as [BIGINT] - [1]
2025-08-03 20:25:37 - binding parameter [9] as [BIGINT] - [15]
2025-08-03 20:25:37 - binding parameter [10] as [BIGINT] - [0]
2025-08-03 20:25:37 - binding parameter [1] as [VARCHAR] - [Test User 2]
2025-08-03 20:25:37 - binding parameter [2] as [VARCHAR] - [TEST002345678901]
2025-08-03 20:25:37 - binding parameter [3] as [NUMERIC] - [505.00]
2025-08-03 20:25:37 - binding parameter [4] as [VARCHAR] - [USD]
2025-08-03 20:25:37 - binding parameter [5] as [VARCHAR] - [ACTIVE]
2025-08-03 20:25:37 - binding parameter [6] as [TIMESTAMP] - [2025-08-03T20:25:37.353048]
2025-08-03 20:25:37 - binding parameter [7] as [VARCHAR] - [user2]
2025-08-03 20:25:37 - binding parameter [8] as [BIGINT] - [1]
2025-08-03 20:25:37 - binding parameter [9] as [BIGINT] - [16]
2025-08-03 20:25:37 - binding parameter [10] as [BIGINT] - [0]
2025-08-03 20:25:37 - binding parameter [1] as [NUMERIC] - [5.00]
2025-08-03 20:25:37 - binding parameter [2] as [TIMESTAMP] - [2025-08-03T20:25:37.352326]
2025-08-03 20:25:37 - binding parameter [3] as [VARCHAR] - [USD]
2025-08-03 20:25:37 - binding parameter [4] as [VARCHAR] - [Bidirectional transfer test 0]
2025-08-03 20:25:37 - binding parameter [5] as [VARCHAR] - [null]
2025-08-03 20:25:37 - binding parameter [6] as [BIGINT] - [15]
2025-08-03 20:25:37 - binding parameter [7] as [TIMESTAMP] - [2025-08-03T20:25:37.352174]
2025-08-03 20:25:37 - binding parameter [8] as [VARCHAR] - [COMPLETED]
2025-08-03 20:25:37 - binding parameter [9] as [BIGINT] - [16]
2025-08-03 20:25:37 - binding parameter [10] as [VARCHAR] - [TXN-B03D4B8CD4DB4CE9]
2025-08-03 20:25:37 - binding parameter [11] as [TIMESTAMP] - [2025-08-03T20:25:37.353261]
2025-08-03 20:25:37 - binding parameter [12] as [BIGINT] - [1]
2025-08-03 20:25:37 - binding parameter [13] as [BIGINT] - [52]
2025-08-03 20:25:37 - binding parameter [14] as [BIGINT] - [0]
2025-08-03 20:25:37 - binding parameter [1] as [VARCHAR] - [TEST002345678901]
2025-08-03 20:25:37 - Processing transfer request: TransferRequest{fromAccountNumber='TEST001234567890', toAccountNumber='TEST002345678901', amount=5.00, currency=USD, description='Bidirectional transfer test 2'}
2025-08-03 20:25:37 - binding parameter [1] as [VARCHAR] - [TEST001234567890]
2025-08-03 20:25:37 - binding parameter [1] as [VARCHAR] - [TEST001234567890]
2025-08-03 20:25:37 - SQL Error: 40001, SQLState: 40001
2025-08-03 20:25:37 - Deadlock detected. The current transaction was rolled back. Details: "ACCOUNTS"; SQL statement:
select account0_.id as id1_0_, account0_.account_holder_name as account_2_0_, account0_.account_number as account_3_0_, account0_.balance as balance4_0_, account0_.created_at as created_5_0_, account0_.currency as currency6_0_, account0_.status as status7_0_, account0_.updated_at as updated_8_0_, account0_.user_id as user_id9_0_, account0_.version as version10_0_ from accounts account0_ where account0_.account_number=? for update [40001-214]
2025-08-03 20:25:37 - Processing transfer request: TransferRequest{fromAccountNumber='TEST002345678901', toAccountNumber='TEST001234567890', amount=5.00, currency=USD, description='Bidirectional transfer test 2'}
2025-08-03 20:25:37 - Processing transfer request: TransferRequest{fromAccountNumber='TEST001234567890', toAccountNumber='TEST002345678901', amount=5.00, currency=USD, description='Bidirectional transfer test 3'}
2025-08-03 20:25:37 - Processing transfer request: TransferRequest{fromAccountNumber='TEST002345678901', toAccountNumber='TEST001234567890', amount=5.00, currency=USD, description='Bidirectional transfer test 3'}
2025-08-03 20:25:37 - binding parameter [1] as [VARCHAR] - [TEST002345678901]
2025-08-03 20:25:37 - binding parameter [1] as [VARCHAR] - [TEST001234567890]
2025-08-03 20:25:37 - binding parameter [1] as [VARCHAR] - [TEST002345678901]
2025-08-03 20:25:37 - binding parameter [1] as [VARCHAR] - [TEST001234567890]
2025-08-03 20:25:37 - SQL Error: 40001, SQLState: 40001
2025-08-03 20:25:37 - Deadlock detected. The current transaction was rolled back. Details: "ACCOUNTS"; SQL statement:
select account0_.id as id1_0_, account0_.account_holder_name as account_2_0_, account0_.account_number as account_3_0_, account0_.balance as balance4_0_, account0_.created_at as created_5_0_, account0_.currency as currency6_0_, account0_.status as status7_0_, account0_.updated_at as updated_8_0_, account0_.user_id as user_id9_0_, account0_.version as version10_0_ from accounts account0_ where account0_.account_number=? for update [40001-214]
2025-08-03 20:25:37 - Processing transfer request: TransferRequest{fromAccountNumber='TEST001234567890', toAccountNumber='TEST002345678901', amount=5.00, currency=USD, description='Bidirectional transfer test 4'}
2025-08-03 20:25:37 - binding parameter [1] as [VARCHAR] - [TEST001234567890]
2025-08-03 20:25:37 - binding parameter [1] as [VARCHAR] - [TEST001234567890]
2025-08-03 20:25:37 - SQL Error: 40001, SQLState: 40001
2025-08-03 20:25:37 - Deadlock detected. The current transaction was rolled back. Details: "ACCOUNTS"; SQL statement:
select account0_.id as id1_0_, account0_.account_holder_name as account_2_0_, account0_.account_number as account_3_0_, account0_.balance as balance4_0_, account0_.created_at as created_5_0_, account0_.currency as currency6_0_, account0_.status as status7_0_, account0_.updated_at as updated_8_0_, account0_.user_id as user_id9_0_, account0_.version as version10_0_ from accounts account0_ where account0_.account_number=? for update [40001-214]
2025-08-03 20:25:37 - Processing transfer request: TransferRequest{fromAccountNumber='TEST002345678901', toAccountNumber='TEST001234567890', amount=5.00, currency=USD, description='Bidirectional transfer test 4'}
2025-08-03 20:25:37 - binding parameter [1] as [VARCHAR] - [TEST002345678901]
2025-08-03 20:25:37 - binding parameter [1] as [NUMERIC] - [5.00]
2025-08-03 20:25:37 - binding parameter [2] as [TIMESTAMP] - [null]
2025-08-03 20:25:37 - binding parameter [3] as [TIMESTAMP] - [2025-08-03T20:25:37.363271]
2025-08-03 20:25:37 - binding parameter [4] as [VARCHAR] - [USD]
2025-08-03 20:25:37 - binding parameter [5] as [VARCHAR] - [Bidirectional transfer test 1]
2025-08-03 20:25:37 - binding parameter [6] as [VARCHAR] - [null]
2025-08-03 20:25:37 - binding parameter [7] as [BIGINT] - [15]
2025-08-03 20:25:37 - binding parameter [8] as [TIMESTAMP] - [null]
2025-08-03 20:25:37 - binding parameter [9] as [VARCHAR] - [PENDING]
2025-08-03 20:25:37 - binding parameter [10] as [BIGINT] - [16]
2025-08-03 20:25:37 - binding parameter [11] as [VARCHAR] - [TXN-22D0A9DFBBF14DB2]
2025-08-03 20:25:37 - binding parameter [12] as [TIMESTAMP] - [2025-08-03T20:25:37.363280]
2025-08-03 20:25:37 - binding parameter [13] as [BIGINT] - [0]
2025-08-03 20:25:37 - Transfer completed successfully: TXN-22D0A9DFBBF14DB2
2025-08-03 20:25:37 - binding parameter [1] as [VARCHAR] - [Test User 1]
2025-08-03 20:25:37 - binding parameter [2] as [VARCHAR] - [TEST001234567890]
2025-08-03 20:25:37 - binding parameter [3] as [NUMERIC] - [990.00]
2025-08-03 20:25:37 - binding parameter [4] as [VARCHAR] - [USD]
2025-08-03 20:25:37 - binding parameter [5] as [VARCHAR] - [ACTIVE]
2025-08-03 20:25:37 - binding parameter [6] as [TIMESTAMP] - [2025-08-03T20:25:37.365793]
2025-08-03 20:25:37 - binding parameter [7] as [VARCHAR] - [user1]
2025-08-03 20:25:37 - binding parameter [8] as [BIGINT] - [2]
2025-08-03 20:25:37 - binding parameter [9] as [BIGINT] - [15]
2025-08-03 20:25:37 - binding parameter [10] as [BIGINT] - [1]
2025-08-03 20:25:37 - binding parameter [1] as [VARCHAR] - [Test User 2]
2025-08-03 20:25:37 - binding parameter [2] as [VARCHAR] - [TEST002345678901]
2025-08-03 20:25:37 - binding parameter [3] as [NUMERIC] - [510.00]
2025-08-03 20:25:37 - binding parameter [4] as [VARCHAR] - [USD]
2025-08-03 20:25:37 - binding parameter [5] as [VARCHAR] - [ACTIVE]
2025-08-03 20:25:37 - binding parameter [6] as [TIMESTAMP] - [2025-08-03T20:25:37.366221]
2025-08-03 20:25:37 - binding parameter [7] as [VARCHAR] - [user2]
2025-08-03 20:25:37 - binding parameter [8] as [BIGINT] - [2]
2025-08-03 20:25:37 - binding parameter [9] as [BIGINT] - [16]
2025-08-03 20:25:37 - binding parameter [10] as [BIGINT] - [1]
2025-08-03 20:25:37 - binding parameter [1] as [NUMERIC] - [5.00]
2025-08-03 20:25:37 - binding parameter [2] as [TIMESTAMP] - [2025-08-03T20:25:37.365441]
2025-08-03 20:25:37 - binding parameter [3] as [VARCHAR] - [USD]
2025-08-03 20:25:37 - binding parameter [4] as [VARCHAR] - [Bidirectional transfer test 1]
2025-08-03 20:25:37 - binding parameter [5] as [VARCHAR] - [null]
2025-08-03 20:25:37 - binding parameter [6] as [BIGINT] - [15]
2025-08-03 20:25:37 - binding parameter [7] as [TIMESTAMP] - [2025-08-03T20:25:37.365257]
2025-08-03 20:25:37 - binding parameter [8] as [VARCHAR] - [COMPLETED]
2025-08-03 20:25:37 - binding parameter [9] as [BIGINT] - [16]
2025-08-03 20:25:37 - binding parameter [10] as [VARCHAR] - [TXN-22D0A9DFBBF14DB2]
2025-08-03 20:25:37 - binding parameter [11] as [TIMESTAMP] - [2025-08-03T20:25:37.366412]
2025-08-03 20:25:37 - binding parameter [12] as [BIGINT] - [1]
2025-08-03 20:25:37 - binding parameter [13] as [BIGINT] - [53]
2025-08-03 20:25:37 - binding parameter [14] as [BIGINT] - [0]
2025-08-03 20:25:37 - binding parameter [1] as [VARCHAR] - [TEST002345678901]
2025-08-03 20:25:37 - binding parameter [1] as [VARCHAR] - [TEST001234567890]
2025-08-03 20:25:37 - SQL Error: 40001, SQLState: 40001
2025-08-03 20:25:37 - Deadlock detected. The current transaction was rolled back. Details: "ACCOUNTS"; SQL statement:
select account0_.id as id1_0_, account0_.account_holder_name as account_2_0_, account0_.account_number as account_3_0_, account0_.balance as balance4_0_, account0_.created_at as created_5_0_, account0_.currency as currency6_0_, account0_.status as status7_0_, account0_.updated_at as updated_8_0_, account0_.user_id as user_id9_0_, account0_.version as version10_0_ from accounts account0_ where account0_.account_number=? for update [40001-214]
2025-08-03 20:25:37 - binding parameter [1] as [NUMERIC] - [5.00]
2025-08-03 20:25:37 - binding parameter [2] as [TIMESTAMP] - [null]
2025-08-03 20:25:37 - binding parameter [3] as [TIMESTAMP] - [2025-08-03T20:25:37.378339]
2025-08-03 20:25:37 - binding parameter [4] as [VARCHAR] - [USD]
2025-08-03 20:25:37 - binding parameter [5] as [VARCHAR] - [Bidirectional transfer test 2]
2025-08-03 20:25:37 - binding parameter [6] as [VARCHAR] - [null]
2025-08-03 20:25:37 - binding parameter [7] as [BIGINT] - [15]
2025-08-03 20:25:37 - binding parameter [8] as [TIMESTAMP] - [null]
2025-08-03 20:25:37 - binding parameter [9] as [VARCHAR] - [PENDING]
2025-08-03 20:25:37 - binding parameter [10] as [BIGINT] - [16]
2025-08-03 20:25:37 - binding parameter [11] as [VARCHAR] - [TXN-AFE36BA8FD8C4593]
2025-08-03 20:25:37 - binding parameter [12] as [TIMESTAMP] - [2025-08-03T20:25:37.378349]
2025-08-03 20:25:37 - binding parameter [13] as [BIGINT] - [0]
2025-08-03 20:25:37 - Transfer completed successfully: TXN-AFE36BA8FD8C4593
2025-08-03 20:25:37 - binding parameter [1] as [VARCHAR] - [Test User 1]
2025-08-03 20:25:37 - binding parameter [2] as [VARCHAR] - [TEST001234567890]
2025-08-03 20:25:37 - binding parameter [3] as [NUMERIC] - [985.00]
2025-08-03 20:25:37 - binding parameter [4] as [VARCHAR] - [USD]
2025-08-03 20:25:37 - binding parameter [5] as [VARCHAR] - [ACTIVE]
2025-08-03 20:25:37 - binding parameter [6] as [TIMESTAMP] - [2025-08-03T20:25:37.379422]
2025-08-03 20:25:37 - binding parameter [7] as [VARCHAR] - [user1]
2025-08-03 20:25:37 - binding parameter [8] as [BIGINT] - [3]
2025-08-03 20:25:37 - binding parameter [9] as [BIGINT] - [15]
2025-08-03 20:25:37 - binding parameter [10] as [BIGINT] - [2]
2025-08-03 20:25:37 - binding parameter [1] as [VARCHAR] - [Test User 2]
2025-08-03 20:25:37 - binding parameter [2] as [VARCHAR] - [TEST002345678901]
2025-08-03 20:25:37 - binding parameter [3] as [NUMERIC] - [515.00]
2025-08-03 20:25:37 - binding parameter [4] as [VARCHAR] - [USD]
2025-08-03 20:25:37 - binding parameter [5] as [VARCHAR] - [ACTIVE]
2025-08-03 20:25:37 - binding parameter [6] as [TIMESTAMP] - [2025-08-03T20:25:37.379775]
2025-08-03 20:25:37 - binding parameter [7] as [VARCHAR] - [user2]
2025-08-03 20:25:37 - binding parameter [8] as [BIGINT] - [3]
2025-08-03 20:25:37 - binding parameter [9] as [BIGINT] - [16]
2025-08-03 20:25:37 - binding parameter [10] as [BIGINT] - [2]
2025-08-03 20:25:37 - binding parameter [1] as [NUMERIC] - [5.00]
2025-08-03 20:25:37 - binding parameter [2] as [TIMESTAMP] - [2025-08-03T20:25:37.379118]
2025-08-03 20:25:37 - binding parameter [3] as [VARCHAR] - [USD]
2025-08-03 20:25:37 - binding parameter [4] as [VARCHAR] - [Bidirectional transfer test 2]
2025-08-03 20:25:37 - binding parameter [5] as [VARCHAR] - [null]
2025-08-03 20:25:37 - binding parameter [6] as [BIGINT] - [15]
2025-08-03 20:25:37 - binding parameter [7] as [TIMESTAMP] - [2025-08-03T20:25:37.378966]
2025-08-03 20:25:37 - binding parameter [8] as [VARCHAR] - [COMPLETED]
2025-08-03 20:25:37 - binding parameter [9] as [BIGINT] - [16]
2025-08-03 20:25:37 - binding parameter [10] as [VARCHAR] - [TXN-AFE36BA8FD8C4593]
2025-08-03 20:25:37 - binding parameter [11] as [TIMESTAMP] - [2025-08-03T20:25:37.380173]
2025-08-03 20:25:37 - binding parameter [12] as [BIGINT] - [1]
2025-08-03 20:25:37 - binding parameter [13] as [BIGINT] - [54]
2025-08-03 20:25:37 - binding parameter [14] as [BIGINT] - [0]
2025-08-03 20:25:37 - binding parameter [1] as [VARCHAR] - [TEST002345678901]
2025-08-03 20:25:37 - binding parameter [1] as [NUMERIC] - [5.00]
2025-08-03 20:25:37 - binding parameter [2] as [TIMESTAMP] - [null]
2025-08-03 20:25:37 - binding parameter [3] as [TIMESTAMP] - [2025-08-03T20:25:37.381942]
2025-08-03 20:25:37 - binding parameter [4] as [VARCHAR] - [USD]
2025-08-03 20:25:37 - binding parameter [5] as [VARCHAR] - [Bidirectional transfer test 4]
2025-08-03 20:25:37 - binding parameter [6] as [VARCHAR] - [null]
2025-08-03 20:25:37 - binding parameter [7] as [BIGINT] - [15]
2025-08-03 20:25:37 - binding parameter [8] as [TIMESTAMP] - [null]
2025-08-03 20:25:37 - binding parameter [9] as [VARCHAR] - [PENDING]
2025-08-03 20:25:37 - binding parameter [10] as [BIGINT] - [16]
2025-08-03 20:25:37 - binding parameter [11] as [VARCHAR] - [TXN-9155AE80C4E645D6]
2025-08-03 20:25:37 - binding parameter [12] as [TIMESTAMP] - [2025-08-03T20:25:37.381948]
2025-08-03 20:25:37 - binding parameter [13] as [BIGINT] - [0]
2025-08-03 20:25:37 - Transfer completed successfully: TXN-9155AE80C4E645D6
2025-08-03 20:25:37 - binding parameter [1] as [VARCHAR] - [Test User 1]
2025-08-03 20:25:37 - binding parameter [2] as [VARCHAR] - [TEST001234567890]
2025-08-03 20:25:37 - binding parameter [3] as [NUMERIC] - [980.00]
2025-08-03 20:25:37 - binding parameter [4] as [VARCHAR] - [USD]
2025-08-03 20:25:37 - binding parameter [5] as [VARCHAR] - [ACTIVE]
2025-08-03 20:25:37 - binding parameter [6] as [TIMESTAMP] - [2025-08-03T20:25:37.382941]
2025-08-03 20:25:37 - binding parameter [7] as [VARCHAR] - [user1]
2025-08-03 20:25:37 - binding parameter [8] as [BIGINT] - [4]
2025-08-03 20:25:37 - binding parameter [9] as [BIGINT] - [15]
2025-08-03 20:25:37 - binding parameter [10] as [BIGINT] - [3]
2025-08-03 20:25:37 - binding parameter [1] as [VARCHAR] - [Test User 2]
2025-08-03 20:25:37 - binding parameter [2] as [VARCHAR] - [TEST002345678901]
2025-08-03 20:25:37 - binding parameter [3] as [NUMERIC] - [520.00]
2025-08-03 20:25:37 - binding parameter [4] as [VARCHAR] - [USD]
2025-08-03 20:25:37 - binding parameter [5] as [VARCHAR] - [ACTIVE]
2025-08-03 20:25:37 - binding parameter [6] as [TIMESTAMP] - [2025-08-03T20:25:37.383297]
2025-08-03 20:25:37 - binding parameter [7] as [VARCHAR] - [user2]
2025-08-03 20:25:37 - binding parameter [8] as [BIGINT] - [4]
2025-08-03 20:25:37 - binding parameter [9] as [BIGINT] - [16]
2025-08-03 20:25:37 - binding parameter [10] as [BIGINT] - [3]
2025-08-03 20:25:37 - binding parameter [1] as [NUMERIC] - [5.00]
2025-08-03 20:25:37 - binding parameter [2] as [TIMESTAMP] - [2025-08-03T20:25:37.382570]
2025-08-03 20:25:37 - binding parameter [3] as [VARCHAR] - [USD]
2025-08-03 20:25:37 - binding parameter [4] as [VARCHAR] - [Bidirectional transfer test 4]
2025-08-03 20:25:37 - binding parameter [5] as [VARCHAR] - [null]
2025-08-03 20:25:37 - binding parameter [6] as [BIGINT] - [15]
2025-08-03 20:25:37 - binding parameter [7] as [TIMESTAMP] - [2025-08-03T20:25:37.382453]
2025-08-03 20:25:37 - binding parameter [8] as [VARCHAR] - [COMPLETED]
2025-08-03 20:25:37 - binding parameter [9] as [BIGINT] - [16]
2025-08-03 20:25:37 - binding parameter [10] as [VARCHAR] - [TXN-9155AE80C4E645D6]
2025-08-03 20:25:37 - binding parameter [11] as [TIMESTAMP] - [2025-08-03T20:25:37.383493]
2025-08-03 20:25:37 - binding parameter [12] as [BIGINT] - [1]
2025-08-03 20:25:37 - binding parameter [13] as [BIGINT] - [55]
2025-08-03 20:25:37 - binding parameter [14] as [BIGINT] - [0]
2025-08-03 20:25:37 - binding parameter [1] as [VARCHAR] - [TEST002345678901]
2025-08-03 20:25:37 - binding parameter [1] as [NUMERIC] - [5.00]
2025-08-03 20:25:37 - binding parameter [2] as [TIMESTAMP] - [null]
2025-08-03 20:25:37 - binding parameter [3] as [TIMESTAMP] - [2025-08-03T20:25:37.385041]
2025-08-03 20:25:37 - binding parameter [4] as [VARCHAR] - [USD]
2025-08-03 20:25:37 - binding parameter [5] as [VARCHAR] - [Bidirectional transfer test 3]
2025-08-03 20:25:37 - binding parameter [6] as [VARCHAR] - [null]
2025-08-03 20:25:37 - binding parameter [7] as [BIGINT] - [15]
2025-08-03 20:25:37 - binding parameter [8] as [TIMESTAMP] - [null]
2025-08-03 20:25:37 - binding parameter [9] as [VARCHAR] - [PENDING]
2025-08-03 20:25:37 - binding parameter [10] as [BIGINT] - [16]
2025-08-03 20:25:37 - binding parameter [11] as [VARCHAR] - [TXN-52256E86DD0F4713]
2025-08-03 20:25:37 - binding parameter [12] as [TIMESTAMP] - [2025-08-03T20:25:37.385047]
2025-08-03 20:25:37 - binding parameter [13] as [BIGINT] - [0]
2025-08-03 20:25:37 - Transfer completed successfully: TXN-52256E86DD0F4713
2025-08-03 20:25:37 - binding parameter [1] as [VARCHAR] - [Test User 1]
2025-08-03 20:25:37 - binding parameter [2] as [VARCHAR] - [TEST001234567890]
2025-08-03 20:25:37 - binding parameter [3] as [NUMERIC] - [975.00]
2025-08-03 20:25:37 - binding parameter [4] as [VARCHAR] - [USD]
2025-08-03 20:25:37 - binding parameter [5] as [VARCHAR] - [ACTIVE]
2025-08-03 20:25:37 - binding parameter [6] as [TIMESTAMP] - [2025-08-03T20:25:37.386195]
2025-08-03 20:25:37 - binding parameter [7] as [VARCHAR] - [user1]
2025-08-03 20:25:37 - binding parameter [8] as [BIGINT] - [5]
2025-08-03 20:25:37 - binding parameter [9] as [BIGINT] - [15]
2025-08-03 20:25:37 - binding parameter [10] as [BIGINT] - [4]
2025-08-03 20:25:37 - binding parameter [1] as [VARCHAR] - [Test User 2]
2025-08-03 20:25:37 - binding parameter [2] as [VARCHAR] - [TEST002345678901]
2025-08-03 20:25:37 - binding parameter [3] as [NUMERIC] - [525.00]
2025-08-03 20:25:37 - binding parameter [4] as [VARCHAR] - [USD]
2025-08-03 20:25:37 - binding parameter [5] as [VARCHAR] - [ACTIVE]
2025-08-03 20:25:37 - binding parameter [6] as [TIMESTAMP] - [2025-08-03T20:25:37.386597]
2025-08-03 20:25:37 - binding parameter [7] as [VARCHAR] - [user2]
2025-08-03 20:25:37 - binding parameter [8] as [BIGINT] - [5]
2025-08-03 20:25:37 - binding parameter [9] as [BIGINT] - [16]
2025-08-03 20:25:37 - binding parameter [10] as [BIGINT] - [4]
2025-08-03 20:25:37 - binding parameter [1] as [NUMERIC] - [5.00]
2025-08-03 20:25:37 - binding parameter [2] as [TIMESTAMP] - [2025-08-03T20:25:37.385963]
2025-08-03 20:25:37 - binding parameter [3] as [VARCHAR] - [USD]
2025-08-03 20:25:37 - binding parameter [4] as [VARCHAR] - [Bidirectional transfer test 3]
2025-08-03 20:25:37 - binding parameter [5] as [VARCHAR] - [null]
2025-08-03 20:25:37 - binding parameter [6] as [BIGINT] - [15]
2025-08-03 20:25:37 - binding parameter [7] as [TIMESTAMP] - [2025-08-03T20:25:37.385820]
2025-08-03 20:25:37 - binding parameter [8] as [VARCHAR] - [COMPLETED]
2025-08-03 20:25:37 - binding parameter [9] as [BIGINT] - [16]
2025-08-03 20:25:37 - binding parameter [10] as [VARCHAR] - [TXN-52256E86DD0F4713]
2025-08-03 20:25:37 - binding parameter [11] as [TIMESTAMP] - [2025-08-03T20:25:37.386800]
2025-08-03 20:25:37 - binding parameter [12] as [BIGINT] - [1]
2025-08-03 20:25:37 - binding parameter [13] as [BIGINT] - [56]
2025-08-03 20:25:37 - binding parameter [14] as [BIGINT] - [0]
]]></system-out>
  </testcase>
  <testcase name="testConcurrentInsufficientFunds" classname="com.moneytransfer.service.TransferServiceConcurrencyTest" time="0.054">
    <error message="no transaction is in progress; nested exception is javax.persistence.TransactionRequiredException: no transaction is in progress" type="org.springframework.dao.InvalidDataAccessApiUsageException">org.springframework.dao.InvalidDataAccessApiUsageException: no transaction is in progress; nested exception is javax.persistence.TransactionRequiredException: no transaction is in progress
	at com.moneytransfer.service.TransferServiceConcurrencyTest.testConcurrentInsufficientFunds(TransferServiceConcurrencyTest.java:282)
Caused by: javax.persistence.TransactionRequiredException: no transaction is in progress
	at com.moneytransfer.service.TransferServiceConcurrencyTest.testConcurrentInsufficientFunds(TransferServiceConcurrencyTest.java:282)
</error>
    <system-out><![CDATA[2025-08-03 20:25:37 - binding parameter [1] as [BIGINT] - [52]
2025-08-03 20:25:37 - binding parameter [2] as [BIGINT] - [1]
2025-08-03 20:25:37 - binding parameter [1] as [BIGINT] - [53]
2025-08-03 20:25:37 - binding parameter [2] as [BIGINT] - [1]
2025-08-03 20:25:37 - binding parameter [1] as [BIGINT] - [54]
2025-08-03 20:25:37 - binding parameter [2] as [BIGINT] - [1]
2025-08-03 20:25:37 - binding parameter [1] as [BIGINT] - [55]
2025-08-03 20:25:37 - binding parameter [2] as [BIGINT] - [1]
2025-08-03 20:25:37 - binding parameter [1] as [BIGINT] - [56]
2025-08-03 20:25:37 - binding parameter [2] as [BIGINT] - [1]
2025-08-03 20:25:37 - binding parameter [1] as [BIGINT] - [15]
2025-08-03 20:25:37 - binding parameter [2] as [BIGINT] - [5]
2025-08-03 20:25:37 - binding parameter [1] as [BIGINT] - [16]
2025-08-03 20:25:37 - binding parameter [2] as [BIGINT] - [5]
2025-08-03 20:25:37 - binding parameter [1] as [VARCHAR] - [Test User 1]
2025-08-03 20:25:37 - binding parameter [2] as [VARCHAR] - [TEST001234567890]
2025-08-03 20:25:37 - binding parameter [3] as [NUMERIC] - [1000.00]
2025-08-03 20:25:37 - binding parameter [4] as [TIMESTAMP] - [2025-08-03T20:25:37.399857]
2025-08-03 20:25:37 - binding parameter [5] as [VARCHAR] - [USD]
2025-08-03 20:25:37 - binding parameter [6] as [VARCHAR] - [ACTIVE]
2025-08-03 20:25:37 - binding parameter [7] as [TIMESTAMP] - [2025-08-03T20:25:37.399865]
2025-08-03 20:25:37 - binding parameter [8] as [VARCHAR] - [user1]
2025-08-03 20:25:37 - binding parameter [9] as [BIGINT] - [0]
2025-08-03 20:25:37 - binding parameter [1] as [VARCHAR] - [Test User 2]
2025-08-03 20:25:37 - binding parameter [2] as [VARCHAR] - [TEST002345678901]
2025-08-03 20:25:37 - binding parameter [3] as [NUMERIC] - [500.00]
2025-08-03 20:25:37 - binding parameter [4] as [TIMESTAMP] - [2025-08-03T20:25:37.400766]
2025-08-03 20:25:37 - binding parameter [5] as [VARCHAR] - [USD]
2025-08-03 20:25:37 - binding parameter [6] as [VARCHAR] - [ACTIVE]
2025-08-03 20:25:37 - binding parameter [7] as [TIMESTAMP] - [2025-08-03T20:25:37.400771]
2025-08-03 20:25:37 - binding parameter [8] as [VARCHAR] - [user2]
2025-08-03 20:25:37 - binding parameter [9] as [BIGINT] - [0]
2025-08-03 20:25:37 - Processing transfer request: TransferRequest{fromAccountNumber='TEST002345678901', toAccountNumber='TEST001234567890', amount=100.00, currency=USD, description='Concurrent insufficient funds test'}
2025-08-03 20:25:37 - Processing transfer request: TransferRequest{fromAccountNumber='TEST002345678901', toAccountNumber='TEST001234567890', amount=100.00, currency=USD, description='Concurrent insufficient funds test'}
2025-08-03 20:25:37 - Processing transfer request: TransferRequest{fromAccountNumber='TEST002345678901', toAccountNumber='TEST001234567890', amount=100.00, currency=USD, description='Concurrent insufficient funds test'}
2025-08-03 20:25:37 - Processing transfer request: TransferRequest{fromAccountNumber='TEST002345678901', toAccountNumber='TEST001234567890', amount=100.00, currency=USD, description='Concurrent insufficient funds test'}
2025-08-03 20:25:37 - Processing transfer request: TransferRequest{fromAccountNumber='TEST002345678901', toAccountNumber='TEST001234567890', amount=100.00, currency=USD, description='Concurrent insufficient funds test'}
2025-08-03 20:25:37 - binding parameter [1] as [VARCHAR] - [TEST002345678901]
2025-08-03 20:25:37 - binding parameter [1] as [VARCHAR] - [TEST002345678901]
2025-08-03 20:25:37 - binding parameter [1] as [VARCHAR] - [TEST002345678901]
2025-08-03 20:25:37 - binding parameter [1] as [VARCHAR] - [TEST002345678901]
2025-08-03 20:25:37 - Processing transfer request: TransferRequest{fromAccountNumber='TEST002345678901', toAccountNumber='TEST001234567890', amount=100.00, currency=USD, description='Concurrent insufficient funds test'}
2025-08-03 20:25:37 - binding parameter [1] as [VARCHAR] - [TEST002345678901]
2025-08-03 20:25:37 - Processing transfer request: TransferRequest{fromAccountNumber='TEST002345678901', toAccountNumber='TEST001234567890', amount=100.00, currency=USD, description='Concurrent insufficient funds test'}
2025-08-03 20:25:37 - binding parameter [1] as [VARCHAR] - [TEST002345678901]
2025-08-03 20:25:37 - binding parameter [1] as [VARCHAR] - [TEST001234567890]
2025-08-03 20:25:37 - binding parameter [1] as [VARCHAR] - [TEST002345678901]
2025-08-03 20:25:37 - Processing transfer request: TransferRequest{fromAccountNumber='TEST002345678901', toAccountNumber='TEST001234567890', amount=100.00, currency=USD, description='Concurrent insufficient funds test'}
2025-08-03 20:25:37 - Processing transfer request: TransferRequest{fromAccountNumber='TEST002345678901', toAccountNumber='TEST001234567890', amount=100.00, currency=USD, description='Concurrent insufficient funds test'}
2025-08-03 20:25:37 - binding parameter [1] as [NUMERIC] - [100.00]
2025-08-03 20:25:37 - binding parameter [2] as [TIMESTAMP] - [null]
2025-08-03 20:25:37 - binding parameter [3] as [TIMESTAMP] - [2025-08-03T20:25:37.403934]
2025-08-03 20:25:37 - binding parameter [4] as [VARCHAR] - [USD]
2025-08-03 20:25:37 - binding parameter [5] as [VARCHAR] - [Concurrent insufficient funds test]
2025-08-03 20:25:37 - binding parameter [6] as [VARCHAR] - [null]
2025-08-03 20:25:37 - binding parameter [7] as [BIGINT] - [18]
2025-08-03 20:25:37 - binding parameter [8] as [TIMESTAMP] - [null]
2025-08-03 20:25:37 - binding parameter [9] as [VARCHAR] - [PENDING]
2025-08-03 20:25:37 - binding parameter [10] as [BIGINT] - [17]
2025-08-03 20:25:37 - binding parameter [11] as [VARCHAR] - [TXN-2AF909FA51F64C98]
2025-08-03 20:25:37 - binding parameter [12] as [TIMESTAMP] - [2025-08-03T20:25:37.403940]
2025-08-03 20:25:37 - binding parameter [13] as [BIGINT] - [0]
2025-08-03 20:25:37 - binding parameter [1] as [VARCHAR] - [TEST002345678901]
2025-08-03 20:25:37 - binding parameter [1] as [VARCHAR] - [TEST002345678901]
2025-08-03 20:25:37 - Processing transfer request: TransferRequest{fromAccountNumber='TEST002345678901', toAccountNumber='TEST001234567890', amount=100.00, currency=USD, description='Concurrent insufficient funds test'}
2025-08-03 20:25:37 - binding parameter [1] as [VARCHAR] - [TEST002345678901]
2025-08-03 20:25:37 - Transfer completed successfully: TXN-2AF909FA51F64C98
2025-08-03 20:25:37 - binding parameter [1] as [VARCHAR] - [Test User 2]
2025-08-03 20:25:37 - binding parameter [2] as [VARCHAR] - [TEST002345678901]
2025-08-03 20:25:37 - binding parameter [3] as [NUMERIC] - [400.00]
2025-08-03 20:25:37 - binding parameter [4] as [VARCHAR] - [USD]
2025-08-03 20:25:37 - binding parameter [5] as [VARCHAR] - [ACTIVE]
2025-08-03 20:25:37 - binding parameter [6] as [TIMESTAMP] - [2025-08-03T20:25:37.405410]
2025-08-03 20:25:37 - binding parameter [7] as [VARCHAR] - [user2]
2025-08-03 20:25:37 - binding parameter [8] as [BIGINT] - [1]
2025-08-03 20:25:37 - binding parameter [9] as [BIGINT] - [18]
2025-08-03 20:25:37 - binding parameter [10] as [BIGINT] - [0]
2025-08-03 20:25:37 - binding parameter [1] as [VARCHAR] - [Test User 1]
2025-08-03 20:25:37 - binding parameter [2] as [VARCHAR] - [TEST001234567890]
2025-08-03 20:25:37 - binding parameter [3] as [NUMERIC] - [1100.00]
2025-08-03 20:25:37 - binding parameter [4] as [VARCHAR] - [USD]
2025-08-03 20:25:37 - binding parameter [5] as [VARCHAR] - [ACTIVE]
2025-08-03 20:25:37 - binding parameter [6] as [TIMESTAMP] - [2025-08-03T20:25:37.406037]
2025-08-03 20:25:37 - binding parameter [7] as [VARCHAR] - [user1]
2025-08-03 20:25:37 - binding parameter [8] as [BIGINT] - [1]
2025-08-03 20:25:37 - binding parameter [9] as [BIGINT] - [17]
2025-08-03 20:25:37 - binding parameter [10] as [BIGINT] - [0]
2025-08-03 20:25:37 - binding parameter [1] as [NUMERIC] - [100.00]
2025-08-03 20:25:37 - binding parameter [2] as [TIMESTAMP] - [2025-08-03T20:25:37.404912]
2025-08-03 20:25:37 - binding parameter [3] as [VARCHAR] - [USD]
2025-08-03 20:25:37 - binding parameter [4] as [VARCHAR] - [Concurrent insufficient funds test]
2025-08-03 20:25:37 - binding parameter [5] as [VARCHAR] - [null]
2025-08-03 20:25:37 - binding parameter [6] as [BIGINT] - [18]
2025-08-03 20:25:37 - binding parameter [7] as [TIMESTAMP] - [2025-08-03T20:25:37.404343]
2025-08-03 20:25:37 - binding parameter [8] as [VARCHAR] - [COMPLETED]
2025-08-03 20:25:37 - binding parameter [9] as [BIGINT] - [17]
2025-08-03 20:25:37 - binding parameter [10] as [VARCHAR] - [TXN-2AF909FA51F64C98]
2025-08-03 20:25:37 - binding parameter [11] as [TIMESTAMP] - [2025-08-03T20:25:37.406374]
2025-08-03 20:25:37 - binding parameter [12] as [BIGINT] - [1]
2025-08-03 20:25:37 - binding parameter [13] as [BIGINT] - [57]
2025-08-03 20:25:37 - binding parameter [14] as [BIGINT] - [0]
2025-08-03 20:25:37 - binding parameter [1] as [VARCHAR] - [TEST001234567890]
2025-08-03 20:25:37 - binding parameter [1] as [NUMERIC] - [100.00]
2025-08-03 20:25:37 - binding parameter [2] as [TIMESTAMP] - [null]
2025-08-03 20:25:37 - binding parameter [3] as [TIMESTAMP] - [2025-08-03T20:25:37.408073]
2025-08-03 20:25:37 - binding parameter [4] as [VARCHAR] - [USD]
2025-08-03 20:25:37 - binding parameter [5] as [VARCHAR] - [Concurrent insufficient funds test]
2025-08-03 20:25:37 - binding parameter [6] as [VARCHAR] - [null]
2025-08-03 20:25:37 - binding parameter [7] as [BIGINT] - [18]
2025-08-03 20:25:37 - binding parameter [8] as [TIMESTAMP] - [null]
2025-08-03 20:25:37 - binding parameter [9] as [VARCHAR] - [PENDING]
2025-08-03 20:25:37 - binding parameter [10] as [BIGINT] - [17]
2025-08-03 20:25:37 - binding parameter [11] as [VARCHAR] - [TXN-913DBD33DFFB401A]
2025-08-03 20:25:37 - binding parameter [12] as [TIMESTAMP] - [2025-08-03T20:25:37.408080]
2025-08-03 20:25:37 - binding parameter [13] as [BIGINT] - [0]
2025-08-03 20:25:37 - Transfer completed successfully: TXN-913DBD33DFFB401A
2025-08-03 20:25:37 - binding parameter [1] as [VARCHAR] - [Test User 2]
2025-08-03 20:25:37 - binding parameter [2] as [VARCHAR] - [TEST002345678901]
2025-08-03 20:25:37 - binding parameter [3] as [NUMERIC] - [300.00]
2025-08-03 20:25:37 - binding parameter [4] as [VARCHAR] - [USD]
2025-08-03 20:25:37 - binding parameter [5] as [VARCHAR] - [ACTIVE]
2025-08-03 20:25:37 - binding parameter [6] as [TIMESTAMP] - [2025-08-03T20:25:37.409158]
2025-08-03 20:25:37 - binding parameter [7] as [VARCHAR] - [user2]
2025-08-03 20:25:37 - binding parameter [8] as [BIGINT] - [2]
2025-08-03 20:25:37 - binding parameter [9] as [BIGINT] - [18]
2025-08-03 20:25:37 - binding parameter [10] as [BIGINT] - [1]
2025-08-03 20:25:37 - binding parameter [1] as [VARCHAR] - [Test User 1]
2025-08-03 20:25:37 - binding parameter [2] as [VARCHAR] - [TEST001234567890]
2025-08-03 20:25:37 - binding parameter [3] as [NUMERIC] - [1200.00]
2025-08-03 20:25:37 - binding parameter [4] as [VARCHAR] - [USD]
2025-08-03 20:25:37 - binding parameter [5] as [VARCHAR] - [ACTIVE]
2025-08-03 20:25:37 - binding parameter [6] as [TIMESTAMP] - [2025-08-03T20:25:37.409685]
2025-08-03 20:25:37 - binding parameter [7] as [VARCHAR] - [user1]
2025-08-03 20:25:37 - binding parameter [8] as [BIGINT] - [2]
2025-08-03 20:25:37 - binding parameter [9] as [BIGINT] - [17]
2025-08-03 20:25:37 - binding parameter [10] as [BIGINT] - [1]
2025-08-03 20:25:37 - binding parameter [1] as [NUMERIC] - [100.00]
2025-08-03 20:25:37 - binding parameter [2] as [TIMESTAMP] - [2025-08-03T20:25:37.408790]
2025-08-03 20:25:37 - binding parameter [3] as [VARCHAR] - [USD]
2025-08-03 20:25:37 - binding parameter [4] as [VARCHAR] - [Concurrent insufficient funds test]
2025-08-03 20:25:37 - binding parameter [5] as [VARCHAR] - [null]
2025-08-03 20:25:37 - binding parameter [6] as [BIGINT] - [18]
2025-08-03 20:25:37 - binding parameter [7] as [TIMESTAMP] - [2025-08-03T20:25:37.408651]
2025-08-03 20:25:37 - binding parameter [8] as [VARCHAR] - [COMPLETED]
2025-08-03 20:25:37 - binding parameter [9] as [BIGINT] - [17]
2025-08-03 20:25:37 - binding parameter [10] as [VARCHAR] - [TXN-913DBD33DFFB401A]
2025-08-03 20:25:37 - binding parameter [11] as [TIMESTAMP] - [2025-08-03T20:25:37.409866]
2025-08-03 20:25:37 - binding parameter [12] as [BIGINT] - [1]
2025-08-03 20:25:37 - binding parameter [13] as [BIGINT] - [58]
2025-08-03 20:25:37 - binding parameter [14] as [BIGINT] - [0]
2025-08-03 20:25:37 - binding parameter [1] as [VARCHAR] - [TEST001234567890]
2025-08-03 20:25:37 - binding parameter [1] as [NUMERIC] - [100.00]
2025-08-03 20:25:37 - binding parameter [2] as [TIMESTAMP] - [null]
2025-08-03 20:25:37 - binding parameter [3] as [TIMESTAMP] - [2025-08-03T20:25:37.413874]
2025-08-03 20:25:37 - binding parameter [4] as [VARCHAR] - [USD]
2025-08-03 20:25:37 - binding parameter [5] as [VARCHAR] - [Concurrent insufficient funds test]
2025-08-03 20:25:37 - binding parameter [6] as [VARCHAR] - [null]
2025-08-03 20:25:37 - binding parameter [7] as [BIGINT] - [18]
2025-08-03 20:25:37 - binding parameter [8] as [TIMESTAMP] - [null]
2025-08-03 20:25:37 - binding parameter [9] as [VARCHAR] - [PENDING]
2025-08-03 20:25:37 - binding parameter [10] as [BIGINT] - [17]
2025-08-03 20:25:37 - binding parameter [11] as [VARCHAR] - [TXN-9D605071368B4987]
2025-08-03 20:25:37 - binding parameter [12] as [TIMESTAMP] - [2025-08-03T20:25:37.413885]
2025-08-03 20:25:37 - binding parameter [13] as [BIGINT] - [0]
2025-08-03 20:25:37 - Transfer completed successfully: TXN-9D605071368B4987
2025-08-03 20:25:37 - binding parameter [1] as [VARCHAR] - [Test User 2]
2025-08-03 20:25:37 - binding parameter [2] as [VARCHAR] - [TEST002345678901]
2025-08-03 20:25:37 - binding parameter [3] as [NUMERIC] - [200.00]
2025-08-03 20:25:37 - binding parameter [4] as [VARCHAR] - [USD]
2025-08-03 20:25:37 - binding parameter [5] as [VARCHAR] - [ACTIVE]
2025-08-03 20:25:37 - binding parameter [6] as [TIMESTAMP] - [2025-08-03T20:25:37.417085]
2025-08-03 20:25:37 - binding parameter [7] as [VARCHAR] - [user2]
2025-08-03 20:25:37 - binding parameter [8] as [BIGINT] - [3]
2025-08-03 20:25:37 - binding parameter [9] as [BIGINT] - [18]
2025-08-03 20:25:37 - binding parameter [10] as [BIGINT] - [2]
2025-08-03 20:25:37 - binding parameter [1] as [VARCHAR] - [Test User 1]
2025-08-03 20:25:37 - binding parameter [2] as [VARCHAR] - [TEST001234567890]
2025-08-03 20:25:37 - binding parameter [3] as [NUMERIC] - [1300.00]
2025-08-03 20:25:37 - binding parameter [4] as [VARCHAR] - [USD]
2025-08-03 20:25:37 - binding parameter [5] as [VARCHAR] - [ACTIVE]
2025-08-03 20:25:37 - binding parameter [6] as [TIMESTAMP] - [2025-08-03T20:25:37.417444]
2025-08-03 20:25:37 - binding parameter [7] as [VARCHAR] - [user1]
2025-08-03 20:25:37 - binding parameter [8] as [BIGINT] - [3]
2025-08-03 20:25:37 - binding parameter [9] as [BIGINT] - [17]
2025-08-03 20:25:37 - binding parameter [10] as [BIGINT] - [2]
2025-08-03 20:25:37 - binding parameter [1] as [NUMERIC] - [100.00]
2025-08-03 20:25:37 - binding parameter [2] as [TIMESTAMP] - [2025-08-03T20:25:37.416777]
2025-08-03 20:25:37 - binding parameter [3] as [VARCHAR] - [USD]
2025-08-03 20:25:37 - binding parameter [4] as [VARCHAR] - [Concurrent insufficient funds test]
2025-08-03 20:25:37 - binding parameter [5] as [VARCHAR] - [null]
2025-08-03 20:25:37 - binding parameter [6] as [BIGINT] - [18]
2025-08-03 20:25:37 - binding parameter [7] as [TIMESTAMP] - [2025-08-03T20:25:37.416610]
2025-08-03 20:25:37 - binding parameter [8] as [VARCHAR] - [COMPLETED]
2025-08-03 20:25:37 - binding parameter [9] as [BIGINT] - [17]
2025-08-03 20:25:37 - binding parameter [10] as [VARCHAR] - [TXN-9D605071368B4987]
2025-08-03 20:25:37 - binding parameter [11] as [TIMESTAMP] - [2025-08-03T20:25:37.417643]
2025-08-03 20:25:37 - binding parameter [12] as [BIGINT] - [1]
2025-08-03 20:25:37 - binding parameter [13] as [BIGINT] - [59]
2025-08-03 20:25:37 - binding parameter [14] as [BIGINT] - [0]
2025-08-03 20:25:37 - binding parameter [1] as [VARCHAR] - [TEST001234567890]
2025-08-03 20:25:37 - binding parameter [1] as [NUMERIC] - [100.00]
2025-08-03 20:25:37 - binding parameter [2] as [TIMESTAMP] - [null]
2025-08-03 20:25:37 - binding parameter [3] as [TIMESTAMP] - [2025-08-03T20:25:37.419022]
2025-08-03 20:25:37 - binding parameter [4] as [VARCHAR] - [USD]
2025-08-03 20:25:37 - binding parameter [5] as [VARCHAR] - [Concurrent insufficient funds test]
2025-08-03 20:25:37 - binding parameter [6] as [VARCHAR] - [null]
2025-08-03 20:25:37 - binding parameter [7] as [BIGINT] - [18]
2025-08-03 20:25:37 - binding parameter [8] as [TIMESTAMP] - [null]
2025-08-03 20:25:37 - binding parameter [9] as [VARCHAR] - [PENDING]
2025-08-03 20:25:37 - binding parameter [10] as [BIGINT] - [17]
2025-08-03 20:25:37 - binding parameter [11] as [VARCHAR] - [TXN-AE9D669B8AC24DC5]
2025-08-03 20:25:37 - binding parameter [12] as [TIMESTAMP] - [2025-08-03T20:25:37.419027]
2025-08-03 20:25:37 - binding parameter [13] as [BIGINT] - [0]
2025-08-03 20:25:37 - Transfer completed successfully: TXN-AE9D669B8AC24DC5
2025-08-03 20:25:37 - binding parameter [1] as [VARCHAR] - [Test User 2]
2025-08-03 20:25:37 - binding parameter [2] as [VARCHAR] - [TEST002345678901]
2025-08-03 20:25:37 - binding parameter [3] as [NUMERIC] - [100.00]
2025-08-03 20:25:37 - binding parameter [4] as [VARCHAR] - [USD]
2025-08-03 20:25:37 - binding parameter [5] as [VARCHAR] - [ACTIVE]
2025-08-03 20:25:37 - binding parameter [6] as [TIMESTAMP] - [2025-08-03T20:25:37.419838]
2025-08-03 20:25:37 - binding parameter [7] as [VARCHAR] - [user2]
2025-08-03 20:25:37 - binding parameter [8] as [BIGINT] - [4]
2025-08-03 20:25:37 - binding parameter [9] as [BIGINT] - [18]
2025-08-03 20:25:37 - binding parameter [10] as [BIGINT] - [3]
2025-08-03 20:25:37 - binding parameter [1] as [VARCHAR] - [Test User 1]
2025-08-03 20:25:37 - binding parameter [2] as [VARCHAR] - [TEST001234567890]
2025-08-03 20:25:37 - binding parameter [3] as [NUMERIC] - [1400.00]
2025-08-03 20:25:37 - binding parameter [4] as [VARCHAR] - [USD]
2025-08-03 20:25:37 - binding parameter [5] as [VARCHAR] - [ACTIVE]
2025-08-03 20:25:37 - binding parameter [6] as [TIMESTAMP] - [2025-08-03T20:25:37.420062]
2025-08-03 20:25:37 - binding parameter [7] as [VARCHAR] - [user1]
2025-08-03 20:25:37 - binding parameter [8] as [BIGINT] - [4]
2025-08-03 20:25:37 - binding parameter [9] as [BIGINT] - [17]
2025-08-03 20:25:37 - binding parameter [10] as [BIGINT] - [3]
2025-08-03 20:25:37 - binding parameter [1] as [NUMERIC] - [100.00]
2025-08-03 20:25:37 - binding parameter [2] as [TIMESTAMP] - [2025-08-03T20:25:37.419473]
2025-08-03 20:25:37 - binding parameter [3] as [VARCHAR] - [USD]
2025-08-03 20:25:37 - binding parameter [4] as [VARCHAR] - [Concurrent insufficient funds test]
2025-08-03 20:25:37 - binding parameter [5] as [VARCHAR] - [null]
2025-08-03 20:25:37 - binding parameter [6] as [BIGINT] - [18]
2025-08-03 20:25:37 - binding parameter [7] as [TIMESTAMP] - [2025-08-03T20:25:37.419365]
2025-08-03 20:25:37 - binding parameter [8] as [VARCHAR] - [COMPLETED]
2025-08-03 20:25:37 - binding parameter [9] as [BIGINT] - [17]
2025-08-03 20:25:37 - binding parameter [10] as [VARCHAR] - [TXN-AE9D669B8AC24DC5]
2025-08-03 20:25:37 - binding parameter [11] as [TIMESTAMP] - [2025-08-03T20:25:37.420228]
2025-08-03 20:25:37 - binding parameter [12] as [BIGINT] - [1]
2025-08-03 20:25:37 - binding parameter [13] as [BIGINT] - [60]
2025-08-03 20:25:37 - binding parameter [14] as [BIGINT] - [0]
2025-08-03 20:25:37 - binding parameter [1] as [VARCHAR] - [TEST001234567890]
2025-08-03 20:25:37 - binding parameter [1] as [NUMERIC] - [100.00]
2025-08-03 20:25:37 - binding parameter [2] as [TIMESTAMP] - [null]
2025-08-03 20:25:37 - binding parameter [3] as [TIMESTAMP] - [2025-08-03T20:25:37.425252]
2025-08-03 20:25:37 - binding parameter [4] as [VARCHAR] - [USD]
2025-08-03 20:25:37 - binding parameter [5] as [VARCHAR] - [Concurrent insufficient funds test]
2025-08-03 20:25:37 - binding parameter [6] as [VARCHAR] - [null]
2025-08-03 20:25:37 - binding parameter [7] as [BIGINT] - [18]
2025-08-03 20:25:37 - binding parameter [8] as [TIMESTAMP] - [null]
2025-08-03 20:25:37 - binding parameter [9] as [VARCHAR] - [PENDING]
2025-08-03 20:25:37 - binding parameter [10] as [BIGINT] - [17]
2025-08-03 20:25:37 - binding parameter [11] as [VARCHAR] - [TXN-35F2836C93F24004]
2025-08-03 20:25:37 - binding parameter [12] as [TIMESTAMP] - [2025-08-03T20:25:37.425263]
2025-08-03 20:25:37 - binding parameter [13] as [BIGINT] - [0]
2025-08-03 20:25:37 - Transfer completed successfully: TXN-35F2836C93F24004
2025-08-03 20:25:37 - binding parameter [1] as [VARCHAR] - [Test User 2]
2025-08-03 20:25:37 - binding parameter [2] as [VARCHAR] - [TEST002345678901]
2025-08-03 20:25:37 - binding parameter [3] as [NUMERIC] - [0.00]
2025-08-03 20:25:37 - binding parameter [4] as [VARCHAR] - [USD]
2025-08-03 20:25:37 - binding parameter [5] as [VARCHAR] - [ACTIVE]
2025-08-03 20:25:37 - binding parameter [6] as [TIMESTAMP] - [2025-08-03T20:25:37.426303]
2025-08-03 20:25:37 - binding parameter [7] as [VARCHAR] - [user2]
2025-08-03 20:25:37 - binding parameter [8] as [BIGINT] - [5]
2025-08-03 20:25:37 - binding parameter [9] as [BIGINT] - [18]
2025-08-03 20:25:37 - binding parameter [10] as [BIGINT] - [4]
2025-08-03 20:25:37 - binding parameter [1] as [VARCHAR] - [Test User 1]
2025-08-03 20:25:37 - binding parameter [2] as [VARCHAR] - [TEST001234567890]
2025-08-03 20:25:37 - binding parameter [3] as [NUMERIC] - [1500.00]
2025-08-03 20:25:37 - binding parameter [4] as [VARCHAR] - [USD]
2025-08-03 20:25:37 - binding parameter [5] as [VARCHAR] - [ACTIVE]
2025-08-03 20:25:37 - binding parameter [6] as [TIMESTAMP] - [2025-08-03T20:25:37.426637]
2025-08-03 20:25:37 - binding parameter [7] as [VARCHAR] - [user1]
2025-08-03 20:25:37 - binding parameter [8] as [BIGINT] - [5]
2025-08-03 20:25:37 - binding parameter [9] as [BIGINT] - [17]
2025-08-03 20:25:37 - binding parameter [10] as [BIGINT] - [4]
2025-08-03 20:25:37 - binding parameter [1] as [NUMERIC] - [100.00]
2025-08-03 20:25:37 - binding parameter [2] as [TIMESTAMP] - [2025-08-03T20:25:37.426007]
2025-08-03 20:25:37 - binding parameter [3] as [VARCHAR] - [USD]
2025-08-03 20:25:37 - binding parameter [4] as [VARCHAR] - [Concurrent insufficient funds test]
2025-08-03 20:25:37 - binding parameter [5] as [VARCHAR] - [null]
2025-08-03 20:25:37 - binding parameter [6] as [BIGINT] - [18]
2025-08-03 20:25:37 - binding parameter [7] as [TIMESTAMP] - [2025-08-03T20:25:37.425869]
2025-08-03 20:25:37 - binding parameter [8] as [VARCHAR] - [COMPLETED]
2025-08-03 20:25:37 - binding parameter [9] as [BIGINT] - [17]
2025-08-03 20:25:37 - binding parameter [10] as [VARCHAR] - [TXN-35F2836C93F24004]
2025-08-03 20:25:37 - binding parameter [11] as [TIMESTAMP] - [2025-08-03T20:25:37.426822]
2025-08-03 20:25:37 - binding parameter [12] as [BIGINT] - [1]
2025-08-03 20:25:37 - binding parameter [13] as [BIGINT] - [61]
2025-08-03 20:25:37 - binding parameter [14] as [BIGINT] - [0]
2025-08-03 20:25:37 - binding parameter [1] as [VARCHAR] - [TEST001234567890]
2025-08-03 20:25:37 - binding parameter [1] as [NUMERIC] - [100.00]
2025-08-03 20:25:37 - binding parameter [2] as [TIMESTAMP] - [null]
2025-08-03 20:25:37 - binding parameter [3] as [TIMESTAMP] - [2025-08-03T20:25:37.428503]
2025-08-03 20:25:37 - binding parameter [4] as [VARCHAR] - [USD]
2025-08-03 20:25:37 - binding parameter [5] as [VARCHAR] - [Concurrent insufficient funds test]
2025-08-03 20:25:37 - binding parameter [6] as [VARCHAR] - [null]
2025-08-03 20:25:37 - binding parameter [7] as [BIGINT] - [18]
2025-08-03 20:25:37 - binding parameter [8] as [TIMESTAMP] - [null]
2025-08-03 20:25:37 - binding parameter [9] as [VARCHAR] - [PENDING]
2025-08-03 20:25:37 - binding parameter [10] as [BIGINT] - [17]
2025-08-03 20:25:37 - binding parameter [11] as [VARCHAR] - [TXN-A87F60F368A744CB]
2025-08-03 20:25:37 - binding parameter [12] as [TIMESTAMP] - [2025-08-03T20:25:37.428507]
2025-08-03 20:25:37 - binding parameter [13] as [BIGINT] - [0]
2025-08-03 20:25:37 - Transfer processing failed for transferId: TXN-A87F60F368A744CB
com.moneytransfer.exception.InsufficientFundsException: Insufficient funds in account: TEST002345678901
	at com.moneytransfer.service.TransferService.executeTransfer(TransferService.java:174)
	at com.moneytransfer.service.TransferService.processTransferWithLocking(TransferService.java:136)
	at com.moneytransfer.service.TransferService.processTransfer(TransferService.java:80)
	at com.moneytransfer.service.TransferService$$FastClassBySpringCGLIB$$c976fc01.invoke(<generated>)
	at org.springframework.cglib.proxy.MethodProxy.invoke(MethodProxy.java:218)
	at org.springframework.aop.framework.CglibAopProxy$CglibMethodInvocation.invokeJoinpoint(CglibAopProxy.java:792)
	at org.springframework.aop.framework.ReflectiveMethodInvocation.proceed(ReflectiveMethodInvocation.java:163)
	at org.springframework.aop.framework.CglibAopProxy$CglibMethodInvocation.proceed(CglibAopProxy.java:762)
	at org.springframework.transaction.interceptor.TransactionInterceptor$1.proceedWithInvocation(TransactionInterceptor.java:123)
	at org.springframework.transaction.interceptor.TransactionAspectSupport.invokeWithinTransaction(TransactionAspectSupport.java:388)
	at org.springframework.transaction.interceptor.TransactionInterceptor.invoke(TransactionInterceptor.java:119)
	at org.springframework.aop.framework.ReflectiveMethodInvocation.proceed(ReflectiveMethodInvocation.java:186)
	at org.springframework.aop.framework.CglibAopProxy$CglibMethodInvocation.proceed(CglibAopProxy.java:762)
	at org.springframework.aop.framework.CglibAopProxy$DynamicAdvisedInterceptor.intercept(CglibAopProxy.java:707)
	at com.moneytransfer.service.TransferService$$EnhancerBySpringCGLIB$$14d34d15.processTransfer(<generated>)
	at com.moneytransfer.service.TransferServiceConcurrencyTest.lambda$testConcurrentInsufficientFunds$5(TransferServiceConcurrencyTest.java:261)
	at java.base/java.util.concurrent.CompletableFuture$AsyncRun.run(CompletableFuture.java:1736)
	at java.base/java.util.concurrent.ThreadPoolExecutor.runWorker(ThreadPoolExecutor.java:1128)
	at java.base/java.util.concurrent.ThreadPoolExecutor$Worker.run(ThreadPoolExecutor.java:628)
	at java.base/java.lang.Thread.run(Thread.java:834)
2025-08-03 20:25:37 - binding parameter [1] as [VARCHAR] - [TEST001234567890]
2025-08-03 20:25:37 - binding parameter [1] as [NUMERIC] - [100.00]
2025-08-03 20:25:37 - binding parameter [2] as [TIMESTAMP] - [null]
2025-08-03 20:25:37 - binding parameter [3] as [TIMESTAMP] - [2025-08-03T20:25:37.432250]
2025-08-03 20:25:37 - binding parameter [4] as [VARCHAR] - [USD]
2025-08-03 20:25:37 - binding parameter [5] as [VARCHAR] - [Concurrent insufficient funds test]
2025-08-03 20:25:37 - binding parameter [6] as [VARCHAR] - [null]
2025-08-03 20:25:37 - binding parameter [7] as [BIGINT] - [18]
2025-08-03 20:25:37 - binding parameter [8] as [TIMESTAMP] - [null]
2025-08-03 20:25:37 - binding parameter [9] as [VARCHAR] - [PENDING]
2025-08-03 20:25:37 - binding parameter [10] as [BIGINT] - [17]
2025-08-03 20:25:37 - binding parameter [11] as [VARCHAR] - [TXN-549A1D8074E0477F]
2025-08-03 20:25:37 - binding parameter [12] as [TIMESTAMP] - [2025-08-03T20:25:37.432256]
2025-08-03 20:25:37 - binding parameter [13] as [BIGINT] - [0]
2025-08-03 20:25:37 - Transfer processing failed for transferId: TXN-549A1D8074E0477F
com.moneytransfer.exception.InsufficientFundsException: Insufficient funds in account: TEST002345678901
	at com.moneytransfer.service.TransferService.executeTransfer(TransferService.java:174)
	at com.moneytransfer.service.TransferService.processTransferWithLocking(TransferService.java:136)
	at com.moneytransfer.service.TransferService.processTransfer(TransferService.java:80)
	at com.moneytransfer.service.TransferService$$FastClassBySpringCGLIB$$c976fc01.invoke(<generated>)
	at org.springframework.cglib.proxy.MethodProxy.invoke(MethodProxy.java:218)
	at org.springframework.aop.framework.CglibAopProxy$CglibMethodInvocation.invokeJoinpoint(CglibAopProxy.java:792)
	at org.springframework.aop.framework.ReflectiveMethodInvocation.proceed(ReflectiveMethodInvocation.java:163)
	at org.springframework.aop.framework.CglibAopProxy$CglibMethodInvocation.proceed(CglibAopProxy.java:762)
	at org.springframework.transaction.interceptor.TransactionInterceptor$1.proceedWithInvocation(TransactionInterceptor.java:123)
	at org.springframework.transaction.interceptor.TransactionAspectSupport.invokeWithinTransaction(TransactionAspectSupport.java:388)
	at org.springframework.transaction.interceptor.TransactionInterceptor.invoke(TransactionInterceptor.java:119)
	at org.springframework.aop.framework.ReflectiveMethodInvocation.proceed(ReflectiveMethodInvocation.java:186)
	at org.springframework.aop.framework.CglibAopProxy$CglibMethodInvocation.proceed(CglibAopProxy.java:762)
	at org.springframework.aop.framework.CglibAopProxy$DynamicAdvisedInterceptor.intercept(CglibAopProxy.java:707)
	at com.moneytransfer.service.TransferService$$EnhancerBySpringCGLIB$$14d34d15.processTransfer(<generated>)
	at com.moneytransfer.service.TransferServiceConcurrencyTest.lambda$testConcurrentInsufficientFunds$5(TransferServiceConcurrencyTest.java:261)
	at java.base/java.util.concurrent.CompletableFuture$AsyncRun.run(CompletableFuture.java:1736)
	at java.base/java.util.concurrent.ThreadPoolExecutor.runWorker(ThreadPoolExecutor.java:1128)
	at java.base/java.util.concurrent.ThreadPoolExecutor$Worker.run(ThreadPoolExecutor.java:628)
	at java.base/java.lang.Thread.run(Thread.java:834)
2025-08-03 20:25:37 - binding parameter [1] as [VARCHAR] - [TEST001234567890]
2025-08-03 20:25:37 - binding parameter [1] as [NUMERIC] - [100.00]
2025-08-03 20:25:37 - binding parameter [2] as [TIMESTAMP] - [null]
2025-08-03 20:25:37 - binding parameter [3] as [TIMESTAMP] - [2025-08-03T20:25:37.435334]
2025-08-03 20:25:37 - binding parameter [4] as [VARCHAR] - [USD]
2025-08-03 20:25:37 - binding parameter [5] as [VARCHAR] - [Concurrent insufficient funds test]
2025-08-03 20:25:37 - binding parameter [6] as [VARCHAR] - [null]
2025-08-03 20:25:37 - binding parameter [7] as [BIGINT] - [18]
2025-08-03 20:25:37 - binding parameter [8] as [TIMESTAMP] - [null]
2025-08-03 20:25:37 - binding parameter [9] as [VARCHAR] - [PENDING]
2025-08-03 20:25:37 - binding parameter [10] as [BIGINT] - [17]
2025-08-03 20:25:37 - binding parameter [11] as [VARCHAR] - [TXN-44EA34EB2BB34EA4]
2025-08-03 20:25:37 - binding parameter [12] as [TIMESTAMP] - [2025-08-03T20:25:37.435339]
2025-08-03 20:25:37 - binding parameter [13] as [BIGINT] - [0]
2025-08-03 20:25:37 - Transfer processing failed for transferId: TXN-44EA34EB2BB34EA4
com.moneytransfer.exception.InsufficientFundsException: Insufficient funds in account: TEST002345678901
	at com.moneytransfer.service.TransferService.executeTransfer(TransferService.java:174)
	at com.moneytransfer.service.TransferService.processTransferWithLocking(TransferService.java:136)
	at com.moneytransfer.service.TransferService.processTransfer(TransferService.java:80)
	at com.moneytransfer.service.TransferService$$FastClassBySpringCGLIB$$c976fc01.invoke(<generated>)
	at org.springframework.cglib.proxy.MethodProxy.invoke(MethodProxy.java:218)
	at org.springframework.aop.framework.CglibAopProxy$CglibMethodInvocation.invokeJoinpoint(CglibAopProxy.java:792)
	at org.springframework.aop.framework.ReflectiveMethodInvocation.proceed(ReflectiveMethodInvocation.java:163)
	at org.springframework.aop.framework.CglibAopProxy$CglibMethodInvocation.proceed(CglibAopProxy.java:762)
	at org.springframework.transaction.interceptor.TransactionInterceptor$1.proceedWithInvocation(TransactionInterceptor.java:123)
	at org.springframework.transaction.interceptor.TransactionAspectSupport.invokeWithinTransaction(TransactionAspectSupport.java:388)
	at org.springframework.transaction.interceptor.TransactionInterceptor.invoke(TransactionInterceptor.java:119)
	at org.springframework.aop.framework.ReflectiveMethodInvocation.proceed(ReflectiveMethodInvocation.java:186)
	at org.springframework.aop.framework.CglibAopProxy$CglibMethodInvocation.proceed(CglibAopProxy.java:762)
	at org.springframework.aop.framework.CglibAopProxy$DynamicAdvisedInterceptor.intercept(CglibAopProxy.java:707)
	at com.moneytransfer.service.TransferService$$EnhancerBySpringCGLIB$$14d34d15.processTransfer(<generated>)
	at com.moneytransfer.service.TransferServiceConcurrencyTest.lambda$testConcurrentInsufficientFunds$5(TransferServiceConcurrencyTest.java:261)
	at java.base/java.util.concurrent.CompletableFuture$AsyncRun.run(CompletableFuture.java:1736)
	at java.base/java.util.concurrent.ThreadPoolExecutor.runWorker(ThreadPoolExecutor.java:1128)
	at java.base/java.util.concurrent.ThreadPoolExecutor$Worker.run(ThreadPoolExecutor.java:628)
	at java.base/java.lang.Thread.run(Thread.java:834)
2025-08-03 20:25:37 - binding parameter [1] as [VARCHAR] - [TEST001234567890]
2025-08-03 20:25:37 - binding parameter [1] as [NUMERIC] - [100.00]
2025-08-03 20:25:37 - binding parameter [2] as [TIMESTAMP] - [null]
2025-08-03 20:25:37 - binding parameter [3] as [TIMESTAMP] - [2025-08-03T20:25:37.438069]
2025-08-03 20:25:37 - binding parameter [4] as [VARCHAR] - [USD]
2025-08-03 20:25:37 - binding parameter [5] as [VARCHAR] - [Concurrent insufficient funds test]
2025-08-03 20:25:37 - binding parameter [6] as [VARCHAR] - [null]
2025-08-03 20:25:37 - binding parameter [7] as [BIGINT] - [18]
2025-08-03 20:25:37 - binding parameter [8] as [TIMESTAMP] - [null]
2025-08-03 20:25:37 - binding parameter [9] as [VARCHAR] - [PENDING]
2025-08-03 20:25:37 - binding parameter [10] as [BIGINT] - [17]
2025-08-03 20:25:37 - binding parameter [11] as [VARCHAR] - [TXN-5F8792492FAC4500]
2025-08-03 20:25:37 - binding parameter [12] as [TIMESTAMP] - [2025-08-03T20:25:37.438074]
2025-08-03 20:25:37 - binding parameter [13] as [BIGINT] - [0]
2025-08-03 20:25:37 - Transfer processing failed for transferId: TXN-5F8792492FAC4500
com.moneytransfer.exception.InsufficientFundsException: Insufficient funds in account: TEST002345678901
	at com.moneytransfer.service.TransferService.executeTransfer(TransferService.java:174)
	at com.moneytransfer.service.TransferService.processTransferWithLocking(TransferService.java:136)
	at com.moneytransfer.service.TransferService.processTransfer(TransferService.java:80)
	at com.moneytransfer.service.TransferService$$FastClassBySpringCGLIB$$c976fc01.invoke(<generated>)
	at org.springframework.cglib.proxy.MethodProxy.invoke(MethodProxy.java:218)
	at org.springframework.aop.framework.CglibAopProxy$CglibMethodInvocation.invokeJoinpoint(CglibAopProxy.java:792)
	at org.springframework.aop.framework.ReflectiveMethodInvocation.proceed(ReflectiveMethodInvocation.java:163)
	at org.springframework.aop.framework.CglibAopProxy$CglibMethodInvocation.proceed(CglibAopProxy.java:762)
	at org.springframework.transaction.interceptor.TransactionInterceptor$1.proceedWithInvocation(TransactionInterceptor.java:123)
	at org.springframework.transaction.interceptor.TransactionAspectSupport.invokeWithinTransaction(TransactionAspectSupport.java:388)
	at org.springframework.transaction.interceptor.TransactionInterceptor.invoke(TransactionInterceptor.java:119)
	at org.springframework.aop.framework.ReflectiveMethodInvocation.proceed(ReflectiveMethodInvocation.java:186)
	at org.springframework.aop.framework.CglibAopProxy$CglibMethodInvocation.proceed(CglibAopProxy.java:762)
	at org.springframework.aop.framework.CglibAopProxy$DynamicAdvisedInterceptor.intercept(CglibAopProxy.java:707)
	at com.moneytransfer.service.TransferService$$EnhancerBySpringCGLIB$$14d34d15.processTransfer(<generated>)
	at com.moneytransfer.service.TransferServiceConcurrencyTest.lambda$testConcurrentInsufficientFunds$5(TransferServiceConcurrencyTest.java:261)
	at java.base/java.util.concurrent.CompletableFuture$AsyncRun.run(CompletableFuture.java:1736)
	at java.base/java.util.concurrent.ThreadPoolExecutor.runWorker(ThreadPoolExecutor.java:1128)
	at java.base/java.util.concurrent.ThreadPoolExecutor$Worker.run(ThreadPoolExecutor.java:628)
	at java.base/java.lang.Thread.run(Thread.java:834)
2025-08-03 20:25:37 - binding parameter [1] as [VARCHAR] - [TEST001234567890]
2025-08-03 20:25:37 - binding parameter [1] as [NUMERIC] - [100.00]
2025-08-03 20:25:37 - binding parameter [2] as [TIMESTAMP] - [null]
2025-08-03 20:25:37 - binding parameter [3] as [TIMESTAMP] - [2025-08-03T20:25:37.440868]
2025-08-03 20:25:37 - binding parameter [4] as [VARCHAR] - [USD]
2025-08-03 20:25:37 - binding parameter [5] as [VARCHAR] - [Concurrent insufficient funds test]
2025-08-03 20:25:37 - binding parameter [6] as [VARCHAR] - [null]
2025-08-03 20:25:37 - binding parameter [7] as [BIGINT] - [18]
2025-08-03 20:25:37 - binding parameter [8] as [TIMESTAMP] - [null]
2025-08-03 20:25:37 - binding parameter [9] as [VARCHAR] - [PENDING]
2025-08-03 20:25:37 - binding parameter [10] as [BIGINT] - [17]
2025-08-03 20:25:37 - binding parameter [11] as [VARCHAR] - [TXN-31B028B0F7854651]
2025-08-03 20:25:37 - binding parameter [12] as [TIMESTAMP] - [2025-08-03T20:25:37.440874]
2025-08-03 20:25:37 - binding parameter [13] as [BIGINT] - [0]
2025-08-03 20:25:37 - Transfer processing failed for transferId: TXN-31B028B0F7854651
com.moneytransfer.exception.InsufficientFundsException: Insufficient funds in account: TEST002345678901
	at com.moneytransfer.service.TransferService.executeTransfer(TransferService.java:174)
	at com.moneytransfer.service.TransferService.processTransferWithLocking(TransferService.java:136)
	at com.moneytransfer.service.TransferService.processTransfer(TransferService.java:80)
	at com.moneytransfer.service.TransferService$$FastClassBySpringCGLIB$$c976fc01.invoke(<generated>)
	at org.springframework.cglib.proxy.MethodProxy.invoke(MethodProxy.java:218)
	at org.springframework.aop.framework.CglibAopProxy$CglibMethodInvocation.invokeJoinpoint(CglibAopProxy.java:792)
	at org.springframework.aop.framework.ReflectiveMethodInvocation.proceed(ReflectiveMethodInvocation.java:163)
	at org.springframework.aop.framework.CglibAopProxy$CglibMethodInvocation.proceed(CglibAopProxy.java:762)
	at org.springframework.transaction.interceptor.TransactionInterceptor$1.proceedWithInvocation(TransactionInterceptor.java:123)
	at org.springframework.transaction.interceptor.TransactionAspectSupport.invokeWithinTransaction(TransactionAspectSupport.java:388)
	at org.springframework.transaction.interceptor.TransactionInterceptor.invoke(TransactionInterceptor.java:119)
	at org.springframework.aop.framework.ReflectiveMethodInvocation.proceed(ReflectiveMethodInvocation.java:186)
	at org.springframework.aop.framework.CglibAopProxy$CglibMethodInvocation.proceed(CglibAopProxy.java:762)
	at org.springframework.aop.framework.CglibAopProxy$DynamicAdvisedInterceptor.intercept(CglibAopProxy.java:707)
	at com.moneytransfer.service.TransferService$$EnhancerBySpringCGLIB$$14d34d15.processTransfer(<generated>)
	at com.moneytransfer.service.TransferServiceConcurrencyTest.lambda$testConcurrentInsufficientFunds$5(TransferServiceConcurrencyTest.java:261)
	at java.base/java.util.concurrent.CompletableFuture$AsyncRun.run(CompletableFuture.java:1736)
	at java.base/java.util.concurrent.ThreadPoolExecutor.runWorker(ThreadPoolExecutor.java:1128)
	at java.base/java.util.concurrent.ThreadPoolExecutor$Worker.run(ThreadPoolExecutor.java:628)
	at java.base/java.lang.Thread.run(Thread.java:834)
]]></system-out>
  </testcase>
</testsuite>