<?xml version="1.0" encoding="UTF-8"?>
<testsuite xmlns:xsi="http://www.w3.org/2001/XMLSchema-instance" xsi:noNamespaceSchemaLocation="https://maven.apache.org/surefire/maven-surefire-plugin/xsd/surefire-test-report.xsd" name="com.moneytransfer.service.TransferServiceConcurrencyTest" time="6.89" tests="5" errors="3" skipped="0" failures="1">
  <properties>
    <property name="gopherProxySet" value="false"/>
    <property name="awt.toolkit" value="sun.lwawt.macosx.LWCToolkit"/>
    <property name="java.specification.version" value="11"/>
    <property name="sun.cpu.isalist" value=""/>
    <property name="sun.jnu.encoding" value="UTF-8"/>
    <property name="java.class.path" value="/Users/shihab/money-transfer-app/money-transfer-app/target/test-classes:/Users/shihab/money-transfer-app/money-transfer-app/target/classes:/Users/shihab/.m2/repository/org/springframework/boot/spring-boot-starter-web/2.7.18/spring-boot-starter-web-2.7.18.jar:/Users/shihab/.m2/repository/org/springframework/boot/spring-boot-starter/2.7.18/spring-boot-starter-2.7.18.jar:/Users/shihab/.m2/repository/org/springframework/boot/spring-boot/2.7.18/spring-boot-2.7.18.jar:/Users/shihab/.m2/repository/org/springframework/boot/spring-boot-autoconfigure/2.7.18/spring-boot-autoconfigure-2.7.18.jar:/Users/shihab/.m2/repository/org/springframework/boot/spring-boot-starter-logging/2.7.18/spring-boot-starter-logging-2.7.18.jar:/Users/shihab/.m2/repository/ch/qos/logback/logback-classic/1.2.12/logback-classic-1.2.12.jar:/Users/shihab/.m2/repository/ch/qos/logback/logback-core/1.2.12/logback-core-1.2.12.jar:/Users/shihab/.m2/repository/org/apache/logging/log4j/log4j-to-slf4j/2.17.2/log4j-to-slf4j-2.17.2.jar:/Users/shihab/.m2/repository/org/apache/logging/log4j/log4j-api/2.17.2/log4j-api-2.17.2.jar:/Users/shihab/.m2/repository/org/slf4j/jul-to-slf4j/1.7.36/jul-to-slf4j-1.7.36.jar:/Users/shihab/.m2/repository/jakarta/annotation/jakarta.annotation-api/1.3.5/jakarta.annotation-api-1.3.5.jar:/Users/shihab/.m2/repository/org/yaml/snakeyaml/1.30/snakeyaml-1.30.jar:/Users/shihab/.m2/repository/org/springframework/boot/spring-boot-starter-json/2.7.18/spring-boot-starter-json-2.7.18.jar:/Users/shihab/.m2/repository/com/fasterxml/jackson/datatype/jackson-datatype-jdk8/2.13.5/jackson-datatype-jdk8-2.13.5.jar:/Users/shihab/.m2/repository/com/fasterxml/jackson/datatype/jackson-datatype-jsr310/2.13.5/jackson-datatype-jsr310-2.13.5.jar:/Users/shihab/.m2/repository/com/fasterxml/jackson/module/jackson-module-parameter-names/2.13.5/jackson-module-parameter-names-2.13.5.jar:/Users/shihab/.m2/repository/org/springframework/boot/spring-boot-starter-tomcat/2.7.18/spring-boot-starter-tomcat-2.7.18.jar:/Users/shihab/.m2/repository/org/apache/tomcat/embed/tomcat-embed-core/9.0.83/tomcat-embed-core-9.0.83.jar:/Users/shihab/.m2/repository/org/apache/tomcat/embed/tomcat-embed-websocket/9.0.83/tomcat-embed-websocket-9.0.83.jar:/Users/shihab/.m2/repository/org/springframework/spring-web/5.3.31/spring-web-5.3.31.jar:/Users/shihab/.m2/repository/org/springframework/spring-beans/5.3.31/spring-beans-5.3.31.jar:/Users/shihab/.m2/repository/org/springframework/spring-webmvc/5.3.31/spring-webmvc-5.3.31.jar:/Users/shihab/.m2/repository/org/springframework/spring-context/5.3.31/spring-context-5.3.31.jar:/Users/shihab/.m2/repository/org/springframework/spring-expression/5.3.31/spring-expression-5.3.31.jar:/Users/shihab/.m2/repository/org/springframework/boot/spring-boot-starter-data-jpa/2.7.18/spring-boot-starter-data-jpa-2.7.18.jar:/Users/shihab/.m2/repository/org/springframework/boot/spring-boot-starter-aop/2.7.18/spring-boot-starter-aop-2.7.18.jar:/Users/shihab/.m2/repository/org/aspectj/aspectjweaver/1.9.7/aspectjweaver-1.9.7.jar:/Users/shihab/.m2/repository/org/springframework/boot/spring-boot-starter-jdbc/2.7.18/spring-boot-starter-jdbc-2.7.18.jar:/Users/shihab/.m2/repository/com/zaxxer/HikariCP/4.0.3/HikariCP-4.0.3.jar:/Users/shihab/.m2/repository/org/springframework/spring-jdbc/5.3.31/spring-jdbc-5.3.31.jar:/Users/shihab/.m2/repository/jakarta/transaction/jakarta.transaction-api/1.3.3/jakarta.transaction-api-1.3.3.jar:/Users/shihab/.m2/repository/jakarta/persistence/jakarta.persistence-api/2.2.3/jakarta.persistence-api-2.2.3.jar:/Users/shihab/.m2/repository/org/hibernate/hibernate-core/5.6.15.Final/hibernate-core-5.6.15.Final.jar:/Users/shihab/.m2/repository/org/jboss/logging/jboss-logging/3.4.3.Final/jboss-logging-3.4.3.Final.jar:/Users/shihab/.m2/repository/net/bytebuddy/byte-buddy/1.12.23/byte-buddy-1.12.23.jar:/Users/shihab/.m2/repository/antlr/antlr/2.7.7/antlr-2.7.7.jar:/Users/shihab/.m2/repository/org/jboss/jandex/2.4.2.Final/jandex-2.4.2.Final.jar:/Users/shihab/.m2/repository/com/fasterxml/classmate/1.5.1/classmate-1.5.1.jar:/Users/shihab/.m2/repository/org/hibernate/common/hibernate-commons-annotations/5.1.2.Final/hibernate-commons-annotations-5.1.2.Final.jar:/Users/shihab/.m2/repository/org/glassfish/jaxb/jaxb-runtime/2.3.9/jaxb-runtime-2.3.9.jar:/Users/shihab/.m2/repository/org/glassfish/jaxb/txw2/2.3.9/txw2-2.3.9.jar:/Users/shihab/.m2/repository/com/sun/istack/istack-commons-runtime/3.0.12/istack-commons-runtime-3.0.12.jar:/Users/shihab/.m2/repository/com/sun/activation/jakarta.activation/1.2.2/jakarta.activation-1.2.2.jar:/Users/shihab/.m2/repository/org/springframework/data/spring-data-jpa/2.7.18/spring-data-jpa-2.7.18.jar:/Users/shihab/.m2/repository/org/springframework/data/spring-data-commons/2.7.18/spring-data-commons-2.7.18.jar:/Users/shihab/.m2/repository/org/springframework/spring-orm/5.3.31/spring-orm-5.3.31.jar:/Users/shihab/.m2/repository/org/springframework/spring-tx/5.3.31/spring-tx-5.3.31.jar:/Users/shihab/.m2/repository/org/slf4j/slf4j-api/1.7.36/slf4j-api-1.7.36.jar:/Users/shihab/.m2/repository/org/springframework/spring-aspects/5.3.31/spring-aspects-5.3.31.jar:/Users/shihab/.m2/repository/org/springframework/boot/spring-boot-starter-validation/2.7.18/spring-boot-starter-validation-2.7.18.jar:/Users/shihab/.m2/repository/org/apache/tomcat/embed/tomcat-embed-el/9.0.83/tomcat-embed-el-9.0.83.jar:/Users/shihab/.m2/repository/org/hibernate/validator/hibernate-validator/6.2.5.Final/hibernate-validator-6.2.5.Final.jar:/Users/shihab/.m2/repository/jakarta/validation/jakarta.validation-api/2.0.2/jakarta.validation-api-2.0.2.jar:/Users/shihab/.m2/repository/org/springframework/boot/spring-boot-starter-security/2.7.18/spring-boot-starter-security-2.7.18.jar:/Users/shihab/.m2/repository/org/springframework/spring-aop/5.3.31/spring-aop-5.3.31.jar:/Users/shihab/.m2/repository/org/springframework/security/spring-security-config/5.7.11/spring-security-config-5.7.11.jar:/Users/shihab/.m2/repository/org/springframework/security/spring-security-web/5.7.11/spring-security-web-5.7.11.jar:/Users/shihab/.m2/repository/org/springframework/boot/spring-boot-starter-actuator/2.7.18/spring-boot-starter-actuator-2.7.18.jar:/Users/shihab/.m2/repository/org/springframework/boot/spring-boot-actuator-autoconfigure/2.7.18/spring-boot-actuator-autoconfigure-2.7.18.jar:/Users/shihab/.m2/repository/org/springframework/boot/spring-boot-actuator/2.7.18/spring-boot-actuator-2.7.18.jar:/Users/shihab/.m2/repository/io/micrometer/micrometer-core/1.9.17/micrometer-core-1.9.17.jar:/Users/shihab/.m2/repository/org/hdrhistogram/HdrHistogram/2.1.12/HdrHistogram-2.1.12.jar:/Users/shihab/.m2/repository/org/latencyutils/LatencyUtils/2.0.3/LatencyUtils-2.0.3.jar:/Users/shihab/.m2/repository/org/springframework/boot/spring-boot-starter-cache/2.7.18/spring-boot-starter-cache-2.7.18.jar:/Users/shihab/.m2/repository/org/springframework/spring-context-support/5.3.31/spring-context-support-5.3.31.jar:/Users/shihab/.m2/repository/com/h2database/h2/2.1.214/h2-2.1.214.jar:/Users/shihab/.m2/repository/org/postgresql/postgresql/42.3.8/postgresql-42.3.8.jar:/Users/shihab/.m2/repository/org/checkerframework/checker-qual/3.5.0/checker-qual-3.5.0.jar:/Users/shihab/.m2/repository/io/micrometer/micrometer-registry-prometheus/1.9.17/micrometer-registry-prometheus-1.9.17.jar:/Users/shihab/.m2/repository/io/prometheus/simpleclient_common/0.15.0/simpleclient_common-0.15.0.jar:/Users/shihab/.m2/repository/io/prometheus/simpleclient/0.15.0/simpleclient-0.15.0.jar:/Users/shihab/.m2/repository/io/prometheus/simpleclient_tracer_otel/0.15.0/simpleclient_tracer_otel-0.15.0.jar:/Users/shihab/.m2/repository/io/prometheus/simpleclient_tracer_common/0.15.0/simpleclient_tracer_common-0.15.0.jar:/Users/shihab/.m2/repository/io/prometheus/simpleclient_tracer_otel_agent/0.15.0/simpleclient_tracer_otel_agent-0.15.0.jar:/Users/shihab/.m2/repository/org/springframework/boot/spring-boot-starter-test/2.7.18/spring-boot-starter-test-2.7.18.jar:/Users/shihab/.m2/repository/org/springframework/boot/spring-boot-test/2.7.18/spring-boot-test-2.7.18.jar:/Users/shihab/.m2/repository/org/springframework/boot/spring-boot-test-autoconfigure/2.7.18/spring-boot-test-autoconfigure-2.7.18.jar:/Users/shihab/.m2/repository/com/jayway/jsonpath/json-path/2.7.0/json-path-2.7.0.jar:/Users/shihab/.m2/repository/net/minidev/json-smart/2.4.11/json-smart-2.4.11.jar:/Users/shihab/.m2/repository/net/minidev/accessors-smart/2.4.11/accessors-smart-2.4.11.jar:/Users/shihab/.m2/repository/org/ow2/asm/asm/9.3/asm-9.3.jar:/Users/shihab/.m2/repository/jakarta/xml/bind/jakarta.xml.bind-api/2.3.3/jakarta.xml.bind-api-2.3.3.jar:/Users/shihab/.m2/repository/jakarta/activation/jakarta.activation-api/1.2.2/jakarta.activation-api-1.2.2.jar:/Users/shihab/.m2/repository/org/assertj/assertj-core/3.22.0/assertj-core-3.22.0.jar:/Users/shihab/.m2/repository/org/hamcrest/hamcrest/2.2/hamcrest-2.2.jar:/Users/shihab/.m2/repository/org/junit/jupiter/junit-jupiter/5.8.2/junit-jupiter-5.8.2.jar:/Users/shihab/.m2/repository/org/junit/jupiter/junit-jupiter-api/5.8.2/junit-jupiter-api-5.8.2.jar:/Users/shihab/.m2/repository/org/opentest4j/opentest4j/1.2.0/opentest4j-1.2.0.jar:/Users/shihab/.m2/repository/org/junit/platform/junit-platform-commons/1.8.2/junit-platform-commons-1.8.2.jar:/Users/shihab/.m2/repository/org/apiguardian/apiguardian-api/1.1.2/apiguardian-api-1.1.2.jar:/Users/shihab/.m2/repository/org/junit/jupiter/junit-jupiter-params/5.8.2/junit-jupiter-params-5.8.2.jar:/Users/shihab/.m2/repository/org/junit/jupiter/junit-jupiter-engine/5.8.2/junit-jupiter-engine-5.8.2.jar:/Users/shihab/.m2/repository/org/junit/platform/junit-platform-engine/1.8.2/junit-platform-engine-1.8.2.jar:/Users/shihab/.m2/repository/org/mockito/mockito-core/4.5.1/mockito-core-4.5.1.jar:/Users/shihab/.m2/repository/net/bytebuddy/byte-buddy-agent/1.12.23/byte-buddy-agent-1.12.23.jar:/Users/shihab/.m2/repository/org/objenesis/objenesis/3.2/objenesis-3.2.jar:/Users/shihab/.m2/repository/org/mockito/mockito-junit-jupiter/4.5.1/mockito-junit-jupiter-4.5.1.jar:/Users/shihab/.m2/repository/org/skyscreamer/jsonassert/1.5.1/jsonassert-1.5.1.jar:/Users/shihab/.m2/repository/com/vaadin/external/google/android-json/0.0.20131108.vaadin1/android-json-0.0.20131108.vaadin1.jar:/Users/shihab/.m2/repository/org/springframework/spring-core/5.3.31/spring-core-5.3.31.jar:/Users/shihab/.m2/repository/org/springframework/spring-jcl/5.3.31/spring-jcl-5.3.31.jar:/Users/shihab/.m2/repository/org/springframework/spring-test/5.3.31/spring-test-5.3.31.jar:/Users/shihab/.m2/repository/org/xmlunit/xmlunit-core/2.9.1/xmlunit-core-2.9.1.jar:/Users/shihab/.m2/repository/org/springframework/security/spring-security-test/5.7.11/spring-security-test-5.7.11.jar:/Users/shihab/.m2/repository/org/springframework/security/spring-security-core/5.7.11/spring-security-core-5.7.11.jar:/Users/shihab/.m2/repository/org/springframework/security/spring-security-crypto/5.7.11/spring-security-crypto-5.7.11.jar:/Users/shihab/.m2/repository/org/apache/commons/commons-lang3/3.12.0/commons-lang3-3.12.0.jar:/Users/shihab/.m2/repository/com/fasterxml/jackson/core/jackson-databind/2.13.5/jackson-databind-2.13.5.jar:/Users/shihab/.m2/repository/com/fasterxml/jackson/core/jackson-annotations/2.13.5/jackson-annotations-2.13.5.jar:/Users/shihab/.m2/repository/com/fasterxml/jackson/core/jackson-core/2.13.5/jackson-core-2.13.5.jar:"/>
    <property name="java.vm.vendor" value="Oracle Corporation"/>
    <property name="sun.arch.data.model" value="64"/>
    <property name="java.vendor.url" value="https://openjdk.java.net/"/>
    <property name="user.timezone" value=""/>
    <property name="java.vm.specification.version" value="11"/>
    <property name="os.name" value="Mac OS X"/>
    <property name="sun.java.launcher" value="SUN_STANDARD"/>
    <property name="user.country" value="BD"/>
    <property name="sun.boot.library.path" value="/Library/Java/JavaVirtualMachines/jdk-11.0.16.1.jdk/Contents/Home/lib"/>
    <property name="sun.java.command" value="/Users/shihab/money-transfer-app/money-transfer-app/target/surefire/surefirebooter15697220113619134263.jar /Users/shihab/money-transfer-app/money-transfer-app/target/surefire 2025-08-03T20-00-05_096-jvmRun1 surefire17458465875472292644tmp surefire_016073964526060667358tmp"/>
    <property name="http.nonProxyHosts" value="local|*.local|169.254/16|*.169.254/16"/>
    <property name="jdk.debug" value="release"/>
    <property name="surefire.test.class.path" value="/Users/shihab/money-transfer-app/money-transfer-app/target/test-classes:/Users/shihab/money-transfer-app/money-transfer-app/target/classes:/Users/shihab/.m2/repository/org/springframework/boot/spring-boot-starter-web/2.7.18/spring-boot-starter-web-2.7.18.jar:/Users/shihab/.m2/repository/org/springframework/boot/spring-boot-starter/2.7.18/spring-boot-starter-2.7.18.jar:/Users/shihab/.m2/repository/org/springframework/boot/spring-boot/2.7.18/spring-boot-2.7.18.jar:/Users/shihab/.m2/repository/org/springframework/boot/spring-boot-autoconfigure/2.7.18/spring-boot-autoconfigure-2.7.18.jar:/Users/shihab/.m2/repository/org/springframework/boot/spring-boot-starter-logging/2.7.18/spring-boot-starter-logging-2.7.18.jar:/Users/shihab/.m2/repository/ch/qos/logback/logback-classic/1.2.12/logback-classic-1.2.12.jar:/Users/shihab/.m2/repository/ch/qos/logback/logback-core/1.2.12/logback-core-1.2.12.jar:/Users/shihab/.m2/repository/org/apache/logging/log4j/log4j-to-slf4j/2.17.2/log4j-to-slf4j-2.17.2.jar:/Users/shihab/.m2/repository/org/apache/logging/log4j/log4j-api/2.17.2/log4j-api-2.17.2.jar:/Users/shihab/.m2/repository/org/slf4j/jul-to-slf4j/1.7.36/jul-to-slf4j-1.7.36.jar:/Users/shihab/.m2/repository/jakarta/annotation/jakarta.annotation-api/1.3.5/jakarta.annotation-api-1.3.5.jar:/Users/shihab/.m2/repository/org/yaml/snakeyaml/1.30/snakeyaml-1.30.jar:/Users/shihab/.m2/repository/org/springframework/boot/spring-boot-starter-json/2.7.18/spring-boot-starter-json-2.7.18.jar:/Users/shihab/.m2/repository/com/fasterxml/jackson/datatype/jackson-datatype-jdk8/2.13.5/jackson-datatype-jdk8-2.13.5.jar:/Users/shihab/.m2/repository/com/fasterxml/jackson/datatype/jackson-datatype-jsr310/2.13.5/jackson-datatype-jsr310-2.13.5.jar:/Users/shihab/.m2/repository/com/fasterxml/jackson/module/jackson-module-parameter-names/2.13.5/jackson-module-parameter-names-2.13.5.jar:/Users/shihab/.m2/repository/org/springframework/boot/spring-boot-starter-tomcat/2.7.18/spring-boot-starter-tomcat-2.7.18.jar:/Users/shihab/.m2/repository/org/apache/tomcat/embed/tomcat-embed-core/9.0.83/tomcat-embed-core-9.0.83.jar:/Users/shihab/.m2/repository/org/apache/tomcat/embed/tomcat-embed-websocket/9.0.83/tomcat-embed-websocket-9.0.83.jar:/Users/shihab/.m2/repository/org/springframework/spring-web/5.3.31/spring-web-5.3.31.jar:/Users/shihab/.m2/repository/org/springframework/spring-beans/5.3.31/spring-beans-5.3.31.jar:/Users/shihab/.m2/repository/org/springframework/spring-webmvc/5.3.31/spring-webmvc-5.3.31.jar:/Users/shihab/.m2/repository/org/springframework/spring-context/5.3.31/spring-context-5.3.31.jar:/Users/shihab/.m2/repository/org/springframework/spring-expression/5.3.31/spring-expression-5.3.31.jar:/Users/shihab/.m2/repository/org/springframework/boot/spring-boot-starter-data-jpa/2.7.18/spring-boot-starter-data-jpa-2.7.18.jar:/Users/shihab/.m2/repository/org/springframework/boot/spring-boot-starter-aop/2.7.18/spring-boot-starter-aop-2.7.18.jar:/Users/shihab/.m2/repository/org/aspectj/aspectjweaver/1.9.7/aspectjweaver-1.9.7.jar:/Users/shihab/.m2/repository/org/springframework/boot/spring-boot-starter-jdbc/2.7.18/spring-boot-starter-jdbc-2.7.18.jar:/Users/shihab/.m2/repository/com/zaxxer/HikariCP/4.0.3/HikariCP-4.0.3.jar:/Users/shihab/.m2/repository/org/springframework/spring-jdbc/5.3.31/spring-jdbc-5.3.31.jar:/Users/shihab/.m2/repository/jakarta/transaction/jakarta.transaction-api/1.3.3/jakarta.transaction-api-1.3.3.jar:/Users/shihab/.m2/repository/jakarta/persistence/jakarta.persistence-api/2.2.3/jakarta.persistence-api-2.2.3.jar:/Users/shihab/.m2/repository/org/hibernate/hibernate-core/5.6.15.Final/hibernate-core-5.6.15.Final.jar:/Users/shihab/.m2/repository/org/jboss/logging/jboss-logging/3.4.3.Final/jboss-logging-3.4.3.Final.jar:/Users/shihab/.m2/repository/net/bytebuddy/byte-buddy/1.12.23/byte-buddy-1.12.23.jar:/Users/shihab/.m2/repository/antlr/antlr/2.7.7/antlr-2.7.7.jar:/Users/shihab/.m2/repository/org/jboss/jandex/2.4.2.Final/jandex-2.4.2.Final.jar:/Users/shihab/.m2/repository/com/fasterxml/classmate/1.5.1/classmate-1.5.1.jar:/Users/shihab/.m2/repository/org/hibernate/common/hibernate-commons-annotations/5.1.2.Final/hibernate-commons-annotations-5.1.2.Final.jar:/Users/shihab/.m2/repository/org/glassfish/jaxb/jaxb-runtime/2.3.9/jaxb-runtime-2.3.9.jar:/Users/shihab/.m2/repository/org/glassfish/jaxb/txw2/2.3.9/txw2-2.3.9.jar:/Users/shihab/.m2/repository/com/sun/istack/istack-commons-runtime/3.0.12/istack-commons-runtime-3.0.12.jar:/Users/shihab/.m2/repository/com/sun/activation/jakarta.activation/1.2.2/jakarta.activation-1.2.2.jar:/Users/shihab/.m2/repository/org/springframework/data/spring-data-jpa/2.7.18/spring-data-jpa-2.7.18.jar:/Users/shihab/.m2/repository/org/springframework/data/spring-data-commons/2.7.18/spring-data-commons-2.7.18.jar:/Users/shihab/.m2/repository/org/springframework/spring-orm/5.3.31/spring-orm-5.3.31.jar:/Users/shihab/.m2/repository/org/springframework/spring-tx/5.3.31/spring-tx-5.3.31.jar:/Users/shihab/.m2/repository/org/slf4j/slf4j-api/1.7.36/slf4j-api-1.7.36.jar:/Users/shihab/.m2/repository/org/springframework/spring-aspects/5.3.31/spring-aspects-5.3.31.jar:/Users/shihab/.m2/repository/org/springframework/boot/spring-boot-starter-validation/2.7.18/spring-boot-starter-validation-2.7.18.jar:/Users/shihab/.m2/repository/org/apache/tomcat/embed/tomcat-embed-el/9.0.83/tomcat-embed-el-9.0.83.jar:/Users/shihab/.m2/repository/org/hibernate/validator/hibernate-validator/6.2.5.Final/hibernate-validator-6.2.5.Final.jar:/Users/shihab/.m2/repository/jakarta/validation/jakarta.validation-api/2.0.2/jakarta.validation-api-2.0.2.jar:/Users/shihab/.m2/repository/org/springframework/boot/spring-boot-starter-security/2.7.18/spring-boot-starter-security-2.7.18.jar:/Users/shihab/.m2/repository/org/springframework/spring-aop/5.3.31/spring-aop-5.3.31.jar:/Users/shihab/.m2/repository/org/springframework/security/spring-security-config/5.7.11/spring-security-config-5.7.11.jar:/Users/shihab/.m2/repository/org/springframework/security/spring-security-web/5.7.11/spring-security-web-5.7.11.jar:/Users/shihab/.m2/repository/org/springframework/boot/spring-boot-starter-actuator/2.7.18/spring-boot-starter-actuator-2.7.18.jar:/Users/shihab/.m2/repository/org/springframework/boot/spring-boot-actuator-autoconfigure/2.7.18/spring-boot-actuator-autoconfigure-2.7.18.jar:/Users/shihab/.m2/repository/org/springframework/boot/spring-boot-actuator/2.7.18/spring-boot-actuator-2.7.18.jar:/Users/shihab/.m2/repository/io/micrometer/micrometer-core/1.9.17/micrometer-core-1.9.17.jar:/Users/shihab/.m2/repository/org/hdrhistogram/HdrHistogram/2.1.12/HdrHistogram-2.1.12.jar:/Users/shihab/.m2/repository/org/latencyutils/LatencyUtils/2.0.3/LatencyUtils-2.0.3.jar:/Users/shihab/.m2/repository/org/springframework/boot/spring-boot-starter-cache/2.7.18/spring-boot-starter-cache-2.7.18.jar:/Users/shihab/.m2/repository/org/springframework/spring-context-support/5.3.31/spring-context-support-5.3.31.jar:/Users/shihab/.m2/repository/com/h2database/h2/2.1.214/h2-2.1.214.jar:/Users/shihab/.m2/repository/org/postgresql/postgresql/42.3.8/postgresql-42.3.8.jar:/Users/shihab/.m2/repository/org/checkerframework/checker-qual/3.5.0/checker-qual-3.5.0.jar:/Users/shihab/.m2/repository/io/micrometer/micrometer-registry-prometheus/1.9.17/micrometer-registry-prometheus-1.9.17.jar:/Users/shihab/.m2/repository/io/prometheus/simpleclient_common/0.15.0/simpleclient_common-0.15.0.jar:/Users/shihab/.m2/repository/io/prometheus/simpleclient/0.15.0/simpleclient-0.15.0.jar:/Users/shihab/.m2/repository/io/prometheus/simpleclient_tracer_otel/0.15.0/simpleclient_tracer_otel-0.15.0.jar:/Users/shihab/.m2/repository/io/prometheus/simpleclient_tracer_common/0.15.0/simpleclient_tracer_common-0.15.0.jar:/Users/shihab/.m2/repository/io/prometheus/simpleclient_tracer_otel_agent/0.15.0/simpleclient_tracer_otel_agent-0.15.0.jar:/Users/shihab/.m2/repository/org/springframework/boot/spring-boot-starter-test/2.7.18/spring-boot-starter-test-2.7.18.jar:/Users/shihab/.m2/repository/org/springframework/boot/spring-boot-test/2.7.18/spring-boot-test-2.7.18.jar:/Users/shihab/.m2/repository/org/springframework/boot/spring-boot-test-autoconfigure/2.7.18/spring-boot-test-autoconfigure-2.7.18.jar:/Users/shihab/.m2/repository/com/jayway/jsonpath/json-path/2.7.0/json-path-2.7.0.jar:/Users/shihab/.m2/repository/net/minidev/json-smart/2.4.11/json-smart-2.4.11.jar:/Users/shihab/.m2/repository/net/minidev/accessors-smart/2.4.11/accessors-smart-2.4.11.jar:/Users/shihab/.m2/repository/org/ow2/asm/asm/9.3/asm-9.3.jar:/Users/shihab/.m2/repository/jakarta/xml/bind/jakarta.xml.bind-api/2.3.3/jakarta.xml.bind-api-2.3.3.jar:/Users/shihab/.m2/repository/jakarta/activation/jakarta.activation-api/1.2.2/jakarta.activation-api-1.2.2.jar:/Users/shihab/.m2/repository/org/assertj/assertj-core/3.22.0/assertj-core-3.22.0.jar:/Users/shihab/.m2/repository/org/hamcrest/hamcrest/2.2/hamcrest-2.2.jar:/Users/shihab/.m2/repository/org/junit/jupiter/junit-jupiter/5.8.2/junit-jupiter-5.8.2.jar:/Users/shihab/.m2/repository/org/junit/jupiter/junit-jupiter-api/5.8.2/junit-jupiter-api-5.8.2.jar:/Users/shihab/.m2/repository/org/opentest4j/opentest4j/1.2.0/opentest4j-1.2.0.jar:/Users/shihab/.m2/repository/org/junit/platform/junit-platform-commons/1.8.2/junit-platform-commons-1.8.2.jar:/Users/shihab/.m2/repository/org/apiguardian/apiguardian-api/1.1.2/apiguardian-api-1.1.2.jar:/Users/shihab/.m2/repository/org/junit/jupiter/junit-jupiter-params/5.8.2/junit-jupiter-params-5.8.2.jar:/Users/shihab/.m2/repository/org/junit/jupiter/junit-jupiter-engine/5.8.2/junit-jupiter-engine-5.8.2.jar:/Users/shihab/.m2/repository/org/junit/platform/junit-platform-engine/1.8.2/junit-platform-engine-1.8.2.jar:/Users/shihab/.m2/repository/org/mockito/mockito-core/4.5.1/mockito-core-4.5.1.jar:/Users/shihab/.m2/repository/net/bytebuddy/byte-buddy-agent/1.12.23/byte-buddy-agent-1.12.23.jar:/Users/shihab/.m2/repository/org/objenesis/objenesis/3.2/objenesis-3.2.jar:/Users/shihab/.m2/repository/org/mockito/mockito-junit-jupiter/4.5.1/mockito-junit-jupiter-4.5.1.jar:/Users/shihab/.m2/repository/org/skyscreamer/jsonassert/1.5.1/jsonassert-1.5.1.jar:/Users/shihab/.m2/repository/com/vaadin/external/google/android-json/0.0.20131108.vaadin1/android-json-0.0.20131108.vaadin1.jar:/Users/shihab/.m2/repository/org/springframework/spring-core/5.3.31/spring-core-5.3.31.jar:/Users/shihab/.m2/repository/org/springframework/spring-jcl/5.3.31/spring-jcl-5.3.31.jar:/Users/shihab/.m2/repository/org/springframework/spring-test/5.3.31/spring-test-5.3.31.jar:/Users/shihab/.m2/repository/org/xmlunit/xmlunit-core/2.9.1/xmlunit-core-2.9.1.jar:/Users/shihab/.m2/repository/org/springframework/security/spring-security-test/5.7.11/spring-security-test-5.7.11.jar:/Users/shihab/.m2/repository/org/springframework/security/spring-security-core/5.7.11/spring-security-core-5.7.11.jar:/Users/shihab/.m2/repository/org/springframework/security/spring-security-crypto/5.7.11/spring-security-crypto-5.7.11.jar:/Users/shihab/.m2/repository/org/apache/commons/commons-lang3/3.12.0/commons-lang3-3.12.0.jar:/Users/shihab/.m2/repository/com/fasterxml/jackson/core/jackson-databind/2.13.5/jackson-databind-2.13.5.jar:/Users/shihab/.m2/repository/com/fasterxml/jackson/core/jackson-annotations/2.13.5/jackson-annotations-2.13.5.jar:/Users/shihab/.m2/repository/com/fasterxml/jackson/core/jackson-core/2.13.5/jackson-core-2.13.5.jar:"/>
    <property name="sun.cpu.endian" value="little"/>
    <property name="user.home" value="/Users/shihab"/>
    <property name="user.language" value="en"/>
    <property name="java.specification.vendor" value="Oracle Corporation"/>
    <property name="java.version.date" value="2022-08-18"/>
    <property name="java.home" value="/Library/Java/JavaVirtualMachines/jdk-11.0.16.1.jdk/Contents/Home"/>
    <property name="file.separator" value="/"/>
    <property name="basedir" value="/Users/shihab/money-transfer-app/money-transfer-app"/>
    <property name="java.vm.compressedOopsMode" value="Zero based"/>
    <property name="line.separator" value="&#10;"/>
    <property name="java.specification.name" value="Java Platform API Specification"/>
    <property name="java.vm.specification.vendor" value="Oracle Corporation"/>
    <property name="java.awt.graphicsenv" value="sun.awt.CGraphicsEnvironment"/>
    <property name="surefire.real.class.path" value="/Users/shihab/money-transfer-app/money-transfer-app/target/surefire/surefirebooter15697220113619134263.jar"/>
    <property name="sun.management.compiler" value="HotSpot 64-Bit Tiered Compilers"/>
    <property name="ftp.nonProxyHosts" value="local|*.local|169.254/16|*.169.254/16"/>
    <property name="java.runtime.version" value="11.0.16.1+1-LTS-1"/>
    <property name="user.name" value="shihab"/>
    <property name="path.separator" value=":"/>
    <property name="os.version" value="15.5"/>
    <property name="java.runtime.name" value="Java(TM) SE Runtime Environment"/>
    <property name="file.encoding" value="UTF-8"/>
    <property name="java.vm.name" value="Java HotSpot(TM) 64-Bit Server VM"/>
    <property name="java.vendor.version" value="18.9"/>
    <property name="localRepository" value="/Users/shihab/.m2/repository"/>
    <property name="java.vendor.url.bug" value="https://bugreport.java.com/bugreport/"/>
    <property name="java.io.tmpdir" value="/var/folders/r7/_kq0df3j6mx84czg106xkzf40000gn/T/"/>
    <property name="java.version" value="11.0.16.1"/>
    <property name="user.dir" value="/Users/shihab/money-transfer-app/money-transfer-app"/>
    <property name="os.arch" value="aarch64"/>
    <property name="java.vm.specification.name" value="Java Virtual Machine Specification"/>
    <property name="java.awt.printerjob" value="sun.lwawt.macosx.CPrinterJob"/>
    <property name="sun.os.patch.level" value="unknown"/>
    <property name="java.library.path" value="/Users/shihab/Library/Java/Extensions:/Library/Java/Extensions:/Network/Library/Java/Extensions:/System/Library/Java/Extensions:/usr/lib/java:."/>
    <property name="java.vendor" value="Oracle Corporation"/>
    <property name="java.vm.info" value="mixed mode"/>
    <property name="java.vm.version" value="11.0.16.1+1-LTS-1"/>
    <property name="sun.io.unicode.encoding" value="UnicodeBig"/>
    <property name="java.class.version" value="55.0"/>
    <property name="socksNonProxyHosts" value="local|*.local|169.254/16|*.169.254/16"/>
  </properties>
  <testcase name="testConcurrentTransfers" classname="com.moneytransfer.service.TransferServiceConcurrencyTest" time="0.615">
    <error message="no transaction is in progress; nested exception is javax.persistence.TransactionRequiredException: no transaction is in progress" type="org.springframework.dao.InvalidDataAccessApiUsageException">org.springframework.dao.InvalidDataAccessApiUsageException: no transaction is in progress; nested exception is javax.persistence.TransactionRequiredException: no transaction is in progress
	at com.moneytransfer.service.TransferServiceConcurrencyTest.testConcurrentTransfers(TransferServiceConcurrencyTest.java:110)
Caused by: javax.persistence.TransactionRequiredException: no transaction is in progress
	at com.moneytransfer.service.TransferServiceConcurrencyTest.testConcurrentTransfers(TransferServiceConcurrencyTest.java:110)
</error>
    <system-out><![CDATA[20:00:05.806 [main] DEBUG org.springframework.test.context.BootstrapUtils - Instantiating CacheAwareContextLoaderDelegate from class [org.springframework.test.context.cache.DefaultCacheAwareContextLoaderDelegate]
20:00:05.813 [main] DEBUG org.springframework.test.context.BootstrapUtils - Instantiating BootstrapContext using constructor [public org.springframework.test.context.support.DefaultBootstrapContext(java.lang.Class,org.springframework.test.context.CacheAwareContextLoaderDelegate)]
20:00:05.834 [main] DEBUG org.springframework.test.context.BootstrapUtils - Instantiating TestContextBootstrapper for test class [com.moneytransfer.service.TransferServiceConcurrencyTest] from class [org.springframework.boot.test.context.SpringBootTestContextBootstrapper]
20:00:05.842 [main] INFO org.springframework.boot.test.context.SpringBootTestContextBootstrapper - Neither @ContextConfiguration nor @ContextHierarchy found for test class [com.moneytransfer.service.TransferServiceConcurrencyTest], using SpringBootContextLoader
20:00:05.844 [main] DEBUG org.springframework.test.context.support.AbstractContextLoader - Did not detect default resource location for test class [com.moneytransfer.service.TransferServiceConcurrencyTest]: class path resource [com/moneytransfer/service/TransferServiceConcurrencyTest-context.xml] does not exist
20:00:05.844 [main] DEBUG org.springframework.test.context.support.AbstractContextLoader - Did not detect default resource location for test class [com.moneytransfer.service.TransferServiceConcurrencyTest]: class path resource [com/moneytransfer/service/TransferServiceConcurrencyTestContext.groovy] does not exist
20:00:05.844 [main] INFO org.springframework.test.context.support.AbstractContextLoader - Could not detect default resource locations for test class [com.moneytransfer.service.TransferServiceConcurrencyTest]: no resource found for suffixes {-context.xml, Context.groovy}.
20:00:05.845 [main] INFO org.springframework.test.context.support.AnnotationConfigContextLoaderUtils - Could not detect default configuration classes for test class [com.moneytransfer.service.TransferServiceConcurrencyTest]: TransferServiceConcurrencyTest does not declare any static, non-private, non-final, nested classes annotated with @Configuration.
20:00:05.916 [main] DEBUG org.springframework.context.annotation.ClassPathScanningCandidateComponentProvider - Identified candidate component class: file [/Users/shihab/money-transfer-app/money-transfer-app/target/classes/com/moneytransfer/MoneyTransferApplication.class]
20:00:05.917 [main] INFO org.springframework.boot.test.context.SpringBootTestContextBootstrapper - Found @SpringBootConfiguration com.moneytransfer.MoneyTransferApplication for test class com.moneytransfer.service.TransferServiceConcurrencyTest
20:00:05.986 [main] DEBUG org.springframework.boot.test.context.SpringBootTestContextBootstrapper - @TestExecutionListeners is not present for class [com.moneytransfer.service.TransferServiceConcurrencyTest]: using defaults.
20:00:05.986 [main] INFO org.springframework.boot.test.context.SpringBootTestContextBootstrapper - Loaded default TestExecutionListener class names from location [META-INF/spring.factories]: [org.springframework.boot.test.mock.mockito.MockitoTestExecutionListener, org.springframework.boot.test.mock.mockito.ResetMocksTestExecutionListener, org.springframework.boot.test.autoconfigure.restdocs.RestDocsTestExecutionListener, org.springframework.boot.test.autoconfigure.web.client.MockRestServiceServerResetTestExecutionListener, org.springframework.boot.test.autoconfigure.web.servlet.MockMvcPrintOnlyOnFailureTestExecutionListener, org.springframework.boot.test.autoconfigure.web.servlet.WebDriverTestExecutionListener, org.springframework.boot.test.autoconfigure.webservices.client.MockWebServiceServerTestExecutionListener, org.springframework.test.context.web.ServletTestExecutionListener, org.springframework.test.context.support.DirtiesContextBeforeModesTestExecutionListener, org.springframework.test.context.event.ApplicationEventsTestExecutionListener, org.springframework.test.context.support.DependencyInjectionTestExecutionListener, org.springframework.test.context.support.DirtiesContextTestExecutionListener, org.springframework.test.context.transaction.TransactionalTestExecutionListener, org.springframework.test.context.jdbc.SqlScriptsTestExecutionListener, org.springframework.test.context.event.EventPublishingTestExecutionListener, org.springframework.security.test.context.support.WithSecurityContextTestExecutionListener, org.springframework.security.test.context.support.ReactorContextTestExecutionListener]
20:00:06.034 [main] INFO org.springframework.boot.test.context.SpringBootTestContextBootstrapper - Using TestExecutionListeners: [org.springframework.test.context.web.ServletTestExecutionListener@13f17eb4, org.springframework.test.context.support.DirtiesContextBeforeModesTestExecutionListener@1d0d6318, org.springframework.test.context.event.ApplicationEventsTestExecutionListener@4bc28c33, org.springframework.boot.test.mock.mockito.MockitoTestExecutionListener@4409e975, org.springframework.boot.test.autoconfigure.SpringBootDependencyInjectionTestExecutionListener@5c153b9e, org.springframework.test.context.support.DirtiesContextTestExecutionListener@2a7686a7, org.springframework.test.context.transaction.TransactionalTestExecutionListener@758a34ce, org.springframework.test.context.jdbc.SqlScriptsTestExecutionListener@7ec3394b, org.springframework.test.context.event.EventPublishingTestExecutionListener@bff34c6, org.springframework.security.test.context.support.WithSecurityContextTestExecutionListener@1522d8a0, org.springframework.security.test.context.support.ReactorContextTestExecutionListener@312ab28e, org.springframework.boot.test.mock.mockito.ResetMocksTestExecutionListener@5644dc81, org.springframework.boot.test.autoconfigure.restdocs.RestDocsTestExecutionListener@246f8b8b, org.springframework.boot.test.autoconfigure.web.client.MockRestServiceServerResetTestExecutionListener@278bb07e, org.springframework.boot.test.autoconfigure.web.servlet.MockMvcPrintOnlyOnFailureTestExecutionListener@4351c8c3, org.springframework.boot.test.autoconfigure.web.servlet.WebDriverTestExecutionListener@3381b4fc, org.springframework.boot.test.autoconfigure.webservices.client.MockWebServiceServerTestExecutionListener@6bea52d4]
20:00:06.038 [main] DEBUG org.springframework.test.context.support.AbstractDirtiesContextTestExecutionListener - Before test class: context [DefaultTestContext@c1bd0be testClass = TransferServiceConcurrencyTest, testInstance = [null], testMethod = [null], testException = [null], mergedContextConfiguration = [WebMergedContextConfiguration@476b0ae6 testClass = TransferServiceConcurrencyTest, locations = '{}', classes = '{class com.moneytransfer.MoneyTransferApplication}', contextInitializerClasses = '[]', activeProfiles = '{test}', propertySourceLocations = '{}', propertySourceProperties = '{spring.cache.type=simple, spring.jpa.hibernate.ddl-auto=create-drop, spring.datasource.url=jdbc:h2:mem:testdb, org.springframework.boot.test.context.SpringBootTestContextBootstrapper=true, server.port=0}', contextCustomizers = set[org.springframework.boot.test.context.filter.ExcludeFilterContextCustomizer@239105a8, org.springframework.boot.test.json.DuplicateJsonObjectContextCustomizerFactory$DuplicateJsonObjectContextCustomizer@1df8b5b8, org.springframework.boot.test.mock.mockito.MockitoContextCustomizer@0, org.springframework.boot.test.web.client.TestRestTemplateContextCustomizer@5f77d0f9, org.springframework.boot.test.autoconfigure.actuate.metrics.MetricsExportContextCustomizerFactory$DisableMetricExportContextCustomizer@1cd629b3, org.springframework.boot.test.autoconfigure.properties.PropertyMappingContextCustomizer@0, org.springframework.boot.test.autoconfigure.web.servlet.WebDriverContextCustomizerFactory$Customizer@7b7fdc8, org.springframework.boot.test.context.SpringBootTestArgs@1, org.springframework.boot.test.context.SpringBootTestWebEnvironment@49b0b76], resourceBasePath = 'src/main/webapp', contextLoader = 'org.springframework.boot.test.context.SpringBootContextLoader', parent = [null]], attributes = map['org.springframework.test.context.web.ServletTestExecutionListener.activateListener' -> false]], class annotated with @DirtiesContext [false] with mode [null].
20:00:06.062 [main] DEBUG org.springframework.test.context.support.DependencyInjectionTestExecutionListener - Performing dependency injection for test context [[DefaultTestContext@c1bd0be testClass = TransferServiceConcurrencyTest, testInstance = com.moneytransfer.service.TransferServiceConcurrencyTest@60a2630a, testMethod = [null], testException = [null], mergedContextConfiguration = [WebMergedContextConfiguration@476b0ae6 testClass = TransferServiceConcurrencyTest, locations = '{}', classes = '{class com.moneytransfer.MoneyTransferApplication}', contextInitializerClasses = '[]', activeProfiles = '{test}', propertySourceLocations = '{}', propertySourceProperties = '{spring.cache.type=simple, spring.jpa.hibernate.ddl-auto=create-drop, spring.datasource.url=jdbc:h2:mem:testdb, org.springframework.boot.test.context.SpringBootTestContextBootstrapper=true, server.port=0}', contextCustomizers = set[org.springframework.boot.test.context.filter.ExcludeFilterContextCustomizer@239105a8, org.springframework.boot.test.json.DuplicateJsonObjectContextCustomizerFactory$DuplicateJsonObjectContextCustomizer@1df8b5b8, org.springframework.boot.test.mock.mockito.MockitoContextCustomizer@0, org.springframework.boot.test.web.client.TestRestTemplateContextCustomizer@5f77d0f9, org.springframework.boot.test.autoconfigure.actuate.metrics.MetricsExportContextCustomizerFactory$DisableMetricExportContextCustomizer@1cd629b3, org.springframework.boot.test.autoconfigure.properties.PropertyMappingContextCustomizer@0, org.springframework.boot.test.autoconfigure.web.servlet.WebDriverContextCustomizerFactory$Customizer@7b7fdc8, org.springframework.boot.test.context.SpringBootTestArgs@1, org.springframework.boot.test.context.SpringBootTestWebEnvironment@49b0b76], resourceBasePath = 'src/main/webapp', contextLoader = 'org.springframework.boot.test.context.SpringBootContextLoader', parent = [null]], attributes = map['org.springframework.test.context.web.ServletTestExecutionListener.activateListener' -> false, 'org.springframework.test.context.event.ApplicationEventsTestExecutionListener.recordApplicationEvents' -> false]]].

  .   ____          _            __ _ _
 /\\ / ___'_ __ _ _(_)_ __  __ _ \ \ \ \
( ( )\___ | '_ | '_| | '_ \/ _` | \ \ \ \
 \\/  ___)| |_)| | | | | || (_| |  ) ) ) )
  '  |____| .__|_| |_|_| |_\__, | / / / /
 =========|_|==============|___/=/_/_/_/
 :: Spring Boot ::               (v2.7.18)

2025-08-03 20:00:06 - Starting TransferServiceConcurrencyTest using Java 11.0.16.1 on Shihabs-MacBook-Pro.local with PID 46130 (started by shihab in /Users/shihab/money-transfer-app/money-transfer-app)
2025-08-03 20:00:06 - The following 1 profile is active: "test"
2025-08-03 20:00:07 - Bootstrapping Spring Data JPA repositories in DEFAULT mode.
2025-08-03 20:00:07 - Finished Spring Data repository scanning in 54 ms. Found 2 JPA repository interfaces.
2025-08-03 20:00:07 - Tomcat initialized with port(s): 0 (http)
2025-08-03 20:00:07 - Starting service [Tomcat]
2025-08-03 20:00:07 - Starting Servlet engine: [Apache Tomcat/9.0.83]
2025-08-03 20:00:08 - Initializing Spring embedded WebApplicationContext
2025-08-03 20:00:08 - Root WebApplicationContext: initialization completed in 1590 ms
2025-08-03 20:00:09 - HHH000204: Processing PersistenceUnitInfo [name: default]
2025-08-03 20:00:09 - HHH000412: Hibernate ORM core version 5.6.15.Final
2025-08-03 20:00:09 - HCANN000001: Hibernate Commons Annotations {5.1.2.Final}
2025-08-03 20:00:09 - HikariPool-1 - Starting...
2025-08-03 20:00:10 - HikariPool-1 - Start completed.
2025-08-03 20:00:10 - HHH000400: Using dialect: org.hibernate.dialect.H2Dialect
2025-08-03 20:00:10 - HHH000490: Using JtaPlatform implementation: [org.hibernate.engine.transaction.jta.platform.internal.NoJtaPlatform]
2025-08-03 20:00:10 - Initialized JPA EntityManagerFactory for persistence unit 'default'
2025-08-03 20:00:11 - spring.jpa.open-in-view is enabled by default. Therefore, database queries may be performed during view rendering. Explicitly configure spring.jpa.open-in-view to disable this warning
2025-08-03 20:00:11 - Exposing 4 endpoint(s) beneath base path '/actuator'
2025-08-03 20:00:11 - Tomcat started on port(s): 58183 (http) with context path ''
2025-08-03 20:00:11 - Started TransferServiceConcurrencyTest in 5.697 seconds (JVM running for 6.466)
2025-08-03 20:00:11 - Initializing sample data...
2025-08-03 20:00:11 - binding parameter [1] as [VARCHAR] - [John Doe]
2025-08-03 20:00:11 - binding parameter [2] as [VARCHAR] - [ACC001234567890]
2025-08-03 20:00:11 - binding parameter [3] as [NUMERIC] - [10000.00]
2025-08-03 20:00:11 - binding parameter [4] as [TIMESTAMP] - [2025-08-03T20:00:11.870205]
2025-08-03 20:00:11 - binding parameter [5] as [VARCHAR] - [USD]
2025-08-03 20:00:11 - binding parameter [6] as [VARCHAR] - [ACTIVE]
2025-08-03 20:00:11 - binding parameter [7] as [TIMESTAMP] - [2025-08-03T20:00:11.870262]
2025-08-03 20:00:11 - binding parameter [8] as [VARCHAR] - [user1]
2025-08-03 20:00:11 - binding parameter [9] as [BIGINT] - [0]
2025-08-03 20:00:11 - binding parameter [1] as [VARCHAR] - [John Doe]
2025-08-03 20:00:11 - binding parameter [2] as [VARCHAR] - [ACC002345678901]
2025-08-03 20:00:11 - binding parameter [3] as [NUMERIC] - [8500.00]
2025-08-03 20:00:11 - binding parameter [4] as [TIMESTAMP] - [2025-08-03T20:00:11.877243]
2025-08-03 20:00:11 - binding parameter [5] as [VARCHAR] - [EUR]
2025-08-03 20:00:11 - binding parameter [6] as [VARCHAR] - [ACTIVE]
2025-08-03 20:00:11 - binding parameter [7] as [TIMESTAMP] - [2025-08-03T20:00:11.877255]
2025-08-03 20:00:11 - binding parameter [8] as [VARCHAR] - [user1]
2025-08-03 20:00:11 - binding parameter [9] as [BIGINT] - [0]
2025-08-03 20:00:11 - binding parameter [1] as [VARCHAR] - [Jane Smith]
2025-08-03 20:00:11 - binding parameter [2] as [VARCHAR] - [ACC003456789012]
2025-08-03 20:00:11 - binding parameter [3] as [NUMERIC] - [5000.00]
2025-08-03 20:00:11 - binding parameter [4] as [TIMESTAMP] - [2025-08-03T20:00:11.878206]
2025-08-03 20:00:11 - binding parameter [5] as [VARCHAR] - [USD]
2025-08-03 20:00:11 - binding parameter [6] as [VARCHAR] - [ACTIVE]
2025-08-03 20:00:11 - binding parameter [7] as [TIMESTAMP] - [2025-08-03T20:00:11.878215]
2025-08-03 20:00:11 - binding parameter [8] as [VARCHAR] - [user2]
2025-08-03 20:00:11 - binding parameter [9] as [BIGINT] - [0]
2025-08-03 20:00:11 - binding parameter [1] as [VARCHAR] - [Jane Smith]
2025-08-03 20:00:11 - binding parameter [2] as [VARCHAR] - [ACC004567890123]
2025-08-03 20:00:11 - binding parameter [3] as [NUMERIC] - [3000.00]
2025-08-03 20:00:11 - binding parameter [4] as [TIMESTAMP] - [2025-08-03T20:00:11.878927]
2025-08-03 20:00:11 - binding parameter [5] as [VARCHAR] - [GBP]
2025-08-03 20:00:11 - binding parameter [6] as [VARCHAR] - [ACTIVE]
2025-08-03 20:00:11 - binding parameter [7] as [TIMESTAMP] - [2025-08-03T20:00:11.878934]
2025-08-03 20:00:11 - binding parameter [8] as [VARCHAR] - [user2]
2025-08-03 20:00:11 - binding parameter [9] as [BIGINT] - [0]
2025-08-03 20:00:11 - binding parameter [1] as [VARCHAR] - [Bob Johnson]
2025-08-03 20:00:11 - binding parameter [2] as [VARCHAR] - [ACC005678901234]
2025-08-03 20:00:11 - binding parameter [3] as [NUMERIC] - [7500.00]
2025-08-03 20:00:11 - binding parameter [4] as [TIMESTAMP] - [2025-08-03T20:00:11.879585]
2025-08-03 20:00:11 - binding parameter [5] as [VARCHAR] - [USD]
2025-08-03 20:00:11 - binding parameter [6] as [VARCHAR] - [ACTIVE]
2025-08-03 20:00:11 - binding parameter [7] as [TIMESTAMP] - [2025-08-03T20:00:11.879592]
2025-08-03 20:00:11 - binding parameter [8] as [VARCHAR] - [user3]
2025-08-03 20:00:11 - binding parameter [9] as [BIGINT] - [0]
2025-08-03 20:00:11 - binding parameter [1] as [VARCHAR] - [Alice Brown]
2025-08-03 20:00:11 - binding parameter [2] as [VARCHAR] - [ACC006789012345]
2025-08-03 20:00:11 - binding parameter [3] as [NUMERIC] - [12000.00]
2025-08-03 20:00:11 - binding parameter [4] as [TIMESTAMP] - [2025-08-03T20:00:11.880345]
2025-08-03 20:00:11 - binding parameter [5] as [VARCHAR] - [EUR]
2025-08-03 20:00:11 - binding parameter [6] as [VARCHAR] - [ACTIVE]
2025-08-03 20:00:11 - binding parameter [7] as [TIMESTAMP] - [2025-08-03T20:00:11.880359]
2025-08-03 20:00:11 - binding parameter [8] as [VARCHAR] - [user4]
2025-08-03 20:00:11 - binding parameter [9] as [BIGINT] - [0]
2025-08-03 20:00:11 - binding parameter [1] as [VARCHAR] - [Charlie Wilson]
2025-08-03 20:00:11 - binding parameter [2] as [VARCHAR] - [ACC007890123456]
2025-08-03 20:00:11 - binding parameter [3] as [NUMERIC] - [4500.00]
2025-08-03 20:00:11 - binding parameter [4] as [TIMESTAMP] - [2025-08-03T20:00:11.881598]
2025-08-03 20:00:11 - binding parameter [5] as [VARCHAR] - [GBP]
2025-08-03 20:00:11 - binding parameter [6] as [VARCHAR] - [ACTIVE]
2025-08-03 20:00:11 - binding parameter [7] as [TIMESTAMP] - [2025-08-03T20:00:11.881609]
2025-08-03 20:00:11 - binding parameter [8] as [VARCHAR] - [user5]
2025-08-03 20:00:11 - binding parameter [9] as [BIGINT] - [0]
2025-08-03 20:00:11 - binding parameter [1] as [VARCHAR] - [Diana Davis]
2025-08-03 20:00:11 - binding parameter [2] as [VARCHAR] - [ACC008901234567]
2025-08-03 20:00:11 - binding parameter [3] as [NUMERIC] - [2000.00]
2025-08-03 20:00:11 - binding parameter [4] as [TIMESTAMP] - [2025-08-03T20:00:11.882582]
2025-08-03 20:00:11 - binding parameter [5] as [VARCHAR] - [USD]
2025-08-03 20:00:11 - binding parameter [6] as [VARCHAR] - [ACTIVE]
2025-08-03 20:00:11 - binding parameter [7] as [TIMESTAMP] - [2025-08-03T20:00:11.882682]
2025-08-03 20:00:11 - binding parameter [8] as [VARCHAR] - [user6]
2025-08-03 20:00:11 - binding parameter [9] as [BIGINT] - [0]
2025-08-03 20:00:11 - Sample data initialized successfully. Created 8 accounts.
2025-08-03 20:00:11 - Created account: ACC001234567890 - John Doe user1 - Balance: 10000.00 USD
2025-08-03 20:00:11 - Created account: ACC002345678901 - John Doe user1 - Balance: 8500.00 EUR
2025-08-03 20:00:11 - Created account: ACC003456789012 - Jane Smith user2 - Balance: 5000.00 USD
2025-08-03 20:00:11 - Created account: ACC004567890123 - Jane Smith user2 - Balance: 3000.00 GBP
2025-08-03 20:00:11 - Created account: ACC005678901234 - Bob Johnson user3 - Balance: 7500.00 USD
2025-08-03 20:00:11 - Created account: ACC006789012345 - Alice Brown user4 - Balance: 12000.00 EUR
2025-08-03 20:00:11 - Created account: ACC007890123456 - Charlie Wilson user5 - Balance: 4500.00 GBP
2025-08-03 20:00:11 - Created account: ACC008901234567 - Diana Davis user6 - Balance: 2000.00 USD
2025-08-03 20:00:11 - binding parameter [1] as [BIGINT] - [1]
2025-08-03 20:00:11 - binding parameter [2] as [BIGINT] - [0]
2025-08-03 20:00:11 - binding parameter [1] as [BIGINT] - [2]
2025-08-03 20:00:11 - binding parameter [2] as [BIGINT] - [0]
2025-08-03 20:00:11 - binding parameter [1] as [BIGINT] - [3]
2025-08-03 20:00:11 - binding parameter [2] as [BIGINT] - [0]
2025-08-03 20:00:11 - binding parameter [1] as [BIGINT] - [4]
2025-08-03 20:00:11 - binding parameter [2] as [BIGINT] - [0]
2025-08-03 20:00:11 - binding parameter [1] as [BIGINT] - [5]
2025-08-03 20:00:11 - binding parameter [2] as [BIGINT] - [0]
2025-08-03 20:00:11 - binding parameter [1] as [BIGINT] - [6]
2025-08-03 20:00:11 - binding parameter [2] as [BIGINT] - [0]
2025-08-03 20:00:11 - binding parameter [1] as [BIGINT] - [7]
2025-08-03 20:00:11 - binding parameter [2] as [BIGINT] - [0]
2025-08-03 20:00:11 - binding parameter [1] as [BIGINT] - [8]
2025-08-03 20:00:11 - binding parameter [2] as [BIGINT] - [0]
2025-08-03 20:00:11 - binding parameter [1] as [VARCHAR] - [Test User 1]
2025-08-03 20:00:11 - binding parameter [2] as [VARCHAR] - [TEST001234567890]
2025-08-03 20:00:11 - binding parameter [3] as [NUMERIC] - [1000.00]
2025-08-03 20:00:11 - binding parameter [4] as [TIMESTAMP] - [2025-08-03T20:00:11.986986]
2025-08-03 20:00:11 - binding parameter [5] as [VARCHAR] - [USD]
2025-08-03 20:00:11 - binding parameter [6] as [VARCHAR] - [ACTIVE]
2025-08-03 20:00:11 - binding parameter [7] as [TIMESTAMP] - [2025-08-03T20:00:11.986998]
2025-08-03 20:00:11 - binding parameter [8] as [VARCHAR] - [user1]
2025-08-03 20:00:11 - binding parameter [9] as [BIGINT] - [0]
2025-08-03 20:00:11 - binding parameter [1] as [VARCHAR] - [Test User 2]
2025-08-03 20:00:11 - binding parameter [2] as [VARCHAR] - [TEST002345678901]
2025-08-03 20:00:11 - binding parameter [3] as [NUMERIC] - [500.00]
2025-08-03 20:00:11 - binding parameter [4] as [TIMESTAMP] - [2025-08-03T20:00:11.988155]
2025-08-03 20:00:11 - binding parameter [5] as [VARCHAR] - [USD]
2025-08-03 20:00:11 - binding parameter [6] as [VARCHAR] - [ACTIVE]
2025-08-03 20:00:11 - binding parameter [7] as [TIMESTAMP] - [2025-08-03T20:00:11.988163]
2025-08-03 20:00:11 - binding parameter [8] as [VARCHAR] - [user2]
2025-08-03 20:00:11 - binding parameter [9] as [BIGINT] - [0]
2025-08-03 20:00:12 - Processing transfer request: TransferRequest{fromAccountNumber='TEST001234567890', toAccountNumber='TEST002345678901', amount=10.00, currency=USD, description='Concurrent transfer test'}
2025-08-03 20:00:12 - Processing transfer request: TransferRequest{fromAccountNumber='TEST001234567890', toAccountNumber='TEST002345678901', amount=10.00, currency=USD, description='Concurrent transfer test'}
2025-08-03 20:00:12 - Processing transfer request: TransferRequest{fromAccountNumber='TEST001234567890', toAccountNumber='TEST002345678901', amount=10.00, currency=USD, description='Concurrent transfer test'}
2025-08-03 20:00:12 - Processing transfer request: TransferRequest{fromAccountNumber='TEST001234567890', toAccountNumber='TEST002345678901', amount=10.00, currency=USD, description='Concurrent transfer test'}
2025-08-03 20:00:12 - Processing transfer request: TransferRequest{fromAccountNumber='TEST001234567890', toAccountNumber='TEST002345678901', amount=10.00, currency=USD, description='Concurrent transfer test'}
2025-08-03 20:00:12 - Processing transfer request: TransferRequest{fromAccountNumber='TEST001234567890', toAccountNumber='TEST002345678901', amount=10.00, currency=USD, description='Concurrent transfer test'}
2025-08-03 20:00:12 - Processing transfer request: TransferRequest{fromAccountNumber='TEST001234567890', toAccountNumber='TEST002345678901', amount=10.00, currency=USD, description='Concurrent transfer test'}
2025-08-03 20:00:12 - Processing transfer request: TransferRequest{fromAccountNumber='TEST001234567890', toAccountNumber='TEST002345678901', amount=10.00, currency=USD, description='Concurrent transfer test'}
2025-08-03 20:00:12 - Processing transfer request: TransferRequest{fromAccountNumber='TEST001234567890', toAccountNumber='TEST002345678901', amount=10.00, currency=USD, description='Concurrent transfer test'}
2025-08-03 20:00:12 - Processing transfer request: TransferRequest{fromAccountNumber='TEST001234567890', toAccountNumber='TEST002345678901', amount=10.00, currency=USD, description='Concurrent transfer test'}
2025-08-03 20:00:12 - binding parameter [1] as [VARCHAR] - [TEST001234567890]
2025-08-03 20:00:12 - binding parameter [1] as [VARCHAR] - [TEST001234567890]
2025-08-03 20:00:12 - binding parameter [1] as [VARCHAR] - [TEST001234567890]
2025-08-03 20:00:12 - binding parameter [1] as [VARCHAR] - [TEST001234567890]
2025-08-03 20:00:12 - binding parameter [1] as [VARCHAR] - [TEST001234567890]
2025-08-03 20:00:12 - binding parameter [1] as [VARCHAR] - [TEST001234567890]
2025-08-03 20:00:12 - binding parameter [1] as [VARCHAR] - [TEST001234567890]
2025-08-03 20:00:12 - binding parameter [1] as [VARCHAR] - [TEST001234567890]
2025-08-03 20:00:12 - binding parameter [1] as [VARCHAR] - [TEST001234567890]
2025-08-03 20:00:12 - binding parameter [1] as [VARCHAR] - [TEST001234567890]
2025-08-03 20:00:12 - binding parameter [1] as [VARCHAR] - [TEST002345678901]
2025-08-03 20:00:12 - binding parameter [1] as [NUMERIC] - [10.00]
2025-08-03 20:00:12 - binding parameter [2] as [TIMESTAMP] - [null]
2025-08-03 20:00:12 - binding parameter [3] as [TIMESTAMP] - [2025-08-03T20:00:12.025064]
2025-08-03 20:00:12 - binding parameter [4] as [VARCHAR] - [USD]
2025-08-03 20:00:12 - binding parameter [5] as [VARCHAR] - [Concurrent transfer test]
2025-08-03 20:00:12 - binding parameter [6] as [VARCHAR] - [null]
2025-08-03 20:00:12 - binding parameter [7] as [BIGINT] - [9]
2025-08-03 20:00:12 - binding parameter [8] as [TIMESTAMP] - [null]
2025-08-03 20:00:12 - binding parameter [9] as [VARCHAR] - [PENDING]
2025-08-03 20:00:12 - binding parameter [10] as [BIGINT] - [10]
2025-08-03 20:00:12 - binding parameter [11] as [VARCHAR] - [TXN-5A6CEA479DD04149]
2025-08-03 20:00:12 - binding parameter [12] as [TIMESTAMP] - [2025-08-03T20:00:12.025081]
2025-08-03 20:00:12 - binding parameter [13] as [BIGINT] - [0]
2025-08-03 20:00:12 - Transfer completed successfully: TXN-5A6CEA479DD04149
2025-08-03 20:00:12 - binding parameter [1] as [VARCHAR] - [Test User 1]
2025-08-03 20:00:12 - binding parameter [2] as [VARCHAR] - [TEST001234567890]
2025-08-03 20:00:12 - binding parameter [3] as [NUMERIC] - [990.00]
2025-08-03 20:00:12 - binding parameter [4] as [VARCHAR] - [USD]
2025-08-03 20:00:12 - binding parameter [5] as [VARCHAR] - [ACTIVE]
2025-08-03 20:00:12 - binding parameter [6] as [TIMESTAMP] - [2025-08-03T20:00:12.031709]
2025-08-03 20:00:12 - binding parameter [7] as [VARCHAR] - [user1]
2025-08-03 20:00:12 - binding parameter [8] as [BIGINT] - [1]
2025-08-03 20:00:12 - binding parameter [9] as [BIGINT] - [9]
2025-08-03 20:00:12 - binding parameter [10] as [BIGINT] - [0]
2025-08-03 20:00:12 - binding parameter [1] as [VARCHAR] - [Test User 2]
2025-08-03 20:00:12 - binding parameter [2] as [VARCHAR] - [TEST002345678901]
2025-08-03 20:00:12 - binding parameter [3] as [NUMERIC] - [510.00]
2025-08-03 20:00:12 - binding parameter [4] as [VARCHAR] - [USD]
2025-08-03 20:00:12 - binding parameter [5] as [VARCHAR] - [ACTIVE]
2025-08-03 20:00:12 - binding parameter [6] as [TIMESTAMP] - [2025-08-03T20:00:12.034856]
2025-08-03 20:00:12 - binding parameter [7] as [VARCHAR] - [user2]
2025-08-03 20:00:12 - binding parameter [8] as [BIGINT] - [1]
2025-08-03 20:00:12 - binding parameter [9] as [BIGINT] - [10]
2025-08-03 20:00:12 - binding parameter [10] as [BIGINT] - [0]
2025-08-03 20:00:12 - binding parameter [1] as [NUMERIC] - [10.00]
2025-08-03 20:00:12 - binding parameter [2] as [TIMESTAMP] - [2025-08-03T20:00:12.030444]
2025-08-03 20:00:12 - binding parameter [3] as [VARCHAR] - [USD]
2025-08-03 20:00:12 - binding parameter [4] as [VARCHAR] - [Concurrent transfer test]
2025-08-03 20:00:12 - binding parameter [5] as [VARCHAR] - [null]
2025-08-03 20:00:12 - binding parameter [6] as [BIGINT] - [9]
2025-08-03 20:00:12 - binding parameter [7] as [TIMESTAMP] - [2025-08-03T20:00:12.028429]
2025-08-03 20:00:12 - binding parameter [8] as [VARCHAR] - [COMPLETED]
2025-08-03 20:00:12 - binding parameter [9] as [BIGINT] - [10]
2025-08-03 20:00:12 - binding parameter [10] as [VARCHAR] - [TXN-5A6CEA479DD04149]
2025-08-03 20:00:12 - binding parameter [11] as [TIMESTAMP] - [2025-08-03T20:00:12.035866]
2025-08-03 20:00:12 - binding parameter [12] as [BIGINT] - [1]
2025-08-03 20:00:12 - binding parameter [13] as [BIGINT] - [1]
2025-08-03 20:00:12 - binding parameter [14] as [BIGINT] - [0]
2025-08-03 20:00:12 - binding parameter [1] as [VARCHAR] - [TEST002345678901]
2025-08-03 20:00:12 - binding parameter [1] as [NUMERIC] - [10.00]
2025-08-03 20:00:12 - binding parameter [2] as [TIMESTAMP] - [null]
2025-08-03 20:00:12 - binding parameter [3] as [TIMESTAMP] - [2025-08-03T20:00:12.040444]
2025-08-03 20:00:12 - binding parameter [4] as [VARCHAR] - [USD]
2025-08-03 20:00:12 - binding parameter [5] as [VARCHAR] - [Concurrent transfer test]
2025-08-03 20:00:12 - binding parameter [6] as [VARCHAR] - [null]
2025-08-03 20:00:12 - binding parameter [7] as [BIGINT] - [9]
2025-08-03 20:00:12 - binding parameter [8] as [TIMESTAMP] - [null]
2025-08-03 20:00:12 - binding parameter [9] as [VARCHAR] - [PENDING]
2025-08-03 20:00:12 - binding parameter [10] as [BIGINT] - [10]
2025-08-03 20:00:12 - binding parameter [11] as [VARCHAR] - [TXN-40D8DDAE88E34E25]
2025-08-03 20:00:12 - binding parameter [12] as [TIMESTAMP] - [2025-08-03T20:00:12.040455]
2025-08-03 20:00:12 - binding parameter [13] as [BIGINT] - [0]
2025-08-03 20:00:12 - Processing transfer request: TransferRequest{fromAccountNumber='TEST001234567890', toAccountNumber='TEST002345678901', amount=10.00, currency=USD, description='Concurrent transfer test'}
2025-08-03 20:00:12 - binding parameter [1] as [VARCHAR] - [TEST001234567890]
2025-08-03 20:00:12 - Transfer completed successfully: TXN-40D8DDAE88E34E25
2025-08-03 20:00:12 - binding parameter [1] as [VARCHAR] - [Test User 1]
2025-08-03 20:00:12 - binding parameter [2] as [VARCHAR] - [TEST001234567890]
2025-08-03 20:00:12 - binding parameter [3] as [NUMERIC] - [980.00]
2025-08-03 20:00:12 - binding parameter [4] as [VARCHAR] - [USD]
2025-08-03 20:00:12 - binding parameter [5] as [VARCHAR] - [ACTIVE]
2025-08-03 20:00:12 - binding parameter [6] as [TIMESTAMP] - [2025-08-03T20:00:12.047056]
2025-08-03 20:00:12 - binding parameter [7] as [VARCHAR] - [user1]
2025-08-03 20:00:12 - binding parameter [8] as [BIGINT] - [2]
2025-08-03 20:00:12 - binding parameter [9] as [BIGINT] - [9]
2025-08-03 20:00:12 - binding parameter [10] as [BIGINT] - [1]
2025-08-03 20:00:12 - binding parameter [1] as [VARCHAR] - [Test User 2]
2025-08-03 20:00:12 - binding parameter [2] as [VARCHAR] - [TEST002345678901]
2025-08-03 20:00:12 - binding parameter [3] as [NUMERIC] - [520.00]
2025-08-03 20:00:12 - binding parameter [4] as [VARCHAR] - [USD]
2025-08-03 20:00:12 - binding parameter [5] as [VARCHAR] - [ACTIVE]
2025-08-03 20:00:12 - binding parameter [6] as [TIMESTAMP] - [2025-08-03T20:00:12.047685]
2025-08-03 20:00:12 - binding parameter [7] as [VARCHAR] - [user2]
2025-08-03 20:00:12 - binding parameter [8] as [BIGINT] - [2]
2025-08-03 20:00:12 - binding parameter [9] as [BIGINT] - [10]
2025-08-03 20:00:12 - binding parameter [10] as [BIGINT] - [1]
2025-08-03 20:00:12 - binding parameter [1] as [NUMERIC] - [10.00]
2025-08-03 20:00:12 - binding parameter [2] as [TIMESTAMP] - [2025-08-03T20:00:12.046668]
2025-08-03 20:00:12 - binding parameter [3] as [VARCHAR] - [USD]
2025-08-03 20:00:12 - binding parameter [4] as [VARCHAR] - [Concurrent transfer test]
2025-08-03 20:00:12 - binding parameter [5] as [VARCHAR] - [null]
2025-08-03 20:00:12 - binding parameter [6] as [BIGINT] - [9]
2025-08-03 20:00:12 - binding parameter [7] as [TIMESTAMP] - [2025-08-03T20:00:12.046381]
2025-08-03 20:00:12 - binding parameter [8] as [VARCHAR] - [COMPLETED]
2025-08-03 20:00:12 - binding parameter [9] as [BIGINT] - [10]
2025-08-03 20:00:12 - binding parameter [10] as [VARCHAR] - [TXN-40D8DDAE88E34E25]
2025-08-03 20:00:12 - binding parameter [11] as [TIMESTAMP] - [2025-08-03T20:00:12.048162]
2025-08-03 20:00:12 - binding parameter [12] as [BIGINT] - [1]
2025-08-03 20:00:12 - binding parameter [13] as [BIGINT] - [2]
2025-08-03 20:00:12 - binding parameter [14] as [BIGINT] - [0]
2025-08-03 20:00:12 - Processing transfer request: TransferRequest{fromAccountNumber='TEST001234567890', toAccountNumber='TEST002345678901', amount=10.00, currency=USD, description='Concurrent transfer test'}
2025-08-03 20:00:12 - binding parameter [1] as [VARCHAR] - [TEST002345678901]
2025-08-03 20:00:12 - binding parameter [1] as [VARCHAR] - [TEST001234567890]
2025-08-03 20:00:12 - binding parameter [1] as [NUMERIC] - [10.00]
2025-08-03 20:00:12 - binding parameter [2] as [TIMESTAMP] - [null]
2025-08-03 20:00:12 - binding parameter [3] as [TIMESTAMP] - [2025-08-03T20:00:12.053078]
2025-08-03 20:00:12 - binding parameter [4] as [VARCHAR] - [USD]
2025-08-03 20:00:12 - binding parameter [5] as [VARCHAR] - [Concurrent transfer test]
2025-08-03 20:00:12 - binding parameter [6] as [VARCHAR] - [null]
2025-08-03 20:00:12 - binding parameter [7] as [BIGINT] - [9]
2025-08-03 20:00:12 - binding parameter [8] as [TIMESTAMP] - [null]
2025-08-03 20:00:12 - binding parameter [9] as [VARCHAR] - [PENDING]
2025-08-03 20:00:12 - binding parameter [10] as [BIGINT] - [10]
2025-08-03 20:00:12 - binding parameter [11] as [VARCHAR] - [TXN-BD2F5C784A0341C0]
2025-08-03 20:00:12 - binding parameter [12] as [TIMESTAMP] - [2025-08-03T20:00:12.053093]
2025-08-03 20:00:12 - binding parameter [13] as [BIGINT] - [0]
2025-08-03 20:00:12 - Transfer completed successfully: TXN-BD2F5C784A0341C0
2025-08-03 20:00:12 - binding parameter [1] as [VARCHAR] - [Test User 1]
2025-08-03 20:00:12 - binding parameter [2] as [VARCHAR] - [TEST001234567890]
2025-08-03 20:00:12 - binding parameter [3] as [NUMERIC] - [970.00]
2025-08-03 20:00:12 - binding parameter [4] as [VARCHAR] - [USD]
2025-08-03 20:00:12 - binding parameter [5] as [VARCHAR] - [ACTIVE]
2025-08-03 20:00:12 - binding parameter [6] as [TIMESTAMP] - [2025-08-03T20:00:12.055332]
2025-08-03 20:00:12 - binding parameter [7] as [VARCHAR] - [user1]
2025-08-03 20:00:12 - binding parameter [8] as [BIGINT] - [3]
2025-08-03 20:00:12 - binding parameter [9] as [BIGINT] - [9]
2025-08-03 20:00:12 - binding parameter [10] as [BIGINT] - [2]
2025-08-03 20:00:12 - binding parameter [1] as [VARCHAR] - [Test User 2]
2025-08-03 20:00:12 - binding parameter [2] as [VARCHAR] - [TEST002345678901]
2025-08-03 20:00:12 - binding parameter [3] as [NUMERIC] - [530.00]
2025-08-03 20:00:12 - binding parameter [4] as [VARCHAR] - [USD]
2025-08-03 20:00:12 - binding parameter [5] as [VARCHAR] - [ACTIVE]
2025-08-03 20:00:12 - binding parameter [6] as [TIMESTAMP] - [2025-08-03T20:00:12.056196]
2025-08-03 20:00:12 - binding parameter [7] as [VARCHAR] - [user2]
2025-08-03 20:00:12 - binding parameter [8] as [BIGINT] - [3]
2025-08-03 20:00:12 - binding parameter [9] as [BIGINT] - [10]
2025-08-03 20:00:12 - binding parameter [10] as [BIGINT] - [2]
2025-08-03 20:00:12 - binding parameter [1] as [NUMERIC] - [10.00]
2025-08-03 20:00:12 - binding parameter [2] as [TIMESTAMP] - [2025-08-03T20:00:12.054780]
2025-08-03 20:00:12 - binding parameter [3] as [VARCHAR] - [USD]
2025-08-03 20:00:12 - binding parameter [4] as [VARCHAR] - [Concurrent transfer test]
2025-08-03 20:00:12 - binding parameter [5] as [VARCHAR] - [null]
2025-08-03 20:00:12 - binding parameter [6] as [BIGINT] - [9]
2025-08-03 20:00:12 - binding parameter [7] as [TIMESTAMP] - [2025-08-03T20:00:12.054200]
2025-08-03 20:00:12 - binding parameter [8] as [VARCHAR] - [COMPLETED]
2025-08-03 20:00:12 - binding parameter [9] as [BIGINT] - [10]
2025-08-03 20:00:12 - binding parameter [10] as [VARCHAR] - [TXN-BD2F5C784A0341C0]
2025-08-03 20:00:12 - binding parameter [11] as [TIMESTAMP] - [2025-08-03T20:00:12.057232]
2025-08-03 20:00:12 - binding parameter [12] as [BIGINT] - [1]
2025-08-03 20:00:12 - binding parameter [13] as [BIGINT] - [3]
2025-08-03 20:00:12 - binding parameter [14] as [BIGINT] - [0]
2025-08-03 20:00:12 - Processing transfer request: TransferRequest{fromAccountNumber='TEST001234567890', toAccountNumber='TEST002345678901', amount=10.00, currency=USD, description='Concurrent transfer test'}
2025-08-03 20:00:12 - binding parameter [1] as [VARCHAR] - [TEST001234567890]
2025-08-03 20:00:12 - binding parameter [1] as [VARCHAR] - [TEST002345678901]
2025-08-03 20:00:12 - binding parameter [1] as [NUMERIC] - [10.00]
2025-08-03 20:00:12 - binding parameter [2] as [TIMESTAMP] - [null]
2025-08-03 20:00:12 - binding parameter [3] as [TIMESTAMP] - [2025-08-03T20:00:12.060724]
2025-08-03 20:00:12 - binding parameter [4] as [VARCHAR] - [USD]
2025-08-03 20:00:12 - binding parameter [5] as [VARCHAR] - [Concurrent transfer test]
2025-08-03 20:00:12 - binding parameter [6] as [VARCHAR] - [null]
2025-08-03 20:00:12 - binding parameter [7] as [BIGINT] - [9]
2025-08-03 20:00:12 - binding parameter [8] as [TIMESTAMP] - [null]
2025-08-03 20:00:12 - binding parameter [9] as [VARCHAR] - [PENDING]
2025-08-03 20:00:12 - binding parameter [10] as [BIGINT] - [10]
2025-08-03 20:00:12 - binding parameter [11] as [VARCHAR] - [TXN-C3CF31B2ACC64219]
2025-08-03 20:00:12 - binding parameter [12] as [TIMESTAMP] - [2025-08-03T20:00:12.060735]
2025-08-03 20:00:12 - binding parameter [13] as [BIGINT] - [0]
2025-08-03 20:00:12 - Transfer completed successfully: TXN-C3CF31B2ACC64219
2025-08-03 20:00:12 - binding parameter [1] as [VARCHAR] - [Test User 1]
2025-08-03 20:00:12 - binding parameter [2] as [VARCHAR] - [TEST001234567890]
2025-08-03 20:00:12 - binding parameter [3] as [NUMERIC] - [960.00]
2025-08-03 20:00:12 - binding parameter [4] as [VARCHAR] - [USD]
2025-08-03 20:00:12 - binding parameter [5] as [VARCHAR] - [ACTIVE]
2025-08-03 20:00:12 - binding parameter [6] as [TIMESTAMP] - [2025-08-03T20:00:12.062603]
2025-08-03 20:00:12 - binding parameter [7] as [VARCHAR] - [user1]
2025-08-03 20:00:12 - binding parameter [8] as [BIGINT] - [4]
2025-08-03 20:00:12 - binding parameter [9] as [BIGINT] - [9]
2025-08-03 20:00:12 - binding parameter [10] as [BIGINT] - [3]
2025-08-03 20:00:12 - binding parameter [1] as [VARCHAR] - [Test User 2]
2025-08-03 20:00:12 - binding parameter [2] as [VARCHAR] - [TEST002345678901]
2025-08-03 20:00:12 - binding parameter [3] as [NUMERIC] - [540.00]
2025-08-03 20:00:12 - binding parameter [4] as [VARCHAR] - [USD]
2025-08-03 20:00:12 - binding parameter [5] as [VARCHAR] - [ACTIVE]
2025-08-03 20:00:12 - binding parameter [6] as [TIMESTAMP] - [2025-08-03T20:00:12.063492]
2025-08-03 20:00:12 - binding parameter [7] as [VARCHAR] - [user2]
2025-08-03 20:00:12 - binding parameter [8] as [BIGINT] - [4]
2025-08-03 20:00:12 - binding parameter [9] as [BIGINT] - [10]
2025-08-03 20:00:12 - binding parameter [10] as [BIGINT] - [3]
2025-08-03 20:00:12 - binding parameter [1] as [NUMERIC] - [10.00]
2025-08-03 20:00:12 - binding parameter [2] as [TIMESTAMP] - [2025-08-03T20:00:12.061813]
2025-08-03 20:00:12 - binding parameter [3] as [VARCHAR] - [USD]
2025-08-03 20:00:12 - binding parameter [4] as [VARCHAR] - [Concurrent transfer test]
2025-08-03 20:00:12 - binding parameter [5] as [VARCHAR] - [null]
2025-08-03 20:00:12 - binding parameter [6] as [BIGINT] - [9]
2025-08-03 20:00:12 - binding parameter [7] as [TIMESTAMP] - [2025-08-03T20:00:12.061553]
2025-08-03 20:00:12 - binding parameter [8] as [VARCHAR] - [COMPLETED]
2025-08-03 20:00:12 - binding parameter [9] as [BIGINT] - [10]
2025-08-03 20:00:12 - binding parameter [10] as [VARCHAR] - [TXN-C3CF31B2ACC64219]
2025-08-03 20:00:12 - binding parameter [11] as [TIMESTAMP] - [2025-08-03T20:00:12.064046]
2025-08-03 20:00:12 - binding parameter [12] as [BIGINT] - [1]
2025-08-03 20:00:12 - binding parameter [13] as [BIGINT] - [4]
2025-08-03 20:00:12 - binding parameter [14] as [BIGINT] - [0]
2025-08-03 20:00:12 - Processing transfer request: TransferRequest{fromAccountNumber='TEST001234567890', toAccountNumber='TEST002345678901', amount=10.00, currency=USD, description='Concurrent transfer test'}
2025-08-03 20:00:12 - binding parameter [1] as [VARCHAR] - [TEST001234567890]
2025-08-03 20:00:12 - binding parameter [1] as [VARCHAR] - [TEST002345678901]
2025-08-03 20:00:12 - binding parameter [1] as [NUMERIC] - [10.00]
2025-08-03 20:00:12 - binding parameter [2] as [TIMESTAMP] - [null]
2025-08-03 20:00:12 - binding parameter [3] as [TIMESTAMP] - [2025-08-03T20:00:12.066749]
2025-08-03 20:00:12 - binding parameter [4] as [VARCHAR] - [USD]
2025-08-03 20:00:12 - binding parameter [5] as [VARCHAR] - [Concurrent transfer test]
2025-08-03 20:00:12 - binding parameter [6] as [VARCHAR] - [null]
2025-08-03 20:00:12 - binding parameter [7] as [BIGINT] - [9]
2025-08-03 20:00:12 - binding parameter [8] as [TIMESTAMP] - [null]
2025-08-03 20:00:12 - binding parameter [9] as [VARCHAR] - [PENDING]
2025-08-03 20:00:12 - binding parameter [10] as [BIGINT] - [10]
2025-08-03 20:00:12 - binding parameter [11] as [VARCHAR] - [TXN-FF81F34C291C452D]
2025-08-03 20:00:12 - binding parameter [12] as [TIMESTAMP] - [2025-08-03T20:00:12.066758]
2025-08-03 20:00:12 - binding parameter [13] as [BIGINT] - [0]
2025-08-03 20:00:12 - Transfer completed successfully: TXN-FF81F34C291C452D
2025-08-03 20:00:12 - binding parameter [1] as [VARCHAR] - [Test User 1]
2025-08-03 20:00:12 - binding parameter [2] as [VARCHAR] - [TEST001234567890]
2025-08-03 20:00:12 - binding parameter [3] as [NUMERIC] - [950.00]
2025-08-03 20:00:12 - binding parameter [4] as [VARCHAR] - [USD]
2025-08-03 20:00:12 - binding parameter [5] as [VARCHAR] - [ACTIVE]
2025-08-03 20:00:12 - binding parameter [6] as [TIMESTAMP] - [2025-08-03T20:00:12.068866]
2025-08-03 20:00:12 - binding parameter [7] as [VARCHAR] - [user1]
2025-08-03 20:00:12 - binding parameter [8] as [BIGINT] - [5]
2025-08-03 20:00:12 - binding parameter [9] as [BIGINT] - [9]
2025-08-03 20:00:12 - binding parameter [10] as [BIGINT] - [4]
2025-08-03 20:00:12 - binding parameter [1] as [VARCHAR] - [Test User 2]
2025-08-03 20:00:12 - binding parameter [2] as [VARCHAR] - [TEST002345678901]
2025-08-03 20:00:12 - binding parameter [3] as [NUMERIC] - [550.00]
2025-08-03 20:00:12 - binding parameter [4] as [VARCHAR] - [USD]
2025-08-03 20:00:12 - binding parameter [5] as [VARCHAR] - [ACTIVE]
2025-08-03 20:00:12 - binding parameter [6] as [TIMESTAMP] - [2025-08-03T20:00:12.069480]
2025-08-03 20:00:12 - binding parameter [7] as [VARCHAR] - [user2]
2025-08-03 20:00:12 - binding parameter [8] as [BIGINT] - [5]
2025-08-03 20:00:12 - binding parameter [9] as [BIGINT] - [10]
2025-08-03 20:00:12 - binding parameter [10] as [BIGINT] - [4]
2025-08-03 20:00:12 - binding parameter [1] as [NUMERIC] - [10.00]
2025-08-03 20:00:12 - binding parameter [2] as [TIMESTAMP] - [2025-08-03T20:00:12.068438]
2025-08-03 20:00:12 - binding parameter [3] as [VARCHAR] - [USD]
2025-08-03 20:00:12 - binding parameter [4] as [VARCHAR] - [Concurrent transfer test]
2025-08-03 20:00:12 - binding parameter [5] as [VARCHAR] - [null]
2025-08-03 20:00:12 - binding parameter [6] as [BIGINT] - [9]
2025-08-03 20:00:12 - binding parameter [7] as [TIMESTAMP] - [2025-08-03T20:00:12.068152]
2025-08-03 20:00:12 - binding parameter [8] as [VARCHAR] - [COMPLETED]
2025-08-03 20:00:12 - binding parameter [9] as [BIGINT] - [10]
2025-08-03 20:00:12 - binding parameter [10] as [VARCHAR] - [TXN-FF81F34C291C452D]
2025-08-03 20:00:12 - binding parameter [11] as [TIMESTAMP] - [2025-08-03T20:00:12.069926]
2025-08-03 20:00:12 - binding parameter [12] as [BIGINT] - [1]
2025-08-03 20:00:12 - binding parameter [13] as [BIGINT] - [5]
2025-08-03 20:00:12 - binding parameter [14] as [BIGINT] - [0]
2025-08-03 20:00:12 - Processing transfer request: TransferRequest{fromAccountNumber='TEST001234567890', toAccountNumber='TEST002345678901', amount=10.00, currency=USD, description='Concurrent transfer test'}
2025-08-03 20:00:12 - binding parameter [1] as [VARCHAR] - [TEST001234567890]
2025-08-03 20:00:12 - binding parameter [1] as [VARCHAR] - [TEST002345678901]
2025-08-03 20:00:12 - binding parameter [1] as [NUMERIC] - [10.00]
2025-08-03 20:00:12 - binding parameter [2] as [TIMESTAMP] - [null]
2025-08-03 20:00:12 - binding parameter [3] as [TIMESTAMP] - [2025-08-03T20:00:12.072789]
2025-08-03 20:00:12 - binding parameter [4] as [VARCHAR] - [USD]
2025-08-03 20:00:12 - binding parameter [5] as [VARCHAR] - [Concurrent transfer test]
2025-08-03 20:00:12 - binding parameter [6] as [VARCHAR] - [null]
2025-08-03 20:00:12 - binding parameter [7] as [BIGINT] - [9]
2025-08-03 20:00:12 - binding parameter [8] as [TIMESTAMP] - [null]
2025-08-03 20:00:12 - binding parameter [9] as [VARCHAR] - [PENDING]
2025-08-03 20:00:12 - binding parameter [10] as [BIGINT] - [10]
2025-08-03 20:00:12 - binding parameter [11] as [VARCHAR] - [TXN-EEC5F79D4C5240EA]
2025-08-03 20:00:12 - binding parameter [12] as [TIMESTAMP] - [2025-08-03T20:00:12.072801]
2025-08-03 20:00:12 - binding parameter [13] as [BIGINT] - [0]
2025-08-03 20:00:12 - Transfer completed successfully: TXN-EEC5F79D4C5240EA
2025-08-03 20:00:12 - binding parameter [1] as [VARCHAR] - [Test User 1]
2025-08-03 20:00:12 - binding parameter [2] as [VARCHAR] - [TEST001234567890]
2025-08-03 20:00:12 - binding parameter [3] as [NUMERIC] - [940.00]
2025-08-03 20:00:12 - binding parameter [4] as [VARCHAR] - [USD]
2025-08-03 20:00:12 - binding parameter [5] as [VARCHAR] - [ACTIVE]
2025-08-03 20:00:12 - binding parameter [6] as [TIMESTAMP] - [2025-08-03T20:00:12.078443]
2025-08-03 20:00:12 - binding parameter [7] as [VARCHAR] - [user1]
2025-08-03 20:00:12 - binding parameter [8] as [BIGINT] - [6]
2025-08-03 20:00:12 - binding parameter [9] as [BIGINT] - [9]
2025-08-03 20:00:12 - binding parameter [10] as [BIGINT] - [5]
2025-08-03 20:00:12 - binding parameter [1] as [VARCHAR] - [Test User 2]
2025-08-03 20:00:12 - binding parameter [2] as [VARCHAR] - [TEST002345678901]
2025-08-03 20:00:12 - binding parameter [3] as [NUMERIC] - [560.00]
2025-08-03 20:00:12 - binding parameter [4] as [VARCHAR] - [USD]
2025-08-03 20:00:12 - binding parameter [5] as [VARCHAR] - [ACTIVE]
2025-08-03 20:00:12 - binding parameter [6] as [TIMESTAMP] - [2025-08-03T20:00:12.079329]
2025-08-03 20:00:12 - binding parameter [7] as [VARCHAR] - [user2]
2025-08-03 20:00:12 - binding parameter [8] as [BIGINT] - [6]
2025-08-03 20:00:12 - binding parameter [9] as [BIGINT] - [10]
2025-08-03 20:00:12 - binding parameter [10] as [BIGINT] - [5]
2025-08-03 20:00:12 - binding parameter [1] as [NUMERIC] - [10.00]
2025-08-03 20:00:12 - binding parameter [2] as [TIMESTAMP] - [2025-08-03T20:00:12.077919]
2025-08-03 20:00:12 - binding parameter [3] as [VARCHAR] - [USD]
2025-08-03 20:00:12 - binding parameter [4] as [VARCHAR] - [Concurrent transfer test]
2025-08-03 20:00:12 - binding parameter [5] as [VARCHAR] - [null]
2025-08-03 20:00:12 - binding parameter [6] as [BIGINT] - [9]
2025-08-03 20:00:12 - binding parameter [7] as [TIMESTAMP] - [2025-08-03T20:00:12.076690]
2025-08-03 20:00:12 - binding parameter [8] as [VARCHAR] - [COMPLETED]
2025-08-03 20:00:12 - binding parameter [9] as [BIGINT] - [10]
2025-08-03 20:00:12 - binding parameter [10] as [VARCHAR] - [TXN-EEC5F79D4C5240EA]
2025-08-03 20:00:12 - binding parameter [11] as [TIMESTAMP] - [2025-08-03T20:00:12.079800]
2025-08-03 20:00:12 - binding parameter [12] as [BIGINT] - [1]
2025-08-03 20:00:12 - binding parameter [13] as [BIGINT] - [6]
2025-08-03 20:00:12 - binding parameter [14] as [BIGINT] - [0]
2025-08-03 20:00:12 - Processing transfer request: TransferRequest{fromAccountNumber='TEST001234567890', toAccountNumber='TEST002345678901', amount=10.00, currency=USD, description='Concurrent transfer test'}
2025-08-03 20:00:12 - binding parameter [1] as [VARCHAR] - [TEST001234567890]
2025-08-03 20:00:12 - binding parameter [1] as [VARCHAR] - [TEST002345678901]
2025-08-03 20:00:12 - binding parameter [1] as [NUMERIC] - [10.00]
2025-08-03 20:00:12 - binding parameter [2] as [TIMESTAMP] - [null]
2025-08-03 20:00:12 - binding parameter [3] as [TIMESTAMP] - [2025-08-03T20:00:12.085234]
2025-08-03 20:00:12 - binding parameter [4] as [VARCHAR] - [USD]
2025-08-03 20:00:12 - binding parameter [5] as [VARCHAR] - [Concurrent transfer test]
2025-08-03 20:00:12 - binding parameter [6] as [VARCHAR] - [null]
2025-08-03 20:00:12 - binding parameter [7] as [BIGINT] - [9]
2025-08-03 20:00:12 - binding parameter [8] as [TIMESTAMP] - [null]
2025-08-03 20:00:12 - binding parameter [9] as [VARCHAR] - [PENDING]
2025-08-03 20:00:12 - binding parameter [10] as [BIGINT] - [10]
2025-08-03 20:00:12 - binding parameter [11] as [VARCHAR] - [TXN-5C55CEF09B4D4520]
2025-08-03 20:00:12 - binding parameter [12] as [TIMESTAMP] - [2025-08-03T20:00:12.085251]
2025-08-03 20:00:12 - binding parameter [13] as [BIGINT] - [0]
2025-08-03 20:00:12 - Transfer completed successfully: TXN-5C55CEF09B4D4520
2025-08-03 20:00:12 - binding parameter [1] as [VARCHAR] - [Test User 1]
2025-08-03 20:00:12 - binding parameter [2] as [VARCHAR] - [TEST001234567890]
2025-08-03 20:00:12 - binding parameter [3] as [NUMERIC] - [930.00]
2025-08-03 20:00:12 - binding parameter [4] as [VARCHAR] - [USD]
2025-08-03 20:00:12 - binding parameter [5] as [VARCHAR] - [ACTIVE]
2025-08-03 20:00:12 - binding parameter [6] as [TIMESTAMP] - [2025-08-03T20:00:12.090380]
2025-08-03 20:00:12 - binding parameter [7] as [VARCHAR] - [user1]
2025-08-03 20:00:12 - binding parameter [8] as [BIGINT] - [7]
2025-08-03 20:00:12 - binding parameter [9] as [BIGINT] - [9]
2025-08-03 20:00:12 - binding parameter [10] as [BIGINT] - [6]
2025-08-03 20:00:12 - binding parameter [1] as [VARCHAR] - [Test User 2]
2025-08-03 20:00:12 - binding parameter [2] as [VARCHAR] - [TEST002345678901]
2025-08-03 20:00:12 - binding parameter [3] as [NUMERIC] - [570.00]
2025-08-03 20:00:12 - binding parameter [4] as [VARCHAR] - [USD]
2025-08-03 20:00:12 - binding parameter [5] as [VARCHAR] - [ACTIVE]
2025-08-03 20:00:12 - binding parameter [6] as [TIMESTAMP] - [2025-08-03T20:00:12.091075]
2025-08-03 20:00:12 - binding parameter [7] as [VARCHAR] - [user2]
2025-08-03 20:00:12 - binding parameter [8] as [BIGINT] - [7]
2025-08-03 20:00:12 - binding parameter [9] as [BIGINT] - [10]
2025-08-03 20:00:12 - binding parameter [10] as [BIGINT] - [6]
2025-08-03 20:00:12 - binding parameter [1] as [NUMERIC] - [10.00]
2025-08-03 20:00:12 - binding parameter [2] as [TIMESTAMP] - [2025-08-03T20:00:12.089908]
2025-08-03 20:00:12 - binding parameter [3] as [VARCHAR] - [USD]
2025-08-03 20:00:12 - binding parameter [4] as [VARCHAR] - [Concurrent transfer test]
2025-08-03 20:00:12 - binding parameter [5] as [VARCHAR] - [null]
2025-08-03 20:00:12 - binding parameter [6] as [BIGINT] - [9]
2025-08-03 20:00:12 - binding parameter [7] as [TIMESTAMP] - [2025-08-03T20:00:12.089624]
2025-08-03 20:00:12 - binding parameter [8] as [VARCHAR] - [COMPLETED]
2025-08-03 20:00:12 - binding parameter [9] as [BIGINT] - [10]
2025-08-03 20:00:12 - binding parameter [10] as [VARCHAR] - [TXN-5C55CEF09B4D4520]
2025-08-03 20:00:12 - binding parameter [11] as [TIMESTAMP] - [2025-08-03T20:00:12.091794]
2025-08-03 20:00:12 - binding parameter [12] as [BIGINT] - [1]
2025-08-03 20:00:12 - binding parameter [13] as [BIGINT] - [7]
2025-08-03 20:00:12 - binding parameter [14] as [BIGINT] - [0]
2025-08-03 20:00:12 - Processing transfer request: TransferRequest{fromAccountNumber='TEST001234567890', toAccountNumber='TEST002345678901', amount=10.00, currency=USD, description='Concurrent transfer test'}
2025-08-03 20:00:12 - binding parameter [1] as [VARCHAR] - [TEST002345678901]
2025-08-03 20:00:12 - binding parameter [1] as [VARCHAR] - [TEST001234567890]
2025-08-03 20:00:12 - binding parameter [1] as [NUMERIC] - [10.00]
2025-08-03 20:00:12 - binding parameter [2] as [TIMESTAMP] - [null]
2025-08-03 20:00:12 - binding parameter [3] as [TIMESTAMP] - [2025-08-03T20:00:12.095434]
2025-08-03 20:00:12 - binding parameter [4] as [VARCHAR] - [USD]
2025-08-03 20:00:12 - binding parameter [5] as [VARCHAR] - [Concurrent transfer test]
2025-08-03 20:00:12 - binding parameter [6] as [VARCHAR] - [null]
2025-08-03 20:00:12 - binding parameter [7] as [BIGINT] - [9]
2025-08-03 20:00:12 - binding parameter [8] as [TIMESTAMP] - [null]
2025-08-03 20:00:12 - binding parameter [9] as [VARCHAR] - [PENDING]
2025-08-03 20:00:12 - binding parameter [10] as [BIGINT] - [10]
2025-08-03 20:00:12 - binding parameter [11] as [VARCHAR] - [TXN-A5FA674311A34D54]
2025-08-03 20:00:12 - binding parameter [12] as [TIMESTAMP] - [2025-08-03T20:00:12.095443]
2025-08-03 20:00:12 - binding parameter [13] as [BIGINT] - [0]
2025-08-03 20:00:12 - Transfer completed successfully: TXN-A5FA674311A34D54
2025-08-03 20:00:12 - binding parameter [1] as [VARCHAR] - [Test User 1]
2025-08-03 20:00:12 - binding parameter [2] as [VARCHAR] - [TEST001234567890]
2025-08-03 20:00:12 - binding parameter [3] as [NUMERIC] - [920.00]
2025-08-03 20:00:12 - binding parameter [4] as [VARCHAR] - [USD]
2025-08-03 20:00:12 - binding parameter [5] as [VARCHAR] - [ACTIVE]
2025-08-03 20:00:12 - binding parameter [6] as [TIMESTAMP] - [2025-08-03T20:00:12.096977]
2025-08-03 20:00:12 - binding parameter [7] as [VARCHAR] - [user1]
2025-08-03 20:00:12 - binding parameter [8] as [BIGINT] - [8]
2025-08-03 20:00:12 - binding parameter [9] as [BIGINT] - [9]
2025-08-03 20:00:12 - binding parameter [10] as [BIGINT] - [7]
2025-08-03 20:00:12 - binding parameter [1] as [VARCHAR] - [Test User 2]
2025-08-03 20:00:12 - binding parameter [2] as [VARCHAR] - [TEST002345678901]
2025-08-03 20:00:12 - binding parameter [3] as [NUMERIC] - [580.00]
2025-08-03 20:00:12 - binding parameter [4] as [VARCHAR] - [USD]
2025-08-03 20:00:12 - binding parameter [5] as [VARCHAR] - [ACTIVE]
2025-08-03 20:00:12 - binding parameter [6] as [TIMESTAMP] - [2025-08-03T20:00:12.097899]
2025-08-03 20:00:12 - binding parameter [7] as [VARCHAR] - [user2]
2025-08-03 20:00:12 - binding parameter [8] as [BIGINT] - [8]
2025-08-03 20:00:12 - binding parameter [9] as [BIGINT] - [10]
2025-08-03 20:00:12 - binding parameter [10] as [BIGINT] - [7]
2025-08-03 20:00:12 - binding parameter [1] as [NUMERIC] - [10.00]
2025-08-03 20:00:12 - binding parameter [2] as [TIMESTAMP] - [2025-08-03T20:00:12.096635]
2025-08-03 20:00:12 - binding parameter [3] as [VARCHAR] - [USD]
2025-08-03 20:00:12 - binding parameter [4] as [VARCHAR] - [Concurrent transfer test]
2025-08-03 20:00:12 - binding parameter [5] as [VARCHAR] - [null]
2025-08-03 20:00:12 - binding parameter [6] as [BIGINT] - [9]
2025-08-03 20:00:12 - binding parameter [7] as [TIMESTAMP] - [2025-08-03T20:00:12.096395]
2025-08-03 20:00:12 - binding parameter [8] as [VARCHAR] - [COMPLETED]
2025-08-03 20:00:12 - binding parameter [9] as [BIGINT] - [10]
2025-08-03 20:00:12 - binding parameter [10] as [VARCHAR] - [TXN-A5FA674311A34D54]
2025-08-03 20:00:12 - binding parameter [11] as [TIMESTAMP] - [2025-08-03T20:00:12.099199]
2025-08-03 20:00:12 - binding parameter [12] as [BIGINT] - [1]
2025-08-03 20:00:12 - binding parameter [13] as [BIGINT] - [8]
2025-08-03 20:00:12 - binding parameter [14] as [BIGINT] - [0]
2025-08-03 20:00:12 - Processing transfer request: TransferRequest{fromAccountNumber='TEST001234567890', toAccountNumber='TEST002345678901', amount=10.00, currency=USD, description='Concurrent transfer test'}
2025-08-03 20:00:12 - binding parameter [1] as [VARCHAR] - [TEST001234567890]
2025-08-03 20:00:12 - binding parameter [1] as [VARCHAR] - [TEST002345678901]
2025-08-03 20:00:12 - binding parameter [1] as [NUMERIC] - [10.00]
2025-08-03 20:00:12 - binding parameter [2] as [TIMESTAMP] - [null]
2025-08-03 20:00:12 - binding parameter [3] as [TIMESTAMP] - [2025-08-03T20:00:12.104799]
2025-08-03 20:00:12 - binding parameter [4] as [VARCHAR] - [USD]
2025-08-03 20:00:12 - binding parameter [5] as [VARCHAR] - [Concurrent transfer test]
2025-08-03 20:00:12 - binding parameter [6] as [VARCHAR] - [null]
2025-08-03 20:00:12 - binding parameter [7] as [BIGINT] - [9]
2025-08-03 20:00:12 - binding parameter [8] as [TIMESTAMP] - [null]
2025-08-03 20:00:12 - binding parameter [9] as [VARCHAR] - [PENDING]
2025-08-03 20:00:12 - binding parameter [10] as [BIGINT] - [10]
2025-08-03 20:00:12 - binding parameter [11] as [VARCHAR] - [TXN-13032721BB524D1F]
2025-08-03 20:00:12 - binding parameter [12] as [TIMESTAMP] - [2025-08-03T20:00:12.104811]
2025-08-03 20:00:12 - binding parameter [13] as [BIGINT] - [0]
2025-08-03 20:00:12 - Transfer completed successfully: TXN-13032721BB524D1F
2025-08-03 20:00:12 - binding parameter [1] as [VARCHAR] - [Test User 1]
2025-08-03 20:00:12 - binding parameter [2] as [VARCHAR] - [TEST001234567890]
2025-08-03 20:00:12 - binding parameter [3] as [NUMERIC] - [910.00]
2025-08-03 20:00:12 - binding parameter [4] as [VARCHAR] - [USD]
2025-08-03 20:00:12 - binding parameter [5] as [VARCHAR] - [ACTIVE]
2025-08-03 20:00:12 - binding parameter [6] as [TIMESTAMP] - [2025-08-03T20:00:12.106534]
2025-08-03 20:00:12 - binding parameter [7] as [VARCHAR] - [user1]
2025-08-03 20:00:12 - binding parameter [8] as [BIGINT] - [9]
2025-08-03 20:00:12 - binding parameter [9] as [BIGINT] - [9]
2025-08-03 20:00:12 - binding parameter [10] as [BIGINT] - [8]
2025-08-03 20:00:12 - binding parameter [1] as [VARCHAR] - [Test User 2]
2025-08-03 20:00:12 - binding parameter [2] as [VARCHAR] - [TEST002345678901]
2025-08-03 20:00:12 - binding parameter [3] as [NUMERIC] - [590.00]
2025-08-03 20:00:12 - binding parameter [4] as [VARCHAR] - [USD]
2025-08-03 20:00:12 - binding parameter [5] as [VARCHAR] - [ACTIVE]
2025-08-03 20:00:12 - binding parameter [6] as [TIMESTAMP] - [2025-08-03T20:00:12.108892]
2025-08-03 20:00:12 - binding parameter [7] as [VARCHAR] - [user2]
2025-08-03 20:00:12 - binding parameter [8] as [BIGINT] - [9]
2025-08-03 20:00:12 - binding parameter [9] as [BIGINT] - [10]
2025-08-03 20:00:12 - binding parameter [10] as [BIGINT] - [8]
2025-08-03 20:00:12 - binding parameter [1] as [NUMERIC] - [10.00]
2025-08-03 20:00:12 - binding parameter [2] as [TIMESTAMP] - [2025-08-03T20:00:12.106163]
2025-08-03 20:00:12 - binding parameter [3] as [VARCHAR] - [USD]
2025-08-03 20:00:12 - binding parameter [4] as [VARCHAR] - [Concurrent transfer test]
2025-08-03 20:00:12 - binding parameter [5] as [VARCHAR] - [null]
2025-08-03 20:00:12 - binding parameter [6] as [BIGINT] - [9]
2025-08-03 20:00:12 - binding parameter [7] as [TIMESTAMP] - [2025-08-03T20:00:12.105914]
2025-08-03 20:00:12 - binding parameter [8] as [VARCHAR] - [COMPLETED]
2025-08-03 20:00:12 - binding parameter [9] as [BIGINT] - [10]
2025-08-03 20:00:12 - binding parameter [10] as [VARCHAR] - [TXN-13032721BB524D1F]
2025-08-03 20:00:12 - binding parameter [11] as [TIMESTAMP] - [2025-08-03T20:00:12.110872]
2025-08-03 20:00:12 - binding parameter [12] as [BIGINT] - [1]
2025-08-03 20:00:12 - binding parameter [13] as [BIGINT] - [9]
2025-08-03 20:00:12 - binding parameter [14] as [BIGINT] - [0]
2025-08-03 20:00:12 - Processing transfer request: TransferRequest{fromAccountNumber='TEST001234567890', toAccountNumber='TEST002345678901', amount=10.00, currency=USD, description='Concurrent transfer test'}
2025-08-03 20:00:12 - binding parameter [1] as [VARCHAR] - [TEST001234567890]
2025-08-03 20:00:12 - binding parameter [1] as [VARCHAR] - [TEST002345678901]
2025-08-03 20:00:12 - binding parameter [1] as [NUMERIC] - [10.00]
2025-08-03 20:00:12 - binding parameter [2] as [TIMESTAMP] - [null]
2025-08-03 20:00:12 - binding parameter [3] as [TIMESTAMP] - [2025-08-03T20:00:12.113743]
2025-08-03 20:00:12 - binding parameter [4] as [VARCHAR] - [USD]
2025-08-03 20:00:12 - binding parameter [5] as [VARCHAR] - [Concurrent transfer test]
2025-08-03 20:00:12 - binding parameter [6] as [VARCHAR] - [null]
2025-08-03 20:00:12 - binding parameter [7] as [BIGINT] - [9]
2025-08-03 20:00:12 - binding parameter [8] as [TIMESTAMP] - [null]
2025-08-03 20:00:12 - binding parameter [9] as [VARCHAR] - [PENDING]
2025-08-03 20:00:12 - binding parameter [10] as [BIGINT] - [10]
2025-08-03 20:00:12 - binding parameter [11] as [VARCHAR] - [TXN-5DF3E05B79534BB7]
2025-08-03 20:00:12 - binding parameter [12] as [TIMESTAMP] - [2025-08-03T20:00:12.113751]
2025-08-03 20:00:12 - binding parameter [13] as [BIGINT] - [0]
2025-08-03 20:00:12 - Transfer completed successfully: TXN-5DF3E05B79534BB7
2025-08-03 20:00:12 - binding parameter [1] as [VARCHAR] - [Test User 1]
2025-08-03 20:00:12 - binding parameter [2] as [VARCHAR] - [TEST001234567890]
2025-08-03 20:00:12 - binding parameter [3] as [NUMERIC] - [900.00]
2025-08-03 20:00:12 - binding parameter [4] as [VARCHAR] - [USD]
2025-08-03 20:00:12 - binding parameter [5] as [VARCHAR] - [ACTIVE]
2025-08-03 20:00:12 - binding parameter [6] as [TIMESTAMP] - [2025-08-03T20:00:12.116097]
2025-08-03 20:00:12 - binding parameter [7] as [VARCHAR] - [user1]
2025-08-03 20:00:12 - binding parameter [8] as [BIGINT] - [10]
2025-08-03 20:00:12 - binding parameter [9] as [BIGINT] - [9]
2025-08-03 20:00:12 - binding parameter [10] as [BIGINT] - [9]
2025-08-03 20:00:12 - binding parameter [1] as [VARCHAR] - [Test User 2]
2025-08-03 20:00:12 - binding parameter [2] as [VARCHAR] - [TEST002345678901]
2025-08-03 20:00:12 - binding parameter [3] as [NUMERIC] - [600.00]
2025-08-03 20:00:12 - binding parameter [4] as [VARCHAR] - [USD]
2025-08-03 20:00:12 - binding parameter [5] as [VARCHAR] - [ACTIVE]
2025-08-03 20:00:12 - binding parameter [6] as [TIMESTAMP] - [2025-08-03T20:00:12.117998]
2025-08-03 20:00:12 - binding parameter [7] as [VARCHAR] - [user2]
2025-08-03 20:00:12 - binding parameter [8] as [BIGINT] - [10]
2025-08-03 20:00:12 - binding parameter [9] as [BIGINT] - [10]
2025-08-03 20:00:12 - binding parameter [10] as [BIGINT] - [9]
2025-08-03 20:00:12 - binding parameter [1] as [NUMERIC] - [10.00]
2025-08-03 20:00:12 - binding parameter [2] as [TIMESTAMP] - [2025-08-03T20:00:12.114863]
2025-08-03 20:00:12 - binding parameter [3] as [VARCHAR] - [USD]
2025-08-03 20:00:12 - binding parameter [4] as [VARCHAR] - [Concurrent transfer test]
2025-08-03 20:00:12 - binding parameter [5] as [VARCHAR] - [null]
2025-08-03 20:00:12 - binding parameter [6] as [BIGINT] - [9]
2025-08-03 20:00:12 - binding parameter [7] as [TIMESTAMP] - [2025-08-03T20:00:12.114598]
2025-08-03 20:00:12 - binding parameter [8] as [VARCHAR] - [COMPLETED]
2025-08-03 20:00:12 - binding parameter [9] as [BIGINT] - [10]
2025-08-03 20:00:12 - binding parameter [10] as [VARCHAR] - [TXN-5DF3E05B79534BB7]
2025-08-03 20:00:12 - binding parameter [11] as [TIMESTAMP] - [2025-08-03T20:00:12.118548]
2025-08-03 20:00:12 - binding parameter [12] as [BIGINT] - [1]
2025-08-03 20:00:12 - binding parameter [13] as [BIGINT] - [10]
2025-08-03 20:00:12 - binding parameter [14] as [BIGINT] - [0]
2025-08-03 20:00:12 - Processing transfer request: TransferRequest{fromAccountNumber='TEST001234567890', toAccountNumber='TEST002345678901', amount=10.00, currency=USD, description='Concurrent transfer test'}
2025-08-03 20:00:12 - binding parameter [1] as [VARCHAR] - [TEST001234567890]
2025-08-03 20:00:12 - binding parameter [1] as [VARCHAR] - [TEST002345678901]
2025-08-03 20:00:12 - binding parameter [1] as [NUMERIC] - [10.00]
2025-08-03 20:00:12 - binding parameter [2] as [TIMESTAMP] - [null]
2025-08-03 20:00:12 - binding parameter [3] as [TIMESTAMP] - [2025-08-03T20:00:12.123352]
2025-08-03 20:00:12 - binding parameter [4] as [VARCHAR] - [USD]
2025-08-03 20:00:12 - binding parameter [5] as [VARCHAR] - [Concurrent transfer test]
2025-08-03 20:00:12 - binding parameter [6] as [VARCHAR] - [null]
2025-08-03 20:00:12 - binding parameter [7] as [BIGINT] - [9]
2025-08-03 20:00:12 - binding parameter [8] as [TIMESTAMP] - [null]
2025-08-03 20:00:12 - binding parameter [9] as [VARCHAR] - [PENDING]
2025-08-03 20:00:12 - binding parameter [10] as [BIGINT] - [10]
2025-08-03 20:00:12 - binding parameter [11] as [VARCHAR] - [TXN-0947F048FFA8421E]
2025-08-03 20:00:12 - binding parameter [12] as [TIMESTAMP] - [2025-08-03T20:00:12.123363]
2025-08-03 20:00:12 - binding parameter [13] as [BIGINT] - [0]
2025-08-03 20:00:12 - Transfer completed successfully: TXN-0947F048FFA8421E
2025-08-03 20:00:12 - binding parameter [1] as [VARCHAR] - [Test User 1]
2025-08-03 20:00:12 - binding parameter [2] as [VARCHAR] - [TEST001234567890]
2025-08-03 20:00:12 - binding parameter [3] as [NUMERIC] - [890.00]
2025-08-03 20:00:12 - binding parameter [4] as [VARCHAR] - [USD]
2025-08-03 20:00:12 - binding parameter [5] as [VARCHAR] - [ACTIVE]
2025-08-03 20:00:12 - binding parameter [6] as [TIMESTAMP] - [2025-08-03T20:00:12.126390]
2025-08-03 20:00:12 - binding parameter [7] as [VARCHAR] - [user1]
2025-08-03 20:00:12 - binding parameter [8] as [BIGINT] - [11]
2025-08-03 20:00:12 - binding parameter [9] as [BIGINT] - [9]
2025-08-03 20:00:12 - binding parameter [10] as [BIGINT] - [10]
2025-08-03 20:00:12 - binding parameter [1] as [VARCHAR] - [Test User 2]
2025-08-03 20:00:12 - binding parameter [2] as [VARCHAR] - [TEST002345678901]
2025-08-03 20:00:12 - binding parameter [3] as [NUMERIC] - [610.00]
2025-08-03 20:00:12 - binding parameter [4] as [VARCHAR] - [USD]
2025-08-03 20:00:12 - binding parameter [5] as [VARCHAR] - [ACTIVE]
2025-08-03 20:00:12 - binding parameter [6] as [TIMESTAMP] - [2025-08-03T20:00:12.127248]
2025-08-03 20:00:12 - binding parameter [7] as [VARCHAR] - [user2]
2025-08-03 20:00:12 - binding parameter [8] as [BIGINT] - [11]
2025-08-03 20:00:12 - binding parameter [9] as [BIGINT] - [10]
2025-08-03 20:00:12 - binding parameter [10] as [BIGINT] - [10]
2025-08-03 20:00:12 - binding parameter [1] as [NUMERIC] - [10.00]
2025-08-03 20:00:12 - binding parameter [2] as [TIMESTAMP] - [2025-08-03T20:00:12.125849]
2025-08-03 20:00:12 - binding parameter [3] as [VARCHAR] - [USD]
2025-08-03 20:00:12 - binding parameter [4] as [VARCHAR] - [Concurrent transfer test]
2025-08-03 20:00:12 - binding parameter [5] as [VARCHAR] - [null]
2025-08-03 20:00:12 - binding parameter [6] as [BIGINT] - [9]
2025-08-03 20:00:12 - binding parameter [7] as [TIMESTAMP] - [2025-08-03T20:00:12.124977]
2025-08-03 20:00:12 - binding parameter [8] as [VARCHAR] - [COMPLETED]
2025-08-03 20:00:12 - binding parameter [9] as [BIGINT] - [10]
2025-08-03 20:00:12 - binding parameter [10] as [VARCHAR] - [TXN-0947F048FFA8421E]
2025-08-03 20:00:12 - binding parameter [11] as [TIMESTAMP] - [2025-08-03T20:00:12.127749]
2025-08-03 20:00:12 - binding parameter [12] as [BIGINT] - [1]
2025-08-03 20:00:12 - binding parameter [13] as [BIGINT] - [11]
2025-08-03 20:00:12 - binding parameter [14] as [BIGINT] - [0]
2025-08-03 20:00:12 - Processing transfer request: TransferRequest{fromAccountNumber='TEST001234567890', toAccountNumber='TEST002345678901', amount=10.00, currency=USD, description='Concurrent transfer test'}
2025-08-03 20:00:12 - binding parameter [1] as [VARCHAR] - [TEST001234567890]
2025-08-03 20:00:12 - binding parameter [1] as [VARCHAR] - [TEST002345678901]
2025-08-03 20:00:12 - binding parameter [1] as [NUMERIC] - [10.00]
2025-08-03 20:00:12 - binding parameter [2] as [TIMESTAMP] - [null]
2025-08-03 20:00:12 - binding parameter [3] as [TIMESTAMP] - [2025-08-03T20:00:12.131675]
2025-08-03 20:00:12 - binding parameter [4] as [VARCHAR] - [USD]
2025-08-03 20:00:12 - binding parameter [5] as [VARCHAR] - [Concurrent transfer test]
2025-08-03 20:00:12 - binding parameter [6] as [VARCHAR] - [null]
2025-08-03 20:00:12 - binding parameter [7] as [BIGINT] - [9]
2025-08-03 20:00:12 - binding parameter [8] as [TIMESTAMP] - [null]
2025-08-03 20:00:12 - binding parameter [9] as [VARCHAR] - [PENDING]
2025-08-03 20:00:12 - binding parameter [10] as [BIGINT] - [10]
2025-08-03 20:00:12 - binding parameter [11] as [VARCHAR] - [TXN-307E6A91A0D84866]
2025-08-03 20:00:12 - binding parameter [12] as [TIMESTAMP] - [2025-08-03T20:00:12.131687]
2025-08-03 20:00:12 - binding parameter [13] as [BIGINT] - [0]
2025-08-03 20:00:12 - Transfer completed successfully: TXN-307E6A91A0D84866
2025-08-03 20:00:12 - binding parameter [1] as [VARCHAR] - [Test User 1]
2025-08-03 20:00:12 - binding parameter [2] as [VARCHAR] - [TEST001234567890]
2025-08-03 20:00:12 - binding parameter [3] as [NUMERIC] - [880.00]
2025-08-03 20:00:12 - binding parameter [4] as [VARCHAR] - [USD]
2025-08-03 20:00:12 - binding parameter [5] as [VARCHAR] - [ACTIVE]
2025-08-03 20:00:12 - binding parameter [6] as [TIMESTAMP] - [2025-08-03T20:00:12.134207]
2025-08-03 20:00:12 - binding parameter [7] as [VARCHAR] - [user1]
2025-08-03 20:00:12 - binding parameter [8] as [BIGINT] - [12]
2025-08-03 20:00:12 - binding parameter [9] as [BIGINT] - [9]
2025-08-03 20:00:12 - binding parameter [10] as [BIGINT] - [11]
2025-08-03 20:00:12 - binding parameter [1] as [VARCHAR] - [Test User 2]
2025-08-03 20:00:12 - binding parameter [2] as [VARCHAR] - [TEST002345678901]
2025-08-03 20:00:12 - binding parameter [3] as [NUMERIC] - [620.00]
2025-08-03 20:00:12 - binding parameter [4] as [VARCHAR] - [USD]
2025-08-03 20:00:12 - binding parameter [5] as [VARCHAR] - [ACTIVE]
2025-08-03 20:00:12 - binding parameter [6] as [TIMESTAMP] - [2025-08-03T20:00:12.134938]
2025-08-03 20:00:12 - binding parameter [7] as [VARCHAR] - [user2]
2025-08-03 20:00:12 - binding parameter [8] as [BIGINT] - [12]
2025-08-03 20:00:12 - binding parameter [9] as [BIGINT] - [10]
2025-08-03 20:00:12 - binding parameter [10] as [BIGINT] - [11]
2025-08-03 20:00:12 - binding parameter [1] as [NUMERIC] - [10.00]
2025-08-03 20:00:12 - binding parameter [2] as [TIMESTAMP] - [2025-08-03T20:00:12.133327]
2025-08-03 20:00:12 - binding parameter [3] as [VARCHAR] - [USD]
2025-08-03 20:00:12 - binding parameter [4] as [VARCHAR] - [Concurrent transfer test]
2025-08-03 20:00:12 - binding parameter [5] as [VARCHAR] - [null]
2025-08-03 20:00:12 - binding parameter [6] as [BIGINT] - [9]
2025-08-03 20:00:12 - binding parameter [7] as [TIMESTAMP] - [2025-08-03T20:00:12.132927]
2025-08-03 20:00:12 - binding parameter [8] as [VARCHAR] - [COMPLETED]
2025-08-03 20:00:12 - binding parameter [9] as [BIGINT] - [10]
2025-08-03 20:00:12 - binding parameter [10] as [VARCHAR] - [TXN-307E6A91A0D84866]
2025-08-03 20:00:12 - binding parameter [11] as [TIMESTAMP] - [2025-08-03T20:00:12.135670]
2025-08-03 20:00:12 - binding parameter [12] as [BIGINT] - [1]
2025-08-03 20:00:12 - binding parameter [13] as [BIGINT] - [12]
2025-08-03 20:00:12 - binding parameter [14] as [BIGINT] - [0]
2025-08-03 20:00:12 - Processing transfer request: TransferRequest{fromAccountNumber='TEST001234567890', toAccountNumber='TEST002345678901', amount=10.00, currency=USD, description='Concurrent transfer test'}
2025-08-03 20:00:12 - binding parameter [1] as [VARCHAR] - [TEST002345678901]
2025-08-03 20:00:12 - binding parameter [1] as [VARCHAR] - [TEST001234567890]
2025-08-03 20:00:12 - binding parameter [1] as [NUMERIC] - [10.00]
2025-08-03 20:00:12 - binding parameter [2] as [TIMESTAMP] - [null]
2025-08-03 20:00:12 - binding parameter [3] as [TIMESTAMP] - [2025-08-03T20:00:12.138277]
2025-08-03 20:00:12 - binding parameter [4] as [VARCHAR] - [USD]
2025-08-03 20:00:12 - binding parameter [5] as [VARCHAR] - [Concurrent transfer test]
2025-08-03 20:00:12 - binding parameter [6] as [VARCHAR] - [null]
2025-08-03 20:00:12 - binding parameter [7] as [BIGINT] - [9]
2025-08-03 20:00:12 - binding parameter [8] as [TIMESTAMP] - [null]
2025-08-03 20:00:12 - binding parameter [9] as [VARCHAR] - [PENDING]
2025-08-03 20:00:12 - binding parameter [10] as [BIGINT] - [10]
2025-08-03 20:00:12 - binding parameter [11] as [VARCHAR] - [TXN-EBF3D6FE8F144DA4]
2025-08-03 20:00:12 - binding parameter [12] as [TIMESTAMP] - [2025-08-03T20:00:12.138288]
2025-08-03 20:00:12 - binding parameter [13] as [BIGINT] - [0]
2025-08-03 20:00:12 - Transfer completed successfully: TXN-EBF3D6FE8F144DA4
2025-08-03 20:00:12 - binding parameter [1] as [VARCHAR] - [Test User 1]
2025-08-03 20:00:12 - binding parameter [2] as [VARCHAR] - [TEST001234567890]
2025-08-03 20:00:12 - binding parameter [3] as [NUMERIC] - [870.00]
2025-08-03 20:00:12 - binding parameter [4] as [VARCHAR] - [USD]
2025-08-03 20:00:12 - binding parameter [5] as [VARCHAR] - [ACTIVE]
2025-08-03 20:00:12 - binding parameter [6] as [TIMESTAMP] - [2025-08-03T20:00:12.139977]
2025-08-03 20:00:12 - binding parameter [7] as [VARCHAR] - [user1]
2025-08-03 20:00:12 - binding parameter [8] as [BIGINT] - [13]
2025-08-03 20:00:12 - binding parameter [9] as [BIGINT] - [9]
2025-08-03 20:00:12 - binding parameter [10] as [BIGINT] - [12]
2025-08-03 20:00:12 - binding parameter [1] as [VARCHAR] - [Test User 2]
2025-08-03 20:00:12 - binding parameter [2] as [VARCHAR] - [TEST002345678901]
2025-08-03 20:00:12 - binding parameter [3] as [NUMERIC] - [630.00]
2025-08-03 20:00:12 - binding parameter [4] as [VARCHAR] - [USD]
2025-08-03 20:00:12 - binding parameter [5] as [VARCHAR] - [ACTIVE]
2025-08-03 20:00:12 - binding parameter [6] as [TIMESTAMP] - [2025-08-03T20:00:12.140911]
2025-08-03 20:00:12 - binding parameter [7] as [VARCHAR] - [user2]
2025-08-03 20:00:12 - binding parameter [8] as [BIGINT] - [13]
2025-08-03 20:00:12 - binding parameter [9] as [BIGINT] - [10]
2025-08-03 20:00:12 - binding parameter [10] as [BIGINT] - [12]
2025-08-03 20:00:12 - binding parameter [1] as [NUMERIC] - [10.00]
2025-08-03 20:00:12 - binding parameter [2] as [TIMESTAMP] - [2025-08-03T20:00:12.139468]
2025-08-03 20:00:12 - binding parameter [3] as [VARCHAR] - [USD]
2025-08-03 20:00:12 - binding parameter [4] as [VARCHAR] - [Concurrent transfer test]
2025-08-03 20:00:12 - binding parameter [5] as [VARCHAR] - [null]
2025-08-03 20:00:12 - binding parameter [6] as [BIGINT] - [9]
2025-08-03 20:00:12 - binding parameter [7] as [TIMESTAMP] - [2025-08-03T20:00:12.139110]
2025-08-03 20:00:12 - binding parameter [8] as [VARCHAR] - [COMPLETED]
2025-08-03 20:00:12 - binding parameter [9] as [BIGINT] - [10]
2025-08-03 20:00:12 - binding parameter [10] as [VARCHAR] - [TXN-EBF3D6FE8F144DA4]
2025-08-03 20:00:12 - binding parameter [11] as [TIMESTAMP] - [2025-08-03T20:00:12.142226]
2025-08-03 20:00:12 - binding parameter [12] as [BIGINT] - [1]
2025-08-03 20:00:12 - binding parameter [13] as [BIGINT] - [13]
2025-08-03 20:00:12 - binding parameter [14] as [BIGINT] - [0]
2025-08-03 20:00:12 - Processing transfer request: TransferRequest{fromAccountNumber='TEST001234567890', toAccountNumber='TEST002345678901', amount=10.00, currency=USD, description='Concurrent transfer test'}
2025-08-03 20:00:12 - binding parameter [1] as [VARCHAR] - [TEST001234567890]
2025-08-03 20:00:12 - binding parameter [1] as [VARCHAR] - [TEST002345678901]
2025-08-03 20:00:12 - binding parameter [1] as [NUMERIC] - [10.00]
2025-08-03 20:00:12 - binding parameter [2] as [TIMESTAMP] - [null]
2025-08-03 20:00:12 - binding parameter [3] as [TIMESTAMP] - [2025-08-03T20:00:12.144882]
2025-08-03 20:00:12 - binding parameter [4] as [VARCHAR] - [USD]
2025-08-03 20:00:12 - binding parameter [5] as [VARCHAR] - [Concurrent transfer test]
2025-08-03 20:00:12 - binding parameter [6] as [VARCHAR] - [null]
2025-08-03 20:00:12 - binding parameter [7] as [BIGINT] - [9]
2025-08-03 20:00:12 - binding parameter [8] as [TIMESTAMP] - [null]
2025-08-03 20:00:12 - binding parameter [9] as [VARCHAR] - [PENDING]
2025-08-03 20:00:12 - binding parameter [10] as [BIGINT] - [10]
2025-08-03 20:00:12 - binding parameter [11] as [VARCHAR] - [TXN-0C175A0394354E5C]
2025-08-03 20:00:12 - binding parameter [12] as [TIMESTAMP] - [2025-08-03T20:00:12.144891]
2025-08-03 20:00:12 - binding parameter [13] as [BIGINT] - [0]
2025-08-03 20:00:12 - Transfer completed successfully: TXN-0C175A0394354E5C
2025-08-03 20:00:12 - binding parameter [1] as [VARCHAR] - [Test User 1]
2025-08-03 20:00:12 - binding parameter [2] as [VARCHAR] - [TEST001234567890]
2025-08-03 20:00:12 - binding parameter [3] as [NUMERIC] - [860.00]
2025-08-03 20:00:12 - binding parameter [4] as [VARCHAR] - [USD]
2025-08-03 20:00:12 - binding parameter [5] as [VARCHAR] - [ACTIVE]
2025-08-03 20:00:12 - binding parameter [6] as [TIMESTAMP] - [2025-08-03T20:00:12.146948]
2025-08-03 20:00:12 - binding parameter [7] as [VARCHAR] - [user1]
2025-08-03 20:00:12 - binding parameter [8] as [BIGINT] - [14]
2025-08-03 20:00:12 - binding parameter [9] as [BIGINT] - [9]
2025-08-03 20:00:12 - binding parameter [10] as [BIGINT] - [13]
2025-08-03 20:00:12 - binding parameter [1] as [VARCHAR] - [Test User 2]
2025-08-03 20:00:12 - binding parameter [2] as [VARCHAR] - [TEST002345678901]
2025-08-03 20:00:12 - binding parameter [3] as [NUMERIC] - [640.00]
2025-08-03 20:00:12 - binding parameter [4] as [VARCHAR] - [USD]
2025-08-03 20:00:12 - binding parameter [5] as [VARCHAR] - [ACTIVE]
2025-08-03 20:00:12 - binding parameter [6] as [TIMESTAMP] - [2025-08-03T20:00:12.147810]
2025-08-03 20:00:12 - binding parameter [7] as [VARCHAR] - [user2]
2025-08-03 20:00:12 - binding parameter [8] as [BIGINT] - [14]
2025-08-03 20:00:12 - binding parameter [9] as [BIGINT] - [10]
2025-08-03 20:00:12 - binding parameter [10] as [BIGINT] - [13]
2025-08-03 20:00:12 - binding parameter [1] as [NUMERIC] - [10.00]
2025-08-03 20:00:12 - binding parameter [2] as [TIMESTAMP] - [2025-08-03T20:00:12.146109]
2025-08-03 20:00:12 - binding parameter [3] as [VARCHAR] - [USD]
2025-08-03 20:00:12 - binding parameter [4] as [VARCHAR] - [Concurrent transfer test]
2025-08-03 20:00:12 - binding parameter [5] as [VARCHAR] - [null]
2025-08-03 20:00:12 - binding parameter [6] as [BIGINT] - [9]
2025-08-03 20:00:12 - binding parameter [7] as [TIMESTAMP] - [2025-08-03T20:00:12.145824]
2025-08-03 20:00:12 - binding parameter [8] as [VARCHAR] - [COMPLETED]
2025-08-03 20:00:12 - binding parameter [9] as [BIGINT] - [10]
2025-08-03 20:00:12 - binding parameter [10] as [VARCHAR] - [TXN-0C175A0394354E5C]
2025-08-03 20:00:12 - binding parameter [11] as [TIMESTAMP] - [2025-08-03T20:00:12.148153]
2025-08-03 20:00:12 - binding parameter [12] as [BIGINT] - [1]
2025-08-03 20:00:12 - binding parameter [13] as [BIGINT] - [14]
2025-08-03 20:00:12 - binding parameter [14] as [BIGINT] - [0]
2025-08-03 20:00:12 - Processing transfer request: TransferRequest{fromAccountNumber='TEST001234567890', toAccountNumber='TEST002345678901', amount=10.00, currency=USD, description='Concurrent transfer test'}
2025-08-03 20:00:12 - binding parameter [1] as [VARCHAR] - [TEST001234567890]
2025-08-03 20:00:12 - binding parameter [1] as [VARCHAR] - [TEST002345678901]
2025-08-03 20:00:12 - binding parameter [1] as [NUMERIC] - [10.00]
2025-08-03 20:00:12 - binding parameter [2] as [TIMESTAMP] - [null]
2025-08-03 20:00:12 - binding parameter [3] as [TIMESTAMP] - [2025-08-03T20:00:12.150290]
2025-08-03 20:00:12 - binding parameter [4] as [VARCHAR] - [USD]
2025-08-03 20:00:12 - binding parameter [5] as [VARCHAR] - [Concurrent transfer test]
2025-08-03 20:00:12 - binding parameter [6] as [VARCHAR] - [null]
2025-08-03 20:00:12 - binding parameter [7] as [BIGINT] - [9]
2025-08-03 20:00:12 - binding parameter [8] as [TIMESTAMP] - [null]
2025-08-03 20:00:12 - binding parameter [9] as [VARCHAR] - [PENDING]
2025-08-03 20:00:12 - binding parameter [10] as [BIGINT] - [10]
2025-08-03 20:00:12 - binding parameter [11] as [VARCHAR] - [TXN-167EDC81CF984D42]
2025-08-03 20:00:12 - binding parameter [12] as [TIMESTAMP] - [2025-08-03T20:00:12.150300]
2025-08-03 20:00:12 - binding parameter [13] as [BIGINT] - [0]
2025-08-03 20:00:12 - Transfer completed successfully: TXN-167EDC81CF984D42
2025-08-03 20:00:12 - binding parameter [1] as [VARCHAR] - [Test User 1]
2025-08-03 20:00:12 - binding parameter [2] as [VARCHAR] - [TEST001234567890]
2025-08-03 20:00:12 - binding parameter [3] as [NUMERIC] - [850.00]
2025-08-03 20:00:12 - binding parameter [4] as [VARCHAR] - [USD]
2025-08-03 20:00:12 - binding parameter [5] as [VARCHAR] - [ACTIVE]
2025-08-03 20:00:12 - binding parameter [6] as [TIMESTAMP] - [2025-08-03T20:00:12.151646]
2025-08-03 20:00:12 - binding parameter [7] as [VARCHAR] - [user1]
2025-08-03 20:00:12 - binding parameter [8] as [BIGINT] - [15]
2025-08-03 20:00:12 - binding parameter [9] as [BIGINT] - [9]
2025-08-03 20:00:12 - binding parameter [10] as [BIGINT] - [14]
2025-08-03 20:00:12 - binding parameter [1] as [VARCHAR] - [Test User 2]
2025-08-03 20:00:12 - binding parameter [2] as [VARCHAR] - [TEST002345678901]
2025-08-03 20:00:12 - binding parameter [3] as [NUMERIC] - [650.00]
2025-08-03 20:00:12 - binding parameter [4] as [VARCHAR] - [USD]
2025-08-03 20:00:12 - binding parameter [5] as [VARCHAR] - [ACTIVE]
2025-08-03 20:00:12 - binding parameter [6] as [TIMESTAMP] - [2025-08-03T20:00:12.152669]
2025-08-03 20:00:12 - binding parameter [7] as [VARCHAR] - [user2]
2025-08-03 20:00:12 - binding parameter [8] as [BIGINT] - [15]
2025-08-03 20:00:12 - binding parameter [9] as [BIGINT] - [10]
2025-08-03 20:00:12 - binding parameter [10] as [BIGINT] - [14]
2025-08-03 20:00:12 - binding parameter [1] as [NUMERIC] - [10.00]
2025-08-03 20:00:12 - binding parameter [2] as [TIMESTAMP] - [2025-08-03T20:00:12.151246]
2025-08-03 20:00:12 - binding parameter [3] as [VARCHAR] - [USD]
2025-08-03 20:00:12 - binding parameter [4] as [VARCHAR] - [Concurrent transfer test]
2025-08-03 20:00:12 - binding parameter [5] as [VARCHAR] - [null]
2025-08-03 20:00:12 - binding parameter [6] as [BIGINT] - [9]
2025-08-03 20:00:12 - binding parameter [7] as [TIMESTAMP] - [2025-08-03T20:00:12.151005]
2025-08-03 20:00:12 - binding parameter [8] as [VARCHAR] - [COMPLETED]
2025-08-03 20:00:12 - binding parameter [9] as [BIGINT] - [10]
2025-08-03 20:00:12 - binding parameter [10] as [VARCHAR] - [TXN-167EDC81CF984D42]
2025-08-03 20:00:12 - binding parameter [11] as [TIMESTAMP] - [2025-08-03T20:00:12.153012]
2025-08-03 20:00:12 - binding parameter [12] as [BIGINT] - [1]
2025-08-03 20:00:12 - binding parameter [13] as [BIGINT] - [15]
2025-08-03 20:00:12 - binding parameter [14] as [BIGINT] - [0]
2025-08-03 20:00:12 - Processing transfer request: TransferRequest{fromAccountNumber='TEST001234567890', toAccountNumber='TEST002345678901', amount=10.00, currency=USD, description='Concurrent transfer test'}
2025-08-03 20:00:12 - binding parameter [1] as [VARCHAR] - [TEST002345678901]
2025-08-03 20:00:12 - binding parameter [1] as [VARCHAR] - [TEST001234567890]
2025-08-03 20:00:12 - binding parameter [1] as [NUMERIC] - [10.00]
2025-08-03 20:00:12 - binding parameter [2] as [TIMESTAMP] - [null]
2025-08-03 20:00:12 - binding parameter [3] as [TIMESTAMP] - [2025-08-03T20:00:12.157461]
2025-08-03 20:00:12 - binding parameter [4] as [VARCHAR] - [USD]
2025-08-03 20:00:12 - binding parameter [5] as [VARCHAR] - [Concurrent transfer test]
2025-08-03 20:00:12 - binding parameter [6] as [VARCHAR] - [null]
2025-08-03 20:00:12 - binding parameter [7] as [BIGINT] - [9]
2025-08-03 20:00:12 - binding parameter [8] as [TIMESTAMP] - [null]
2025-08-03 20:00:12 - binding parameter [9] as [VARCHAR] - [PENDING]
2025-08-03 20:00:12 - binding parameter [10] as [BIGINT] - [10]
2025-08-03 20:00:12 - binding parameter [11] as [VARCHAR] - [TXN-B34638DC0DED4DC6]
2025-08-03 20:00:12 - binding parameter [12] as [TIMESTAMP] - [2025-08-03T20:00:12.157476]
2025-08-03 20:00:12 - binding parameter [13] as [BIGINT] - [0]
2025-08-03 20:00:12 - Transfer completed successfully: TXN-B34638DC0DED4DC6
2025-08-03 20:00:12 - binding parameter [1] as [VARCHAR] - [Test User 1]
2025-08-03 20:00:12 - binding parameter [2] as [VARCHAR] - [TEST001234567890]
2025-08-03 20:00:12 - binding parameter [3] as [NUMERIC] - [840.00]
2025-08-03 20:00:12 - binding parameter [4] as [VARCHAR] - [USD]
2025-08-03 20:00:12 - binding parameter [5] as [VARCHAR] - [ACTIVE]
2025-08-03 20:00:12 - binding parameter [6] as [TIMESTAMP] - [2025-08-03T20:00:12.160574]
2025-08-03 20:00:12 - binding parameter [7] as [VARCHAR] - [user1]
2025-08-03 20:00:12 - binding parameter [8] as [BIGINT] - [16]
2025-08-03 20:00:12 - binding parameter [9] as [BIGINT] - [9]
2025-08-03 20:00:12 - binding parameter [10] as [BIGINT] - [15]
2025-08-03 20:00:12 - binding parameter [1] as [VARCHAR] - [Test User 2]
2025-08-03 20:00:12 - binding parameter [2] as [VARCHAR] - [TEST002345678901]
2025-08-03 20:00:12 - binding parameter [3] as [NUMERIC] - [660.00]
2025-08-03 20:00:12 - binding parameter [4] as [VARCHAR] - [USD]
2025-08-03 20:00:12 - binding parameter [5] as [VARCHAR] - [ACTIVE]
2025-08-03 20:00:12 - binding parameter [6] as [TIMESTAMP] - [2025-08-03T20:00:12.161328]
2025-08-03 20:00:12 - binding parameter [7] as [VARCHAR] - [user2]
2025-08-03 20:00:12 - binding parameter [8] as [BIGINT] - [16]
2025-08-03 20:00:12 - binding parameter [9] as [BIGINT] - [10]
2025-08-03 20:00:12 - binding parameter [10] as [BIGINT] - [15]
2025-08-03 20:00:12 - binding parameter [1] as [NUMERIC] - [10.00]
2025-08-03 20:00:12 - binding parameter [2] as [TIMESTAMP] - [2025-08-03T20:00:12.159839]
2025-08-03 20:00:12 - binding parameter [3] as [VARCHAR] - [USD]
2025-08-03 20:00:12 - binding parameter [4] as [VARCHAR] - [Concurrent transfer test]
2025-08-03 20:00:12 - binding parameter [5] as [VARCHAR] - [null]
2025-08-03 20:00:12 - binding parameter [6] as [BIGINT] - [9]
2025-08-03 20:00:12 - binding parameter [7] as [TIMESTAMP] - [2025-08-03T20:00:12.159427]
2025-08-03 20:00:12 - binding parameter [8] as [VARCHAR] - [COMPLETED]
2025-08-03 20:00:12 - binding parameter [9] as [BIGINT] - [10]
2025-08-03 20:00:12 - binding parameter [10] as [VARCHAR] - [TXN-B34638DC0DED4DC6]
2025-08-03 20:00:12 - binding parameter [11] as [TIMESTAMP] - [2025-08-03T20:00:12.161687]
2025-08-03 20:00:12 - binding parameter [12] as [BIGINT] - [1]
2025-08-03 20:00:12 - binding parameter [13] as [BIGINT] - [16]
2025-08-03 20:00:12 - binding parameter [14] as [BIGINT] - [0]
2025-08-03 20:00:12 - Processing transfer request: TransferRequest{fromAccountNumber='TEST001234567890', toAccountNumber='TEST002345678901', amount=10.00, currency=USD, description='Concurrent transfer test'}
2025-08-03 20:00:12 - binding parameter [1] as [VARCHAR] - [TEST001234567890]
2025-08-03 20:00:12 - binding parameter [1] as [VARCHAR] - [TEST002345678901]
2025-08-03 20:00:12 - binding parameter [1] as [NUMERIC] - [10.00]
2025-08-03 20:00:12 - binding parameter [2] as [TIMESTAMP] - [null]
2025-08-03 20:00:12 - binding parameter [3] as [TIMESTAMP] - [2025-08-03T20:00:12.170528]
2025-08-03 20:00:12 - binding parameter [4] as [VARCHAR] - [USD]
2025-08-03 20:00:12 - binding parameter [5] as [VARCHAR] - [Concurrent transfer test]
2025-08-03 20:00:12 - binding parameter [6] as [VARCHAR] - [null]
2025-08-03 20:00:12 - binding parameter [7] as [BIGINT] - [9]
2025-08-03 20:00:12 - binding parameter [8] as [TIMESTAMP] - [null]
2025-08-03 20:00:12 - binding parameter [9] as [VARCHAR] - [PENDING]
2025-08-03 20:00:12 - binding parameter [10] as [BIGINT] - [10]
2025-08-03 20:00:12 - binding parameter [11] as [VARCHAR] - [TXN-81D58279A392487D]
2025-08-03 20:00:12 - binding parameter [12] as [TIMESTAMP] - [2025-08-03T20:00:12.170538]
2025-08-03 20:00:12 - binding parameter [13] as [BIGINT] - [0]
2025-08-03 20:00:12 - Transfer completed successfully: TXN-81D58279A392487D
2025-08-03 20:00:12 - binding parameter [1] as [VARCHAR] - [Test User 1]
2025-08-03 20:00:12 - binding parameter [2] as [VARCHAR] - [TEST001234567890]
2025-08-03 20:00:12 - binding parameter [3] as [NUMERIC] - [830.00]
2025-08-03 20:00:12 - binding parameter [4] as [VARCHAR] - [USD]
2025-08-03 20:00:12 - binding parameter [5] as [VARCHAR] - [ACTIVE]
2025-08-03 20:00:12 - binding parameter [6] as [TIMESTAMP] - [2025-08-03T20:00:12.173667]
2025-08-03 20:00:12 - binding parameter [7] as [VARCHAR] - [user1]
2025-08-03 20:00:12 - binding parameter [8] as [BIGINT] - [17]
2025-08-03 20:00:12 - binding parameter [9] as [BIGINT] - [9]
2025-08-03 20:00:12 - binding parameter [10] as [BIGINT] - [16]
2025-08-03 20:00:12 - binding parameter [1] as [VARCHAR] - [Test User 2]
2025-08-03 20:00:12 - binding parameter [2] as [VARCHAR] - [TEST002345678901]
2025-08-03 20:00:12 - binding parameter [3] as [NUMERIC] - [670.00]
2025-08-03 20:00:12 - binding parameter [4] as [VARCHAR] - [USD]
2025-08-03 20:00:12 - binding parameter [5] as [VARCHAR] - [ACTIVE]
2025-08-03 20:00:12 - binding parameter [6] as [TIMESTAMP] - [2025-08-03T20:00:12.174508]
2025-08-03 20:00:12 - binding parameter [7] as [VARCHAR] - [user2]
2025-08-03 20:00:12 - binding parameter [8] as [BIGINT] - [17]
2025-08-03 20:00:12 - binding parameter [9] as [BIGINT] - [10]
2025-08-03 20:00:12 - binding parameter [10] as [BIGINT] - [16]
2025-08-03 20:00:12 - binding parameter [1] as [NUMERIC] - [10.00]
2025-08-03 20:00:12 - binding parameter [2] as [TIMESTAMP] - [2025-08-03T20:00:12.172287]
2025-08-03 20:00:12 - binding parameter [3] as [VARCHAR] - [USD]
2025-08-03 20:00:12 - binding parameter [4] as [VARCHAR] - [Concurrent transfer test]
2025-08-03 20:00:12 - binding parameter [5] as [VARCHAR] - [null]
2025-08-03 20:00:12 - binding parameter [6] as [BIGINT] - [9]
2025-08-03 20:00:12 - binding parameter [7] as [TIMESTAMP] - [2025-08-03T20:00:12.171619]
2025-08-03 20:00:12 - binding parameter [8] as [VARCHAR] - [COMPLETED]
2025-08-03 20:00:12 - binding parameter [9] as [BIGINT] - [10]
2025-08-03 20:00:12 - binding parameter [10] as [VARCHAR] - [TXN-81D58279A392487D]
2025-08-03 20:00:12 - binding parameter [11] as [TIMESTAMP] - [2025-08-03T20:00:12.175739]
2025-08-03 20:00:12 - binding parameter [12] as [BIGINT] - [1]
2025-08-03 20:00:12 - binding parameter [13] as [BIGINT] - [17]
2025-08-03 20:00:12 - binding parameter [14] as [BIGINT] - [0]
2025-08-03 20:00:12 - Processing transfer request: TransferRequest{fromAccountNumber='TEST001234567890', toAccountNumber='TEST002345678901', amount=10.00, currency=USD, description='Concurrent transfer test'}
2025-08-03 20:00:12 - binding parameter [1] as [VARCHAR] - [TEST001234567890]
2025-08-03 20:00:12 - binding parameter [1] as [VARCHAR] - [TEST002345678901]
2025-08-03 20:00:12 - binding parameter [1] as [NUMERIC] - [10.00]
2025-08-03 20:00:12 - binding parameter [2] as [TIMESTAMP] - [null]
2025-08-03 20:00:12 - binding parameter [3] as [TIMESTAMP] - [2025-08-03T20:00:12.179253]
2025-08-03 20:00:12 - binding parameter [4] as [VARCHAR] - [USD]
2025-08-03 20:00:12 - binding parameter [5] as [VARCHAR] - [Concurrent transfer test]
2025-08-03 20:00:12 - binding parameter [6] as [VARCHAR] - [null]
2025-08-03 20:00:12 - binding parameter [7] as [BIGINT] - [9]
2025-08-03 20:00:12 - binding parameter [8] as [TIMESTAMP] - [null]
2025-08-03 20:00:12 - binding parameter [9] as [VARCHAR] - [PENDING]
2025-08-03 20:00:12 - binding parameter [10] as [BIGINT] - [10]
2025-08-03 20:00:12 - binding parameter [11] as [VARCHAR] - [TXN-93CA93E5F06641C0]
2025-08-03 20:00:12 - binding parameter [12] as [TIMESTAMP] - [2025-08-03T20:00:12.179261]
2025-08-03 20:00:12 - binding parameter [13] as [BIGINT] - [0]
2025-08-03 20:00:12 - Transfer completed successfully: TXN-93CA93E5F06641C0
2025-08-03 20:00:12 - binding parameter [1] as [VARCHAR] - [Test User 1]
2025-08-03 20:00:12 - binding parameter [2] as [VARCHAR] - [TEST001234567890]
2025-08-03 20:00:12 - binding parameter [3] as [NUMERIC] - [820.00]
2025-08-03 20:00:12 - binding parameter [4] as [VARCHAR] - [USD]
2025-08-03 20:00:12 - binding parameter [5] as [VARCHAR] - [ACTIVE]
2025-08-03 20:00:12 - binding parameter [6] as [TIMESTAMP] - [2025-08-03T20:00:12.180417]
2025-08-03 20:00:12 - binding parameter [7] as [VARCHAR] - [user1]
2025-08-03 20:00:12 - binding parameter [8] as [BIGINT] - [18]
2025-08-03 20:00:12 - binding parameter [9] as [BIGINT] - [9]
2025-08-03 20:00:12 - binding parameter [10] as [BIGINT] - [17]
2025-08-03 20:00:12 - binding parameter [1] as [VARCHAR] - [Test User 2]
2025-08-03 20:00:12 - binding parameter [2] as [VARCHAR] - [TEST002345678901]
2025-08-03 20:00:12 - binding parameter [3] as [NUMERIC] - [680.00]
2025-08-03 20:00:12 - binding parameter [4] as [VARCHAR] - [USD]
2025-08-03 20:00:12 - binding parameter [5] as [VARCHAR] - [ACTIVE]
2025-08-03 20:00:12 - binding parameter [6] as [TIMESTAMP] - [2025-08-03T20:00:12.180890]
2025-08-03 20:00:12 - binding parameter [7] as [VARCHAR] - [user2]
2025-08-03 20:00:12 - binding parameter [8] as [BIGINT] - [18]
2025-08-03 20:00:12 - binding parameter [9] as [BIGINT] - [10]
2025-08-03 20:00:12 - binding parameter [10] as [BIGINT] - [17]
2025-08-03 20:00:12 - binding parameter [1] as [NUMERIC] - [10.00]
2025-08-03 20:00:12 - binding parameter [2] as [TIMESTAMP] - [2025-08-03T20:00:12.180135]
2025-08-03 20:00:12 - binding parameter [3] as [VARCHAR] - [USD]
2025-08-03 20:00:12 - binding parameter [4] as [VARCHAR] - [Concurrent transfer test]
2025-08-03 20:00:12 - binding parameter [5] as [VARCHAR] - [null]
2025-08-03 20:00:12 - binding parameter [6] as [BIGINT] - [9]
2025-08-03 20:00:12 - binding parameter [7] as [TIMESTAMP] - [2025-08-03T20:00:12.179930]
2025-08-03 20:00:12 - binding parameter [8] as [VARCHAR] - [COMPLETED]
2025-08-03 20:00:12 - binding parameter [9] as [BIGINT] - [10]
2025-08-03 20:00:12 - binding parameter [10] as [VARCHAR] - [TXN-93CA93E5F06641C0]
2025-08-03 20:00:12 - binding parameter [11] as [TIMESTAMP] - [2025-08-03T20:00:12.183608]
2025-08-03 20:00:12 - binding parameter [12] as [BIGINT] - [1]
2025-08-03 20:00:12 - binding parameter [13] as [BIGINT] - [18]
2025-08-03 20:00:12 - binding parameter [14] as [BIGINT] - [0]
2025-08-03 20:00:12 - Processing transfer request: TransferRequest{fromAccountNumber='TEST001234567890', toAccountNumber='TEST002345678901', amount=10.00, currency=USD, description='Concurrent transfer test'}
2025-08-03 20:00:12 - binding parameter [1] as [VARCHAR] - [TEST001234567890]
2025-08-03 20:00:12 - binding parameter [1] as [VARCHAR] - [TEST002345678901]
2025-08-03 20:00:12 - binding parameter [1] as [NUMERIC] - [10.00]
2025-08-03 20:00:12 - binding parameter [2] as [TIMESTAMP] - [null]
2025-08-03 20:00:12 - binding parameter [3] as [TIMESTAMP] - [2025-08-03T20:00:12.191346]
2025-08-03 20:00:12 - binding parameter [4] as [VARCHAR] - [USD]
2025-08-03 20:00:12 - binding parameter [5] as [VARCHAR] - [Concurrent transfer test]
2025-08-03 20:00:12 - binding parameter [6] as [VARCHAR] - [null]
2025-08-03 20:00:12 - binding parameter [7] as [BIGINT] - [9]
2025-08-03 20:00:12 - binding parameter [8] as [TIMESTAMP] - [null]
2025-08-03 20:00:12 - binding parameter [9] as [VARCHAR] - [PENDING]
2025-08-03 20:00:12 - binding parameter [10] as [BIGINT] - [10]
2025-08-03 20:00:12 - binding parameter [11] as [VARCHAR] - [TXN-FDC4565B91274F00]
2025-08-03 20:00:12 - binding parameter [12] as [TIMESTAMP] - [2025-08-03T20:00:12.191362]
2025-08-03 20:00:12 - binding parameter [13] as [BIGINT] - [0]
2025-08-03 20:00:12 - Transfer completed successfully: TXN-FDC4565B91274F00
2025-08-03 20:00:12 - binding parameter [1] as [VARCHAR] - [Test User 1]
2025-08-03 20:00:12 - binding parameter [2] as [VARCHAR] - [TEST001234567890]
2025-08-03 20:00:12 - binding parameter [3] as [NUMERIC] - [810.00]
2025-08-03 20:00:12 - binding parameter [4] as [VARCHAR] - [USD]
2025-08-03 20:00:12 - binding parameter [5] as [VARCHAR] - [ACTIVE]
2025-08-03 20:00:12 - binding parameter [6] as [TIMESTAMP] - [2025-08-03T20:00:12.193812]
2025-08-03 20:00:12 - binding parameter [7] as [VARCHAR] - [user1]
2025-08-03 20:00:12 - binding parameter [8] as [BIGINT] - [19]
2025-08-03 20:00:12 - binding parameter [9] as [BIGINT] - [9]
2025-08-03 20:00:12 - binding parameter [10] as [BIGINT] - [18]
2025-08-03 20:00:12 - binding parameter [1] as [VARCHAR] - [Test User 2]
2025-08-03 20:00:12 - binding parameter [2] as [VARCHAR] - [TEST002345678901]
2025-08-03 20:00:12 - binding parameter [3] as [NUMERIC] - [690.00]
2025-08-03 20:00:12 - binding parameter [4] as [VARCHAR] - [USD]
2025-08-03 20:00:12 - binding parameter [5] as [VARCHAR] - [ACTIVE]
2025-08-03 20:00:12 - binding parameter [6] as [TIMESTAMP] - [2025-08-03T20:00:12.195462]
2025-08-03 20:00:12 - binding parameter [7] as [VARCHAR] - [user2]
2025-08-03 20:00:12 - binding parameter [8] as [BIGINT] - [19]
2025-08-03 20:00:12 - binding parameter [9] as [BIGINT] - [10]
2025-08-03 20:00:12 - binding parameter [10] as [BIGINT] - [18]
2025-08-03 20:00:12 - binding parameter [1] as [NUMERIC] - [10.00]
2025-08-03 20:00:12 - binding parameter [2] as [TIMESTAMP] - [2025-08-03T20:00:12.193337]
2025-08-03 20:00:12 - binding parameter [3] as [VARCHAR] - [USD]
2025-08-03 20:00:12 - binding parameter [4] as [VARCHAR] - [Concurrent transfer test]
2025-08-03 20:00:12 - binding parameter [5] as [VARCHAR] - [null]
2025-08-03 20:00:12 - binding parameter [6] as [BIGINT] - [9]
2025-08-03 20:00:12 - binding parameter [7] as [TIMESTAMP] - [2025-08-03T20:00:12.193056]
2025-08-03 20:00:12 - binding parameter [8] as [VARCHAR] - [COMPLETED]
2025-08-03 20:00:12 - binding parameter [9] as [BIGINT] - [10]
2025-08-03 20:00:12 - binding parameter [10] as [VARCHAR] - [TXN-FDC4565B91274F00]
2025-08-03 20:00:12 - binding parameter [11] as [TIMESTAMP] - [2025-08-03T20:00:12.196209]
2025-08-03 20:00:12 - binding parameter [12] as [BIGINT] - [1]
2025-08-03 20:00:12 - binding parameter [13] as [BIGINT] - [19]
2025-08-03 20:00:12 - binding parameter [14] as [BIGINT] - [0]
2025-08-03 20:00:12 - Processing transfer request: TransferRequest{fromAccountNumber='TEST001234567890', toAccountNumber='TEST002345678901', amount=10.00, currency=USD, description='Concurrent transfer test'}
2025-08-03 20:00:12 - binding parameter [1] as [VARCHAR] - [TEST001234567890]
2025-08-03 20:00:12 - binding parameter [1] as [VARCHAR] - [TEST002345678901]
2025-08-03 20:00:12 - binding parameter [1] as [NUMERIC] - [10.00]
2025-08-03 20:00:12 - binding parameter [2] as [TIMESTAMP] - [null]
2025-08-03 20:00:12 - binding parameter [3] as [TIMESTAMP] - [2025-08-03T20:00:12.216138]
2025-08-03 20:00:12 - binding parameter [4] as [VARCHAR] - [USD]
2025-08-03 20:00:12 - binding parameter [5] as [VARCHAR] - [Concurrent transfer test]
2025-08-03 20:00:12 - binding parameter [6] as [VARCHAR] - [null]
2025-08-03 20:00:12 - binding parameter [7] as [BIGINT] - [9]
2025-08-03 20:00:12 - binding parameter [8] as [TIMESTAMP] - [null]
2025-08-03 20:00:12 - binding parameter [9] as [VARCHAR] - [PENDING]
2025-08-03 20:00:12 - binding parameter [10] as [BIGINT] - [10]
2025-08-03 20:00:12 - binding parameter [11] as [VARCHAR] - [TXN-E6251433D7124F0B]
2025-08-03 20:00:12 - binding parameter [12] as [TIMESTAMP] - [2025-08-03T20:00:12.216151]
2025-08-03 20:00:12 - binding parameter [13] as [BIGINT] - [0]
2025-08-03 20:00:12 - Transfer completed successfully: TXN-E6251433D7124F0B
2025-08-03 20:00:12 - binding parameter [1] as [VARCHAR] - [Test User 1]
2025-08-03 20:00:12 - binding parameter [2] as [VARCHAR] - [TEST001234567890]
2025-08-03 20:00:12 - binding parameter [3] as [NUMERIC] - [800.00]
2025-08-03 20:00:12 - binding parameter [4] as [VARCHAR] - [USD]
2025-08-03 20:00:12 - binding parameter [5] as [VARCHAR] - [ACTIVE]
2025-08-03 20:00:12 - binding parameter [6] as [TIMESTAMP] - [2025-08-03T20:00:12.218354]
2025-08-03 20:00:12 - binding parameter [7] as [VARCHAR] - [user1]
2025-08-03 20:00:12 - binding parameter [8] as [BIGINT] - [20]
2025-08-03 20:00:12 - binding parameter [9] as [BIGINT] - [9]
2025-08-03 20:00:12 - binding parameter [10] as [BIGINT] - [19]
2025-08-03 20:00:12 - binding parameter [1] as [VARCHAR] - [Test User 2]
2025-08-03 20:00:12 - binding parameter [2] as [VARCHAR] - [TEST002345678901]
2025-08-03 20:00:12 - binding parameter [3] as [NUMERIC] - [700.00]
2025-08-03 20:00:12 - binding parameter [4] as [VARCHAR] - [USD]
2025-08-03 20:00:12 - binding parameter [5] as [VARCHAR] - [ACTIVE]
2025-08-03 20:00:12 - binding parameter [6] as [TIMESTAMP] - [2025-08-03T20:00:12.218975]
2025-08-03 20:00:12 - binding parameter [7] as [VARCHAR] - [user2]
2025-08-03 20:00:12 - binding parameter [8] as [BIGINT] - [20]
2025-08-03 20:00:12 - binding parameter [9] as [BIGINT] - [10]
2025-08-03 20:00:12 - binding parameter [10] as [BIGINT] - [19]
2025-08-03 20:00:12 - binding parameter [1] as [NUMERIC] - [10.00]
2025-08-03 20:00:12 - binding parameter [2] as [TIMESTAMP] - [2025-08-03T20:00:12.217725]
2025-08-03 20:00:12 - binding parameter [3] as [VARCHAR] - [USD]
2025-08-03 20:00:12 - binding parameter [4] as [VARCHAR] - [Concurrent transfer test]
2025-08-03 20:00:12 - binding parameter [5] as [VARCHAR] - [null]
2025-08-03 20:00:12 - binding parameter [6] as [BIGINT] - [9]
2025-08-03 20:00:12 - binding parameter [7] as [TIMESTAMP] - [2025-08-03T20:00:12.216954]
2025-08-03 20:00:12 - binding parameter [8] as [VARCHAR] - [COMPLETED]
2025-08-03 20:00:12 - binding parameter [9] as [BIGINT] - [10]
2025-08-03 20:00:12 - binding parameter [10] as [VARCHAR] - [TXN-E6251433D7124F0B]
2025-08-03 20:00:12 - binding parameter [11] as [TIMESTAMP] - [2025-08-03T20:00:12.220222]
2025-08-03 20:00:12 - binding parameter [12] as [BIGINT] - [1]
2025-08-03 20:00:12 - binding parameter [13] as [BIGINT] - [20]
2025-08-03 20:00:12 - binding parameter [14] as [BIGINT] - [0]
2025-08-03 20:00:12 - Processing transfer request: TransferRequest{fromAccountNumber='TEST001234567890', toAccountNumber='TEST002345678901', amount=10.00, currency=USD, description='Concurrent transfer test'}
2025-08-03 20:00:12 - binding parameter [1] as [VARCHAR] - [TEST001234567890]
2025-08-03 20:00:12 - binding parameter [1] as [VARCHAR] - [TEST002345678901]
2025-08-03 20:00:12 - binding parameter [1] as [NUMERIC] - [10.00]
2025-08-03 20:00:12 - binding parameter [2] as [TIMESTAMP] - [null]
2025-08-03 20:00:12 - binding parameter [3] as [TIMESTAMP] - [2025-08-03T20:00:12.232456]
2025-08-03 20:00:12 - binding parameter [4] as [VARCHAR] - [USD]
2025-08-03 20:00:12 - binding parameter [5] as [VARCHAR] - [Concurrent transfer test]
2025-08-03 20:00:12 - binding parameter [6] as [VARCHAR] - [null]
2025-08-03 20:00:12 - binding parameter [7] as [BIGINT] - [9]
2025-08-03 20:00:12 - binding parameter [8] as [TIMESTAMP] - [null]
2025-08-03 20:00:12 - binding parameter [9] as [VARCHAR] - [PENDING]
2025-08-03 20:00:12 - binding parameter [10] as [BIGINT] - [10]
2025-08-03 20:00:12 - binding parameter [11] as [VARCHAR] - [TXN-CF74E5AE41274808]
2025-08-03 20:00:12 - binding parameter [12] as [TIMESTAMP] - [2025-08-03T20:00:12.232509]
2025-08-03 20:00:12 - binding parameter [13] as [BIGINT] - [0]
2025-08-03 20:00:12 - Transfer completed successfully: TXN-CF74E5AE41274808
2025-08-03 20:00:12 - binding parameter [1] as [VARCHAR] - [Test User 1]
2025-08-03 20:00:12 - binding parameter [2] as [VARCHAR] - [TEST001234567890]
2025-08-03 20:00:12 - binding parameter [3] as [NUMERIC] - [790.00]
2025-08-03 20:00:12 - binding parameter [4] as [VARCHAR] - [USD]
2025-08-03 20:00:12 - binding parameter [5] as [VARCHAR] - [ACTIVE]
2025-08-03 20:00:12 - binding parameter [6] as [TIMESTAMP] - [2025-08-03T20:00:12.238421]
2025-08-03 20:00:12 - binding parameter [7] as [VARCHAR] - [user1]
2025-08-03 20:00:12 - binding parameter [8] as [BIGINT] - [21]
2025-08-03 20:00:12 - binding parameter [9] as [BIGINT] - [9]
2025-08-03 20:00:12 - binding parameter [10] as [BIGINT] - [20]
2025-08-03 20:00:12 - binding parameter [1] as [VARCHAR] - [Test User 2]
2025-08-03 20:00:12 - binding parameter [2] as [VARCHAR] - [TEST002345678901]
2025-08-03 20:00:12 - binding parameter [3] as [NUMERIC] - [710.00]
2025-08-03 20:00:12 - binding parameter [4] as [VARCHAR] - [USD]
2025-08-03 20:00:12 - binding parameter [5] as [VARCHAR] - [ACTIVE]
2025-08-03 20:00:12 - binding parameter [6] as [TIMESTAMP] - [2025-08-03T20:00:12.239206]
2025-08-03 20:00:12 - binding parameter [7] as [VARCHAR] - [user2]
2025-08-03 20:00:12 - binding parameter [8] as [BIGINT] - [21]
2025-08-03 20:00:12 - binding parameter [9] as [BIGINT] - [10]
2025-08-03 20:00:12 - binding parameter [10] as [BIGINT] - [20]
2025-08-03 20:00:12 - binding parameter [1] as [NUMERIC] - [10.00]
2025-08-03 20:00:12 - binding parameter [2] as [TIMESTAMP] - [2025-08-03T20:00:12.237864]
2025-08-03 20:00:12 - binding parameter [3] as [VARCHAR] - [USD]
2025-08-03 20:00:12 - binding parameter [4] as [VARCHAR] - [Concurrent transfer test]
2025-08-03 20:00:12 - binding parameter [5] as [VARCHAR] - [null]
2025-08-03 20:00:12 - binding parameter [6] as [BIGINT] - [9]
2025-08-03 20:00:12 - binding parameter [7] as [TIMESTAMP] - [2025-08-03T20:00:12.235304]
2025-08-03 20:00:12 - binding parameter [8] as [VARCHAR] - [COMPLETED]
2025-08-03 20:00:12 - binding parameter [9] as [BIGINT] - [10]
2025-08-03 20:00:12 - binding parameter [10] as [VARCHAR] - [TXN-CF74E5AE41274808]
2025-08-03 20:00:12 - binding parameter [11] as [TIMESTAMP] - [2025-08-03T20:00:12.240718]
2025-08-03 20:00:12 - binding parameter [12] as [BIGINT] - [1]
2025-08-03 20:00:12 - binding parameter [13] as [BIGINT] - [21]
2025-08-03 20:00:12 - binding parameter [14] as [BIGINT] - [0]
2025-08-03 20:00:12 - Processing transfer request: TransferRequest{fromAccountNumber='TEST001234567890', toAccountNumber='TEST002345678901', amount=10.00, currency=USD, description='Concurrent transfer test'}
2025-08-03 20:00:12 - binding parameter [1] as [VARCHAR] - [TEST001234567890]
2025-08-03 20:00:12 - binding parameter [1] as [VARCHAR] - [TEST002345678901]
2025-08-03 20:00:12 - binding parameter [1] as [NUMERIC] - [10.00]
2025-08-03 20:00:12 - binding parameter [2] as [TIMESTAMP] - [null]
2025-08-03 20:00:12 - binding parameter [3] as [TIMESTAMP] - [2025-08-03T20:00:12.246596]
2025-08-03 20:00:12 - binding parameter [4] as [VARCHAR] - [USD]
2025-08-03 20:00:12 - binding parameter [5] as [VARCHAR] - [Concurrent transfer test]
2025-08-03 20:00:12 - binding parameter [6] as [VARCHAR] - [null]
2025-08-03 20:00:12 - binding parameter [7] as [BIGINT] - [9]
2025-08-03 20:00:12 - binding parameter [8] as [TIMESTAMP] - [null]
2025-08-03 20:00:12 - binding parameter [9] as [VARCHAR] - [PENDING]
2025-08-03 20:00:12 - binding parameter [10] as [BIGINT] - [10]
2025-08-03 20:00:12 - binding parameter [11] as [VARCHAR] - [TXN-E972188462514A94]
2025-08-03 20:00:12 - binding parameter [12] as [TIMESTAMP] - [2025-08-03T20:00:12.246606]
2025-08-03 20:00:12 - binding parameter [13] as [BIGINT] - [0]
2025-08-03 20:00:12 - Transfer completed successfully: TXN-E972188462514A94
2025-08-03 20:00:12 - binding parameter [1] as [VARCHAR] - [Test User 1]
2025-08-03 20:00:12 - binding parameter [2] as [VARCHAR] - [TEST001234567890]
2025-08-03 20:00:12 - binding parameter [3] as [NUMERIC] - [780.00]
2025-08-03 20:00:12 - binding parameter [4] as [VARCHAR] - [USD]
2025-08-03 20:00:12 - binding parameter [5] as [VARCHAR] - [ACTIVE]
2025-08-03 20:00:12 - binding parameter [6] as [TIMESTAMP] - [2025-08-03T20:00:12.247767]
2025-08-03 20:00:12 - binding parameter [7] as [VARCHAR] - [user1]
2025-08-03 20:00:12 - binding parameter [8] as [BIGINT] - [22]
2025-08-03 20:00:12 - binding parameter [9] as [BIGINT] - [9]
2025-08-03 20:00:12 - binding parameter [10] as [BIGINT] - [21]
2025-08-03 20:00:12 - binding parameter [1] as [VARCHAR] - [Test User 2]
2025-08-03 20:00:12 - binding parameter [2] as [VARCHAR] - [TEST002345678901]
2025-08-03 20:00:12 - binding parameter [3] as [NUMERIC] - [720.00]
2025-08-03 20:00:12 - binding parameter [4] as [VARCHAR] - [USD]
2025-08-03 20:00:12 - binding parameter [5] as [VARCHAR] - [ACTIVE]
2025-08-03 20:00:12 - binding parameter [6] as [TIMESTAMP] - [2025-08-03T20:00:12.250100]
2025-08-03 20:00:12 - binding parameter [7] as [VARCHAR] - [user2]
2025-08-03 20:00:12 - binding parameter [8] as [BIGINT] - [22]
2025-08-03 20:00:12 - binding parameter [9] as [BIGINT] - [10]
2025-08-03 20:00:12 - binding parameter [10] as [BIGINT] - [21]
2025-08-03 20:00:12 - binding parameter [1] as [NUMERIC] - [10.00]
2025-08-03 20:00:12 - binding parameter [2] as [TIMESTAMP] - [2025-08-03T20:00:12.247454]
2025-08-03 20:00:12 - binding parameter [3] as [VARCHAR] - [USD]
2025-08-03 20:00:12 - binding parameter [4] as [VARCHAR] - [Concurrent transfer test]
2025-08-03 20:00:12 - binding parameter [5] as [VARCHAR] - [null]
2025-08-03 20:00:12 - binding parameter [6] as [BIGINT] - [9]
2025-08-03 20:00:12 - binding parameter [7] as [TIMESTAMP] - [2025-08-03T20:00:12.247242]
2025-08-03 20:00:12 - binding parameter [8] as [VARCHAR] - [COMPLETED]
2025-08-03 20:00:12 - binding parameter [9] as [BIGINT] - [10]
2025-08-03 20:00:12 - binding parameter [10] as [VARCHAR] - [TXN-E972188462514A94]
2025-08-03 20:00:12 - binding parameter [11] as [TIMESTAMP] - [2025-08-03T20:00:12.250807]
2025-08-03 20:00:12 - binding parameter [12] as [BIGINT] - [1]
2025-08-03 20:00:12 - binding parameter [13] as [BIGINT] - [22]
2025-08-03 20:00:12 - binding parameter [14] as [BIGINT] - [0]
2025-08-03 20:00:12 - Processing transfer request: TransferRequest{fromAccountNumber='TEST001234567890', toAccountNumber='TEST002345678901', amount=10.00, currency=USD, description='Concurrent transfer test'}
2025-08-03 20:00:12 - binding parameter [1] as [VARCHAR] - [TEST002345678901]
2025-08-03 20:00:12 - binding parameter [1] as [VARCHAR] - [TEST001234567890]
2025-08-03 20:00:12 - binding parameter [1] as [NUMERIC] - [10.00]
2025-08-03 20:00:12 - binding parameter [2] as [TIMESTAMP] - [null]
2025-08-03 20:00:12 - binding parameter [3] as [TIMESTAMP] - [2025-08-03T20:00:12.253964]
2025-08-03 20:00:12 - binding parameter [4] as [VARCHAR] - [USD]
2025-08-03 20:00:12 - binding parameter [5] as [VARCHAR] - [Concurrent transfer test]
2025-08-03 20:00:12 - binding parameter [6] as [VARCHAR] - [null]
2025-08-03 20:00:12 - binding parameter [7] as [BIGINT] - [9]
2025-08-03 20:00:12 - binding parameter [8] as [TIMESTAMP] - [null]
2025-08-03 20:00:12 - binding parameter [9] as [VARCHAR] - [PENDING]
2025-08-03 20:00:12 - binding parameter [10] as [BIGINT] - [10]
2025-08-03 20:00:12 - binding parameter [11] as [VARCHAR] - [TXN-9FAAEDE14B8D4E7D]
2025-08-03 20:00:12 - binding parameter [12] as [TIMESTAMP] - [2025-08-03T20:00:12.253974]
2025-08-03 20:00:12 - binding parameter [13] as [BIGINT] - [0]
2025-08-03 20:00:12 - Transfer completed successfully: TXN-9FAAEDE14B8D4E7D
2025-08-03 20:00:12 - binding parameter [1] as [VARCHAR] - [Test User 1]
2025-08-03 20:00:12 - binding parameter [2] as [VARCHAR] - [TEST001234567890]
2025-08-03 20:00:12 - binding parameter [3] as [NUMERIC] - [770.00]
2025-08-03 20:00:12 - binding parameter [4] as [VARCHAR] - [USD]
2025-08-03 20:00:12 - binding parameter [5] as [VARCHAR] - [ACTIVE]
2025-08-03 20:00:12 - binding parameter [6] as [TIMESTAMP] - [2025-08-03T20:00:12.255172]
2025-08-03 20:00:12 - binding parameter [7] as [VARCHAR] - [user1]
2025-08-03 20:00:12 - binding parameter [8] as [BIGINT] - [23]
2025-08-03 20:00:12 - binding parameter [9] as [BIGINT] - [9]
2025-08-03 20:00:12 - binding parameter [10] as [BIGINT] - [22]
2025-08-03 20:00:12 - binding parameter [1] as [VARCHAR] - [Test User 2]
2025-08-03 20:00:12 - binding parameter [2] as [VARCHAR] - [TEST002345678901]
2025-08-03 20:00:12 - binding parameter [3] as [NUMERIC] - [730.00]
2025-08-03 20:00:12 - binding parameter [4] as [VARCHAR] - [USD]
2025-08-03 20:00:12 - binding parameter [5] as [VARCHAR] - [ACTIVE]
2025-08-03 20:00:12 - binding parameter [6] as [TIMESTAMP] - [2025-08-03T20:00:12.255632]
2025-08-03 20:00:12 - binding parameter [7] as [VARCHAR] - [user2]
2025-08-03 20:00:12 - binding parameter [8] as [BIGINT] - [23]
2025-08-03 20:00:12 - binding parameter [9] as [BIGINT] - [10]
2025-08-03 20:00:12 - binding parameter [10] as [BIGINT] - [22]
2025-08-03 20:00:12 - binding parameter [1] as [NUMERIC] - [10.00]
2025-08-03 20:00:12 - binding parameter [2] as [TIMESTAMP] - [2025-08-03T20:00:12.254852]
2025-08-03 20:00:12 - binding parameter [3] as [VARCHAR] - [USD]
2025-08-03 20:00:12 - binding parameter [4] as [VARCHAR] - [Concurrent transfer test]
2025-08-03 20:00:12 - binding parameter [5] as [VARCHAR] - [null]
2025-08-03 20:00:12 - binding parameter [6] as [BIGINT] - [9]
2025-08-03 20:00:12 - binding parameter [7] as [TIMESTAMP] - [2025-08-03T20:00:12.254589]
2025-08-03 20:00:12 - binding parameter [8] as [VARCHAR] - [COMPLETED]
2025-08-03 20:00:12 - binding parameter [9] as [BIGINT] - [10]
2025-08-03 20:00:12 - binding parameter [10] as [VARCHAR] - [TXN-9FAAEDE14B8D4E7D]
2025-08-03 20:00:12 - binding parameter [11] as [TIMESTAMP] - [2025-08-03T20:00:12.255911]
2025-08-03 20:00:12 - binding parameter [12] as [BIGINT] - [1]
2025-08-03 20:00:12 - binding parameter [13] as [BIGINT] - [23]
2025-08-03 20:00:12 - binding parameter [14] as [BIGINT] - [0]
2025-08-03 20:00:12 - binding parameter [1] as [VARCHAR] - [TEST002345678901]
2025-08-03 20:00:12 - binding parameter [1] as [NUMERIC] - [10.00]
2025-08-03 20:00:12 - binding parameter [2] as [TIMESTAMP] - [null]
2025-08-03 20:00:12 - binding parameter [3] as [TIMESTAMP] - [2025-08-03T20:00:12.259541]
2025-08-03 20:00:12 - binding parameter [4] as [VARCHAR] - [USD]
2025-08-03 20:00:12 - binding parameter [5] as [VARCHAR] - [Concurrent transfer test]
2025-08-03 20:00:12 - binding parameter [6] as [VARCHAR] - [null]
2025-08-03 20:00:12 - binding parameter [7] as [BIGINT] - [9]
2025-08-03 20:00:12 - binding parameter [8] as [TIMESTAMP] - [null]
2025-08-03 20:00:12 - binding parameter [9] as [VARCHAR] - [PENDING]
2025-08-03 20:00:12 - binding parameter [10] as [BIGINT] - [10]
2025-08-03 20:00:12 - binding parameter [11] as [VARCHAR] - [TXN-281EEE462C7440E9]
2025-08-03 20:00:12 - binding parameter [12] as [TIMESTAMP] - [2025-08-03T20:00:12.259551]
2025-08-03 20:00:12 - binding parameter [13] as [BIGINT] - [0]
2025-08-03 20:00:12 - Transfer completed successfully: TXN-281EEE462C7440E9
2025-08-03 20:00:12 - binding parameter [1] as [VARCHAR] - [Test User 1]
2025-08-03 20:00:12 - binding parameter [2] as [VARCHAR] - [TEST001234567890]
2025-08-03 20:00:12 - binding parameter [3] as [NUMERIC] - [760.00]
2025-08-03 20:00:12 - binding parameter [4] as [VARCHAR] - [USD]
2025-08-03 20:00:12 - binding parameter [5] as [VARCHAR] - [ACTIVE]
2025-08-03 20:00:12 - binding parameter [6] as [TIMESTAMP] - [2025-08-03T20:00:12.261594]
2025-08-03 20:00:12 - binding parameter [7] as [VARCHAR] - [user1]
2025-08-03 20:00:12 - binding parameter [8] as [BIGINT] - [24]
2025-08-03 20:00:12 - binding parameter [9] as [BIGINT] - [9]
2025-08-03 20:00:12 - binding parameter [10] as [BIGINT] - [23]
2025-08-03 20:00:12 - binding parameter [1] as [VARCHAR] - [Test User 2]
2025-08-03 20:00:12 - binding parameter [2] as [VARCHAR] - [TEST002345678901]
2025-08-03 20:00:12 - binding parameter [3] as [NUMERIC] - [740.00]
2025-08-03 20:00:12 - binding parameter [4] as [VARCHAR] - [USD]
2025-08-03 20:00:12 - binding parameter [5] as [VARCHAR] - [ACTIVE]
2025-08-03 20:00:12 - binding parameter [6] as [TIMESTAMP] - [2025-08-03T20:00:12.262100]
2025-08-03 20:00:12 - binding parameter [7] as [VARCHAR] - [user2]
2025-08-03 20:00:12 - binding parameter [8] as [BIGINT] - [24]
2025-08-03 20:00:12 - binding parameter [9] as [BIGINT] - [10]
2025-08-03 20:00:12 - binding parameter [10] as [BIGINT] - [23]
2025-08-03 20:00:12 - binding parameter [1] as [NUMERIC] - [10.00]
2025-08-03 20:00:12 - binding parameter [2] as [TIMESTAMP] - [2025-08-03T20:00:12.261018]
2025-08-03 20:00:12 - binding parameter [3] as [VARCHAR] - [USD]
2025-08-03 20:00:12 - binding parameter [4] as [VARCHAR] - [Concurrent transfer test]
2025-08-03 20:00:12 - binding parameter [5] as [VARCHAR] - [null]
2025-08-03 20:00:12 - binding parameter [6] as [BIGINT] - [9]
2025-08-03 20:00:12 - binding parameter [7] as [TIMESTAMP] - [2025-08-03T20:00:12.260757]
2025-08-03 20:00:12 - binding parameter [8] as [VARCHAR] - [COMPLETED]
2025-08-03 20:00:12 - binding parameter [9] as [BIGINT] - [10]
2025-08-03 20:00:12 - binding parameter [10] as [VARCHAR] - [TXN-281EEE462C7440E9]
2025-08-03 20:00:12 - binding parameter [11] as [TIMESTAMP] - [2025-08-03T20:00:12.262835]
2025-08-03 20:00:12 - binding parameter [12] as [BIGINT] - [1]
2025-08-03 20:00:12 - binding parameter [13] as [BIGINT] - [24]
2025-08-03 20:00:12 - binding parameter [14] as [BIGINT] - [0]
2025-08-03 20:00:12 - binding parameter [1] as [VARCHAR] - [TEST002345678901]
2025-08-03 20:00:12 - binding parameter [1] as [NUMERIC] - [10.00]
2025-08-03 20:00:12 - binding parameter [2] as [TIMESTAMP] - [null]
2025-08-03 20:00:12 - binding parameter [3] as [TIMESTAMP] - [2025-08-03T20:00:12.265320]
2025-08-03 20:00:12 - binding parameter [4] as [VARCHAR] - [USD]
2025-08-03 20:00:12 - binding parameter [5] as [VARCHAR] - [Concurrent transfer test]
2025-08-03 20:00:12 - binding parameter [6] as [VARCHAR] - [null]
2025-08-03 20:00:12 - binding parameter [7] as [BIGINT] - [9]
2025-08-03 20:00:12 - binding parameter [8] as [TIMESTAMP] - [null]
2025-08-03 20:00:12 - binding parameter [9] as [VARCHAR] - [PENDING]
2025-08-03 20:00:12 - binding parameter [10] as [BIGINT] - [10]
2025-08-03 20:00:12 - binding parameter [11] as [VARCHAR] - [TXN-A75A79AB1B8D4B3A]
2025-08-03 20:00:12 - binding parameter [12] as [TIMESTAMP] - [2025-08-03T20:00:12.265328]
2025-08-03 20:00:12 - binding parameter [13] as [BIGINT] - [0]
2025-08-03 20:00:12 - Transfer completed successfully: TXN-A75A79AB1B8D4B3A
2025-08-03 20:00:12 - binding parameter [1] as [VARCHAR] - [Test User 1]
2025-08-03 20:00:12 - binding parameter [2] as [VARCHAR] - [TEST001234567890]
2025-08-03 20:00:12 - binding parameter [3] as [NUMERIC] - [750.00]
2025-08-03 20:00:12 - binding parameter [4] as [VARCHAR] - [USD]
2025-08-03 20:00:12 - binding parameter [5] as [VARCHAR] - [ACTIVE]
2025-08-03 20:00:12 - binding parameter [6] as [TIMESTAMP] - [2025-08-03T20:00:12.280392]
2025-08-03 20:00:12 - binding parameter [7] as [VARCHAR] - [user1]
2025-08-03 20:00:12 - binding parameter [8] as [BIGINT] - [25]
2025-08-03 20:00:12 - binding parameter [9] as [BIGINT] - [9]
2025-08-03 20:00:12 - binding parameter [10] as [BIGINT] - [24]
2025-08-03 20:00:12 - binding parameter [1] as [VARCHAR] - [Test User 2]
2025-08-03 20:00:12 - binding parameter [2] as [VARCHAR] - [TEST002345678901]
2025-08-03 20:00:12 - binding parameter [3] as [NUMERIC] - [750.00]
2025-08-03 20:00:12 - binding parameter [4] as [VARCHAR] - [USD]
2025-08-03 20:00:12 - binding parameter [5] as [VARCHAR] - [ACTIVE]
2025-08-03 20:00:12 - binding parameter [6] as [TIMESTAMP] - [2025-08-03T20:00:12.280988]
2025-08-03 20:00:12 - binding parameter [7] as [VARCHAR] - [user2]
2025-08-03 20:00:12 - binding parameter [8] as [BIGINT] - [25]
2025-08-03 20:00:12 - binding parameter [9] as [BIGINT] - [10]
2025-08-03 20:00:12 - binding parameter [10] as [BIGINT] - [24]
2025-08-03 20:00:12 - binding parameter [1] as [NUMERIC] - [10.00]
2025-08-03 20:00:12 - binding parameter [2] as [TIMESTAMP] - [2025-08-03T20:00:12.279847]
2025-08-03 20:00:12 - binding parameter [3] as [VARCHAR] - [USD]
2025-08-03 20:00:12 - binding parameter [4] as [VARCHAR] - [Concurrent transfer test]
2025-08-03 20:00:12 - binding parameter [5] as [VARCHAR] - [null]
2025-08-03 20:00:12 - binding parameter [6] as [BIGINT] - [9]
2025-08-03 20:00:12 - binding parameter [7] as [TIMESTAMP] - [2025-08-03T20:00:12.268197]
2025-08-03 20:00:12 - binding parameter [8] as [VARCHAR] - [COMPLETED]
2025-08-03 20:00:12 - binding parameter [9] as [BIGINT] - [10]
2025-08-03 20:00:12 - binding parameter [10] as [VARCHAR] - [TXN-A75A79AB1B8D4B3A]
2025-08-03 20:00:12 - binding parameter [11] as [TIMESTAMP] - [2025-08-03T20:00:12.281240]
2025-08-03 20:00:12 - binding parameter [12] as [BIGINT] - [1]
2025-08-03 20:00:12 - binding parameter [13] as [BIGINT] - [25]
2025-08-03 20:00:12 - binding parameter [14] as [BIGINT] - [0]
2025-08-03 20:00:12 - binding parameter [1] as [VARCHAR] - [TEST002345678901]
2025-08-03 20:00:12 - Processing transfer request: TransferRequest{fromAccountNumber='TEST001234567890', toAccountNumber='TEST002345678901', amount=10.00, currency=USD, description='Concurrent transfer test'}
2025-08-03 20:00:12 - binding parameter [1] as [VARCHAR] - [TEST001234567890]
2025-08-03 20:00:12 - binding parameter [1] as [NUMERIC] - [10.00]
2025-08-03 20:00:12 - binding parameter [2] as [TIMESTAMP] - [null]
2025-08-03 20:00:12 - binding parameter [3] as [TIMESTAMP] - [2025-08-03T20:00:12.292077]
2025-08-03 20:00:12 - binding parameter [4] as [VARCHAR] - [USD]
2025-08-03 20:00:12 - binding parameter [5] as [VARCHAR] - [Concurrent transfer test]
2025-08-03 20:00:12 - binding parameter [6] as [VARCHAR] - [null]
2025-08-03 20:00:12 - binding parameter [7] as [BIGINT] - [9]
2025-08-03 20:00:12 - binding parameter [8] as [TIMESTAMP] - [null]
2025-08-03 20:00:12 - binding parameter [9] as [VARCHAR] - [PENDING]
2025-08-03 20:00:12 - binding parameter [10] as [BIGINT] - [10]
2025-08-03 20:00:12 - binding parameter [11] as [VARCHAR] - [TXN-3DDBE1159BB748CA]
2025-08-03 20:00:12 - binding parameter [12] as [TIMESTAMP] - [2025-08-03T20:00:12.292089]
2025-08-03 20:00:12 - binding parameter [13] as [BIGINT] - [0]
2025-08-03 20:00:12 - Transfer completed successfully: TXN-3DDBE1159BB748CA
2025-08-03 20:00:12 - binding parameter [1] as [VARCHAR] - [Test User 1]
2025-08-03 20:00:12 - binding parameter [2] as [VARCHAR] - [TEST001234567890]
2025-08-03 20:00:12 - binding parameter [3] as [NUMERIC] - [740.00]
2025-08-03 20:00:12 - binding parameter [4] as [VARCHAR] - [USD]
2025-08-03 20:00:12 - binding parameter [5] as [VARCHAR] - [ACTIVE]
2025-08-03 20:00:12 - binding parameter [6] as [TIMESTAMP] - [2025-08-03T20:00:12.294337]
2025-08-03 20:00:12 - binding parameter [7] as [VARCHAR] - [user1]
2025-08-03 20:00:12 - binding parameter [8] as [BIGINT] - [26]
2025-08-03 20:00:12 - binding parameter [9] as [BIGINT] - [9]
2025-08-03 20:00:12 - binding parameter [10] as [BIGINT] - [25]
2025-08-03 20:00:12 - binding parameter [1] as [VARCHAR] - [Test User 2]
2025-08-03 20:00:12 - binding parameter [2] as [VARCHAR] - [TEST002345678901]
2025-08-03 20:00:12 - binding parameter [3] as [NUMERIC] - [760.00]
2025-08-03 20:00:12 - binding parameter [4] as [VARCHAR] - [USD]
2025-08-03 20:00:12 - binding parameter [5] as [VARCHAR] - [ACTIVE]
2025-08-03 20:00:12 - binding parameter [6] as [TIMESTAMP] - [2025-08-03T20:00:12.294998]
2025-08-03 20:00:12 - binding parameter [7] as [VARCHAR] - [user2]
2025-08-03 20:00:12 - binding parameter [8] as [BIGINT] - [26]
2025-08-03 20:00:12 - binding parameter [9] as [BIGINT] - [10]
2025-08-03 20:00:12 - binding parameter [10] as [BIGINT] - [25]
2025-08-03 20:00:12 - binding parameter [1] as [NUMERIC] - [10.00]
2025-08-03 20:00:12 - binding parameter [2] as [TIMESTAMP] - [2025-08-03T20:00:12.293396]
2025-08-03 20:00:12 - binding parameter [3] as [VARCHAR] - [USD]
2025-08-03 20:00:12 - binding parameter [4] as [VARCHAR] - [Concurrent transfer test]
2025-08-03 20:00:12 - binding parameter [5] as [VARCHAR] - [null]
2025-08-03 20:00:12 - binding parameter [6] as [BIGINT] - [9]
2025-08-03 20:00:12 - binding parameter [7] as [TIMESTAMP] - [2025-08-03T20:00:12.293130]
2025-08-03 20:00:12 - binding parameter [8] as [VARCHAR] - [COMPLETED]
2025-08-03 20:00:12 - binding parameter [9] as [BIGINT] - [10]
2025-08-03 20:00:12 - binding parameter [10] as [VARCHAR] - [TXN-3DDBE1159BB748CA]
2025-08-03 20:00:12 - binding parameter [11] as [TIMESTAMP] - [2025-08-03T20:00:12.295320]
2025-08-03 20:00:12 - binding parameter [12] as [BIGINT] - [1]
2025-08-03 20:00:12 - binding parameter [13] as [BIGINT] - [26]
2025-08-03 20:00:12 - binding parameter [14] as [BIGINT] - [0]
2025-08-03 20:00:12 - Processing transfer request: TransferRequest{fromAccountNumber='TEST001234567890', toAccountNumber='TEST002345678901', amount=10.00, currency=USD, description='Concurrent transfer test'}
2025-08-03 20:00:12 - binding parameter [1] as [VARCHAR] - [TEST001234567890]
2025-08-03 20:00:12 - binding parameter [1] as [VARCHAR] - [TEST002345678901]
2025-08-03 20:00:12 - binding parameter [1] as [NUMERIC] - [10.00]
2025-08-03 20:00:12 - binding parameter [2] as [TIMESTAMP] - [null]
2025-08-03 20:00:12 - binding parameter [3] as [TIMESTAMP] - [2025-08-03T20:00:12.297463]
2025-08-03 20:00:12 - binding parameter [4] as [VARCHAR] - [USD]
2025-08-03 20:00:12 - binding parameter [5] as [VARCHAR] - [Concurrent transfer test]
2025-08-03 20:00:12 - binding parameter [6] as [VARCHAR] - [null]
2025-08-03 20:00:12 - binding parameter [7] as [BIGINT] - [9]
2025-08-03 20:00:12 - binding parameter [8] as [TIMESTAMP] - [null]
2025-08-03 20:00:12 - binding parameter [9] as [VARCHAR] - [PENDING]
2025-08-03 20:00:12 - binding parameter [10] as [BIGINT] - [10]
2025-08-03 20:00:12 - binding parameter [11] as [VARCHAR] - [TXN-D612E97B6B0948A3]
2025-08-03 20:00:12 - binding parameter [12] as [TIMESTAMP] - [2025-08-03T20:00:12.297471]
2025-08-03 20:00:12 - binding parameter [13] as [BIGINT] - [0]
2025-08-03 20:00:12 - Transfer completed successfully: TXN-D612E97B6B0948A3
2025-08-03 20:00:12 - binding parameter [1] as [VARCHAR] - [Test User 1]
2025-08-03 20:00:12 - binding parameter [2] as [VARCHAR] - [TEST001234567890]
2025-08-03 20:00:12 - binding parameter [3] as [NUMERIC] - [730.00]
2025-08-03 20:00:12 - binding parameter [4] as [VARCHAR] - [USD]
2025-08-03 20:00:12 - binding parameter [5] as [VARCHAR] - [ACTIVE]
2025-08-03 20:00:12 - binding parameter [6] as [TIMESTAMP] - [2025-08-03T20:00:12.301038]
2025-08-03 20:00:12 - binding parameter [7] as [VARCHAR] - [user1]
2025-08-03 20:00:12 - binding parameter [8] as [BIGINT] - [27]
2025-08-03 20:00:12 - binding parameter [9] as [BIGINT] - [9]
2025-08-03 20:00:12 - binding parameter [10] as [BIGINT] - [26]
2025-08-03 20:00:12 - binding parameter [1] as [VARCHAR] - [Test User 2]
2025-08-03 20:00:12 - binding parameter [2] as [VARCHAR] - [TEST002345678901]
2025-08-03 20:00:12 - binding parameter [3] as [NUMERIC] - [770.00]
2025-08-03 20:00:12 - binding parameter [4] as [VARCHAR] - [USD]
2025-08-03 20:00:12 - binding parameter [5] as [VARCHAR] - [ACTIVE]
2025-08-03 20:00:12 - binding parameter [6] as [TIMESTAMP] - [2025-08-03T20:00:12.305816]
2025-08-03 20:00:12 - binding parameter [7] as [VARCHAR] - [user2]
2025-08-03 20:00:12 - binding parameter [8] as [BIGINT] - [27]
2025-08-03 20:00:12 - binding parameter [9] as [BIGINT] - [10]
2025-08-03 20:00:12 - binding parameter [10] as [BIGINT] - [26]
2025-08-03 20:00:12 - binding parameter [1] as [NUMERIC] - [10.00]
2025-08-03 20:00:12 - binding parameter [2] as [TIMESTAMP] - [2025-08-03T20:00:12.300315]
2025-08-03 20:00:12 - binding parameter [3] as [VARCHAR] - [USD]
2025-08-03 20:00:12 - binding parameter [4] as [VARCHAR] - [Concurrent transfer test]
2025-08-03 20:00:12 - binding parameter [5] as [VARCHAR] - [null]
2025-08-03 20:00:12 - binding parameter [6] as [BIGINT] - [9]
2025-08-03 20:00:12 - binding parameter [7] as [TIMESTAMP] - [2025-08-03T20:00:12.299007]
2025-08-03 20:00:12 - binding parameter [8] as [VARCHAR] - [COMPLETED]
2025-08-03 20:00:12 - binding parameter [9] as [BIGINT] - [10]
2025-08-03 20:00:12 - binding parameter [10] as [VARCHAR] - [TXN-D612E97B6B0948A3]
2025-08-03 20:00:12 - binding parameter [11] as [TIMESTAMP] - [2025-08-03T20:00:12.317905]
2025-08-03 20:00:12 - binding parameter [12] as [BIGINT] - [1]
2025-08-03 20:00:12 - binding parameter [13] as [BIGINT] - [27]
2025-08-03 20:00:12 - binding parameter [14] as [BIGINT] - [0]
2025-08-03 20:00:12 - Processing transfer request: TransferRequest{fromAccountNumber='TEST001234567890', toAccountNumber='TEST002345678901', amount=10.00, currency=USD, description='Concurrent transfer test'}
2025-08-03 20:00:12 - binding parameter [1] as [VARCHAR] - [TEST001234567890]
2025-08-03 20:00:12 - binding parameter [1] as [VARCHAR] - [TEST002345678901]
2025-08-03 20:00:12 - binding parameter [1] as [NUMERIC] - [10.00]
2025-08-03 20:00:12 - binding parameter [2] as [TIMESTAMP] - [null]
2025-08-03 20:00:12 - binding parameter [3] as [TIMESTAMP] - [2025-08-03T20:00:12.343754]
2025-08-03 20:00:12 - binding parameter [4] as [VARCHAR] - [USD]
2025-08-03 20:00:12 - binding parameter [5] as [VARCHAR] - [Concurrent transfer test]
2025-08-03 20:00:12 - binding parameter [6] as [VARCHAR] - [null]
2025-08-03 20:00:12 - binding parameter [7] as [BIGINT] - [9]
2025-08-03 20:00:12 - binding parameter [8] as [TIMESTAMP] - [null]
2025-08-03 20:00:12 - binding parameter [9] as [VARCHAR] - [PENDING]
2025-08-03 20:00:12 - binding parameter [10] as [BIGINT] - [10]
2025-08-03 20:00:12 - binding parameter [11] as [VARCHAR] - [TXN-D559C4BBACD140B1]
2025-08-03 20:00:12 - binding parameter [12] as [TIMESTAMP] - [2025-08-03T20:00:12.343770]
2025-08-03 20:00:12 - binding parameter [13] as [BIGINT] - [0]
2025-08-03 20:00:12 - Transfer completed successfully: TXN-D559C4BBACD140B1
2025-08-03 20:00:12 - binding parameter [1] as [VARCHAR] - [Test User 1]
2025-08-03 20:00:12 - binding parameter [2] as [VARCHAR] - [TEST001234567890]
2025-08-03 20:00:12 - binding parameter [3] as [NUMERIC] - [720.00]
2025-08-03 20:00:12 - binding parameter [4] as [VARCHAR] - [USD]
2025-08-03 20:00:12 - binding parameter [5] as [VARCHAR] - [ACTIVE]
2025-08-03 20:00:12 - binding parameter [6] as [TIMESTAMP] - [2025-08-03T20:00:12.350257]
2025-08-03 20:00:12 - binding parameter [7] as [VARCHAR] - [user1]
2025-08-03 20:00:12 - binding parameter [8] as [BIGINT] - [28]
2025-08-03 20:00:12 - binding parameter [9] as [BIGINT] - [9]
2025-08-03 20:00:12 - binding parameter [10] as [BIGINT] - [27]
2025-08-03 20:00:12 - binding parameter [1] as [VARCHAR] - [Test User 2]
2025-08-03 20:00:12 - binding parameter [2] as [VARCHAR] - [TEST002345678901]
2025-08-03 20:00:12 - binding parameter [3] as [NUMERIC] - [780.00]
2025-08-03 20:00:12 - binding parameter [4] as [VARCHAR] - [USD]
2025-08-03 20:00:12 - binding parameter [5] as [VARCHAR] - [ACTIVE]
2025-08-03 20:00:12 - binding parameter [6] as [TIMESTAMP] - [2025-08-03T20:00:12.350852]
2025-08-03 20:00:12 - binding parameter [7] as [VARCHAR] - [user2]
2025-08-03 20:00:12 - binding parameter [8] as [BIGINT] - [28]
2025-08-03 20:00:12 - binding parameter [9] as [BIGINT] - [10]
2025-08-03 20:00:12 - binding parameter [10] as [BIGINT] - [27]
2025-08-03 20:00:12 - binding parameter [1] as [NUMERIC] - [10.00]
2025-08-03 20:00:12 - binding parameter [2] as [TIMESTAMP] - [2025-08-03T20:00:12.348010]
2025-08-03 20:00:12 - binding parameter [3] as [VARCHAR] - [USD]
2025-08-03 20:00:12 - binding parameter [4] as [VARCHAR] - [Concurrent transfer test]
2025-08-03 20:00:12 - binding parameter [5] as [VARCHAR] - [null]
2025-08-03 20:00:12 - binding parameter [6] as [BIGINT] - [9]
2025-08-03 20:00:12 - binding parameter [7] as [TIMESTAMP] - [2025-08-03T20:00:12.346521]
2025-08-03 20:00:12 - binding parameter [8] as [VARCHAR] - [COMPLETED]
2025-08-03 20:00:12 - binding parameter [9] as [BIGINT] - [10]
2025-08-03 20:00:12 - binding parameter [10] as [VARCHAR] - [TXN-D559C4BBACD140B1]
2025-08-03 20:00:12 - binding parameter [11] as [TIMESTAMP] - [2025-08-03T20:00:12.351103]
2025-08-03 20:00:12 - binding parameter [12] as [BIGINT] - [1]
2025-08-03 20:00:12 - binding parameter [13] as [BIGINT] - [28]
2025-08-03 20:00:12 - binding parameter [14] as [BIGINT] - [0]
2025-08-03 20:00:12 - binding parameter [1] as [VARCHAR] - [TEST002345678901]
2025-08-03 20:00:12 - binding parameter [1] as [NUMERIC] - [10.00]
2025-08-03 20:00:12 - binding parameter [2] as [TIMESTAMP] - [null]
2025-08-03 20:00:12 - binding parameter [3] as [TIMESTAMP] - [2025-08-03T20:00:12.353868]
2025-08-03 20:00:12 - binding parameter [4] as [VARCHAR] - [USD]
2025-08-03 20:00:12 - binding parameter [5] as [VARCHAR] - [Concurrent transfer test]
2025-08-03 20:00:12 - binding parameter [6] as [VARCHAR] - [null]
2025-08-03 20:00:12 - binding parameter [7] as [BIGINT] - [9]
2025-08-03 20:00:12 - binding parameter [8] as [TIMESTAMP] - [null]
2025-08-03 20:00:12 - binding parameter [9] as [VARCHAR] - [PENDING]
2025-08-03 20:00:12 - binding parameter [10] as [BIGINT] - [10]
2025-08-03 20:00:12 - binding parameter [11] as [VARCHAR] - [TXN-604A6A682CFE4FF8]
2025-08-03 20:00:12 - binding parameter [12] as [TIMESTAMP] - [2025-08-03T20:00:12.353877]
2025-08-03 20:00:12 - binding parameter [13] as [BIGINT] - [0]
2025-08-03 20:00:12 - Transfer completed successfully: TXN-604A6A682CFE4FF8
2025-08-03 20:00:12 - binding parameter [1] as [VARCHAR] - [Test User 1]
2025-08-03 20:00:12 - binding parameter [2] as [VARCHAR] - [TEST001234567890]
2025-08-03 20:00:12 - binding parameter [3] as [NUMERIC] - [710.00]
2025-08-03 20:00:12 - binding parameter [4] as [VARCHAR] - [USD]
2025-08-03 20:00:12 - binding parameter [5] as [VARCHAR] - [ACTIVE]
2025-08-03 20:00:12 - binding parameter [6] as [TIMESTAMP] - [2025-08-03T20:00:12.356335]
2025-08-03 20:00:12 - binding parameter [7] as [VARCHAR] - [user1]
2025-08-03 20:00:12 - binding parameter [8] as [BIGINT] - [29]
2025-08-03 20:00:12 - binding parameter [9] as [BIGINT] - [9]
2025-08-03 20:00:12 - binding parameter [10] as [BIGINT] - [28]
2025-08-03 20:00:12 - binding parameter [1] as [VARCHAR] - [Test User 2]
2025-08-03 20:00:12 - binding parameter [2] as [VARCHAR] - [TEST002345678901]
2025-08-03 20:00:12 - binding parameter [3] as [NUMERIC] - [790.00]
2025-08-03 20:00:12 - binding parameter [4] as [VARCHAR] - [USD]
2025-08-03 20:00:12 - binding parameter [5] as [VARCHAR] - [ACTIVE]
2025-08-03 20:00:12 - binding parameter [6] as [TIMESTAMP] - [2025-08-03T20:00:12.356782]
2025-08-03 20:00:12 - binding parameter [7] as [VARCHAR] - [user2]
2025-08-03 20:00:12 - binding parameter [8] as [BIGINT] - [29]
2025-08-03 20:00:12 - binding parameter [9] as [BIGINT] - [10]
2025-08-03 20:00:12 - binding parameter [10] as [BIGINT] - [28]
2025-08-03 20:00:12 - binding parameter [1] as [NUMERIC] - [10.00]
2025-08-03 20:00:12 - binding parameter [2] as [TIMESTAMP] - [2025-08-03T20:00:12.355908]
2025-08-03 20:00:12 - binding parameter [3] as [VARCHAR] - [USD]
2025-08-03 20:00:12 - binding parameter [4] as [VARCHAR] - [Concurrent transfer test]
2025-08-03 20:00:12 - binding parameter [5] as [VARCHAR] - [null]
2025-08-03 20:00:12 - binding parameter [6] as [BIGINT] - [9]
2025-08-03 20:00:12 - binding parameter [7] as [TIMESTAMP] - [2025-08-03T20:00:12.355107]
2025-08-03 20:00:12 - binding parameter [8] as [VARCHAR] - [COMPLETED]
2025-08-03 20:00:12 - binding parameter [9] as [BIGINT] - [10]
2025-08-03 20:00:12 - binding parameter [10] as [VARCHAR] - [TXN-604A6A682CFE4FF8]
2025-08-03 20:00:12 - binding parameter [11] as [TIMESTAMP] - [2025-08-03T20:00:12.357026]
2025-08-03 20:00:12 - binding parameter [12] as [BIGINT] - [1]
2025-08-03 20:00:12 - binding parameter [13] as [BIGINT] - [29]
2025-08-03 20:00:12 - binding parameter [14] as [BIGINT] - [0]
2025-08-03 20:00:12 - Processing transfer request: TransferRequest{fromAccountNumber='TEST001234567890', toAccountNumber='TEST002345678901', amount=10.00, currency=USD, description='Concurrent transfer test'}
2025-08-03 20:00:12 - binding parameter [1] as [VARCHAR] - [TEST001234567890]
2025-08-03 20:00:12 - binding parameter [1] as [VARCHAR] - [TEST002345678901]
2025-08-03 20:00:12 - binding parameter [1] as [NUMERIC] - [10.00]
2025-08-03 20:00:12 - binding parameter [2] as [TIMESTAMP] - [null]
2025-08-03 20:00:12 - binding parameter [3] as [TIMESTAMP] - [2025-08-03T20:00:12.360068]
2025-08-03 20:00:12 - binding parameter [4] as [VARCHAR] - [USD]
2025-08-03 20:00:12 - binding parameter [5] as [VARCHAR] - [Concurrent transfer test]
2025-08-03 20:00:12 - binding parameter [6] as [VARCHAR] - [null]
2025-08-03 20:00:12 - binding parameter [7] as [BIGINT] - [9]
2025-08-03 20:00:12 - binding parameter [8] as [TIMESTAMP] - [null]
2025-08-03 20:00:12 - binding parameter [9] as [VARCHAR] - [PENDING]
2025-08-03 20:00:12 - binding parameter [10] as [BIGINT] - [10]
2025-08-03 20:00:12 - binding parameter [11] as [VARCHAR] - [TXN-B13A2F7BF50E49BF]
2025-08-03 20:00:12 - binding parameter [12] as [TIMESTAMP] - [2025-08-03T20:00:12.360078]
2025-08-03 20:00:12 - binding parameter [13] as [BIGINT] - [0]
2025-08-03 20:00:12 - Transfer completed successfully: TXN-B13A2F7BF50E49BF
2025-08-03 20:00:12 - binding parameter [1] as [VARCHAR] - [Test User 1]
2025-08-03 20:00:12 - binding parameter [2] as [VARCHAR] - [TEST001234567890]
2025-08-03 20:00:12 - binding parameter [3] as [NUMERIC] - [700.00]
2025-08-03 20:00:12 - binding parameter [4] as [VARCHAR] - [USD]
2025-08-03 20:00:12 - binding parameter [5] as [VARCHAR] - [ACTIVE]
2025-08-03 20:00:12 - binding parameter [6] as [TIMESTAMP] - [2025-08-03T20:00:12.362023]
2025-08-03 20:00:12 - binding parameter [7] as [VARCHAR] - [user1]
2025-08-03 20:00:12 - binding parameter [8] as [BIGINT] - [30]
2025-08-03 20:00:12 - binding parameter [9] as [BIGINT] - [9]
2025-08-03 20:00:12 - binding parameter [10] as [BIGINT] - [29]
2025-08-03 20:00:12 - binding parameter [1] as [VARCHAR] - [Test User 2]
2025-08-03 20:00:12 - binding parameter [2] as [VARCHAR] - [TEST002345678901]
2025-08-03 20:00:12 - binding parameter [3] as [NUMERIC] - [800.00]
2025-08-03 20:00:12 - binding parameter [4] as [VARCHAR] - [USD]
2025-08-03 20:00:12 - binding parameter [5] as [VARCHAR] - [ACTIVE]
2025-08-03 20:00:12 - binding parameter [6] as [TIMESTAMP] - [2025-08-03T20:00:12.362537]
2025-08-03 20:00:12 - binding parameter [7] as [VARCHAR] - [user2]
2025-08-03 20:00:12 - binding parameter [8] as [BIGINT] - [30]
2025-08-03 20:00:12 - binding parameter [9] as [BIGINT] - [10]
2025-08-03 20:00:12 - binding parameter [10] as [BIGINT] - [29]
2025-08-03 20:00:12 - binding parameter [1] as [NUMERIC] - [10.00]
2025-08-03 20:00:12 - binding parameter [2] as [TIMESTAMP] - [2025-08-03T20:00:12.361151]
2025-08-03 20:00:12 - binding parameter [3] as [VARCHAR] - [USD]
2025-08-03 20:00:12 - binding parameter [4] as [VARCHAR] - [Concurrent transfer test]
2025-08-03 20:00:12 - binding parameter [5] as [VARCHAR] - [null]
2025-08-03 20:00:12 - binding parameter [6] as [BIGINT] - [9]
2025-08-03 20:00:12 - binding parameter [7] as [TIMESTAMP] - [2025-08-03T20:00:12.360884]
2025-08-03 20:00:12 - binding parameter [8] as [VARCHAR] - [COMPLETED]
2025-08-03 20:00:12 - binding parameter [9] as [BIGINT] - [10]
2025-08-03 20:00:12 - binding parameter [10] as [VARCHAR] - [TXN-B13A2F7BF50E49BF]
2025-08-03 20:00:12 - binding parameter [11] as [TIMESTAMP] - [2025-08-03T20:00:12.362831]
2025-08-03 20:00:12 - binding parameter [12] as [BIGINT] - [1]
2025-08-03 20:00:12 - binding parameter [13] as [BIGINT] - [30]
2025-08-03 20:00:12 - binding parameter [14] as [BIGINT] - [0]
2025-08-03 20:00:12 - Processing transfer request: TransferRequest{fromAccountNumber='TEST001234567890', toAccountNumber='TEST002345678901', amount=10.00, currency=USD, description='Concurrent transfer test'}
2025-08-03 20:00:12 - binding parameter [1] as [VARCHAR] - [TEST001234567890]
2025-08-03 20:00:12 - binding parameter [1] as [VARCHAR] - [TEST002345678901]
2025-08-03 20:00:12 - binding parameter [1] as [NUMERIC] - [10.00]
2025-08-03 20:00:12 - binding parameter [2] as [TIMESTAMP] - [null]
2025-08-03 20:00:12 - binding parameter [3] as [TIMESTAMP] - [2025-08-03T20:00:12.364760]
2025-08-03 20:00:12 - binding parameter [4] as [VARCHAR] - [USD]
2025-08-03 20:00:12 - binding parameter [5] as [VARCHAR] - [Concurrent transfer test]
2025-08-03 20:00:12 - binding parameter [6] as [VARCHAR] - [null]
2025-08-03 20:00:12 - binding parameter [7] as [BIGINT] - [9]
2025-08-03 20:00:12 - binding parameter [8] as [TIMESTAMP] - [null]
2025-08-03 20:00:12 - binding parameter [9] as [VARCHAR] - [PENDING]
2025-08-03 20:00:12 - binding parameter [10] as [BIGINT] - [10]
2025-08-03 20:00:12 - binding parameter [11] as [VARCHAR] - [TXN-7EF444A8FA4C4A84]
2025-08-03 20:00:12 - binding parameter [12] as [TIMESTAMP] - [2025-08-03T20:00:12.364767]
2025-08-03 20:00:12 - binding parameter [13] as [BIGINT] - [0]
2025-08-03 20:00:12 - Transfer completed successfully: TXN-7EF444A8FA4C4A84
2025-08-03 20:00:12 - binding parameter [1] as [VARCHAR] - [Test User 1]
2025-08-03 20:00:12 - binding parameter [2] as [VARCHAR] - [TEST001234567890]
2025-08-03 20:00:12 - binding parameter [3] as [NUMERIC] - [690.00]
2025-08-03 20:00:12 - binding parameter [4] as [VARCHAR] - [USD]
2025-08-03 20:00:12 - binding parameter [5] as [VARCHAR] - [ACTIVE]
2025-08-03 20:00:12 - binding parameter [6] as [TIMESTAMP] - [2025-08-03T20:00:12.368339]
2025-08-03 20:00:12 - binding parameter [7] as [VARCHAR] - [user1]
2025-08-03 20:00:12 - binding parameter [8] as [BIGINT] - [31]
2025-08-03 20:00:12 - binding parameter [9] as [BIGINT] - [9]
2025-08-03 20:00:12 - binding parameter [10] as [BIGINT] - [30]
2025-08-03 20:00:12 - binding parameter [1] as [VARCHAR] - [Test User 2]
2025-08-03 20:00:12 - binding parameter [2] as [VARCHAR] - [TEST002345678901]
2025-08-03 20:00:12 - binding parameter [3] as [NUMERIC] - [810.00]
2025-08-03 20:00:12 - binding parameter [4] as [VARCHAR] - [USD]
2025-08-03 20:00:12 - binding parameter [5] as [VARCHAR] - [ACTIVE]
2025-08-03 20:00:12 - binding parameter [6] as [TIMESTAMP] - [2025-08-03T20:00:12.368969]
2025-08-03 20:00:12 - binding parameter [7] as [VARCHAR] - [user2]
2025-08-03 20:00:12 - binding parameter [8] as [BIGINT] - [31]
2025-08-03 20:00:12 - binding parameter [9] as [BIGINT] - [10]
2025-08-03 20:00:12 - binding parameter [10] as [BIGINT] - [30]
2025-08-03 20:00:12 - binding parameter [1] as [NUMERIC] - [10.00]
2025-08-03 20:00:12 - binding parameter [2] as [TIMESTAMP] - [2025-08-03T20:00:12.367689]
2025-08-03 20:00:12 - binding parameter [3] as [VARCHAR] - [USD]
2025-08-03 20:00:12 - binding parameter [4] as [VARCHAR] - [Concurrent transfer test]
2025-08-03 20:00:12 - binding parameter [5] as [VARCHAR] - [null]
2025-08-03 20:00:12 - binding parameter [6] as [BIGINT] - [9]
2025-08-03 20:00:12 - binding parameter [7] as [TIMESTAMP] - [2025-08-03T20:00:12.367147]
2025-08-03 20:00:12 - binding parameter [8] as [VARCHAR] - [COMPLETED]
2025-08-03 20:00:12 - binding parameter [9] as [BIGINT] - [10]
2025-08-03 20:00:12 - binding parameter [10] as [VARCHAR] - [TXN-7EF444A8FA4C4A84]
2025-08-03 20:00:12 - binding parameter [11] as [TIMESTAMP] - [2025-08-03T20:00:12.369333]
2025-08-03 20:00:12 - binding parameter [12] as [BIGINT] - [1]
2025-08-03 20:00:12 - binding parameter [13] as [BIGINT] - [31]
2025-08-03 20:00:12 - binding parameter [14] as [BIGINT] - [0]
2025-08-03 20:00:12 - Processing transfer request: TransferRequest{fromAccountNumber='TEST001234567890', toAccountNumber='TEST002345678901', amount=10.00, currency=USD, description='Concurrent transfer test'}
2025-08-03 20:00:12 - binding parameter [1] as [VARCHAR] - [TEST001234567890]
2025-08-03 20:00:12 - binding parameter [1] as [VARCHAR] - [TEST002345678901]
2025-08-03 20:00:12 - binding parameter [1] as [NUMERIC] - [10.00]
2025-08-03 20:00:12 - binding parameter [2] as [TIMESTAMP] - [null]
2025-08-03 20:00:12 - binding parameter [3] as [TIMESTAMP] - [2025-08-03T20:00:12.371949]
2025-08-03 20:00:12 - binding parameter [4] as [VARCHAR] - [USD]
2025-08-03 20:00:12 - binding parameter [5] as [VARCHAR] - [Concurrent transfer test]
2025-08-03 20:00:12 - binding parameter [6] as [VARCHAR] - [null]
2025-08-03 20:00:12 - binding parameter [7] as [BIGINT] - [9]
2025-08-03 20:00:12 - binding parameter [8] as [TIMESTAMP] - [null]
2025-08-03 20:00:12 - binding parameter [9] as [VARCHAR] - [PENDING]
2025-08-03 20:00:12 - binding parameter [10] as [BIGINT] - [10]
2025-08-03 20:00:12 - binding parameter [11] as [VARCHAR] - [TXN-9A3E8BFED648491C]
2025-08-03 20:00:12 - binding parameter [12] as [TIMESTAMP] - [2025-08-03T20:00:12.371961]
2025-08-03 20:00:12 - binding parameter [13] as [BIGINT] - [0]
2025-08-03 20:00:12 - Transfer completed successfully: TXN-9A3E8BFED648491C
2025-08-03 20:00:12 - binding parameter [1] as [VARCHAR] - [Test User 1]
2025-08-03 20:00:12 - binding parameter [2] as [VARCHAR] - [TEST001234567890]
2025-08-03 20:00:12 - binding parameter [3] as [NUMERIC] - [680.00]
2025-08-03 20:00:12 - binding parameter [4] as [VARCHAR] - [USD]
2025-08-03 20:00:12 - binding parameter [5] as [VARCHAR] - [ACTIVE]
2025-08-03 20:00:12 - binding parameter [6] as [TIMESTAMP] - [2025-08-03T20:00:12.373229]
2025-08-03 20:00:12 - binding parameter [7] as [VARCHAR] - [user1]
2025-08-03 20:00:12 - binding parameter [8] as [BIGINT] - [32]
2025-08-03 20:00:12 - binding parameter [9] as [BIGINT] - [9]
2025-08-03 20:00:12 - binding parameter [10] as [BIGINT] - [31]
2025-08-03 20:00:12 - binding parameter [1] as [VARCHAR] - [Test User 2]
2025-08-03 20:00:12 - binding parameter [2] as [VARCHAR] - [TEST002345678901]
2025-08-03 20:00:12 - binding parameter [3] as [NUMERIC] - [820.00]
2025-08-03 20:00:12 - binding parameter [4] as [VARCHAR] - [USD]
2025-08-03 20:00:12 - binding parameter [5] as [VARCHAR] - [ACTIVE]
2025-08-03 20:00:12 - binding parameter [6] as [TIMESTAMP] - [2025-08-03T20:00:12.373542]
2025-08-03 20:00:12 - binding parameter [7] as [VARCHAR] - [user2]
2025-08-03 20:00:12 - binding parameter [8] as [BIGINT] - [32]
2025-08-03 20:00:12 - binding parameter [9] as [BIGINT] - [10]
2025-08-03 20:00:12 - binding parameter [10] as [BIGINT] - [31]
2025-08-03 20:00:12 - binding parameter [1] as [NUMERIC] - [10.00]
2025-08-03 20:00:12 - binding parameter [2] as [TIMESTAMP] - [2025-08-03T20:00:12.372951]
2025-08-03 20:00:12 - binding parameter [3] as [VARCHAR] - [USD]
2025-08-03 20:00:12 - binding parameter [4] as [VARCHAR] - [Concurrent transfer test]
2025-08-03 20:00:12 - binding parameter [5] as [VARCHAR] - [null]
2025-08-03 20:00:12 - binding parameter [6] as [BIGINT] - [9]
2025-08-03 20:00:12 - binding parameter [7] as [TIMESTAMP] - [2025-08-03T20:00:12.372749]
2025-08-03 20:00:12 - binding parameter [8] as [VARCHAR] - [COMPLETED]
2025-08-03 20:00:12 - binding parameter [9] as [BIGINT] - [10]
2025-08-03 20:00:12 - binding parameter [10] as [VARCHAR] - [TXN-9A3E8BFED648491C]
2025-08-03 20:00:12 - binding parameter [11] as [TIMESTAMP] - [2025-08-03T20:00:12.374129]
2025-08-03 20:00:12 - binding parameter [12] as [BIGINT] - [1]
2025-08-03 20:00:12 - binding parameter [13] as [BIGINT] - [32]
2025-08-03 20:00:12 - binding parameter [14] as [BIGINT] - [0]
2025-08-03 20:00:12 - Processing transfer request: TransferRequest{fromAccountNumber='TEST001234567890', toAccountNumber='TEST002345678901', amount=10.00, currency=USD, description='Concurrent transfer test'}
2025-08-03 20:00:12 - binding parameter [1] as [VARCHAR] - [TEST001234567890]
2025-08-03 20:00:12 - binding parameter [1] as [VARCHAR] - [TEST002345678901]
2025-08-03 20:00:12 - binding parameter [1] as [NUMERIC] - [10.00]
2025-08-03 20:00:12 - binding parameter [2] as [TIMESTAMP] - [null]
2025-08-03 20:00:12 - binding parameter [3] as [TIMESTAMP] - [2025-08-03T20:00:12.376156]
2025-08-03 20:00:12 - binding parameter [4] as [VARCHAR] - [USD]
2025-08-03 20:00:12 - binding parameter [5] as [VARCHAR] - [Concurrent transfer test]
2025-08-03 20:00:12 - binding parameter [6] as [VARCHAR] - [null]
2025-08-03 20:00:12 - binding parameter [7] as [BIGINT] - [9]
2025-08-03 20:00:12 - binding parameter [8] as [TIMESTAMP] - [null]
2025-08-03 20:00:12 - binding parameter [9] as [VARCHAR] - [PENDING]
2025-08-03 20:00:12 - binding parameter [10] as [BIGINT] - [10]
2025-08-03 20:00:12 - binding parameter [11] as [VARCHAR] - [TXN-EEF2B8A6605D44AD]
2025-08-03 20:00:12 - binding parameter [12] as [TIMESTAMP] - [2025-08-03T20:00:12.376164]
2025-08-03 20:00:12 - binding parameter [13] as [BIGINT] - [0]
2025-08-03 20:00:12 - Transfer completed successfully: TXN-EEF2B8A6605D44AD
2025-08-03 20:00:12 - binding parameter [1] as [VARCHAR] - [Test User 1]
2025-08-03 20:00:12 - binding parameter [2] as [VARCHAR] - [TEST001234567890]
2025-08-03 20:00:12 - binding parameter [3] as [NUMERIC] - [670.00]
2025-08-03 20:00:12 - binding parameter [4] as [VARCHAR] - [USD]
2025-08-03 20:00:12 - binding parameter [5] as [VARCHAR] - [ACTIVE]
2025-08-03 20:00:12 - binding parameter [6] as [TIMESTAMP] - [2025-08-03T20:00:12.378045]
2025-08-03 20:00:12 - binding parameter [7] as [VARCHAR] - [user1]
2025-08-03 20:00:12 - binding parameter [8] as [BIGINT] - [33]
2025-08-03 20:00:12 - binding parameter [9] as [BIGINT] - [9]
2025-08-03 20:00:12 - binding parameter [10] as [BIGINT] - [32]
2025-08-03 20:00:12 - binding parameter [1] as [VARCHAR] - [Test User 2]
2025-08-03 20:00:12 - binding parameter [2] as [VARCHAR] - [TEST002345678901]
2025-08-03 20:00:12 - binding parameter [3] as [NUMERIC] - [830.00]
2025-08-03 20:00:12 - binding parameter [4] as [VARCHAR] - [USD]
2025-08-03 20:00:12 - binding parameter [5] as [VARCHAR] - [ACTIVE]
2025-08-03 20:00:12 - binding parameter [6] as [TIMESTAMP] - [2025-08-03T20:00:12.378442]
2025-08-03 20:00:12 - binding parameter [7] as [VARCHAR] - [user2]
2025-08-03 20:00:12 - binding parameter [8] as [BIGINT] - [33]
2025-08-03 20:00:12 - binding parameter [9] as [BIGINT] - [10]
2025-08-03 20:00:12 - binding parameter [10] as [BIGINT] - [32]
2025-08-03 20:00:12 - binding parameter [1] as [NUMERIC] - [10.00]
2025-08-03 20:00:12 - binding parameter [2] as [TIMESTAMP] - [2025-08-03T20:00:12.377716]
2025-08-03 20:00:12 - binding parameter [3] as [VARCHAR] - [USD]
2025-08-03 20:00:12 - binding parameter [4] as [VARCHAR] - [Concurrent transfer test]
2025-08-03 20:00:12 - binding parameter [5] as [VARCHAR] - [null]
2025-08-03 20:00:12 - binding parameter [6] as [BIGINT] - [9]
2025-08-03 20:00:12 - binding parameter [7] as [TIMESTAMP] - [2025-08-03T20:00:12.377278]
2025-08-03 20:00:12 - binding parameter [8] as [VARCHAR] - [COMPLETED]
2025-08-03 20:00:12 - binding parameter [9] as [BIGINT] - [10]
2025-08-03 20:00:12 - binding parameter [10] as [VARCHAR] - [TXN-EEF2B8A6605D44AD]
2025-08-03 20:00:12 - binding parameter [11] as [TIMESTAMP] - [2025-08-03T20:00:12.378675]
2025-08-03 20:00:12 - binding parameter [12] as [BIGINT] - [1]
2025-08-03 20:00:12 - binding parameter [13] as [BIGINT] - [33]
2025-08-03 20:00:12 - binding parameter [14] as [BIGINT] - [0]
2025-08-03 20:00:12 - binding parameter [1] as [VARCHAR] - [TEST002345678901]
2025-08-03 20:00:12 - binding parameter [1] as [NUMERIC] - [10.00]
2025-08-03 20:00:12 - binding parameter [2] as [TIMESTAMP] - [null]
2025-08-03 20:00:12 - binding parameter [3] as [TIMESTAMP] - [2025-08-03T20:00:12.380557]
2025-08-03 20:00:12 - binding parameter [4] as [VARCHAR] - [USD]
2025-08-03 20:00:12 - binding parameter [5] as [VARCHAR] - [Concurrent transfer test]
2025-08-03 20:00:12 - binding parameter [6] as [VARCHAR] - [null]
2025-08-03 20:00:12 - binding parameter [7] as [BIGINT] - [9]
2025-08-03 20:00:12 - binding parameter [8] as [TIMESTAMP] - [null]
2025-08-03 20:00:12 - binding parameter [9] as [VARCHAR] - [PENDING]
2025-08-03 20:00:12 - binding parameter [10] as [BIGINT] - [10]
2025-08-03 20:00:12 - binding parameter [11] as [VARCHAR] - [TXN-08B1CCA98AF449AA]
2025-08-03 20:00:12 - binding parameter [12] as [TIMESTAMP] - [2025-08-03T20:00:12.380566]
2025-08-03 20:00:12 - binding parameter [13] as [BIGINT] - [0]
2025-08-03 20:00:12 - Transfer completed successfully: TXN-08B1CCA98AF449AA
2025-08-03 20:00:12 - binding parameter [1] as [VARCHAR] - [Test User 1]
2025-08-03 20:00:12 - binding parameter [2] as [VARCHAR] - [TEST001234567890]
2025-08-03 20:00:12 - binding parameter [3] as [NUMERIC] - [660.00]
2025-08-03 20:00:12 - binding parameter [4] as [VARCHAR] - [USD]
2025-08-03 20:00:12 - binding parameter [5] as [VARCHAR] - [ACTIVE]
2025-08-03 20:00:12 - binding parameter [6] as [TIMESTAMP] - [2025-08-03T20:00:12.381780]
2025-08-03 20:00:12 - binding parameter [7] as [VARCHAR] - [user1]
2025-08-03 20:00:12 - binding parameter [8] as [BIGINT] - [34]
2025-08-03 20:00:12 - binding parameter [9] as [BIGINT] - [9]
2025-08-03 20:00:12 - binding parameter [10] as [BIGINT] - [33]
2025-08-03 20:00:12 - binding parameter [1] as [VARCHAR] - [Test User 2]
2025-08-03 20:00:12 - binding parameter [2] as [VARCHAR] - [TEST002345678901]
2025-08-03 20:00:12 - binding parameter [3] as [NUMERIC] - [840.00]
2025-08-03 20:00:12 - binding parameter [4] as [VARCHAR] - [USD]
2025-08-03 20:00:12 - binding parameter [5] as [VARCHAR] - [ACTIVE]
2025-08-03 20:00:12 - binding parameter [6] as [TIMESTAMP] - [2025-08-03T20:00:12.382128]
2025-08-03 20:00:12 - binding parameter [7] as [VARCHAR] - [user2]
2025-08-03 20:00:12 - binding parameter [8] as [BIGINT] - [34]
2025-08-03 20:00:12 - binding parameter [9] as [BIGINT] - [10]
2025-08-03 20:00:12 - binding parameter [10] as [BIGINT] - [33]
2025-08-03 20:00:12 - binding parameter [1] as [NUMERIC] - [10.00]
2025-08-03 20:00:12 - binding parameter [2] as [TIMESTAMP] - [2025-08-03T20:00:12.381480]
2025-08-03 20:00:12 - binding parameter [3] as [VARCHAR] - [USD]
2025-08-03 20:00:12 - binding parameter [4] as [VARCHAR] - [Concurrent transfer test]
2025-08-03 20:00:12 - binding parameter [5] as [VARCHAR] - [null]
2025-08-03 20:00:12 - binding parameter [6] as [BIGINT] - [9]
2025-08-03 20:00:12 - binding parameter [7] as [TIMESTAMP] - [2025-08-03T20:00:12.381290]
2025-08-03 20:00:12 - binding parameter [8] as [VARCHAR] - [COMPLETED]
2025-08-03 20:00:12 - binding parameter [9] as [BIGINT] - [10]
2025-08-03 20:00:12 - binding parameter [10] as [VARCHAR] - [TXN-08B1CCA98AF449AA]
2025-08-03 20:00:12 - binding parameter [11] as [TIMESTAMP] - [2025-08-03T20:00:12.382639]
2025-08-03 20:00:12 - binding parameter [12] as [BIGINT] - [1]
2025-08-03 20:00:12 - binding parameter [13] as [BIGINT] - [34]
2025-08-03 20:00:12 - binding parameter [14] as [BIGINT] - [0]
2025-08-03 20:00:12 - binding parameter [1] as [VARCHAR] - [TEST002345678901]
2025-08-03 20:00:12 - binding parameter [1] as [NUMERIC] - [10.00]
2025-08-03 20:00:12 - binding parameter [2] as [TIMESTAMP] - [null]
2025-08-03 20:00:12 - binding parameter [3] as [TIMESTAMP] - [2025-08-03T20:00:12.385029]
2025-08-03 20:00:12 - binding parameter [4] as [VARCHAR] - [USD]
2025-08-03 20:00:12 - binding parameter [5] as [VARCHAR] - [Concurrent transfer test]
2025-08-03 20:00:12 - binding parameter [6] as [VARCHAR] - [null]
2025-08-03 20:00:12 - binding parameter [7] as [BIGINT] - [9]
2025-08-03 20:00:12 - binding parameter [8] as [TIMESTAMP] - [null]
2025-08-03 20:00:12 - binding parameter [9] as [VARCHAR] - [PENDING]
2025-08-03 20:00:12 - binding parameter [10] as [BIGINT] - [10]
2025-08-03 20:00:12 - binding parameter [11] as [VARCHAR] - [TXN-B313B9A8AF9D4DAC]
2025-08-03 20:00:12 - binding parameter [12] as [TIMESTAMP] - [2025-08-03T20:00:12.385039]
2025-08-03 20:00:12 - binding parameter [13] as [BIGINT] - [0]
2025-08-03 20:00:12 - Transfer completed successfully: TXN-B313B9A8AF9D4DAC
2025-08-03 20:00:12 - binding parameter [1] as [VARCHAR] - [Test User 1]
2025-08-03 20:00:12 - binding parameter [2] as [VARCHAR] - [TEST001234567890]
2025-08-03 20:00:12 - binding parameter [3] as [NUMERIC] - [650.00]
2025-08-03 20:00:12 - binding parameter [4] as [VARCHAR] - [USD]
2025-08-03 20:00:12 - binding parameter [5] as [VARCHAR] - [ACTIVE]
2025-08-03 20:00:12 - binding parameter [6] as [TIMESTAMP] - [2025-08-03T20:00:12.386858]
2025-08-03 20:00:12 - binding parameter [7] as [VARCHAR] - [user1]
2025-08-03 20:00:12 - binding parameter [8] as [BIGINT] - [35]
2025-08-03 20:00:12 - binding parameter [9] as [BIGINT] - [9]
2025-08-03 20:00:12 - binding parameter [10] as [BIGINT] - [34]
2025-08-03 20:00:12 - binding parameter [1] as [VARCHAR] - [Test User 2]
2025-08-03 20:00:12 - binding parameter [2] as [VARCHAR] - [TEST002345678901]
2025-08-03 20:00:12 - binding parameter [3] as [NUMERIC] - [850.00]
2025-08-03 20:00:12 - binding parameter [4] as [VARCHAR] - [USD]
2025-08-03 20:00:12 - binding parameter [5] as [VARCHAR] - [ACTIVE]
2025-08-03 20:00:12 - binding parameter [6] as [TIMESTAMP] - [2025-08-03T20:00:12.387194]
2025-08-03 20:00:12 - binding parameter [7] as [VARCHAR] - [user2]
2025-08-03 20:00:12 - binding parameter [8] as [BIGINT] - [35]
2025-08-03 20:00:12 - binding parameter [9] as [BIGINT] - [10]
2025-08-03 20:00:12 - binding parameter [10] as [BIGINT] - [34]
2025-08-03 20:00:12 - binding parameter [1] as [NUMERIC] - [10.00]
2025-08-03 20:00:12 - binding parameter [2] as [TIMESTAMP] - [2025-08-03T20:00:12.386542]
2025-08-03 20:00:12 - binding parameter [3] as [VARCHAR] - [USD]
2025-08-03 20:00:12 - binding parameter [4] as [VARCHAR] - [Concurrent transfer test]
2025-08-03 20:00:12 - binding parameter [5] as [VARCHAR] - [null]
2025-08-03 20:00:12 - binding parameter [6] as [BIGINT] - [9]
2025-08-03 20:00:12 - binding parameter [7] as [TIMESTAMP] - [2025-08-03T20:00:12.386341]
2025-08-03 20:00:12 - binding parameter [8] as [VARCHAR] - [COMPLETED]
2025-08-03 20:00:12 - binding parameter [9] as [BIGINT] - [10]
2025-08-03 20:00:12 - binding parameter [10] as [VARCHAR] - [TXN-B313B9A8AF9D4DAC]
2025-08-03 20:00:12 - binding parameter [11] as [TIMESTAMP] - [2025-08-03T20:00:12.387469]
2025-08-03 20:00:12 - binding parameter [12] as [BIGINT] - [1]
2025-08-03 20:00:12 - binding parameter [13] as [BIGINT] - [35]
2025-08-03 20:00:12 - binding parameter [14] as [BIGINT] - [0]
2025-08-03 20:00:12 - Processing transfer request: TransferRequest{fromAccountNumber='TEST001234567890', toAccountNumber='TEST002345678901', amount=10.00, currency=USD, description='Concurrent transfer test'}
2025-08-03 20:00:12 - binding parameter [1] as [VARCHAR] - [TEST001234567890]
2025-08-03 20:00:12 - binding parameter [1] as [VARCHAR] - [TEST002345678901]
2025-08-03 20:00:12 - binding parameter [1] as [NUMERIC] - [10.00]
2025-08-03 20:00:12 - binding parameter [2] as [TIMESTAMP] - [null]
2025-08-03 20:00:12 - binding parameter [3] as [TIMESTAMP] - [2025-08-03T20:00:12.390235]
2025-08-03 20:00:12 - binding parameter [4] as [VARCHAR] - [USD]
2025-08-03 20:00:12 - binding parameter [5] as [VARCHAR] - [Concurrent transfer test]
2025-08-03 20:00:12 - binding parameter [6] as [VARCHAR] - [null]
2025-08-03 20:00:12 - binding parameter [7] as [BIGINT] - [9]
2025-08-03 20:00:12 - binding parameter [8] as [TIMESTAMP] - [null]
2025-08-03 20:00:12 - binding parameter [9] as [VARCHAR] - [PENDING]
2025-08-03 20:00:12 - binding parameter [10] as [BIGINT] - [10]
2025-08-03 20:00:12 - binding parameter [11] as [VARCHAR] - [TXN-D74737E836D843A3]
2025-08-03 20:00:12 - binding parameter [12] as [TIMESTAMP] - [2025-08-03T20:00:12.390307]
2025-08-03 20:00:12 - binding parameter [13] as [BIGINT] - [0]
2025-08-03 20:00:12 - Transfer completed successfully: TXN-D74737E836D843A3
2025-08-03 20:00:12 - binding parameter [1] as [VARCHAR] - [Test User 1]
2025-08-03 20:00:12 - binding parameter [2] as [VARCHAR] - [TEST001234567890]
2025-08-03 20:00:12 - binding parameter [3] as [NUMERIC] - [640.00]
2025-08-03 20:00:12 - binding parameter [4] as [VARCHAR] - [USD]
2025-08-03 20:00:12 - binding parameter [5] as [VARCHAR] - [ACTIVE]
2025-08-03 20:00:12 - binding parameter [6] as [TIMESTAMP] - [2025-08-03T20:00:12.391265]
2025-08-03 20:00:12 - binding parameter [7] as [VARCHAR] - [user1]
2025-08-03 20:00:12 - binding parameter [8] as [BIGINT] - [36]
2025-08-03 20:00:12 - binding parameter [9] as [BIGINT] - [9]
2025-08-03 20:00:12 - binding parameter [10] as [BIGINT] - [35]
2025-08-03 20:00:12 - binding parameter [1] as [VARCHAR] - [Test User 2]
2025-08-03 20:00:12 - binding parameter [2] as [VARCHAR] - [TEST002345678901]
2025-08-03 20:00:12 - binding parameter [3] as [NUMERIC] - [860.00]
2025-08-03 20:00:12 - binding parameter [4] as [VARCHAR] - [USD]
2025-08-03 20:00:12 - binding parameter [5] as [VARCHAR] - [ACTIVE]
2025-08-03 20:00:12 - binding parameter [6] as [TIMESTAMP] - [2025-08-03T20:00:12.391637]
2025-08-03 20:00:12 - binding parameter [7] as [VARCHAR] - [user2]
2025-08-03 20:00:12 - binding parameter [8] as [BIGINT] - [36]
2025-08-03 20:00:12 - binding parameter [9] as [BIGINT] - [10]
2025-08-03 20:00:12 - binding parameter [10] as [BIGINT] - [35]
2025-08-03 20:00:12 - binding parameter [1] as [NUMERIC] - [10.00]
2025-08-03 20:00:12 - binding parameter [2] as [TIMESTAMP] - [2025-08-03T20:00:12.391011]
2025-08-03 20:00:12 - binding parameter [3] as [VARCHAR] - [USD]
2025-08-03 20:00:12 - binding parameter [4] as [VARCHAR] - [Concurrent transfer test]
2025-08-03 20:00:12 - binding parameter [5] as [VARCHAR] - [null]
2025-08-03 20:00:12 - binding parameter [6] as [BIGINT] - [9]
2025-08-03 20:00:12 - binding parameter [7] as [TIMESTAMP] - [2025-08-03T20:00:12.390844]
2025-08-03 20:00:12 - binding parameter [8] as [VARCHAR] - [COMPLETED]
2025-08-03 20:00:12 - binding parameter [9] as [BIGINT] - [10]
2025-08-03 20:00:12 - binding parameter [10] as [VARCHAR] - [TXN-D74737E836D843A3]
2025-08-03 20:00:12 - binding parameter [11] as [TIMESTAMP] - [2025-08-03T20:00:12.391867]
2025-08-03 20:00:12 - binding parameter [12] as [BIGINT] - [1]
2025-08-03 20:00:12 - binding parameter [13] as [BIGINT] - [36]
2025-08-03 20:00:12 - binding parameter [14] as [BIGINT] - [0]
2025-08-03 20:00:12 - Processing transfer request: TransferRequest{fromAccountNumber='TEST001234567890', toAccountNumber='TEST002345678901', amount=10.00, currency=USD, description='Concurrent transfer test'}
2025-08-03 20:00:12 - binding parameter [1] as [VARCHAR] - [TEST001234567890]
2025-08-03 20:00:12 - binding parameter [1] as [VARCHAR] - [TEST002345678901]
2025-08-03 20:00:12 - binding parameter [1] as [NUMERIC] - [10.00]
2025-08-03 20:00:12 - binding parameter [2] as [TIMESTAMP] - [null]
2025-08-03 20:00:12 - binding parameter [3] as [TIMESTAMP] - [2025-08-03T20:00:12.393391]
2025-08-03 20:00:12 - binding parameter [4] as [VARCHAR] - [USD]
2025-08-03 20:00:12 - binding parameter [5] as [VARCHAR] - [Concurrent transfer test]
2025-08-03 20:00:12 - binding parameter [6] as [VARCHAR] - [null]
2025-08-03 20:00:12 - binding parameter [7] as [BIGINT] - [9]
2025-08-03 20:00:12 - binding parameter [8] as [TIMESTAMP] - [null]
2025-08-03 20:00:12 - binding parameter [9] as [VARCHAR] - [PENDING]
2025-08-03 20:00:12 - binding parameter [10] as [BIGINT] - [10]
2025-08-03 20:00:12 - binding parameter [11] as [VARCHAR] - [TXN-F32D282D29F54BEE]
2025-08-03 20:00:12 - binding parameter [12] as [TIMESTAMP] - [2025-08-03T20:00:12.393398]
2025-08-03 20:00:12 - binding parameter [13] as [BIGINT] - [0]
2025-08-03 20:00:12 - Transfer completed successfully: TXN-F32D282D29F54BEE
2025-08-03 20:00:12 - binding parameter [1] as [VARCHAR] - [Test User 1]
2025-08-03 20:00:12 - binding parameter [2] as [VARCHAR] - [TEST001234567890]
2025-08-03 20:00:12 - binding parameter [3] as [NUMERIC] - [630.00]
2025-08-03 20:00:12 - binding parameter [4] as [VARCHAR] - [USD]
2025-08-03 20:00:12 - binding parameter [5] as [VARCHAR] - [ACTIVE]
2025-08-03 20:00:12 - binding parameter [6] as [TIMESTAMP] - [2025-08-03T20:00:12.394755]
2025-08-03 20:00:12 - binding parameter [7] as [VARCHAR] - [user1]
2025-08-03 20:00:12 - binding parameter [8] as [BIGINT] - [37]
2025-08-03 20:00:12 - binding parameter [9] as [BIGINT] - [9]
2025-08-03 20:00:12 - binding parameter [10] as [BIGINT] - [36]
2025-08-03 20:00:12 - binding parameter [1] as [VARCHAR] - [Test User 2]
2025-08-03 20:00:12 - binding parameter [2] as [VARCHAR] - [TEST002345678901]
2025-08-03 20:00:12 - binding parameter [3] as [NUMERIC] - [870.00]
2025-08-03 20:00:12 - binding parameter [4] as [VARCHAR] - [USD]
2025-08-03 20:00:12 - binding parameter [5] as [VARCHAR] - [ACTIVE]
2025-08-03 20:00:12 - binding parameter [6] as [TIMESTAMP] - [2025-08-03T20:00:12.395107]
2025-08-03 20:00:12 - binding parameter [7] as [VARCHAR] - [user2]
2025-08-03 20:00:12 - binding parameter [8] as [BIGINT] - [37]
2025-08-03 20:00:12 - binding parameter [9] as [BIGINT] - [10]
2025-08-03 20:00:12 - binding parameter [10] as [BIGINT] - [36]
2025-08-03 20:00:12 - binding parameter [1] as [NUMERIC] - [10.00]
2025-08-03 20:00:12 - binding parameter [2] as [TIMESTAMP] - [2025-08-03T20:00:12.394496]
2025-08-03 20:00:12 - binding parameter [3] as [VARCHAR] - [USD]
2025-08-03 20:00:12 - binding parameter [4] as [VARCHAR] - [Concurrent transfer test]
2025-08-03 20:00:12 - binding parameter [5] as [VARCHAR] - [null]
2025-08-03 20:00:12 - binding parameter [6] as [BIGINT] - [9]
2025-08-03 20:00:12 - binding parameter [7] as [TIMESTAMP] - [2025-08-03T20:00:12.393918]
2025-08-03 20:00:12 - binding parameter [8] as [VARCHAR] - [COMPLETED]
2025-08-03 20:00:12 - binding parameter [9] as [BIGINT] - [10]
2025-08-03 20:00:12 - binding parameter [10] as [VARCHAR] - [TXN-F32D282D29F54BEE]
2025-08-03 20:00:12 - binding parameter [11] as [TIMESTAMP] - [2025-08-03T20:00:12.395396]
2025-08-03 20:00:12 - binding parameter [12] as [BIGINT] - [1]
2025-08-03 20:00:12 - binding parameter [13] as [BIGINT] - [37]
2025-08-03 20:00:12 - binding parameter [14] as [BIGINT] - [0]
2025-08-03 20:00:12 - Processing transfer request: TransferRequest{fromAccountNumber='TEST001234567890', toAccountNumber='TEST002345678901', amount=10.00, currency=USD, description='Concurrent transfer test'}
2025-08-03 20:00:12 - binding parameter [1] as [VARCHAR] - [TEST001234567890]
2025-08-03 20:00:12 - binding parameter [1] as [VARCHAR] - [TEST002345678901]
2025-08-03 20:00:12 - binding parameter [1] as [NUMERIC] - [10.00]
2025-08-03 20:00:12 - binding parameter [2] as [TIMESTAMP] - [null]
2025-08-03 20:00:12 - binding parameter [3] as [TIMESTAMP] - [2025-08-03T20:00:12.397219]
2025-08-03 20:00:12 - binding parameter [4] as [VARCHAR] - [USD]
2025-08-03 20:00:12 - binding parameter [5] as [VARCHAR] - [Concurrent transfer test]
2025-08-03 20:00:12 - binding parameter [6] as [VARCHAR] - [null]
2025-08-03 20:00:12 - binding parameter [7] as [BIGINT] - [9]
2025-08-03 20:00:12 - binding parameter [8] as [TIMESTAMP] - [null]
2025-08-03 20:00:12 - binding parameter [9] as [VARCHAR] - [PENDING]
2025-08-03 20:00:12 - binding parameter [10] as [BIGINT] - [10]
2025-08-03 20:00:12 - binding parameter [11] as [VARCHAR] - [TXN-111C02C2C85A4C76]
2025-08-03 20:00:12 - binding parameter [12] as [TIMESTAMP] - [2025-08-03T20:00:12.397227]
2025-08-03 20:00:12 - binding parameter [13] as [BIGINT] - [0]
2025-08-03 20:00:12 - Transfer completed successfully: TXN-111C02C2C85A4C76
2025-08-03 20:00:12 - binding parameter [1] as [VARCHAR] - [Test User 1]
2025-08-03 20:00:12 - binding parameter [2] as [VARCHAR] - [TEST001234567890]
2025-08-03 20:00:12 - binding parameter [3] as [NUMERIC] - [620.00]
2025-08-03 20:00:12 - binding parameter [4] as [VARCHAR] - [USD]
2025-08-03 20:00:12 - binding parameter [5] as [VARCHAR] - [ACTIVE]
2025-08-03 20:00:12 - binding parameter [6] as [TIMESTAMP] - [2025-08-03T20:00:12.399802]
2025-08-03 20:00:12 - binding parameter [7] as [VARCHAR] - [user1]
2025-08-03 20:00:12 - binding parameter [8] as [BIGINT] - [38]
2025-08-03 20:00:12 - binding parameter [9] as [BIGINT] - [9]
2025-08-03 20:00:12 - binding parameter [10] as [BIGINT] - [37]
2025-08-03 20:00:12 - binding parameter [1] as [VARCHAR] - [Test User 2]
2025-08-03 20:00:12 - binding parameter [2] as [VARCHAR] - [TEST002345678901]
2025-08-03 20:00:12 - binding parameter [3] as [NUMERIC] - [880.00]
2025-08-03 20:00:12 - binding parameter [4] as [VARCHAR] - [USD]
2025-08-03 20:00:12 - binding parameter [5] as [VARCHAR] - [ACTIVE]
2025-08-03 20:00:12 - binding parameter [6] as [TIMESTAMP] - [2025-08-03T20:00:12.400309]
2025-08-03 20:00:12 - binding parameter [7] as [VARCHAR] - [user2]
2025-08-03 20:00:12 - binding parameter [8] as [BIGINT] - [38]
2025-08-03 20:00:12 - binding parameter [9] as [BIGINT] - [10]
2025-08-03 20:00:12 - binding parameter [10] as [BIGINT] - [37]
2025-08-03 20:00:12 - binding parameter [1] as [NUMERIC] - [10.00]
2025-08-03 20:00:12 - binding parameter [2] as [TIMESTAMP] - [2025-08-03T20:00:12.399281]
2025-08-03 20:00:12 - binding parameter [3] as [VARCHAR] - [USD]
2025-08-03 20:00:12 - binding parameter [4] as [VARCHAR] - [Concurrent transfer test]
2025-08-03 20:00:12 - binding parameter [5] as [VARCHAR] - [null]
2025-08-03 20:00:12 - binding parameter [6] as [BIGINT] - [9]
2025-08-03 20:00:12 - binding parameter [7] as [TIMESTAMP] - [2025-08-03T20:00:12.398764]
2025-08-03 20:00:12 - binding parameter [8] as [VARCHAR] - [COMPLETED]
2025-08-03 20:00:12 - binding parameter [9] as [BIGINT] - [10]
2025-08-03 20:00:12 - binding parameter [10] as [VARCHAR] - [TXN-111C02C2C85A4C76]
2025-08-03 20:00:12 - binding parameter [11] as [TIMESTAMP] - [2025-08-03T20:00:12.400554]
2025-08-03 20:00:12 - binding parameter [12] as [BIGINT] - [1]
2025-08-03 20:00:12 - binding parameter [13] as [BIGINT] - [38]
2025-08-03 20:00:12 - binding parameter [14] as [BIGINT] - [0]
2025-08-03 20:00:12 - binding parameter [1] as [VARCHAR] - [TEST002345678901]
2025-08-03 20:00:12 - binding parameter [1] as [NUMERIC] - [10.00]
2025-08-03 20:00:12 - binding parameter [2] as [TIMESTAMP] - [null]
2025-08-03 20:00:12 - binding parameter [3] as [TIMESTAMP] - [2025-08-03T20:00:12.403184]
2025-08-03 20:00:12 - binding parameter [4] as [VARCHAR] - [USD]
2025-08-03 20:00:12 - binding parameter [5] as [VARCHAR] - [Concurrent transfer test]
2025-08-03 20:00:12 - binding parameter [6] as [VARCHAR] - [null]
2025-08-03 20:00:12 - binding parameter [7] as [BIGINT] - [9]
2025-08-03 20:00:12 - binding parameter [8] as [TIMESTAMP] - [null]
2025-08-03 20:00:12 - binding parameter [9] as [VARCHAR] - [PENDING]
2025-08-03 20:00:12 - binding parameter [10] as [BIGINT] - [10]
2025-08-03 20:00:12 - binding parameter [11] as [VARCHAR] - [TXN-FCF98497C5304978]
2025-08-03 20:00:12 - binding parameter [12] as [TIMESTAMP] - [2025-08-03T20:00:12.403192]
2025-08-03 20:00:12 - binding parameter [13] as [BIGINT] - [0]
2025-08-03 20:00:12 - Transfer completed successfully: TXN-FCF98497C5304978
2025-08-03 20:00:12 - binding parameter [1] as [VARCHAR] - [Test User 1]
2025-08-03 20:00:12 - binding parameter [2] as [VARCHAR] - [TEST001234567890]
2025-08-03 20:00:12 - binding parameter [3] as [NUMERIC] - [610.00]
2025-08-03 20:00:12 - binding parameter [4] as [VARCHAR] - [USD]
2025-08-03 20:00:12 - binding parameter [5] as [VARCHAR] - [ACTIVE]
2025-08-03 20:00:12 - binding parameter [6] as [TIMESTAMP] - [2025-08-03T20:00:12.404444]
2025-08-03 20:00:12 - binding parameter [7] as [VARCHAR] - [user1]
2025-08-03 20:00:12 - binding parameter [8] as [BIGINT] - [39]
2025-08-03 20:00:12 - binding parameter [9] as [BIGINT] - [9]
2025-08-03 20:00:12 - binding parameter [10] as [BIGINT] - [38]
2025-08-03 20:00:12 - binding parameter [1] as [VARCHAR] - [Test User 2]
2025-08-03 20:00:12 - binding parameter [2] as [VARCHAR] - [TEST002345678901]
2025-08-03 20:00:12 - binding parameter [3] as [NUMERIC] - [890.00]
2025-08-03 20:00:12 - binding parameter [4] as [VARCHAR] - [USD]
2025-08-03 20:00:12 - binding parameter [5] as [VARCHAR] - [ACTIVE]
2025-08-03 20:00:12 - binding parameter [6] as [TIMESTAMP] - [2025-08-03T20:00:12.404854]
2025-08-03 20:00:12 - binding parameter [7] as [VARCHAR] - [user2]
2025-08-03 20:00:12 - binding parameter [8] as [BIGINT] - [39]
2025-08-03 20:00:12 - binding parameter [9] as [BIGINT] - [10]
2025-08-03 20:00:12 - binding parameter [10] as [BIGINT] - [38]
2025-08-03 20:00:12 - binding parameter [1] as [NUMERIC] - [10.00]
2025-08-03 20:00:12 - binding parameter [2] as [TIMESTAMP] - [2025-08-03T20:00:12.404140]
2025-08-03 20:00:12 - binding parameter [3] as [VARCHAR] - [USD]
2025-08-03 20:00:12 - binding parameter [4] as [VARCHAR] - [Concurrent transfer test]
2025-08-03 20:00:12 - binding parameter [5] as [VARCHAR] - [null]
2025-08-03 20:00:12 - binding parameter [6] as [BIGINT] - [9]
2025-08-03 20:00:12 - binding parameter [7] as [TIMESTAMP] - [2025-08-03T20:00:12.403953]
2025-08-03 20:00:12 - binding parameter [8] as [VARCHAR] - [COMPLETED]
2025-08-03 20:00:12 - binding parameter [9] as [BIGINT] - [10]
2025-08-03 20:00:12 - binding parameter [10] as [VARCHAR] - [TXN-FCF98497C5304978]
2025-08-03 20:00:12 - binding parameter [11] as [TIMESTAMP] - [2025-08-03T20:00:12.405062]
2025-08-03 20:00:12 - binding parameter [12] as [BIGINT] - [1]
2025-08-03 20:00:12 - binding parameter [13] as [BIGINT] - [39]
2025-08-03 20:00:12 - binding parameter [14] as [BIGINT] - [0]
2025-08-03 20:00:12 - Processing transfer request: TransferRequest{fromAccountNumber='TEST001234567890', toAccountNumber='TEST002345678901', amount=10.00, currency=USD, description='Concurrent transfer test'}
2025-08-03 20:00:12 - binding parameter [1] as [VARCHAR] - [TEST001234567890]
2025-08-03 20:00:12 - binding parameter [1] as [VARCHAR] - [TEST002345678901]
2025-08-03 20:00:12 - binding parameter [1] as [NUMERIC] - [10.00]
2025-08-03 20:00:12 - binding parameter [2] as [TIMESTAMP] - [null]
2025-08-03 20:00:12 - binding parameter [3] as [TIMESTAMP] - [2025-08-03T20:00:12.410902]
2025-08-03 20:00:12 - binding parameter [4] as [VARCHAR] - [USD]
2025-08-03 20:00:12 - binding parameter [5] as [VARCHAR] - [Concurrent transfer test]
2025-08-03 20:00:12 - binding parameter [6] as [VARCHAR] - [null]
2025-08-03 20:00:12 - binding parameter [7] as [BIGINT] - [9]
2025-08-03 20:00:12 - binding parameter [8] as [TIMESTAMP] - [null]
2025-08-03 20:00:12 - binding parameter [9] as [VARCHAR] - [PENDING]
2025-08-03 20:00:12 - binding parameter [10] as [BIGINT] - [10]
2025-08-03 20:00:12 - binding parameter [11] as [VARCHAR] - [TXN-AE66893AFB584540]
2025-08-03 20:00:12 - binding parameter [12] as [TIMESTAMP] - [2025-08-03T20:00:12.410911]
2025-08-03 20:00:12 - binding parameter [13] as [BIGINT] - [0]
2025-08-03 20:00:12 - Transfer completed successfully: TXN-AE66893AFB584540
2025-08-03 20:00:12 - binding parameter [1] as [VARCHAR] - [Test User 1]
2025-08-03 20:00:12 - binding parameter [2] as [VARCHAR] - [TEST001234567890]
2025-08-03 20:00:12 - binding parameter [3] as [NUMERIC] - [600.00]
2025-08-03 20:00:12 - binding parameter [4] as [VARCHAR] - [USD]
2025-08-03 20:00:12 - binding parameter [5] as [VARCHAR] - [ACTIVE]
2025-08-03 20:00:12 - binding parameter [6] as [TIMESTAMP] - [2025-08-03T20:00:12.412046]
2025-08-03 20:00:12 - binding parameter [7] as [VARCHAR] - [user1]
2025-08-03 20:00:12 - binding parameter [8] as [BIGINT] - [40]
2025-08-03 20:00:12 - binding parameter [9] as [BIGINT] - [9]
2025-08-03 20:00:12 - binding parameter [10] as [BIGINT] - [39]
2025-08-03 20:00:12 - binding parameter [1] as [VARCHAR] - [Test User 2]
2025-08-03 20:00:12 - binding parameter [2] as [VARCHAR] - [TEST002345678901]
2025-08-03 20:00:12 - binding parameter [3] as [NUMERIC] - [900.00]
2025-08-03 20:00:12 - binding parameter [4] as [VARCHAR] - [USD]
2025-08-03 20:00:12 - binding parameter [5] as [VARCHAR] - [ACTIVE]
2025-08-03 20:00:12 - binding parameter [6] as [TIMESTAMP] - [2025-08-03T20:00:12.412473]
2025-08-03 20:00:12 - binding parameter [7] as [VARCHAR] - [user2]
2025-08-03 20:00:12 - binding parameter [8] as [BIGINT] - [40]
2025-08-03 20:00:12 - binding parameter [9] as [BIGINT] - [10]
2025-08-03 20:00:12 - binding parameter [10] as [BIGINT] - [39]
2025-08-03 20:00:12 - binding parameter [1] as [NUMERIC] - [10.00]
2025-08-03 20:00:12 - binding parameter [2] as [TIMESTAMP] - [2025-08-03T20:00:12.411576]
2025-08-03 20:00:12 - binding parameter [3] as [VARCHAR] - [USD]
2025-08-03 20:00:12 - binding parameter [4] as [VARCHAR] - [Concurrent transfer test]
2025-08-03 20:00:12 - binding parameter [5] as [VARCHAR] - [null]
2025-08-03 20:00:12 - binding parameter [6] as [BIGINT] - [9]
2025-08-03 20:00:12 - binding parameter [7] as [TIMESTAMP] - [2025-08-03T20:00:12.411421]
2025-08-03 20:00:12 - binding parameter [8] as [VARCHAR] - [COMPLETED]
2025-08-03 20:00:12 - binding parameter [9] as [BIGINT] - [10]
2025-08-03 20:00:12 - binding parameter [10] as [VARCHAR] - [TXN-AE66893AFB584540]
2025-08-03 20:00:12 - binding parameter [11] as [TIMESTAMP] - [2025-08-03T20:00:12.412698]
2025-08-03 20:00:12 - binding parameter [12] as [BIGINT] - [1]
2025-08-03 20:00:12 - binding parameter [13] as [BIGINT] - [40]
2025-08-03 20:00:12 - binding parameter [14] as [BIGINT] - [0]
2025-08-03 20:00:12 - Processing transfer request: TransferRequest{fromAccountNumber='TEST001234567890', toAccountNumber='TEST002345678901', amount=10.00, currency=USD, description='Concurrent transfer test'}
2025-08-03 20:00:12 - binding parameter [1] as [VARCHAR] - [TEST001234567890]
2025-08-03 20:00:12 - binding parameter [1] as [VARCHAR] - [TEST002345678901]
2025-08-03 20:00:12 - binding parameter [1] as [NUMERIC] - [10.00]
2025-08-03 20:00:12 - binding parameter [2] as [TIMESTAMP] - [null]
2025-08-03 20:00:12 - binding parameter [3] as [TIMESTAMP] - [2025-08-03T20:00:12.422980]
2025-08-03 20:00:12 - binding parameter [4] as [VARCHAR] - [USD]
2025-08-03 20:00:12 - binding parameter [5] as [VARCHAR] - [Concurrent transfer test]
2025-08-03 20:00:12 - binding parameter [6] as [VARCHAR] - [null]
2025-08-03 20:00:12 - binding parameter [7] as [BIGINT] - [9]
2025-08-03 20:00:12 - binding parameter [8] as [TIMESTAMP] - [null]
2025-08-03 20:00:12 - binding parameter [9] as [VARCHAR] - [PENDING]
2025-08-03 20:00:12 - binding parameter [10] as [BIGINT] - [10]
2025-08-03 20:00:12 - binding parameter [11] as [VARCHAR] - [TXN-16BE861EF7C24AF4]
2025-08-03 20:00:12 - binding parameter [12] as [TIMESTAMP] - [2025-08-03T20:00:12.422993]
2025-08-03 20:00:12 - binding parameter [13] as [BIGINT] - [0]
2025-08-03 20:00:12 - Transfer completed successfully: TXN-16BE861EF7C24AF4
2025-08-03 20:00:12 - binding parameter [1] as [VARCHAR] - [Test User 1]
2025-08-03 20:00:12 - binding parameter [2] as [VARCHAR] - [TEST001234567890]
2025-08-03 20:00:12 - binding parameter [3] as [NUMERIC] - [590.00]
2025-08-03 20:00:12 - binding parameter [4] as [VARCHAR] - [USD]
2025-08-03 20:00:12 - binding parameter [5] as [VARCHAR] - [ACTIVE]
2025-08-03 20:00:12 - binding parameter [6] as [TIMESTAMP] - [2025-08-03T20:00:12.425500]
2025-08-03 20:00:12 - binding parameter [7] as [VARCHAR] - [user1]
2025-08-03 20:00:12 - binding parameter [8] as [BIGINT] - [41]
2025-08-03 20:00:12 - binding parameter [9] as [BIGINT] - [9]
2025-08-03 20:00:12 - binding parameter [10] as [BIGINT] - [40]
2025-08-03 20:00:12 - binding parameter [1] as [VARCHAR] - [Test User 2]
2025-08-03 20:00:12 - binding parameter [2] as [VARCHAR] - [TEST002345678901]
2025-08-03 20:00:12 - binding parameter [3] as [NUMERIC] - [910.00]
2025-08-03 20:00:12 - binding parameter [4] as [VARCHAR] - [USD]
2025-08-03 20:00:12 - binding parameter [5] as [VARCHAR] - [ACTIVE]
2025-08-03 20:00:12 - binding parameter [6] as [TIMESTAMP] - [2025-08-03T20:00:12.426]
2025-08-03 20:00:12 - binding parameter [7] as [VARCHAR] - [user2]
2025-08-03 20:00:12 - binding parameter [8] as [BIGINT] - [41]
2025-08-03 20:00:12 - binding parameter [9] as [BIGINT] - [10]
2025-08-03 20:00:12 - binding parameter [10] as [BIGINT] - [40]
2025-08-03 20:00:12 - binding parameter [1] as [NUMERIC] - [10.00]
2025-08-03 20:00:12 - binding parameter [2] as [TIMESTAMP] - [2025-08-03T20:00:12.424815]
2025-08-03 20:00:12 - binding parameter [3] as [VARCHAR] - [USD]
2025-08-03 20:00:12 - binding parameter [4] as [VARCHAR] - [Concurrent transfer test]
2025-08-03 20:00:12 - binding parameter [5] as [VARCHAR] - [null]
2025-08-03 20:00:12 - binding parameter [6] as [BIGINT] - [9]
2025-08-03 20:00:12 - binding parameter [7] as [TIMESTAMP] - [2025-08-03T20:00:12.424470]
2025-08-03 20:00:12 - binding parameter [8] as [VARCHAR] - [COMPLETED]
2025-08-03 20:00:12 - binding parameter [9] as [BIGINT] - [10]
2025-08-03 20:00:12 - binding parameter [10] as [VARCHAR] - [TXN-16BE861EF7C24AF4]
2025-08-03 20:00:12 - binding parameter [11] as [TIMESTAMP] - [2025-08-03T20:00:12.426239]
2025-08-03 20:00:12 - binding parameter [12] as [BIGINT] - [1]
2025-08-03 20:00:12 - binding parameter [13] as [BIGINT] - [41]
2025-08-03 20:00:12 - binding parameter [14] as [BIGINT] - [0]
2025-08-03 20:00:12 - binding parameter [1] as [VARCHAR] - [TEST002345678901]
2025-08-03 20:00:12 - binding parameter [1] as [NUMERIC] - [10.00]
2025-08-03 20:00:12 - binding parameter [2] as [TIMESTAMP] - [null]
2025-08-03 20:00:12 - binding parameter [3] as [TIMESTAMP] - [2025-08-03T20:00:12.428151]
2025-08-03 20:00:12 - binding parameter [4] as [VARCHAR] - [USD]
2025-08-03 20:00:12 - binding parameter [5] as [VARCHAR] - [Concurrent transfer test]
2025-08-03 20:00:12 - binding parameter [6] as [VARCHAR] - [null]
2025-08-03 20:00:12 - binding parameter [7] as [BIGINT] - [9]
2025-08-03 20:00:12 - binding parameter [8] as [TIMESTAMP] - [null]
2025-08-03 20:00:12 - binding parameter [9] as [VARCHAR] - [PENDING]
2025-08-03 20:00:12 - binding parameter [10] as [BIGINT] - [10]
2025-08-03 20:00:12 - binding parameter [11] as [VARCHAR] - [TXN-1CADFE2B2C8142A2]
2025-08-03 20:00:12 - binding parameter [12] as [TIMESTAMP] - [2025-08-03T20:00:12.428158]
2025-08-03 20:00:12 - binding parameter [13] as [BIGINT] - [0]
2025-08-03 20:00:12 - Transfer completed successfully: TXN-1CADFE2B2C8142A2
2025-08-03 20:00:12 - binding parameter [1] as [VARCHAR] - [Test User 1]
2025-08-03 20:00:12 - binding parameter [2] as [VARCHAR] - [TEST001234567890]
2025-08-03 20:00:12 - binding parameter [3] as [NUMERIC] - [580.00]
2025-08-03 20:00:12 - binding parameter [4] as [VARCHAR] - [USD]
2025-08-03 20:00:12 - binding parameter [5] as [VARCHAR] - [ACTIVE]
2025-08-03 20:00:12 - binding parameter [6] as [TIMESTAMP] - [2025-08-03T20:00:12.429179]
2025-08-03 20:00:12 - binding parameter [7] as [VARCHAR] - [user1]
2025-08-03 20:00:12 - binding parameter [8] as [BIGINT] - [42]
2025-08-03 20:00:12 - binding parameter [9] as [BIGINT] - [9]
2025-08-03 20:00:12 - binding parameter [10] as [BIGINT] - [41]
2025-08-03 20:00:12 - binding parameter [1] as [VARCHAR] - [Test User 2]
2025-08-03 20:00:12 - binding parameter [2] as [VARCHAR] - [TEST002345678901]
2025-08-03 20:00:12 - binding parameter [3] as [NUMERIC] - [920.00]
2025-08-03 20:00:12 - binding parameter [4] as [VARCHAR] - [USD]
2025-08-03 20:00:12 - binding parameter [5] as [VARCHAR] - [ACTIVE]
2025-08-03 20:00:12 - binding parameter [6] as [TIMESTAMP] - [2025-08-03T20:00:12.429560]
2025-08-03 20:00:12 - binding parameter [7] as [VARCHAR] - [user2]
2025-08-03 20:00:12 - binding parameter [8] as [BIGINT] - [42]
2025-08-03 20:00:12 - binding parameter [9] as [BIGINT] - [10]
2025-08-03 20:00:12 - binding parameter [10] as [BIGINT] - [41]
2025-08-03 20:00:12 - binding parameter [1] as [NUMERIC] - [10.00]
2025-08-03 20:00:12 - binding parameter [2] as [TIMESTAMP] - [2025-08-03T20:00:12.428936]
2025-08-03 20:00:12 - binding parameter [3] as [VARCHAR] - [USD]
2025-08-03 20:00:12 - binding parameter [4] as [VARCHAR] - [Concurrent transfer test]
2025-08-03 20:00:12 - binding parameter [5] as [VARCHAR] - [null]
2025-08-03 20:00:12 - binding parameter [6] as [BIGINT] - [9]
2025-08-03 20:00:12 - binding parameter [7] as [TIMESTAMP] - [2025-08-03T20:00:12.428774]
2025-08-03 20:00:12 - binding parameter [8] as [VARCHAR] - [COMPLETED]
2025-08-03 20:00:12 - binding parameter [9] as [BIGINT] - [10]
2025-08-03 20:00:12 - binding parameter [10] as [VARCHAR] - [TXN-1CADFE2B2C8142A2]
2025-08-03 20:00:12 - binding parameter [11] as [TIMESTAMP] - [2025-08-03T20:00:12.430005]
2025-08-03 20:00:12 - binding parameter [12] as [BIGINT] - [1]
2025-08-03 20:00:12 - binding parameter [13] as [BIGINT] - [42]
2025-08-03 20:00:12 - binding parameter [14] as [BIGINT] - [0]
2025-08-03 20:00:12 - Processing transfer request: TransferRequest{fromAccountNumber='TEST001234567890', toAccountNumber='TEST002345678901', amount=10.00, currency=USD, description='Concurrent transfer test'}
2025-08-03 20:00:12 - binding parameter [1] as [VARCHAR] - [TEST001234567890]
2025-08-03 20:00:12 - binding parameter [1] as [VARCHAR] - [TEST002345678901]
2025-08-03 20:00:12 - binding parameter [1] as [NUMERIC] - [10.00]
2025-08-03 20:00:12 - binding parameter [2] as [TIMESTAMP] - [null]
2025-08-03 20:00:12 - binding parameter [3] as [TIMESTAMP] - [2025-08-03T20:00:12.431323]
2025-08-03 20:00:12 - binding parameter [4] as [VARCHAR] - [USD]
2025-08-03 20:00:12 - binding parameter [5] as [VARCHAR] - [Concurrent transfer test]
2025-08-03 20:00:12 - binding parameter [6] as [VARCHAR] - [null]
2025-08-03 20:00:12 - binding parameter [7] as [BIGINT] - [9]
2025-08-03 20:00:12 - binding parameter [8] as [TIMESTAMP] - [null]
2025-08-03 20:00:12 - binding parameter [9] as [VARCHAR] - [PENDING]
2025-08-03 20:00:12 - binding parameter [10] as [BIGINT] - [10]
2025-08-03 20:00:12 - binding parameter [11] as [VARCHAR] - [TXN-13DA8D0E174945B0]
2025-08-03 20:00:12 - binding parameter [12] as [TIMESTAMP] - [2025-08-03T20:00:12.431329]
2025-08-03 20:00:12 - binding parameter [13] as [BIGINT] - [0]
2025-08-03 20:00:12 - Transfer completed successfully: TXN-13DA8D0E174945B0
2025-08-03 20:00:12 - binding parameter [1] as [VARCHAR] - [Test User 1]
2025-08-03 20:00:12 - binding parameter [2] as [VARCHAR] - [TEST001234567890]
2025-08-03 20:00:12 - binding parameter [3] as [NUMERIC] - [570.00]
2025-08-03 20:00:12 - binding parameter [4] as [VARCHAR] - [USD]
2025-08-03 20:00:12 - binding parameter [5] as [VARCHAR] - [ACTIVE]
2025-08-03 20:00:12 - binding parameter [6] as [TIMESTAMP] - [2025-08-03T20:00:12.432221]
2025-08-03 20:00:12 - binding parameter [7] as [VARCHAR] - [user1]
2025-08-03 20:00:12 - binding parameter [8] as [BIGINT] - [43]
2025-08-03 20:00:12 - binding parameter [9] as [BIGINT] - [9]
2025-08-03 20:00:12 - binding parameter [10] as [BIGINT] - [42]
2025-08-03 20:00:12 - binding parameter [1] as [VARCHAR] - [Test User 2]
2025-08-03 20:00:12 - binding parameter [2] as [VARCHAR] - [TEST002345678901]
2025-08-03 20:00:12 - binding parameter [3] as [NUMERIC] - [930.00]
2025-08-03 20:00:12 - binding parameter [4] as [VARCHAR] - [USD]
2025-08-03 20:00:12 - binding parameter [5] as [VARCHAR] - [ACTIVE]
2025-08-03 20:00:12 - binding parameter [6] as [TIMESTAMP] - [2025-08-03T20:00:12.432932]
2025-08-03 20:00:12 - binding parameter [7] as [VARCHAR] - [user2]
2025-08-03 20:00:12 - binding parameter [8] as [BIGINT] - [43]
2025-08-03 20:00:12 - binding parameter [9] as [BIGINT] - [10]
2025-08-03 20:00:12 - binding parameter [10] as [BIGINT] - [42]
2025-08-03 20:00:12 - binding parameter [1] as [NUMERIC] - [10.00]
2025-08-03 20:00:12 - binding parameter [2] as [TIMESTAMP] - [2025-08-03T20:00:12.431904]
2025-08-03 20:00:12 - binding parameter [3] as [VARCHAR] - [USD]
2025-08-03 20:00:12 - binding parameter [4] as [VARCHAR] - [Concurrent transfer test]
2025-08-03 20:00:12 - binding parameter [5] as [VARCHAR] - [null]
2025-08-03 20:00:12 - binding parameter [6] as [BIGINT] - [9]
2025-08-03 20:00:12 - binding parameter [7] as [TIMESTAMP] - [2025-08-03T20:00:12.431759]
2025-08-03 20:00:12 - binding parameter [8] as [VARCHAR] - [COMPLETED]
2025-08-03 20:00:12 - binding parameter [9] as [BIGINT] - [10]
2025-08-03 20:00:12 - binding parameter [10] as [VARCHAR] - [TXN-13DA8D0E174945B0]
2025-08-03 20:00:12 - binding parameter [11] as [TIMESTAMP] - [2025-08-03T20:00:12.434257]
2025-08-03 20:00:12 - binding parameter [12] as [BIGINT] - [1]
2025-08-03 20:00:12 - binding parameter [13] as [BIGINT] - [43]
2025-08-03 20:00:12 - binding parameter [14] as [BIGINT] - [0]
2025-08-03 20:00:12 - Processing transfer request: TransferRequest{fromAccountNumber='TEST001234567890', toAccountNumber='TEST002345678901', amount=10.00, currency=USD, description='Concurrent transfer test'}
2025-08-03 20:00:12 - binding parameter [1] as [VARCHAR] - [TEST001234567890]
2025-08-03 20:00:12 - binding parameter [1] as [VARCHAR] - [TEST002345678901]
2025-08-03 20:00:12 - binding parameter [1] as [NUMERIC] - [10.00]
2025-08-03 20:00:12 - binding parameter [2] as [TIMESTAMP] - [null]
2025-08-03 20:00:12 - binding parameter [3] as [TIMESTAMP] - [2025-08-03T20:00:12.439693]
2025-08-03 20:00:12 - binding parameter [4] as [VARCHAR] - [USD]
2025-08-03 20:00:12 - binding parameter [5] as [VARCHAR] - [Concurrent transfer test]
2025-08-03 20:00:12 - binding parameter [6] as [VARCHAR] - [null]
2025-08-03 20:00:12 - binding parameter [7] as [BIGINT] - [9]
2025-08-03 20:00:12 - binding parameter [8] as [TIMESTAMP] - [null]
2025-08-03 20:00:12 - binding parameter [9] as [VARCHAR] - [PENDING]
2025-08-03 20:00:12 - binding parameter [10] as [BIGINT] - [10]
2025-08-03 20:00:12 - binding parameter [11] as [VARCHAR] - [TXN-08D10A4594D4429A]
2025-08-03 20:00:12 - binding parameter [12] as [TIMESTAMP] - [2025-08-03T20:00:12.439700]
2025-08-03 20:00:12 - binding parameter [13] as [BIGINT] - [0]
2025-08-03 20:00:12 - Transfer completed successfully: TXN-08D10A4594D4429A
2025-08-03 20:00:12 - binding parameter [1] as [VARCHAR] - [Test User 1]
2025-08-03 20:00:12 - binding parameter [2] as [VARCHAR] - [TEST001234567890]
2025-08-03 20:00:12 - binding parameter [3] as [NUMERIC] - [560.00]
2025-08-03 20:00:12 - binding parameter [4] as [VARCHAR] - [USD]
2025-08-03 20:00:12 - binding parameter [5] as [VARCHAR] - [ACTIVE]
2025-08-03 20:00:12 - binding parameter [6] as [TIMESTAMP] - [2025-08-03T20:00:12.440971]
2025-08-03 20:00:12 - binding parameter [7] as [VARCHAR] - [user1]
2025-08-03 20:00:12 - binding parameter [8] as [BIGINT] - [44]
2025-08-03 20:00:12 - binding parameter [9] as [BIGINT] - [9]
2025-08-03 20:00:12 - binding parameter [10] as [BIGINT] - [43]
2025-08-03 20:00:12 - binding parameter [1] as [VARCHAR] - [Test User 2]
2025-08-03 20:00:12 - binding parameter [2] as [VARCHAR] - [TEST002345678901]
2025-08-03 20:00:12 - binding parameter [3] as [NUMERIC] - [940.00]
2025-08-03 20:00:12 - binding parameter [4] as [VARCHAR] - [USD]
2025-08-03 20:00:12 - binding parameter [5] as [VARCHAR] - [ACTIVE]
2025-08-03 20:00:12 - binding parameter [6] as [TIMESTAMP] - [2025-08-03T20:00:12.441324]
2025-08-03 20:00:12 - binding parameter [7] as [VARCHAR] - [user2]
2025-08-03 20:00:12 - binding parameter [8] as [BIGINT] - [44]
2025-08-03 20:00:12 - binding parameter [9] as [BIGINT] - [10]
2025-08-03 20:00:12 - binding parameter [10] as [BIGINT] - [43]
2025-08-03 20:00:12 - binding parameter [1] as [NUMERIC] - [10.00]
2025-08-03 20:00:12 - binding parameter [2] as [TIMESTAMP] - [2025-08-03T20:00:12.440713]
2025-08-03 20:00:12 - binding parameter [3] as [VARCHAR] - [USD]
2025-08-03 20:00:12 - binding parameter [4] as [VARCHAR] - [Concurrent transfer test]
2025-08-03 20:00:12 - binding parameter [5] as [VARCHAR] - [null]
2025-08-03 20:00:12 - binding parameter [6] as [BIGINT] - [9]
2025-08-03 20:00:12 - binding parameter [7] as [TIMESTAMP] - [2025-08-03T20:00:12.440550]
2025-08-03 20:00:12 - binding parameter [8] as [VARCHAR] - [COMPLETED]
2025-08-03 20:00:12 - binding parameter [9] as [BIGINT] - [10]
2025-08-03 20:00:12 - binding parameter [10] as [VARCHAR] - [TXN-08D10A4594D4429A]
2025-08-03 20:00:12 - binding parameter [11] as [TIMESTAMP] - [2025-08-03T20:00:12.441673]
2025-08-03 20:00:12 - binding parameter [12] as [BIGINT] - [1]
2025-08-03 20:00:12 - binding parameter [13] as [BIGINT] - [44]
2025-08-03 20:00:12 - binding parameter [14] as [BIGINT] - [0]
2025-08-03 20:00:12 - Processing transfer request: TransferRequest{fromAccountNumber='TEST001234567890', toAccountNumber='TEST002345678901', amount=10.00, currency=USD, description='Concurrent transfer test'}
2025-08-03 20:00:12 - binding parameter [1] as [VARCHAR] - [TEST001234567890]
2025-08-03 20:00:12 - binding parameter [1] as [VARCHAR] - [TEST002345678901]
2025-08-03 20:00:12 - binding parameter [1] as [NUMERIC] - [10.00]
2025-08-03 20:00:12 - binding parameter [2] as [TIMESTAMP] - [null]
2025-08-03 20:00:12 - binding parameter [3] as [TIMESTAMP] - [2025-08-03T20:00:12.443520]
2025-08-03 20:00:12 - binding parameter [4] as [VARCHAR] - [USD]
2025-08-03 20:00:12 - binding parameter [5] as [VARCHAR] - [Concurrent transfer test]
2025-08-03 20:00:12 - binding parameter [6] as [VARCHAR] - [null]
2025-08-03 20:00:12 - binding parameter [7] as [BIGINT] - [9]
2025-08-03 20:00:12 - binding parameter [8] as [TIMESTAMP] - [null]
2025-08-03 20:00:12 - binding parameter [9] as [VARCHAR] - [PENDING]
2025-08-03 20:00:12 - binding parameter [10] as [BIGINT] - [10]
2025-08-03 20:00:12 - binding parameter [11] as [VARCHAR] - [TXN-22FF30A1F3C54E0C]
2025-08-03 20:00:12 - binding parameter [12] as [TIMESTAMP] - [2025-08-03T20:00:12.443528]
2025-08-03 20:00:12 - binding parameter [13] as [BIGINT] - [0]
2025-08-03 20:00:12 - Transfer completed successfully: TXN-22FF30A1F3C54E0C
2025-08-03 20:00:12 - binding parameter [1] as [VARCHAR] - [Test User 1]
2025-08-03 20:00:12 - binding parameter [2] as [VARCHAR] - [TEST001234567890]
2025-08-03 20:00:12 - binding parameter [3] as [NUMERIC] - [550.00]
2025-08-03 20:00:12 - binding parameter [4] as [VARCHAR] - [USD]
2025-08-03 20:00:12 - binding parameter [5] as [VARCHAR] - [ACTIVE]
2025-08-03 20:00:12 - binding parameter [6] as [TIMESTAMP] - [2025-08-03T20:00:12.444373]
2025-08-03 20:00:12 - binding parameter [7] as [VARCHAR] - [user1]
2025-08-03 20:00:12 - binding parameter [8] as [BIGINT] - [45]
2025-08-03 20:00:12 - binding parameter [9] as [BIGINT] - [9]
2025-08-03 20:00:12 - binding parameter [10] as [BIGINT] - [44]
2025-08-03 20:00:12 - binding parameter [1] as [VARCHAR] - [Test User 2]
2025-08-03 20:00:12 - binding parameter [2] as [VARCHAR] - [TEST002345678901]
2025-08-03 20:00:12 - binding parameter [3] as [NUMERIC] - [950.00]
2025-08-03 20:00:12 - binding parameter [4] as [VARCHAR] - [USD]
2025-08-03 20:00:12 - binding parameter [5] as [VARCHAR] - [ACTIVE]
2025-08-03 20:00:12 - binding parameter [6] as [TIMESTAMP] - [2025-08-03T20:00:12.444779]
2025-08-03 20:00:12 - binding parameter [7] as [VARCHAR] - [user2]
2025-08-03 20:00:12 - binding parameter [8] as [BIGINT] - [45]
2025-08-03 20:00:12 - binding parameter [9] as [BIGINT] - [10]
2025-08-03 20:00:12 - binding parameter [10] as [BIGINT] - [44]
2025-08-03 20:00:12 - binding parameter [1] as [NUMERIC] - [10.00]
2025-08-03 20:00:12 - binding parameter [2] as [TIMESTAMP] - [2025-08-03T20:00:12.444145]
2025-08-03 20:00:12 - binding parameter [3] as [VARCHAR] - [USD]
2025-08-03 20:00:12 - binding parameter [4] as [VARCHAR] - [Concurrent transfer test]
2025-08-03 20:00:12 - binding parameter [5] as [VARCHAR] - [null]
2025-08-03 20:00:12 - binding parameter [6] as [BIGINT] - [9]
2025-08-03 20:00:12 - binding parameter [7] as [TIMESTAMP] - [2025-08-03T20:00:12.443996]
2025-08-03 20:00:12 - binding parameter [8] as [VARCHAR] - [COMPLETED]
2025-08-03 20:00:12 - binding parameter [9] as [BIGINT] - [10]
2025-08-03 20:00:12 - binding parameter [10] as [VARCHAR] - [TXN-22FF30A1F3C54E0C]
2025-08-03 20:00:12 - binding parameter [11] as [TIMESTAMP] - [2025-08-03T20:00:12.445668]
2025-08-03 20:00:12 - binding parameter [12] as [BIGINT] - [1]
2025-08-03 20:00:12 - binding parameter [13] as [BIGINT] - [45]
2025-08-03 20:00:12 - binding parameter [14] as [BIGINT] - [0]
2025-08-03 20:00:12 - binding parameter [1] as [VARCHAR] - [TEST002345678901]
2025-08-03 20:00:12 - binding parameter [1] as [NUMERIC] - [10.00]
2025-08-03 20:00:12 - binding parameter [2] as [TIMESTAMP] - [null]
2025-08-03 20:00:12 - binding parameter [3] as [TIMESTAMP] - [2025-08-03T20:00:12.450620]
2025-08-03 20:00:12 - binding parameter [4] as [VARCHAR] - [USD]
2025-08-03 20:00:12 - binding parameter [5] as [VARCHAR] - [Concurrent transfer test]
2025-08-03 20:00:12 - binding parameter [6] as [VARCHAR] - [null]
2025-08-03 20:00:12 - binding parameter [7] as [BIGINT] - [9]
2025-08-03 20:00:12 - binding parameter [8] as [TIMESTAMP] - [null]
2025-08-03 20:00:12 - binding parameter [9] as [VARCHAR] - [PENDING]
2025-08-03 20:00:12 - binding parameter [10] as [BIGINT] - [10]
2025-08-03 20:00:12 - binding parameter [11] as [VARCHAR] - [TXN-2C1AB52C6EE04D6A]
2025-08-03 20:00:12 - binding parameter [12] as [TIMESTAMP] - [2025-08-03T20:00:12.450633]
2025-08-03 20:00:12 - binding parameter [13] as [BIGINT] - [0]
2025-08-03 20:00:12 - Transfer completed successfully: TXN-2C1AB52C6EE04D6A
2025-08-03 20:00:12 - binding parameter [1] as [VARCHAR] - [Test User 1]
2025-08-03 20:00:12 - binding parameter [2] as [VARCHAR] - [TEST001234567890]
2025-08-03 20:00:12 - binding parameter [3] as [NUMERIC] - [540.00]
2025-08-03 20:00:12 - binding parameter [4] as [VARCHAR] - [USD]
2025-08-03 20:00:12 - binding parameter [5] as [VARCHAR] - [ACTIVE]
2025-08-03 20:00:12 - binding parameter [6] as [TIMESTAMP] - [2025-08-03T20:00:12.452554]
2025-08-03 20:00:12 - binding parameter [7] as [VARCHAR] - [user1]
2025-08-03 20:00:12 - binding parameter [8] as [BIGINT] - [46]
2025-08-03 20:00:12 - binding parameter [9] as [BIGINT] - [9]
2025-08-03 20:00:12 - binding parameter [10] as [BIGINT] - [45]
2025-08-03 20:00:12 - binding parameter [1] as [VARCHAR] - [Test User 2]
2025-08-03 20:00:12 - binding parameter [2] as [VARCHAR] - [TEST002345678901]
2025-08-03 20:00:12 - binding parameter [3] as [NUMERIC] - [960.00]
2025-08-03 20:00:12 - binding parameter [4] as [VARCHAR] - [USD]
2025-08-03 20:00:12 - binding parameter [5] as [VARCHAR] - [ACTIVE]
2025-08-03 20:00:12 - binding parameter [6] as [TIMESTAMP] - [2025-08-03T20:00:12.452960]
2025-08-03 20:00:12 - binding parameter [7] as [VARCHAR] - [user2]
2025-08-03 20:00:12 - binding parameter [8] as [BIGINT] - [46]
2025-08-03 20:00:12 - binding parameter [9] as [BIGINT] - [10]
2025-08-03 20:00:12 - binding parameter [10] as [BIGINT] - [45]
2025-08-03 20:00:12 - binding parameter [1] as [NUMERIC] - [10.00]
2025-08-03 20:00:12 - binding parameter [2] as [TIMESTAMP] - [2025-08-03T20:00:12.451997]
2025-08-03 20:00:12 - binding parameter [3] as [VARCHAR] - [USD]
2025-08-03 20:00:12 - binding parameter [4] as [VARCHAR] - [Concurrent transfer test]
2025-08-03 20:00:12 - binding parameter [5] as [VARCHAR] - [null]
2025-08-03 20:00:12 - binding parameter [6] as [BIGINT] - [9]
2025-08-03 20:00:12 - binding parameter [7] as [TIMESTAMP] - [2025-08-03T20:00:12.451374]
2025-08-03 20:00:12 - binding parameter [8] as [VARCHAR] - [COMPLETED]
2025-08-03 20:00:12 - binding parameter [9] as [BIGINT] - [10]
2025-08-03 20:00:12 - binding parameter [10] as [VARCHAR] - [TXN-2C1AB52C6EE04D6A]
2025-08-03 20:00:12 - binding parameter [11] as [TIMESTAMP] - [2025-08-03T20:00:12.453209]
2025-08-03 20:00:12 - binding parameter [12] as [BIGINT] - [1]
2025-08-03 20:00:12 - binding parameter [13] as [BIGINT] - [46]
2025-08-03 20:00:12 - binding parameter [14] as [BIGINT] - [0]
2025-08-03 20:00:12 - Processing transfer request: TransferRequest{fromAccountNumber='TEST001234567890', toAccountNumber='TEST002345678901', amount=10.00, currency=USD, description='Concurrent transfer test'}
2025-08-03 20:00:12 - binding parameter [1] as [VARCHAR] - [TEST001234567890]
2025-08-03 20:00:12 - binding parameter [1] as [VARCHAR] - [TEST002345678901]
2025-08-03 20:00:12 - binding parameter [1] as [NUMERIC] - [10.00]
2025-08-03 20:00:12 - binding parameter [2] as [TIMESTAMP] - [null]
2025-08-03 20:00:12 - binding parameter [3] as [TIMESTAMP] - [2025-08-03T20:00:12.454874]
2025-08-03 20:00:12 - binding parameter [4] as [VARCHAR] - [USD]
2025-08-03 20:00:12 - binding parameter [5] as [VARCHAR] - [Concurrent transfer test]
2025-08-03 20:00:12 - binding parameter [6] as [VARCHAR] - [null]
2025-08-03 20:00:12 - binding parameter [7] as [BIGINT] - [9]
2025-08-03 20:00:12 - binding parameter [8] as [TIMESTAMP] - [null]
2025-08-03 20:00:12 - binding parameter [9] as [VARCHAR] - [PENDING]
2025-08-03 20:00:12 - binding parameter [10] as [BIGINT] - [10]
2025-08-03 20:00:12 - binding parameter [11] as [VARCHAR] - [TXN-CAE672196B37466B]
2025-08-03 20:00:12 - binding parameter [12] as [TIMESTAMP] - [2025-08-03T20:00:12.454880]
2025-08-03 20:00:12 - binding parameter [13] as [BIGINT] - [0]
2025-08-03 20:00:12 - Transfer completed successfully: TXN-CAE672196B37466B
2025-08-03 20:00:12 - binding parameter [1] as [VARCHAR] - [Test User 1]
2025-08-03 20:00:12 - binding parameter [2] as [VARCHAR] - [TEST001234567890]
2025-08-03 20:00:12 - binding parameter [3] as [NUMERIC] - [530.00]
2025-08-03 20:00:12 - binding parameter [4] as [VARCHAR] - [USD]
2025-08-03 20:00:12 - binding parameter [5] as [VARCHAR] - [ACTIVE]
2025-08-03 20:00:12 - binding parameter [6] as [TIMESTAMP] - [2025-08-03T20:00:12.456316]
2025-08-03 20:00:12 - binding parameter [7] as [VARCHAR] - [user1]
2025-08-03 20:00:12 - binding parameter [8] as [BIGINT] - [47]
2025-08-03 20:00:12 - binding parameter [9] as [BIGINT] - [9]
2025-08-03 20:00:12 - binding parameter [10] as [BIGINT] - [46]
2025-08-03 20:00:12 - binding parameter [1] as [VARCHAR] - [Test User 2]
2025-08-03 20:00:12 - binding parameter [2] as [VARCHAR] - [TEST002345678901]
2025-08-03 20:00:12 - binding parameter [3] as [NUMERIC] - [970.00]
2025-08-03 20:00:12 - binding parameter [4] as [VARCHAR] - [USD]
2025-08-03 20:00:12 - binding parameter [5] as [VARCHAR] - [ACTIVE]
2025-08-03 20:00:12 - binding parameter [6] as [TIMESTAMP] - [2025-08-03T20:00:12.457629]
2025-08-03 20:00:12 - binding parameter [7] as [VARCHAR] - [user2]
2025-08-03 20:00:12 - binding parameter [8] as [BIGINT] - [47]
2025-08-03 20:00:12 - binding parameter [9] as [BIGINT] - [10]
2025-08-03 20:00:12 - binding parameter [10] as [BIGINT] - [46]
2025-08-03 20:00:12 - binding parameter [1] as [NUMERIC] - [10.00]
2025-08-03 20:00:12 - binding parameter [2] as [TIMESTAMP] - [2025-08-03T20:00:12.455660]
2025-08-03 20:00:12 - binding parameter [3] as [VARCHAR] - [USD]
2025-08-03 20:00:12 - binding parameter [4] as [VARCHAR] - [Concurrent transfer test]
2025-08-03 20:00:12 - binding parameter [5] as [VARCHAR] - [null]
2025-08-03 20:00:12 - binding parameter [6] as [BIGINT] - [9]
2025-08-03 20:00:12 - binding parameter [7] as [TIMESTAMP] - [2025-08-03T20:00:12.455481]
2025-08-03 20:00:12 - binding parameter [8] as [VARCHAR] - [COMPLETED]
2025-08-03 20:00:12 - binding parameter [9] as [BIGINT] - [10]
2025-08-03 20:00:12 - binding parameter [10] as [VARCHAR] - [TXN-CAE672196B37466B]
2025-08-03 20:00:12 - binding parameter [11] as [TIMESTAMP] - [2025-08-03T20:00:12.458141]
2025-08-03 20:00:12 - binding parameter [12] as [BIGINT] - [1]
2025-08-03 20:00:12 - binding parameter [13] as [BIGINT] - [47]
2025-08-03 20:00:12 - binding parameter [14] as [BIGINT] - [0]
2025-08-03 20:00:12 - Processing transfer request: TransferRequest{fromAccountNumber='TEST001234567890', toAccountNumber='TEST002345678901', amount=10.00, currency=USD, description='Concurrent transfer test'}
2025-08-03 20:00:12 - binding parameter [1] as [VARCHAR] - [TEST001234567890]
2025-08-03 20:00:12 - binding parameter [1] as [VARCHAR] - [TEST002345678901]
2025-08-03 20:00:12 - binding parameter [1] as [NUMERIC] - [10.00]
2025-08-03 20:00:12 - binding parameter [2] as [TIMESTAMP] - [null]
2025-08-03 20:00:12 - binding parameter [3] as [TIMESTAMP] - [2025-08-03T20:00:12.460321]
2025-08-03 20:00:12 - binding parameter [4] as [VARCHAR] - [USD]
2025-08-03 20:00:12 - binding parameter [5] as [VARCHAR] - [Concurrent transfer test]
2025-08-03 20:00:12 - binding parameter [6] as [VARCHAR] - [null]
2025-08-03 20:00:12 - binding parameter [7] as [BIGINT] - [9]
2025-08-03 20:00:12 - binding parameter [8] as [TIMESTAMP] - [null]
2025-08-03 20:00:12 - binding parameter [9] as [VARCHAR] - [PENDING]
2025-08-03 20:00:12 - binding parameter [10] as [BIGINT] - [10]
2025-08-03 20:00:12 - binding parameter [11] as [VARCHAR] - [TXN-53EFB227ABB34434]
2025-08-03 20:00:12 - binding parameter [12] as [TIMESTAMP] - [2025-08-03T20:00:12.460329]
2025-08-03 20:00:12 - binding parameter [13] as [BIGINT] - [0]
2025-08-03 20:00:12 - Transfer completed successfully: TXN-53EFB227ABB34434
2025-08-03 20:00:12 - binding parameter [1] as [VARCHAR] - [Test User 1]
2025-08-03 20:00:12 - binding parameter [2] as [VARCHAR] - [TEST001234567890]
2025-08-03 20:00:12 - binding parameter [3] as [NUMERIC] - [520.00]
2025-08-03 20:00:12 - binding parameter [4] as [VARCHAR] - [USD]
2025-08-03 20:00:12 - binding parameter [5] as [VARCHAR] - [ACTIVE]
2025-08-03 20:00:12 - binding parameter [6] as [TIMESTAMP] - [2025-08-03T20:00:12.461413]
2025-08-03 20:00:12 - binding parameter [7] as [VARCHAR] - [user1]
2025-08-03 20:00:12 - binding parameter [8] as [BIGINT] - [48]
2025-08-03 20:00:12 - binding parameter [9] as [BIGINT] - [9]
2025-08-03 20:00:12 - binding parameter [10] as [BIGINT] - [47]
2025-08-03 20:00:12 - binding parameter [1] as [VARCHAR] - [Test User 2]
2025-08-03 20:00:12 - binding parameter [2] as [VARCHAR] - [TEST002345678901]
2025-08-03 20:00:12 - binding parameter [3] as [NUMERIC] - [980.00]
2025-08-03 20:00:12 - binding parameter [4] as [VARCHAR] - [USD]
2025-08-03 20:00:12 - binding parameter [5] as [VARCHAR] - [ACTIVE]
2025-08-03 20:00:12 - binding parameter [6] as [TIMESTAMP] - [2025-08-03T20:00:12.461695]
2025-08-03 20:00:12 - binding parameter [7] as [VARCHAR] - [user2]
2025-08-03 20:00:12 - binding parameter [8] as [BIGINT] - [48]
2025-08-03 20:00:12 - binding parameter [9] as [BIGINT] - [10]
2025-08-03 20:00:12 - binding parameter [10] as [BIGINT] - [47]
2025-08-03 20:00:12 - binding parameter [1] as [NUMERIC] - [10.00]
2025-08-03 20:00:12 - binding parameter [2] as [TIMESTAMP] - [2025-08-03T20:00:12.461166]
2025-08-03 20:00:12 - binding parameter [3] as [VARCHAR] - [USD]
2025-08-03 20:00:12 - binding parameter [4] as [VARCHAR] - [Concurrent transfer test]
2025-08-03 20:00:12 - binding parameter [5] as [VARCHAR] - [null]
2025-08-03 20:00:12 - binding parameter [6] as [BIGINT] - [9]
2025-08-03 20:00:12 - binding parameter [7] as [TIMESTAMP] - [2025-08-03T20:00:12.460786]
2025-08-03 20:00:12 - binding parameter [8] as [VARCHAR] - [COMPLETED]
2025-08-03 20:00:12 - binding parameter [9] as [BIGINT] - [10]
2025-08-03 20:00:12 - binding parameter [10] as [VARCHAR] - [TXN-53EFB227ABB34434]
2025-08-03 20:00:12 - binding parameter [11] as [TIMESTAMP] - [2025-08-03T20:00:12.461872]
2025-08-03 20:00:12 - binding parameter [12] as [BIGINT] - [1]
2025-08-03 20:00:12 - binding parameter [13] as [BIGINT] - [48]
2025-08-03 20:00:12 - binding parameter [14] as [BIGINT] - [0]
2025-08-03 20:00:12 - Processing transfer request: TransferRequest{fromAccountNumber='TEST001234567890', toAccountNumber='TEST002345678901', amount=10.00, currency=USD, description='Concurrent transfer test'}
2025-08-03 20:00:12 - binding parameter [1] as [VARCHAR] - [TEST001234567890]
2025-08-03 20:00:12 - binding parameter [1] as [VARCHAR] - [TEST002345678901]
2025-08-03 20:00:12 - binding parameter [1] as [NUMERIC] - [10.00]
2025-08-03 20:00:12 - binding parameter [2] as [TIMESTAMP] - [null]
2025-08-03 20:00:12 - binding parameter [3] as [TIMESTAMP] - [2025-08-03T20:00:12.464127]
2025-08-03 20:00:12 - binding parameter [4] as [VARCHAR] - [USD]
2025-08-03 20:00:12 - binding parameter [5] as [VARCHAR] - [Concurrent transfer test]
2025-08-03 20:00:12 - binding parameter [6] as [VARCHAR] - [null]
2025-08-03 20:00:12 - binding parameter [7] as [BIGINT] - [9]
2025-08-03 20:00:12 - binding parameter [8] as [TIMESTAMP] - [null]
2025-08-03 20:00:12 - binding parameter [9] as [VARCHAR] - [PENDING]
2025-08-03 20:00:12 - binding parameter [10] as [BIGINT] - [10]
2025-08-03 20:00:12 - binding parameter [11] as [VARCHAR] - [TXN-0E0186E69AE84598]
2025-08-03 20:00:12 - binding parameter [12] as [TIMESTAMP] - [2025-08-03T20:00:12.464133]
2025-08-03 20:00:12 - binding parameter [13] as [BIGINT] - [0]
2025-08-03 20:00:12 - Transfer completed successfully: TXN-0E0186E69AE84598
2025-08-03 20:00:12 - binding parameter [1] as [VARCHAR] - [Test User 1]
2025-08-03 20:00:12 - binding parameter [2] as [VARCHAR] - [TEST001234567890]
2025-08-03 20:00:12 - binding parameter [3] as [NUMERIC] - [510.00]
2025-08-03 20:00:12 - binding parameter [4] as [VARCHAR] - [USD]
2025-08-03 20:00:12 - binding parameter [5] as [VARCHAR] - [ACTIVE]
2025-08-03 20:00:12 - binding parameter [6] as [TIMESTAMP] - [2025-08-03T20:00:12.466914]
2025-08-03 20:00:12 - binding parameter [7] as [VARCHAR] - [user1]
2025-08-03 20:00:12 - binding parameter [8] as [BIGINT] - [49]
2025-08-03 20:00:12 - binding parameter [9] as [BIGINT] - [9]
2025-08-03 20:00:12 - binding parameter [10] as [BIGINT] - [48]
2025-08-03 20:00:12 - binding parameter [1] as [VARCHAR] - [Test User 2]
2025-08-03 20:00:12 - binding parameter [2] as [VARCHAR] - [TEST002345678901]
2025-08-03 20:00:12 - binding parameter [3] as [NUMERIC] - [990.00]
2025-08-03 20:00:12 - binding parameter [4] as [VARCHAR] - [USD]
2025-08-03 20:00:12 - binding parameter [5] as [VARCHAR] - [ACTIVE]
2025-08-03 20:00:12 - binding parameter [6] as [TIMESTAMP] - [2025-08-03T20:00:12.467565]
2025-08-03 20:00:12 - binding parameter [7] as [VARCHAR] - [user2]
2025-08-03 20:00:12 - binding parameter [8] as [BIGINT] - [49]
2025-08-03 20:00:12 - binding parameter [9] as [BIGINT] - [10]
2025-08-03 20:00:12 - binding parameter [10] as [BIGINT] - [48]
2025-08-03 20:00:12 - binding parameter [1] as [NUMERIC] - [10.00]
2025-08-03 20:00:12 - binding parameter [2] as [TIMESTAMP] - [2025-08-03T20:00:12.466400]
2025-08-03 20:00:12 - binding parameter [3] as [VARCHAR] - [USD]
2025-08-03 20:00:12 - binding parameter [4] as [VARCHAR] - [Concurrent transfer test]
2025-08-03 20:00:12 - binding parameter [5] as [VARCHAR] - [null]
2025-08-03 20:00:12 - binding parameter [6] as [BIGINT] - [9]
2025-08-03 20:00:12 - binding parameter [7] as [TIMESTAMP] - [2025-08-03T20:00:12.465746]
2025-08-03 20:00:12 - binding parameter [8] as [VARCHAR] - [COMPLETED]
2025-08-03 20:00:12 - binding parameter [9] as [BIGINT] - [10]
2025-08-03 20:00:12 - binding parameter [10] as [VARCHAR] - [TXN-0E0186E69AE84598]
2025-08-03 20:00:12 - binding parameter [11] as [TIMESTAMP] - [2025-08-03T20:00:12.467830]
2025-08-03 20:00:12 - binding parameter [12] as [BIGINT] - [1]
2025-08-03 20:00:12 - binding parameter [13] as [BIGINT] - [49]
2025-08-03 20:00:12 - binding parameter [14] as [BIGINT] - [0]
2025-08-03 20:00:12 - binding parameter [1] as [VARCHAR] - [TEST002345678901]
2025-08-03 20:00:12 - binding parameter [1] as [NUMERIC] - [10.00]
2025-08-03 20:00:12 - binding parameter [2] as [TIMESTAMP] - [null]
2025-08-03 20:00:12 - binding parameter [3] as [TIMESTAMP] - [2025-08-03T20:00:12.471561]
2025-08-03 20:00:12 - binding parameter [4] as [VARCHAR] - [USD]
2025-08-03 20:00:12 - binding parameter [5] as [VARCHAR] - [Concurrent transfer test]
2025-08-03 20:00:12 - binding parameter [6] as [VARCHAR] - [null]
2025-08-03 20:00:12 - binding parameter [7] as [BIGINT] - [9]
2025-08-03 20:00:12 - binding parameter [8] as [TIMESTAMP] - [null]
2025-08-03 20:00:12 - binding parameter [9] as [VARCHAR] - [PENDING]
2025-08-03 20:00:12 - binding parameter [10] as [BIGINT] - [10]
2025-08-03 20:00:12 - binding parameter [11] as [VARCHAR] - [TXN-40C17311009F4460]
2025-08-03 20:00:12 - binding parameter [12] as [TIMESTAMP] - [2025-08-03T20:00:12.471570]
2025-08-03 20:00:12 - binding parameter [13] as [BIGINT] - [0]
2025-08-03 20:00:12 - Transfer completed successfully: TXN-40C17311009F4460
2025-08-03 20:00:12 - binding parameter [1] as [VARCHAR] - [Test User 1]
2025-08-03 20:00:12 - binding parameter [2] as [VARCHAR] - [TEST001234567890]
2025-08-03 20:00:12 - binding parameter [3] as [NUMERIC] - [500.00]
2025-08-03 20:00:12 - binding parameter [4] as [VARCHAR] - [USD]
2025-08-03 20:00:12 - binding parameter [5] as [VARCHAR] - [ACTIVE]
2025-08-03 20:00:12 - binding parameter [6] as [TIMESTAMP] - [2025-08-03T20:00:12.476207]
2025-08-03 20:00:12 - binding parameter [7] as [VARCHAR] - [user1]
2025-08-03 20:00:12 - binding parameter [8] as [BIGINT] - [50]
2025-08-03 20:00:12 - binding parameter [9] as [BIGINT] - [9]
2025-08-03 20:00:12 - binding parameter [10] as [BIGINT] - [49]
2025-08-03 20:00:12 - binding parameter [1] as [VARCHAR] - [Test User 2]
2025-08-03 20:00:12 - binding parameter [2] as [VARCHAR] - [TEST002345678901]
2025-08-03 20:00:12 - binding parameter [3] as [NUMERIC] - [1000.00]
2025-08-03 20:00:12 - binding parameter [4] as [VARCHAR] - [USD]
2025-08-03 20:00:12 - binding parameter [5] as [VARCHAR] - [ACTIVE]
2025-08-03 20:00:12 - binding parameter [6] as [TIMESTAMP] - [2025-08-03T20:00:12.476612]
2025-08-03 20:00:12 - binding parameter [7] as [VARCHAR] - [user2]
2025-08-03 20:00:12 - binding parameter [8] as [BIGINT] - [50]
2025-08-03 20:00:12 - binding parameter [9] as [BIGINT] - [10]
2025-08-03 20:00:12 - binding parameter [10] as [BIGINT] - [49]
2025-08-03 20:00:12 - binding parameter [1] as [NUMERIC] - [10.00]
2025-08-03 20:00:12 - binding parameter [2] as [TIMESTAMP] - [2025-08-03T20:00:12.475863]
2025-08-03 20:00:12 - binding parameter [3] as [VARCHAR] - [USD]
2025-08-03 20:00:12 - binding parameter [4] as [VARCHAR] - [Concurrent transfer test]
2025-08-03 20:00:12 - binding parameter [5] as [VARCHAR] - [null]
2025-08-03 20:00:12 - binding parameter [6] as [BIGINT] - [9]
2025-08-03 20:00:12 - binding parameter [7] as [TIMESTAMP] - [2025-08-03T20:00:12.475663]
2025-08-03 20:00:12 - binding parameter [8] as [VARCHAR] - [COMPLETED]
2025-08-03 20:00:12 - binding parameter [9] as [BIGINT] - [10]
2025-08-03 20:00:12 - binding parameter [10] as [VARCHAR] - [TXN-40C17311009F4460]
2025-08-03 20:00:12 - binding parameter [11] as [TIMESTAMP] - [2025-08-03T20:00:12.477097]
2025-08-03 20:00:12 - binding parameter [12] as [BIGINT] - [1]
2025-08-03 20:00:12 - binding parameter [13] as [BIGINT] - [50]
2025-08-03 20:00:12 - binding parameter [14] as [BIGINT] - [0]
]]></system-out>
  </testcase>
  <testcase name="testInsufficientFundsHandling" classname="com.moneytransfer.service.TransferServiceConcurrencyTest" time="0.02">
    <failure message="Unexpected exception type thrown ==&gt; expected: &lt;com.moneytransfer.exception.InsufficientFundsException&gt; but was: &lt;com.moneytransfer.exception.TransferException&gt;" type="org.opentest4j.AssertionFailedError"><![CDATA[org.opentest4j.AssertionFailedError: Unexpected exception type thrown ==> expected: <com.moneytransfer.exception.InsufficientFundsException> but was: <com.moneytransfer.exception.TransferException>
	at com.moneytransfer.service.TransferServiceConcurrencyTest.testInsufficientFundsHandling(TransferServiceConcurrencyTest.java:207)
Caused by: com.moneytransfer.exception.TransferException: Transfer processing failed: Insufficient funds in account: TEST002345678901
	at com.moneytransfer.service.TransferServiceConcurrencyTest.lambda$testInsufficientFundsHandling$3(TransferServiceConcurrencyTest.java:208)
	at com.moneytransfer.service.TransferServiceConcurrencyTest.testInsufficientFundsHandling(TransferServiceConcurrencyTest.java:207)
Caused by: com.moneytransfer.exception.InsufficientFundsException: Insufficient funds in account: TEST002345678901
	at com.moneytransfer.service.TransferServiceConcurrencyTest.lambda$testInsufficientFundsHandling$3(TransferServiceConcurrencyTest.java:208)
	at com.moneytransfer.service.TransferServiceConcurrencyTest.testInsufficientFundsHandling(TransferServiceConcurrencyTest.java:207)
]]></failure>
    <system-out><![CDATA[2025-08-03 20:00:12 - binding parameter [1] as [BIGINT] - [1]
2025-08-03 20:00:12 - binding parameter [2] as [BIGINT] - [1]
2025-08-03 20:00:12 - binding parameter [1] as [BIGINT] - [2]
2025-08-03 20:00:12 - binding parameter [2] as [BIGINT] - [1]
2025-08-03 20:00:12 - binding parameter [1] as [BIGINT] - [3]
2025-08-03 20:00:12 - binding parameter [2] as [BIGINT] - [1]
2025-08-03 20:00:12 - binding parameter [1] as [BIGINT] - [4]
2025-08-03 20:00:12 - binding parameter [2] as [BIGINT] - [1]
2025-08-03 20:00:12 - binding parameter [1] as [BIGINT] - [5]
2025-08-03 20:00:12 - binding parameter [2] as [BIGINT] - [1]
2025-08-03 20:00:12 - binding parameter [1] as [BIGINT] - [6]
2025-08-03 20:00:12 - binding parameter [2] as [BIGINT] - [1]
2025-08-03 20:00:12 - binding parameter [1] as [BIGINT] - [7]
2025-08-03 20:00:12 - binding parameter [2] as [BIGINT] - [1]
2025-08-03 20:00:12 - binding parameter [1] as [BIGINT] - [8]
2025-08-03 20:00:12 - binding parameter [2] as [BIGINT] - [1]
2025-08-03 20:00:12 - binding parameter [1] as [BIGINT] - [9]
2025-08-03 20:00:12 - binding parameter [2] as [BIGINT] - [1]
2025-08-03 20:00:12 - binding parameter [1] as [BIGINT] - [10]
2025-08-03 20:00:12 - binding parameter [2] as [BIGINT] - [1]
2025-08-03 20:00:12 - binding parameter [1] as [BIGINT] - [11]
2025-08-03 20:00:12 - binding parameter [2] as [BIGINT] - [1]
2025-08-03 20:00:12 - binding parameter [1] as [BIGINT] - [12]
2025-08-03 20:00:12 - binding parameter [2] as [BIGINT] - [1]
2025-08-03 20:00:12 - binding parameter [1] as [BIGINT] - [13]
2025-08-03 20:00:12 - binding parameter [2] as [BIGINT] - [1]
2025-08-03 20:00:12 - binding parameter [1] as [BIGINT] - [14]
2025-08-03 20:00:12 - binding parameter [2] as [BIGINT] - [1]
2025-08-03 20:00:12 - binding parameter [1] as [BIGINT] - [15]
2025-08-03 20:00:12 - binding parameter [2] as [BIGINT] - [1]
2025-08-03 20:00:12 - binding parameter [1] as [BIGINT] - [16]
2025-08-03 20:00:12 - binding parameter [2] as [BIGINT] - [1]
2025-08-03 20:00:12 - binding parameter [1] as [BIGINT] - [17]
2025-08-03 20:00:12 - binding parameter [2] as [BIGINT] - [1]
2025-08-03 20:00:12 - binding parameter [1] as [BIGINT] - [18]
2025-08-03 20:00:12 - binding parameter [2] as [BIGINT] - [1]
2025-08-03 20:00:12 - binding parameter [1] as [BIGINT] - [19]
2025-08-03 20:00:12 - binding parameter [2] as [BIGINT] - [1]
2025-08-03 20:00:12 - binding parameter [1] as [BIGINT] - [20]
2025-08-03 20:00:12 - binding parameter [2] as [BIGINT] - [1]
2025-08-03 20:00:12 - binding parameter [1] as [BIGINT] - [21]
2025-08-03 20:00:12 - binding parameter [2] as [BIGINT] - [1]
2025-08-03 20:00:12 - binding parameter [1] as [BIGINT] - [22]
2025-08-03 20:00:12 - binding parameter [2] as [BIGINT] - [1]
2025-08-03 20:00:12 - binding parameter [1] as [BIGINT] - [23]
2025-08-03 20:00:12 - binding parameter [2] as [BIGINT] - [1]
2025-08-03 20:00:12 - binding parameter [1] as [BIGINT] - [24]
2025-08-03 20:00:12 - binding parameter [2] as [BIGINT] - [1]
2025-08-03 20:00:12 - binding parameter [1] as [BIGINT] - [25]
2025-08-03 20:00:12 - binding parameter [2] as [BIGINT] - [1]
2025-08-03 20:00:12 - binding parameter [1] as [BIGINT] - [26]
2025-08-03 20:00:12 - binding parameter [2] as [BIGINT] - [1]
2025-08-03 20:00:12 - binding parameter [1] as [BIGINT] - [27]
2025-08-03 20:00:12 - binding parameter [2] as [BIGINT] - [1]
2025-08-03 20:00:12 - binding parameter [1] as [BIGINT] - [28]
2025-08-03 20:00:12 - binding parameter [2] as [BIGINT] - [1]
2025-08-03 20:00:12 - binding parameter [1] as [BIGINT] - [29]
2025-08-03 20:00:12 - binding parameter [2] as [BIGINT] - [1]
2025-08-03 20:00:12 - binding parameter [1] as [BIGINT] - [30]
2025-08-03 20:00:12 - binding parameter [2] as [BIGINT] - [1]
2025-08-03 20:00:12 - binding parameter [1] as [BIGINT] - [31]
2025-08-03 20:00:12 - binding parameter [2] as [BIGINT] - [1]
2025-08-03 20:00:12 - binding parameter [1] as [BIGINT] - [32]
2025-08-03 20:00:12 - binding parameter [2] as [BIGINT] - [1]
2025-08-03 20:00:12 - binding parameter [1] as [BIGINT] - [33]
2025-08-03 20:00:12 - binding parameter [2] as [BIGINT] - [1]
2025-08-03 20:00:12 - binding parameter [1] as [BIGINT] - [34]
2025-08-03 20:00:12 - binding parameter [2] as [BIGINT] - [1]
2025-08-03 20:00:12 - binding parameter [1] as [BIGINT] - [35]
2025-08-03 20:00:12 - binding parameter [2] as [BIGINT] - [1]
2025-08-03 20:00:12 - binding parameter [1] as [BIGINT] - [36]
2025-08-03 20:00:12 - binding parameter [2] as [BIGINT] - [1]
2025-08-03 20:00:12 - binding parameter [1] as [BIGINT] - [37]
2025-08-03 20:00:12 - binding parameter [2] as [BIGINT] - [1]
2025-08-03 20:00:12 - binding parameter [1] as [BIGINT] - [38]
2025-08-03 20:00:12 - binding parameter [2] as [BIGINT] - [1]
2025-08-03 20:00:12 - binding parameter [1] as [BIGINT] - [39]
2025-08-03 20:00:12 - binding parameter [2] as [BIGINT] - [1]
2025-08-03 20:00:12 - binding parameter [1] as [BIGINT] - [40]
2025-08-03 20:00:12 - binding parameter [2] as [BIGINT] - [1]
2025-08-03 20:00:12 - binding parameter [1] as [BIGINT] - [41]
2025-08-03 20:00:12 - binding parameter [2] as [BIGINT] - [1]
2025-08-03 20:00:12 - binding parameter [1] as [BIGINT] - [42]
2025-08-03 20:00:12 - binding parameter [2] as [BIGINT] - [1]
2025-08-03 20:00:12 - binding parameter [1] as [BIGINT] - [43]
2025-08-03 20:00:12 - binding parameter [2] as [BIGINT] - [1]
2025-08-03 20:00:12 - binding parameter [1] as [BIGINT] - [44]
2025-08-03 20:00:12 - binding parameter [2] as [BIGINT] - [1]
2025-08-03 20:00:12 - binding parameter [1] as [BIGINT] - [45]
2025-08-03 20:00:12 - binding parameter [2] as [BIGINT] - [1]
2025-08-03 20:00:12 - binding parameter [1] as [BIGINT] - [46]
2025-08-03 20:00:12 - binding parameter [2] as [BIGINT] - [1]
2025-08-03 20:00:12 - binding parameter [1] as [BIGINT] - [47]
2025-08-03 20:00:12 - binding parameter [2] as [BIGINT] - [1]
2025-08-03 20:00:12 - binding parameter [1] as [BIGINT] - [48]
2025-08-03 20:00:12 - binding parameter [2] as [BIGINT] - [1]
2025-08-03 20:00:12 - binding parameter [1] as [BIGINT] - [49]
2025-08-03 20:00:12 - binding parameter [2] as [BIGINT] - [1]
2025-08-03 20:00:12 - binding parameter [1] as [BIGINT] - [50]
2025-08-03 20:00:12 - binding parameter [2] as [BIGINT] - [1]
2025-08-03 20:00:12 - binding parameter [1] as [BIGINT] - [9]
2025-08-03 20:00:12 - binding parameter [2] as [BIGINT] - [50]
2025-08-03 20:00:12 - binding parameter [1] as [BIGINT] - [10]
2025-08-03 20:00:12 - binding parameter [2] as [BIGINT] - [50]
2025-08-03 20:00:12 - binding parameter [1] as [VARCHAR] - [Test User 1]
2025-08-03 20:00:12 - binding parameter [2] as [VARCHAR] - [TEST001234567890]
2025-08-03 20:00:12 - binding parameter [3] as [NUMERIC] - [1000.00]
2025-08-03 20:00:12 - binding parameter [4] as [TIMESTAMP] - [2025-08-03T20:00:12.533451]
2025-08-03 20:00:12 - binding parameter [5] as [VARCHAR] - [USD]
2025-08-03 20:00:12 - binding parameter [6] as [VARCHAR] - [ACTIVE]
2025-08-03 20:00:12 - binding parameter [7] as [TIMESTAMP] - [2025-08-03T20:00:12.533488]
2025-08-03 20:00:12 - binding parameter [8] as [VARCHAR] - [user1]
2025-08-03 20:00:12 - binding parameter [9] as [BIGINT] - [0]
2025-08-03 20:00:12 - binding parameter [1] as [VARCHAR] - [Test User 2]
2025-08-03 20:00:12 - binding parameter [2] as [VARCHAR] - [TEST002345678901]
2025-08-03 20:00:12 - binding parameter [3] as [NUMERIC] - [500.00]
2025-08-03 20:00:12 - binding parameter [4] as [TIMESTAMP] - [2025-08-03T20:00:12.535040]
2025-08-03 20:00:12 - binding parameter [5] as [VARCHAR] - [USD]
2025-08-03 20:00:12 - binding parameter [6] as [VARCHAR] - [ACTIVE]
2025-08-03 20:00:12 - binding parameter [7] as [TIMESTAMP] - [2025-08-03T20:00:12.535047]
2025-08-03 20:00:12 - binding parameter [8] as [VARCHAR] - [user2]
2025-08-03 20:00:12 - binding parameter [9] as [BIGINT] - [0]
2025-08-03 20:00:12 - Processing transfer request: TransferRequest{fromAccountNumber='TEST002345678901', toAccountNumber='TEST001234567890', amount=2000.00, currency=USD, description='Insufficient funds test'}
2025-08-03 20:00:12 - binding parameter [1] as [VARCHAR] - [TEST002345678901]
2025-08-03 20:00:12 - binding parameter [1] as [VARCHAR] - [TEST001234567890]
2025-08-03 20:00:12 - binding parameter [1] as [NUMERIC] - [2000.00]
2025-08-03 20:00:12 - binding parameter [2] as [TIMESTAMP] - [null]
2025-08-03 20:00:12 - binding parameter [3] as [TIMESTAMP] - [2025-08-03T20:00:12.538098]
2025-08-03 20:00:12 - binding parameter [4] as [VARCHAR] - [USD]
2025-08-03 20:00:12 - binding parameter [5] as [VARCHAR] - [Insufficient funds test]
2025-08-03 20:00:12 - binding parameter [6] as [VARCHAR] - [null]
2025-08-03 20:00:12 - binding parameter [7] as [BIGINT] - [12]
2025-08-03 20:00:12 - binding parameter [8] as [TIMESTAMP] - [null]
2025-08-03 20:00:12 - binding parameter [9] as [VARCHAR] - [PENDING]
2025-08-03 20:00:12 - binding parameter [10] as [BIGINT] - [11]
2025-08-03 20:00:12 - binding parameter [11] as [VARCHAR] - [TXN-FF65F52F3D9049AB]
2025-08-03 20:00:12 - binding parameter [12] as [TIMESTAMP] - [2025-08-03T20:00:12.538105]
2025-08-03 20:00:12 - binding parameter [13] as [BIGINT] - [0]
2025-08-03 20:00:12 - Transfer processing failed for transferId: TXN-FF65F52F3D9049AB
com.moneytransfer.exception.InsufficientFundsException: Insufficient funds in account: TEST002345678901
	at com.moneytransfer.service.TransferService.executeTransfer(TransferService.java:174)
	at com.moneytransfer.service.TransferService.processTransferWithLocking(TransferService.java:136)
	at com.moneytransfer.service.TransferService.processTransfer(TransferService.java:80)
	at com.moneytransfer.service.TransferService$$FastClassBySpringCGLIB$$c976fc01.invoke(<generated>)
	at org.springframework.cglib.proxy.MethodProxy.invoke(MethodProxy.java:218)
	at org.springframework.aop.framework.CglibAopProxy$CglibMethodInvocation.invokeJoinpoint(CglibAopProxy.java:792)
	at org.springframework.aop.framework.ReflectiveMethodInvocation.proceed(ReflectiveMethodInvocation.java:163)
	at org.springframework.aop.framework.CglibAopProxy$CglibMethodInvocation.proceed(CglibAopProxy.java:762)
	at org.springframework.transaction.interceptor.TransactionInterceptor$1.proceedWithInvocation(TransactionInterceptor.java:123)
	at org.springframework.transaction.interceptor.TransactionAspectSupport.invokeWithinTransaction(TransactionAspectSupport.java:388)
	at org.springframework.transaction.interceptor.TransactionInterceptor.invoke(TransactionInterceptor.java:119)
	at org.springframework.aop.framework.ReflectiveMethodInvocation.proceed(ReflectiveMethodInvocation.java:186)
	at org.springframework.aop.framework.CglibAopProxy$CglibMethodInvocation.proceed(CglibAopProxy.java:762)
	at org.springframework.aop.framework.CglibAopProxy$DynamicAdvisedInterceptor.intercept(CglibAopProxy.java:707)
	at com.moneytransfer.service.TransferService$$EnhancerBySpringCGLIB$$41260d5e.processTransfer(<generated>)
	at com.moneytransfer.service.TransferServiceConcurrencyTest.lambda$testInsufficientFundsHandling$3(TransferServiceConcurrencyTest.java:208)
	at org.junit.jupiter.api.AssertThrows.assertThrows(AssertThrows.java:55)
	at org.junit.jupiter.api.AssertThrows.assertThrows(AssertThrows.java:37)
	at org.junit.jupiter.api.Assertions.assertThrows(Assertions.java:3082)
	at com.moneytransfer.service.TransferServiceConcurrencyTest.testInsufficientFundsHandling(TransferServiceConcurrencyTest.java:207)
	at java.base/jdk.internal.reflect.NativeMethodAccessorImpl.invoke0(Native Method)
	at java.base/jdk.internal.reflect.NativeMethodAccessorImpl.invoke(NativeMethodAccessorImpl.java:62)
	at java.base/jdk.internal.reflect.DelegatingMethodAccessorImpl.invoke(DelegatingMethodAccessorImpl.java:43)
	at java.base/java.lang.reflect.Method.invoke(Method.java:566)
	at org.junit.platform.commons.util.ReflectionUtils.invokeMethod(ReflectionUtils.java:725)
	at org.junit.jupiter.engine.execution.MethodInvocation.proceed(MethodInvocation.java:60)
	at org.junit.jupiter.engine.execution.InvocationInterceptorChain$ValidatingInvocation.proceed(InvocationInterceptorChain.java:131)
	at org.junit.jupiter.engine.extension.TimeoutExtension.intercept(TimeoutExtension.java:149)
	at org.junit.jupiter.engine.extension.TimeoutExtension.interceptTestableMethod(TimeoutExtension.java:140)
	at org.junit.jupiter.engine.extension.TimeoutExtension.interceptTestMethod(TimeoutExtension.java:84)
	at org.junit.jupiter.engine.execution.ExecutableInvoker$ReflectiveInterceptorCall.lambda$ofVoidMethod$0(ExecutableInvoker.java:115)
	at org.junit.jupiter.engine.execution.ExecutableInvoker.lambda$invoke$0(ExecutableInvoker.java:105)
	at org.junit.jupiter.engine.execution.InvocationInterceptorChain$InterceptedInvocation.proceed(InvocationInterceptorChain.java:106)
	at org.junit.jupiter.engine.execution.InvocationInterceptorChain.proceed(InvocationInterceptorChain.java:64)
	at org.junit.jupiter.engine.execution.InvocationInterceptorChain.chainAndInvoke(InvocationInterceptorChain.java:45)
	at org.junit.jupiter.engine.execution.InvocationInterceptorChain.invoke(InvocationInterceptorChain.java:37)
	at org.junit.jupiter.engine.execution.ExecutableInvoker.invoke(ExecutableInvoker.java:104)
	at org.junit.jupiter.engine.execution.ExecutableInvoker.invoke(ExecutableInvoker.java:98)
	at org.junit.jupiter.engine.descriptor.TestMethodTestDescriptor.lambda$invokeTestMethod$7(TestMethodTestDescriptor.java:214)
	at org.junit.platform.engine.support.hierarchical.ThrowableCollector.execute(ThrowableCollector.java:73)
	at org.junit.jupiter.engine.descriptor.TestMethodTestDescriptor.invokeTestMethod(TestMethodTestDescriptor.java:210)
	at org.junit.jupiter.engine.descriptor.TestMethodTestDescriptor.execute(TestMethodTestDescriptor.java:135)
	at org.junit.jupiter.engine.descriptor.TestMethodTestDescriptor.execute(TestMethodTestDescriptor.java:66)
	at org.junit.platform.engine.support.hierarchical.NodeTestTask.lambda$executeRecursively$6(NodeTestTask.java:151)
	at org.junit.platform.engine.support.hierarchical.ThrowableCollector.execute(ThrowableCollector.java:73)
	at org.junit.platform.engine.support.hierarchical.NodeTestTask.lambda$executeRecursively$8(NodeTestTask.java:141)
	at org.junit.platform.engine.support.hierarchical.Node.around(Node.java:137)
	at org.junit.platform.engine.support.hierarchical.NodeTestTask.lambda$executeRecursively$9(NodeTestTask.java:139)
	at org.junit.platform.engine.support.hierarchical.ThrowableCollector.execute(ThrowableCollector.java:73)
	at org.junit.platform.engine.support.hierarchical.NodeTestTask.executeRecursively(NodeTestTask.java:138)
	at org.junit.platform.engine.support.hierarchical.NodeTestTask.execute(NodeTestTask.java:95)
	at java.base/java.util.ArrayList.forEach(ArrayList.java:1541)
	at org.junit.platform.engine.support.hierarchical.SameThreadHierarchicalTestExecutorService.invokeAll(SameThreadHierarchicalTestExecutorService.java:41)
	at org.junit.platform.engine.support.hierarchical.NodeTestTask.lambda$executeRecursively$6(NodeTestTask.java:155)
	at org.junit.platform.engine.support.hierarchical.ThrowableCollector.execute(ThrowableCollector.java:73)
	at org.junit.platform.engine.support.hierarchical.NodeTestTask.lambda$executeRecursively$8(NodeTestTask.java:141)
	at org.junit.platform.engine.support.hierarchical.Node.around(Node.java:137)
	at org.junit.platform.engine.support.hierarchical.NodeTestTask.lambda$executeRecursively$9(NodeTestTask.java:139)
	at org.junit.platform.engine.support.hierarchical.ThrowableCollector.execute(ThrowableCollector.java:73)
	at org.junit.platform.engine.support.hierarchical.NodeTestTask.executeRecursively(NodeTestTask.java:138)
	at org.junit.platform.engine.support.hierarchical.NodeTestTask.execute(NodeTestTask.java:95)
	at java.base/java.util.ArrayList.forEach(ArrayList.java:1541)
	at org.junit.platform.engine.support.hierarchical.SameThreadHierarchicalTestExecutorService.invokeAll(SameThreadHierarchicalTestExecutorService.java:41)
	at org.junit.platform.engine.support.hierarchical.NodeTestTask.lambda$executeRecursively$6(NodeTestTask.java:155)
	at org.junit.platform.engine.support.hierarchical.ThrowableCollector.execute(ThrowableCollector.java:73)
	at org.junit.platform.engine.support.hierarchical.NodeTestTask.lambda$executeRecursively$8(NodeTestTask.java:141)
	at org.junit.platform.engine.support.hierarchical.Node.around(Node.java:137)
	at org.junit.platform.engine.support.hierarchical.NodeTestTask.lambda$executeRecursively$9(NodeTestTask.java:139)
	at org.junit.platform.engine.support.hierarchical.ThrowableCollector.execute(ThrowableCollector.java:73)
	at org.junit.platform.engine.support.hierarchical.NodeTestTask.executeRecursively(NodeTestTask.java:138)
	at org.junit.platform.engine.support.hierarchical.NodeTestTask.execute(NodeTestTask.java:95)
	at org.junit.platform.engine.support.hierarchical.SameThreadHierarchicalTestExecutorService.submit(SameThreadHierarchicalTestExecutorService.java:35)
	at org.junit.platform.engine.support.hierarchical.HierarchicalTestExecutor.execute(HierarchicalTestExecutor.java:57)
	at org.junit.platform.engine.support.hierarchical.HierarchicalTestEngine.execute(HierarchicalTestEngine.java:54)
	at org.junit.platform.launcher.core.DefaultLauncher.execute(DefaultLauncher.java:220)
	at org.junit.platform.launcher.core.DefaultLauncher.lambda$execute$6(DefaultLauncher.java:188)
	at org.junit.platform.launcher.core.DefaultLauncher.withInterceptedStreams(DefaultLauncher.java:202)
	at org.junit.platform.launcher.core.DefaultLauncher.execute(DefaultLauncher.java:181)
	at org.junit.platform.launcher.core.DefaultLauncher.execute(DefaultLauncher.java:128)
	at org.apache.maven.surefire.junitplatform.JUnitPlatformProvider.invokeAllTests(JUnitPlatformProvider.java:150)
	at org.apache.maven.surefire.junitplatform.JUnitPlatformProvider.invoke(JUnitPlatformProvider.java:124)
	at org.apache.maven.surefire.booter.ForkedBooter.invokeProviderInSameClassLoader(ForkedBooter.java:384)
	at org.apache.maven.surefire.booter.ForkedBooter.runSuitesInProcess(ForkedBooter.java:345)
	at org.apache.maven.surefire.booter.ForkedBooter.execute(ForkedBooter.java:126)
	at org.apache.maven.surefire.booter.ForkedBooter.main(ForkedBooter.java:418)
]]></system-out>
  </testcase>
  <testcase name="testTransferToSameAccount" classname="com.moneytransfer.service.TransferServiceConcurrencyTest" time="0.007"/>
  <testcase name="testBidirectionalConcurrentTransfers" classname="com.moneytransfer.service.TransferServiceConcurrencyTest" time="0.045">
    <error message="org.opentest4j.AssertionFailedError: Transfer 2 failed: could not extract ResultSet; SQL [n/a]; nested exception is org.hibernate.exception.LockAcquisitionException: could not extract ResultSet" type="java.util.concurrent.CompletionException">java.util.concurrent.CompletionException: org.opentest4j.AssertionFailedError: Transfer 2 failed: could not extract ResultSet; SQL [n/a]; nested exception is org.hibernate.exception.LockAcquisitionException: could not extract ResultSet
	at com.moneytransfer.service.TransferServiceConcurrencyTest.lambda$testBidirectionalConcurrentTransfers$2(TransferServiceConcurrencyTest.java:172)
</error>
    <system-out><![CDATA[2025-08-03 20:00:12 - binding parameter [1] as [BIGINT] - [13]
2025-08-03 20:00:12 - binding parameter [2] as [BIGINT] - [0]
2025-08-03 20:00:12 - binding parameter [1] as [BIGINT] - [14]
2025-08-03 20:00:12 - binding parameter [2] as [BIGINT] - [0]
2025-08-03 20:00:12 - binding parameter [1] as [VARCHAR] - [Test User 1]
2025-08-03 20:00:12 - binding parameter [2] as [VARCHAR] - [TEST001234567890]
2025-08-03 20:00:12 - binding parameter [3] as [NUMERIC] - [1000.00]
2025-08-03 20:00:12 - binding parameter [4] as [TIMESTAMP] - [2025-08-03T20:00:12.558272]
2025-08-03 20:00:12 - binding parameter [5] as [VARCHAR] - [USD]
2025-08-03 20:00:12 - binding parameter [6] as [VARCHAR] - [ACTIVE]
2025-08-03 20:00:12 - binding parameter [7] as [TIMESTAMP] - [2025-08-03T20:00:12.558280]
2025-08-03 20:00:12 - binding parameter [8] as [VARCHAR] - [user1]
2025-08-03 20:00:12 - binding parameter [9] as [BIGINT] - [0]
2025-08-03 20:00:12 - binding parameter [1] as [VARCHAR] - [Test User 2]
2025-08-03 20:00:12 - binding parameter [2] as [VARCHAR] - [TEST002345678901]
2025-08-03 20:00:12 - binding parameter [3] as [NUMERIC] - [500.00]
2025-08-03 20:00:12 - binding parameter [4] as [TIMESTAMP] - [2025-08-03T20:00:12.559154]
2025-08-03 20:00:12 - binding parameter [5] as [VARCHAR] - [USD]
2025-08-03 20:00:12 - binding parameter [6] as [VARCHAR] - [ACTIVE]
2025-08-03 20:00:12 - binding parameter [7] as [TIMESTAMP] - [2025-08-03T20:00:12.559158]
2025-08-03 20:00:12 - binding parameter [8] as [VARCHAR] - [user2]
2025-08-03 20:00:12 - binding parameter [9] as [BIGINT] - [0]
2025-08-03 20:00:12 - Processing transfer request: TransferRequest{fromAccountNumber='TEST001234567890', toAccountNumber='TEST002345678901', amount=5.00, currency=USD, description='Bidirectional transfer test 0'}
2025-08-03 20:00:12 - Processing transfer request: TransferRequest{fromAccountNumber='TEST002345678901', toAccountNumber='TEST001234567890', amount=5.00, currency=USD, description='Bidirectional transfer test 1'}
2025-08-03 20:00:12 - Processing transfer request: TransferRequest{fromAccountNumber='TEST001234567890', toAccountNumber='TEST002345678901', amount=5.00, currency=USD, description='Bidirectional transfer test 2'}
2025-08-03 20:00:12 - Processing transfer request: TransferRequest{fromAccountNumber='TEST002345678901', toAccountNumber='TEST001234567890', amount=5.00, currency=USD, description='Bidirectional transfer test 0'}
2025-08-03 20:00:12 - Processing transfer request: TransferRequest{fromAccountNumber='TEST001234567890', toAccountNumber='TEST002345678901', amount=5.00, currency=USD, description='Bidirectional transfer test 1'}
2025-08-03 20:00:12 - binding parameter [1] as [VARCHAR] - [TEST001234567890]
2025-08-03 20:00:12 - binding parameter [1] as [VARCHAR] - [TEST001234567890]
2025-08-03 20:00:12 - binding parameter [1] as [VARCHAR] - [TEST001234567890]
2025-08-03 20:00:12 - binding parameter [1] as [VARCHAR] - [TEST002345678901]
2025-08-03 20:00:12 - binding parameter [1] as [VARCHAR] - [TEST002345678901]
2025-08-03 20:00:12 - binding parameter [1] as [VARCHAR] - [TEST002345678901]
2025-08-03 20:00:12 - binding parameter [1] as [VARCHAR] - [TEST001234567890]
2025-08-03 20:00:12 - SQL Error: 40001, SQLState: 40001
2025-08-03 20:00:12 - Deadlock detected. The current transaction was rolled back. Details: "ACCOUNTS"; SQL statement:
select account0_.id as id1_0_, account0_.account_holder_name as account_2_0_, account0_.account_number as account_3_0_, account0_.balance as balance4_0_, account0_.created_at as created_5_0_, account0_.currency as currency6_0_, account0_.status as status7_0_, account0_.updated_at as updated_8_0_, account0_.user_id as user_id9_0_, account0_.version as version10_0_ from accounts account0_ where account0_.account_number=? for update [40001-214]
2025-08-03 20:00:12 - Processing transfer request: TransferRequest{fromAccountNumber='TEST002345678901', toAccountNumber='TEST001234567890', amount=5.00, currency=USD, description='Bidirectional transfer test 2'}
2025-08-03 20:00:12 - binding parameter [1] as [VARCHAR] - [TEST001234567890]
2025-08-03 20:00:12 - binding parameter [1] as [VARCHAR] - [TEST002345678901]
2025-08-03 20:00:12 - SQL Error: 40001, SQLState: 40001
2025-08-03 20:00:12 - Deadlock detected. The current transaction was rolled back. Details: "ACCOUNTS"; SQL statement:
select account0_.id as id1_0_, account0_.account_holder_name as account_2_0_, account0_.account_number as account_3_0_, account0_.balance as balance4_0_, account0_.created_at as created_5_0_, account0_.currency as currency6_0_, account0_.status as status7_0_, account0_.updated_at as updated_8_0_, account0_.user_id as user_id9_0_, account0_.version as version10_0_ from accounts account0_ where account0_.account_number=? for update [40001-214]
2025-08-03 20:00:12 - Processing transfer request: TransferRequest{fromAccountNumber='TEST001234567890', toAccountNumber='TEST002345678901', amount=5.00, currency=USD, description='Bidirectional transfer test 3'}
2025-08-03 20:00:12 - binding parameter [1] as [VARCHAR] - [TEST001234567890]
2025-08-03 20:00:12 - binding parameter [1] as [VARCHAR] - [TEST001234567890]
2025-08-03 20:00:12 - SQL Error: 40001, SQLState: 40001
2025-08-03 20:00:12 - Deadlock detected. The current transaction was rolled back. Details: "ACCOUNTS"; SQL statement:
select account0_.id as id1_0_, account0_.account_holder_name as account_2_0_, account0_.account_number as account_3_0_, account0_.balance as balance4_0_, account0_.created_at as created_5_0_, account0_.currency as currency6_0_, account0_.status as status7_0_, account0_.updated_at as updated_8_0_, account0_.user_id as user_id9_0_, account0_.version as version10_0_ from accounts account0_ where account0_.account_number=? for update [40001-214]
2025-08-03 20:00:12 - Processing transfer request: TransferRequest{fromAccountNumber='TEST002345678901', toAccountNumber='TEST001234567890', amount=5.00, currency=USD, description='Bidirectional transfer test 3'}
2025-08-03 20:00:12 - binding parameter [1] as [VARCHAR] - [TEST002345678901]
2025-08-03 20:00:12 - binding parameter [1] as [NUMERIC] - [5.00]
2025-08-03 20:00:12 - binding parameter [2] as [TIMESTAMP] - [null]
2025-08-03 20:00:12 - binding parameter [3] as [TIMESTAMP] - [2025-08-03T20:00:12.567130]
2025-08-03 20:00:12 - binding parameter [4] as [VARCHAR] - [USD]
2025-08-03 20:00:12 - binding parameter [5] as [VARCHAR] - [Bidirectional transfer test 2]
2025-08-03 20:00:12 - binding parameter [6] as [VARCHAR] - [null]
2025-08-03 20:00:12 - binding parameter [7] as [BIGINT] - [15]
2025-08-03 20:00:12 - binding parameter [8] as [TIMESTAMP] - [null]
2025-08-03 20:00:12 - binding parameter [9] as [VARCHAR] - [PENDING]
2025-08-03 20:00:12 - binding parameter [10] as [BIGINT] - [16]
2025-08-03 20:00:12 - binding parameter [11] as [VARCHAR] - [TXN-62F3EE2D1FB34E3A]
2025-08-03 20:00:12 - binding parameter [12] as [TIMESTAMP] - [2025-08-03T20:00:12.567138]
2025-08-03 20:00:12 - binding parameter [13] as [BIGINT] - [0]
2025-08-03 20:00:12 - Transfer completed successfully: TXN-62F3EE2D1FB34E3A
2025-08-03 20:00:12 - binding parameter [1] as [VARCHAR] - [Test User 1]
2025-08-03 20:00:12 - binding parameter [2] as [VARCHAR] - [TEST001234567890]
2025-08-03 20:00:12 - binding parameter [3] as [NUMERIC] - [995.00]
2025-08-03 20:00:12 - binding parameter [4] as [VARCHAR] - [USD]
2025-08-03 20:00:12 - binding parameter [5] as [VARCHAR] - [ACTIVE]
2025-08-03 20:00:12 - binding parameter [6] as [TIMESTAMP] - [2025-08-03T20:00:12.568311]
2025-08-03 20:00:12 - binding parameter [7] as [VARCHAR] - [user1]
2025-08-03 20:00:12 - binding parameter [8] as [BIGINT] - [1]
2025-08-03 20:00:12 - binding parameter [9] as [BIGINT] - [15]
2025-08-03 20:00:12 - binding parameter [10] as [BIGINT] - [0]
2025-08-03 20:00:12 - binding parameter [1] as [VARCHAR] - [Test User 2]
2025-08-03 20:00:12 - binding parameter [2] as [VARCHAR] - [TEST002345678901]
2025-08-03 20:00:12 - binding parameter [3] as [NUMERIC] - [505.00]
2025-08-03 20:00:12 - binding parameter [4] as [VARCHAR] - [USD]
2025-08-03 20:00:12 - binding parameter [5] as [VARCHAR] - [ACTIVE]
2025-08-03 20:00:12 - binding parameter [6] as [TIMESTAMP] - [2025-08-03T20:00:12.568604]
2025-08-03 20:00:12 - binding parameter [7] as [VARCHAR] - [user2]
2025-08-03 20:00:12 - binding parameter [8] as [BIGINT] - [1]
2025-08-03 20:00:12 - binding parameter [9] as [BIGINT] - [16]
2025-08-03 20:00:12 - binding parameter [10] as [BIGINT] - [0]
2025-08-03 20:00:12 - binding parameter [1] as [NUMERIC] - [5.00]
2025-08-03 20:00:12 - binding parameter [2] as [TIMESTAMP] - [2025-08-03T20:00:12.568078]
2025-08-03 20:00:12 - binding parameter [3] as [VARCHAR] - [USD]
2025-08-03 20:00:12 - binding parameter [4] as [VARCHAR] - [Bidirectional transfer test 2]
2025-08-03 20:00:12 - binding parameter [5] as [VARCHAR] - [null]
2025-08-03 20:00:12 - binding parameter [6] as [BIGINT] - [15]
2025-08-03 20:00:12 - binding parameter [7] as [TIMESTAMP] - [2025-08-03T20:00:12.567949]
2025-08-03 20:00:12 - binding parameter [8] as [VARCHAR] - [COMPLETED]
2025-08-03 20:00:12 - binding parameter [9] as [BIGINT] - [16]
2025-08-03 20:00:12 - binding parameter [10] as [VARCHAR] - [TXN-62F3EE2D1FB34E3A]
2025-08-03 20:00:12 - binding parameter [11] as [TIMESTAMP] - [2025-08-03T20:00:12.568906]
2025-08-03 20:00:12 - binding parameter [12] as [BIGINT] - [1]
2025-08-03 20:00:12 - binding parameter [13] as [BIGINT] - [52]
2025-08-03 20:00:12 - binding parameter [14] as [BIGINT] - [0]
2025-08-03 20:00:12 - Processing transfer request: TransferRequest{fromAccountNumber='TEST001234567890', toAccountNumber='TEST002345678901', amount=5.00, currency=USD, description='Bidirectional transfer test 4'}
2025-08-03 20:00:12 - binding parameter [1] as [VARCHAR] - [TEST002345678901]
2025-08-03 20:00:12 - binding parameter [1] as [VARCHAR] - [TEST001234567890]
2025-08-03 20:00:12 - binding parameter [1] as [VARCHAR] - [TEST001234567890]
2025-08-03 20:00:12 - SQL Error: 40001, SQLState: 40001
2025-08-03 20:00:12 - Deadlock detected. The current transaction was rolled back. Details: "ACCOUNTS"; SQL statement:
select account0_.id as id1_0_, account0_.account_holder_name as account_2_0_, account0_.account_number as account_3_0_, account0_.balance as balance4_0_, account0_.created_at as created_5_0_, account0_.currency as currency6_0_, account0_.status as status7_0_, account0_.updated_at as updated_8_0_, account0_.user_id as user_id9_0_, account0_.version as version10_0_ from accounts account0_ where account0_.account_number=? for update [40001-214]
2025-08-03 20:00:12 - Processing transfer request: TransferRequest{fromAccountNumber='TEST002345678901', toAccountNumber='TEST001234567890', amount=5.00, currency=USD, description='Bidirectional transfer test 4'}
2025-08-03 20:00:12 - binding parameter [1] as [VARCHAR] - [TEST002345678901]
2025-08-03 20:00:12 - binding parameter [1] as [NUMERIC] - [5.00]
2025-08-03 20:00:12 - binding parameter [2] as [TIMESTAMP] - [null]
2025-08-03 20:00:12 - binding parameter [3] as [TIMESTAMP] - [2025-08-03T20:00:12.573175]
2025-08-03 20:00:12 - binding parameter [4] as [VARCHAR] - [USD]
2025-08-03 20:00:12 - binding parameter [5] as [VARCHAR] - [Bidirectional transfer test 0]
2025-08-03 20:00:12 - binding parameter [6] as [VARCHAR] - [null]
2025-08-03 20:00:12 - binding parameter [7] as [BIGINT] - [15]
2025-08-03 20:00:12 - binding parameter [8] as [TIMESTAMP] - [null]
2025-08-03 20:00:12 - binding parameter [9] as [VARCHAR] - [PENDING]
2025-08-03 20:00:12 - binding parameter [10] as [BIGINT] - [16]
2025-08-03 20:00:12 - binding parameter [11] as [VARCHAR] - [TXN-3F30EAEC819744DD]
2025-08-03 20:00:12 - binding parameter [12] as [TIMESTAMP] - [2025-08-03T20:00:12.573183]
2025-08-03 20:00:12 - binding parameter [13] as [BIGINT] - [0]
2025-08-03 20:00:12 - Transfer completed successfully: TXN-3F30EAEC819744DD
2025-08-03 20:00:12 - binding parameter [1] as [VARCHAR] - [Test User 1]
2025-08-03 20:00:12 - binding parameter [2] as [VARCHAR] - [TEST001234567890]
2025-08-03 20:00:12 - binding parameter [3] as [NUMERIC] - [990.00]
2025-08-03 20:00:12 - binding parameter [4] as [VARCHAR] - [USD]
2025-08-03 20:00:12 - binding parameter [5] as [VARCHAR] - [ACTIVE]
2025-08-03 20:00:12 - binding parameter [6] as [TIMESTAMP] - [2025-08-03T20:00:12.577881]
2025-08-03 20:00:12 - binding parameter [7] as [VARCHAR] - [user1]
2025-08-03 20:00:12 - binding parameter [8] as [BIGINT] - [2]
2025-08-03 20:00:12 - binding parameter [9] as [BIGINT] - [15]
2025-08-03 20:00:12 - binding parameter [10] as [BIGINT] - [1]
2025-08-03 20:00:12 - binding parameter [1] as [VARCHAR] - [Test User 2]
2025-08-03 20:00:12 - binding parameter [2] as [VARCHAR] - [TEST002345678901]
2025-08-03 20:00:12 - binding parameter [3] as [NUMERIC] - [510.00]
2025-08-03 20:00:12 - binding parameter [4] as [VARCHAR] - [USD]
2025-08-03 20:00:12 - binding parameter [5] as [VARCHAR] - [ACTIVE]
2025-08-03 20:00:12 - binding parameter [6] as [TIMESTAMP] - [2025-08-03T20:00:12.579535]
2025-08-03 20:00:12 - binding parameter [7] as [VARCHAR] - [user2]
2025-08-03 20:00:12 - binding parameter [8] as [BIGINT] - [2]
2025-08-03 20:00:12 - binding parameter [9] as [BIGINT] - [16]
2025-08-03 20:00:12 - binding parameter [10] as [BIGINT] - [1]
2025-08-03 20:00:12 - binding parameter [1] as [NUMERIC] - [5.00]
2025-08-03 20:00:12 - binding parameter [2] as [TIMESTAMP] - [2025-08-03T20:00:12.576766]
2025-08-03 20:00:12 - binding parameter [3] as [VARCHAR] - [USD]
2025-08-03 20:00:12 - binding parameter [4] as [VARCHAR] - [Bidirectional transfer test 0]
2025-08-03 20:00:12 - binding parameter [5] as [VARCHAR] - [null]
2025-08-03 20:00:12 - binding parameter [6] as [BIGINT] - [15]
2025-08-03 20:00:12 - binding parameter [7] as [TIMESTAMP] - [2025-08-03T20:00:12.574903]
2025-08-03 20:00:12 - binding parameter [8] as [VARCHAR] - [COMPLETED]
2025-08-03 20:00:12 - binding parameter [9] as [BIGINT] - [16]
2025-08-03 20:00:12 - binding parameter [10] as [VARCHAR] - [TXN-3F30EAEC819744DD]
2025-08-03 20:00:12 - binding parameter [11] as [TIMESTAMP] - [2025-08-03T20:00:12.579723]
2025-08-03 20:00:12 - binding parameter [12] as [BIGINT] - [1]
2025-08-03 20:00:12 - binding parameter [13] as [BIGINT] - [53]
2025-08-03 20:00:12 - binding parameter [14] as [BIGINT] - [0]
2025-08-03 20:00:12 - binding parameter [1] as [VARCHAR] - [TEST001234567890]
2025-08-03 20:00:12 - binding parameter [1] as [VARCHAR] - [TEST002345678901]
2025-08-03 20:00:12 - SQL Error: 40001, SQLState: 40001
2025-08-03 20:00:12 - Deadlock detected. The current transaction was rolled back. Details: "ACCOUNTS"; SQL statement:
select account0_.id as id1_0_, account0_.account_holder_name as account_2_0_, account0_.account_number as account_3_0_, account0_.balance as balance4_0_, account0_.created_at as created_5_0_, account0_.currency as currency6_0_, account0_.status as status7_0_, account0_.updated_at as updated_8_0_, account0_.user_id as user_id9_0_, account0_.version as version10_0_ from accounts account0_ where account0_.account_number=? for update [40001-214]
2025-08-03 20:00:12 - binding parameter [1] as [NUMERIC] - [5.00]
2025-08-03 20:00:12 - binding parameter [2] as [TIMESTAMP] - [null]
2025-08-03 20:00:12 - binding parameter [3] as [TIMESTAMP] - [2025-08-03T20:00:12.584987]
2025-08-03 20:00:12 - binding parameter [4] as [VARCHAR] - [USD]
2025-08-03 20:00:12 - binding parameter [5] as [VARCHAR] - [Bidirectional transfer test 3]
2025-08-03 20:00:12 - binding parameter [6] as [VARCHAR] - [null]
2025-08-03 20:00:12 - binding parameter [7] as [BIGINT] - [15]
2025-08-03 20:00:12 - binding parameter [8] as [TIMESTAMP] - [null]
2025-08-03 20:00:12 - binding parameter [9] as [VARCHAR] - [PENDING]
2025-08-03 20:00:12 - binding parameter [10] as [BIGINT] - [16]
2025-08-03 20:00:12 - binding parameter [11] as [VARCHAR] - [TXN-62BDF5559C904276]
2025-08-03 20:00:12 - binding parameter [12] as [TIMESTAMP] - [2025-08-03T20:00:12.584994]
2025-08-03 20:00:12 - binding parameter [13] as [BIGINT] - [0]
2025-08-03 20:00:12 - Transfer completed successfully: TXN-62BDF5559C904276
2025-08-03 20:00:12 - binding parameter [1] as [VARCHAR] - [Test User 1]
2025-08-03 20:00:12 - binding parameter [2] as [VARCHAR] - [TEST001234567890]
2025-08-03 20:00:12 - binding parameter [3] as [NUMERIC] - [985.00]
2025-08-03 20:00:12 - binding parameter [4] as [VARCHAR] - [USD]
2025-08-03 20:00:12 - binding parameter [5] as [VARCHAR] - [ACTIVE]
2025-08-03 20:00:12 - binding parameter [6] as [TIMESTAMP] - [2025-08-03T20:00:12.587107]
2025-08-03 20:00:12 - binding parameter [7] as [VARCHAR] - [user1]
2025-08-03 20:00:12 - binding parameter [8] as [BIGINT] - [3]
2025-08-03 20:00:12 - binding parameter [9] as [BIGINT] - [15]
2025-08-03 20:00:12 - binding parameter [10] as [BIGINT] - [2]
2025-08-03 20:00:12 - binding parameter [1] as [VARCHAR] - [Test User 2]
2025-08-03 20:00:12 - binding parameter [2] as [VARCHAR] - [TEST002345678901]
2025-08-03 20:00:12 - binding parameter [3] as [NUMERIC] - [515.00]
2025-08-03 20:00:12 - binding parameter [4] as [VARCHAR] - [USD]
2025-08-03 20:00:12 - binding parameter [5] as [VARCHAR] - [ACTIVE]
2025-08-03 20:00:12 - binding parameter [6] as [TIMESTAMP] - [2025-08-03T20:00:12.587471]
2025-08-03 20:00:12 - binding parameter [7] as [VARCHAR] - [user2]
2025-08-03 20:00:12 - binding parameter [8] as [BIGINT] - [3]
2025-08-03 20:00:12 - binding parameter [9] as [BIGINT] - [16]
2025-08-03 20:00:12 - binding parameter [10] as [BIGINT] - [2]
2025-08-03 20:00:12 - binding parameter [1] as [NUMERIC] - [5.00]
2025-08-03 20:00:12 - binding parameter [2] as [TIMESTAMP] - [2025-08-03T20:00:12.586855]
2025-08-03 20:00:12 - binding parameter [3] as [VARCHAR] - [USD]
2025-08-03 20:00:12 - binding parameter [4] as [VARCHAR] - [Bidirectional transfer test 3]
2025-08-03 20:00:12 - binding parameter [5] as [VARCHAR] - [null]
2025-08-03 20:00:12 - binding parameter [6] as [BIGINT] - [15]
2025-08-03 20:00:12 - binding parameter [7] as [TIMESTAMP] - [2025-08-03T20:00:12.586710]
2025-08-03 20:00:12 - binding parameter [8] as [VARCHAR] - [COMPLETED]
2025-08-03 20:00:12 - binding parameter [9] as [BIGINT] - [16]
2025-08-03 20:00:12 - binding parameter [10] as [VARCHAR] - [TXN-62BDF5559C904276]
2025-08-03 20:00:12 - binding parameter [11] as [TIMESTAMP] - [2025-08-03T20:00:12.587663]
2025-08-03 20:00:12 - binding parameter [12] as [BIGINT] - [1]
2025-08-03 20:00:12 - binding parameter [13] as [BIGINT] - [54]
2025-08-03 20:00:12 - binding parameter [14] as [BIGINT] - [0]
2025-08-03 20:00:12 - binding parameter [1] as [VARCHAR] - [TEST002345678901]
2025-08-03 20:00:12 - binding parameter [1] as [NUMERIC] - [5.00]
2025-08-03 20:00:12 - binding parameter [2] as [TIMESTAMP] - [null]
2025-08-03 20:00:12 - binding parameter [3] as [TIMESTAMP] - [2025-08-03T20:00:12.590071]
2025-08-03 20:00:12 - binding parameter [4] as [VARCHAR] - [USD]
2025-08-03 20:00:12 - binding parameter [5] as [VARCHAR] - [Bidirectional transfer test 4]
2025-08-03 20:00:12 - binding parameter [6] as [VARCHAR] - [null]
2025-08-03 20:00:12 - binding parameter [7] as [BIGINT] - [15]
2025-08-03 20:00:12 - binding parameter [8] as [TIMESTAMP] - [null]
2025-08-03 20:00:12 - binding parameter [9] as [VARCHAR] - [PENDING]
2025-08-03 20:00:12 - binding parameter [10] as [BIGINT] - [16]
2025-08-03 20:00:12 - binding parameter [11] as [VARCHAR] - [TXN-8B227CF079724C08]
2025-08-03 20:00:12 - binding parameter [12] as [TIMESTAMP] - [2025-08-03T20:00:12.590082]
2025-08-03 20:00:12 - binding parameter [13] as [BIGINT] - [0]
2025-08-03 20:00:12 - Transfer completed successfully: TXN-8B227CF079724C08
2025-08-03 20:00:12 - binding parameter [1] as [VARCHAR] - [Test User 1]
2025-08-03 20:00:12 - binding parameter [2] as [VARCHAR] - [TEST001234567890]
2025-08-03 20:00:12 - binding parameter [3] as [NUMERIC] - [980.00]
2025-08-03 20:00:12 - binding parameter [4] as [VARCHAR] - [USD]
2025-08-03 20:00:12 - binding parameter [5] as [VARCHAR] - [ACTIVE]
2025-08-03 20:00:12 - binding parameter [6] as [TIMESTAMP] - [2025-08-03T20:00:12.595197]
2025-08-03 20:00:12 - binding parameter [7] as [VARCHAR] - [user1]
2025-08-03 20:00:12 - binding parameter [8] as [BIGINT] - [4]
2025-08-03 20:00:12 - binding parameter [9] as [BIGINT] - [15]
2025-08-03 20:00:12 - binding parameter [10] as [BIGINT] - [3]
2025-08-03 20:00:12 - binding parameter [1] as [VARCHAR] - [Test User 2]
2025-08-03 20:00:12 - binding parameter [2] as [VARCHAR] - [TEST002345678901]
2025-08-03 20:00:12 - binding parameter [3] as [NUMERIC] - [520.00]
2025-08-03 20:00:12 - binding parameter [4] as [VARCHAR] - [USD]
2025-08-03 20:00:12 - binding parameter [5] as [VARCHAR] - [ACTIVE]
2025-08-03 20:00:12 - binding parameter [6] as [TIMESTAMP] - [2025-08-03T20:00:12.595620]
2025-08-03 20:00:12 - binding parameter [7] as [VARCHAR] - [user2]
2025-08-03 20:00:12 - binding parameter [8] as [BIGINT] - [4]
2025-08-03 20:00:12 - binding parameter [9] as [BIGINT] - [16]
2025-08-03 20:00:12 - binding parameter [10] as [BIGINT] - [3]
2025-08-03 20:00:12 - binding parameter [1] as [NUMERIC] - [5.00]
2025-08-03 20:00:12 - binding parameter [2] as [TIMESTAMP] - [2025-08-03T20:00:12.591582]
2025-08-03 20:00:12 - binding parameter [3] as [VARCHAR] - [USD]
2025-08-03 20:00:12 - binding parameter [4] as [VARCHAR] - [Bidirectional transfer test 4]
2025-08-03 20:00:12 - binding parameter [5] as [VARCHAR] - [null]
2025-08-03 20:00:12 - binding parameter [6] as [BIGINT] - [15]
2025-08-03 20:00:12 - binding parameter [7] as [TIMESTAMP] - [2025-08-03T20:00:12.591288]
2025-08-03 20:00:12 - binding parameter [8] as [VARCHAR] - [COMPLETED]
2025-08-03 20:00:12 - binding parameter [9] as [BIGINT] - [16]
2025-08-03 20:00:12 - binding parameter [10] as [VARCHAR] - [TXN-8B227CF079724C08]
2025-08-03 20:00:12 - binding parameter [11] as [TIMESTAMP] - [2025-08-03T20:00:12.595802]
2025-08-03 20:00:12 - binding parameter [12] as [BIGINT] - [1]
2025-08-03 20:00:12 - binding parameter [13] as [BIGINT] - [55]
2025-08-03 20:00:12 - binding parameter [14] as [BIGINT] - [0]
2025-08-03 20:00:12 - binding parameter [1] as [VARCHAR] - [TEST002345678901]
2025-08-03 20:00:12 - binding parameter [1] as [NUMERIC] - [5.00]
2025-08-03 20:00:12 - binding parameter [2] as [TIMESTAMP] - [null]
2025-08-03 20:00:12 - binding parameter [3] as [TIMESTAMP] - [2025-08-03T20:00:12.597363]
2025-08-03 20:00:12 - binding parameter [4] as [VARCHAR] - [USD]
2025-08-03 20:00:12 - binding parameter [5] as [VARCHAR] - [Bidirectional transfer test 1]
2025-08-03 20:00:12 - binding parameter [6] as [VARCHAR] - [null]
2025-08-03 20:00:12 - binding parameter [7] as [BIGINT] - [15]
2025-08-03 20:00:12 - binding parameter [8] as [TIMESTAMP] - [null]
2025-08-03 20:00:12 - binding parameter [9] as [VARCHAR] - [PENDING]
2025-08-03 20:00:12 - binding parameter [10] as [BIGINT] - [16]
2025-08-03 20:00:12 - binding parameter [11] as [VARCHAR] - [TXN-68910268F1D847DC]
2025-08-03 20:00:12 - binding parameter [12] as [TIMESTAMP] - [2025-08-03T20:00:12.597368]
2025-08-03 20:00:12 - binding parameter [13] as [BIGINT] - [0]
2025-08-03 20:00:12 - Transfer completed successfully: TXN-68910268F1D847DC
2025-08-03 20:00:12 - binding parameter [1] as [VARCHAR] - [Test User 1]
2025-08-03 20:00:12 - binding parameter [2] as [VARCHAR] - [TEST001234567890]
2025-08-03 20:00:12 - binding parameter [3] as [NUMERIC] - [975.00]
2025-08-03 20:00:12 - binding parameter [4] as [VARCHAR] - [USD]
2025-08-03 20:00:12 - binding parameter [5] as [VARCHAR] - [ACTIVE]
2025-08-03 20:00:12 - binding parameter [6] as [TIMESTAMP] - [2025-08-03T20:00:12.598084]
2025-08-03 20:00:12 - binding parameter [7] as [VARCHAR] - [user1]
2025-08-03 20:00:12 - binding parameter [8] as [BIGINT] - [5]
2025-08-03 20:00:12 - binding parameter [9] as [BIGINT] - [15]
2025-08-03 20:00:12 - binding parameter [10] as [BIGINT] - [4]
2025-08-03 20:00:12 - binding parameter [1] as [VARCHAR] - [Test User 2]
2025-08-03 20:00:12 - binding parameter [2] as [VARCHAR] - [TEST002345678901]
2025-08-03 20:00:12 - binding parameter [3] as [NUMERIC] - [525.00]
2025-08-03 20:00:12 - binding parameter [4] as [VARCHAR] - [USD]
2025-08-03 20:00:12 - binding parameter [5] as [VARCHAR] - [ACTIVE]
2025-08-03 20:00:12 - binding parameter [6] as [TIMESTAMP] - [2025-08-03T20:00:12.598317]
2025-08-03 20:00:12 - binding parameter [7] as [VARCHAR] - [user2]
2025-08-03 20:00:12 - binding parameter [8] as [BIGINT] - [5]
2025-08-03 20:00:12 - binding parameter [9] as [BIGINT] - [16]
2025-08-03 20:00:12 - binding parameter [10] as [BIGINT] - [4]
2025-08-03 20:00:12 - binding parameter [1] as [NUMERIC] - [5.00]
2025-08-03 20:00:12 - binding parameter [2] as [TIMESTAMP] - [2025-08-03T20:00:12.597899]
2025-08-03 20:00:12 - binding parameter [3] as [VARCHAR] - [USD]
2025-08-03 20:00:12 - binding parameter [4] as [VARCHAR] - [Bidirectional transfer test 1]
2025-08-03 20:00:12 - binding parameter [5] as [VARCHAR] - [null]
2025-08-03 20:00:12 - binding parameter [6] as [BIGINT] - [15]
2025-08-03 20:00:12 - binding parameter [7] as [TIMESTAMP] - [2025-08-03T20:00:12.597781]
2025-08-03 20:00:12 - binding parameter [8] as [VARCHAR] - [COMPLETED]
2025-08-03 20:00:12 - binding parameter [9] as [BIGINT] - [16]
2025-08-03 20:00:12 - binding parameter [10] as [VARCHAR] - [TXN-68910268F1D847DC]
2025-08-03 20:00:12 - binding parameter [11] as [TIMESTAMP] - [2025-08-03T20:00:12.598488]
2025-08-03 20:00:12 - binding parameter [12] as [BIGINT] - [1]
2025-08-03 20:00:12 - binding parameter [13] as [BIGINT] - [56]
2025-08-03 20:00:12 - binding parameter [14] as [BIGINT] - [0]
]]></system-out>
  </testcase>
  <testcase name="testConcurrentInsufficientFunds" classname="com.moneytransfer.service.TransferServiceConcurrencyTest" time="0.046">
    <error message="org.opentest4j.AssertionFailedError: Unexpected exception: Transfer processing failed: Insufficient funds in account: TEST002345678901" type="java.util.concurrent.CompletionException">java.util.concurrent.CompletionException: org.opentest4j.AssertionFailedError: Unexpected exception: Transfer processing failed: Insufficient funds in account: TEST002345678901
	at com.moneytransfer.service.TransferServiceConcurrencyTest.lambda$testConcurrentInsufficientFunds$5(TransferServiceConcurrencyTest.java:265)
</error>
    <system-out><![CDATA[2025-08-03 20:00:12 - binding parameter [1] as [BIGINT] - [52]
2025-08-03 20:00:12 - binding parameter [2] as [BIGINT] - [1]
2025-08-03 20:00:12 - binding parameter [1] as [BIGINT] - [53]
2025-08-03 20:00:12 - binding parameter [2] as [BIGINT] - [1]
2025-08-03 20:00:12 - binding parameter [1] as [BIGINT] - [54]
2025-08-03 20:00:12 - binding parameter [2] as [BIGINT] - [1]
2025-08-03 20:00:12 - binding parameter [1] as [BIGINT] - [55]
2025-08-03 20:00:12 - binding parameter [2] as [BIGINT] - [1]
2025-08-03 20:00:12 - binding parameter [1] as [BIGINT] - [56]
2025-08-03 20:00:12 - binding parameter [2] as [BIGINT] - [1]
2025-08-03 20:00:12 - binding parameter [1] as [BIGINT] - [15]
2025-08-03 20:00:12 - binding parameter [2] as [BIGINT] - [5]
2025-08-03 20:00:12 - binding parameter [1] as [BIGINT] - [16]
2025-08-03 20:00:12 - binding parameter [2] as [BIGINT] - [5]
2025-08-03 20:00:12 - binding parameter [1] as [VARCHAR] - [Test User 1]
2025-08-03 20:00:12 - binding parameter [2] as [VARCHAR] - [TEST001234567890]
2025-08-03 20:00:12 - binding parameter [3] as [NUMERIC] - [1000.00]
2025-08-03 20:00:12 - binding parameter [4] as [TIMESTAMP] - [2025-08-03T20:00:12.605245]
2025-08-03 20:00:12 - binding parameter [5] as [VARCHAR] - [USD]
2025-08-03 20:00:12 - binding parameter [6] as [VARCHAR] - [ACTIVE]
2025-08-03 20:00:12 - binding parameter [7] as [TIMESTAMP] - [2025-08-03T20:00:12.605252]
2025-08-03 20:00:12 - binding parameter [8] as [VARCHAR] - [user1]
2025-08-03 20:00:12 - binding parameter [9] as [BIGINT] - [0]
2025-08-03 20:00:12 - binding parameter [1] as [VARCHAR] - [Test User 2]
2025-08-03 20:00:12 - binding parameter [2] as [VARCHAR] - [TEST002345678901]
2025-08-03 20:00:12 - binding parameter [3] as [NUMERIC] - [500.00]
2025-08-03 20:00:12 - binding parameter [4] as [TIMESTAMP] - [2025-08-03T20:00:12.605720]
2025-08-03 20:00:12 - binding parameter [5] as [VARCHAR] - [USD]
2025-08-03 20:00:12 - binding parameter [6] as [VARCHAR] - [ACTIVE]
2025-08-03 20:00:12 - binding parameter [7] as [TIMESTAMP] - [2025-08-03T20:00:12.605723]
2025-08-03 20:00:12 - binding parameter [8] as [VARCHAR] - [user2]
2025-08-03 20:00:12 - binding parameter [9] as [BIGINT] - [0]
2025-08-03 20:00:12 - Processing transfer request: TransferRequest{fromAccountNumber='TEST002345678901', toAccountNumber='TEST001234567890', amount=100.00, currency=USD, description='Concurrent insufficient funds test'}
2025-08-03 20:00:12 - Processing transfer request: TransferRequest{fromAccountNumber='TEST002345678901', toAccountNumber='TEST001234567890', amount=100.00, currency=USD, description='Concurrent insufficient funds test'}
2025-08-03 20:00:12 - binding parameter [1] as [VARCHAR] - [TEST002345678901]
2025-08-03 20:00:12 - binding parameter [1] as [VARCHAR] - [TEST001234567890]
2025-08-03 20:00:12 - binding parameter [1] as [VARCHAR] - [TEST002345678901]
2025-08-03 20:00:12 - binding parameter [1] as [NUMERIC] - [100.00]
2025-08-03 20:00:12 - binding parameter [2] as [TIMESTAMP] - [null]
2025-08-03 20:00:12 - binding parameter [3] as [TIMESTAMP] - [2025-08-03T20:00:12.608558]
2025-08-03 20:00:12 - binding parameter [4] as [VARCHAR] - [USD]
2025-08-03 20:00:12 - binding parameter [5] as [VARCHAR] - [Concurrent insufficient funds test]
2025-08-03 20:00:12 - binding parameter [6] as [VARCHAR] - [null]
2025-08-03 20:00:12 - binding parameter [7] as [BIGINT] - [18]
2025-08-03 20:00:12 - binding parameter [8] as [TIMESTAMP] - [null]
2025-08-03 20:00:12 - binding parameter [9] as [VARCHAR] - [PENDING]
2025-08-03 20:00:12 - binding parameter [10] as [BIGINT] - [17]
2025-08-03 20:00:12 - binding parameter [11] as [VARCHAR] - [TXN-22479271C5E14B7E]
2025-08-03 20:00:12 - binding parameter [12] as [TIMESTAMP] - [2025-08-03T20:00:12.608568]
2025-08-03 20:00:12 - binding parameter [13] as [BIGINT] - [0]
2025-08-03 20:00:12 - Processing transfer request: TransferRequest{fromAccountNumber='TEST002345678901', toAccountNumber='TEST001234567890', amount=100.00, currency=USD, description='Concurrent insufficient funds test'}
2025-08-03 20:00:12 - Processing transfer request: TransferRequest{fromAccountNumber='TEST002345678901', toAccountNumber='TEST001234567890', amount=100.00, currency=USD, description='Concurrent insufficient funds test'}
2025-08-03 20:00:12 - Transfer completed successfully: TXN-22479271C5E14B7E
2025-08-03 20:00:12 - binding parameter [1] as [VARCHAR] - [Test User 2]
2025-08-03 20:00:12 - binding parameter [2] as [VARCHAR] - [TEST002345678901]
2025-08-03 20:00:12 - binding parameter [3] as [NUMERIC] - [400.00]
2025-08-03 20:00:12 - binding parameter [4] as [VARCHAR] - [USD]
2025-08-03 20:00:12 - binding parameter [5] as [VARCHAR] - [ACTIVE]
2025-08-03 20:00:12 - binding parameter [6] as [TIMESTAMP] - [2025-08-03T20:00:12.609523]
2025-08-03 20:00:12 - binding parameter [7] as [VARCHAR] - [user2]
2025-08-03 20:00:12 - binding parameter [8] as [BIGINT] - [1]
2025-08-03 20:00:12 - binding parameter [9] as [BIGINT] - [18]
2025-08-03 20:00:12 - binding parameter [10] as [BIGINT] - [0]
2025-08-03 20:00:12 - binding parameter [1] as [VARCHAR] - [Test User 1]
2025-08-03 20:00:12 - binding parameter [2] as [VARCHAR] - [TEST001234567890]
2025-08-03 20:00:12 - binding parameter [3] as [NUMERIC] - [1100.00]
2025-08-03 20:00:12 - binding parameter [4] as [VARCHAR] - [USD]
2025-08-03 20:00:12 - binding parameter [5] as [VARCHAR] - [ACTIVE]
2025-08-03 20:00:12 - binding parameter [6] as [TIMESTAMP] - [2025-08-03T20:00:12.609995]
2025-08-03 20:00:12 - binding parameter [7] as [VARCHAR] - [user1]
2025-08-03 20:00:12 - binding parameter [8] as [BIGINT] - [1]
2025-08-03 20:00:12 - binding parameter [9] as [BIGINT] - [17]
2025-08-03 20:00:12 - binding parameter [10] as [BIGINT] - [0]
2025-08-03 20:00:12 - binding parameter [1] as [VARCHAR] - [TEST002345678901]
2025-08-03 20:00:12 - binding parameter [1] as [NUMERIC] - [100.00]
2025-08-03 20:00:12 - binding parameter [2] as [TIMESTAMP] - [2025-08-03T20:00:12.609278]
2025-08-03 20:00:12 - binding parameter [3] as [VARCHAR] - [USD]
2025-08-03 20:00:12 - binding parameter [4] as [VARCHAR] - [Concurrent insufficient funds test]
2025-08-03 20:00:12 - binding parameter [5] as [VARCHAR] - [null]
2025-08-03 20:00:12 - binding parameter [6] as [BIGINT] - [18]
2025-08-03 20:00:12 - binding parameter [7] as [TIMESTAMP] - [2025-08-03T20:00:12.609139]
2025-08-03 20:00:12 - binding parameter [1] as [VARCHAR] - [TEST002345678901]
2025-08-03 20:00:12 - binding parameter [8] as [VARCHAR] - [COMPLETED]
2025-08-03 20:00:12 - binding parameter [9] as [BIGINT] - [17]
2025-08-03 20:00:12 - binding parameter [10] as [VARCHAR] - [TXN-22479271C5E14B7E]
2025-08-03 20:00:12 - binding parameter [11] as [TIMESTAMP] - [2025-08-03T20:00:12.610362]
2025-08-03 20:00:12 - binding parameter [12] as [BIGINT] - [1]
2025-08-03 20:00:12 - binding parameter [13] as [BIGINT] - [57]
2025-08-03 20:00:12 - binding parameter [14] as [BIGINT] - [0]
2025-08-03 20:00:12 - Processing transfer request: TransferRequest{fromAccountNumber='TEST002345678901', toAccountNumber='TEST001234567890', amount=100.00, currency=USD, description='Concurrent insufficient funds test'}
2025-08-03 20:00:12 - Processing transfer request: TransferRequest{fromAccountNumber='TEST002345678901', toAccountNumber='TEST001234567890', amount=100.00, currency=USD, description='Concurrent insufficient funds test'}
2025-08-03 20:00:12 - binding parameter [1] as [VARCHAR] - [TEST002345678901]
2025-08-03 20:00:12 - binding parameter [1] as [VARCHAR] - [TEST001234567890]
2025-08-03 20:00:12 - binding parameter [1] as [VARCHAR] - [TEST002345678901]
2025-08-03 20:00:12 - Processing transfer request: TransferRequest{fromAccountNumber='TEST002345678901', toAccountNumber='TEST001234567890', amount=100.00, currency=USD, description='Concurrent insufficient funds test'}
2025-08-03 20:00:12 - Processing transfer request: TransferRequest{fromAccountNumber='TEST002345678901', toAccountNumber='TEST001234567890', amount=100.00, currency=USD, description='Concurrent insufficient funds test'}
2025-08-03 20:00:12 - binding parameter [1] as [NUMERIC] - [100.00]
2025-08-03 20:00:12 - binding parameter [2] as [TIMESTAMP] - [null]
2025-08-03 20:00:12 - binding parameter [3] as [TIMESTAMP] - [2025-08-03T20:00:12.612065]
2025-08-03 20:00:12 - binding parameter [4] as [VARCHAR] - [USD]
2025-08-03 20:00:12 - binding parameter [5] as [VARCHAR] - [Concurrent insufficient funds test]
2025-08-03 20:00:12 - binding parameter [6] as [VARCHAR] - [null]
2025-08-03 20:00:12 - binding parameter [7] as [BIGINT] - [18]
2025-08-03 20:00:12 - binding parameter [8] as [TIMESTAMP] - [null]
2025-08-03 20:00:12 - binding parameter [9] as [VARCHAR] - [PENDING]
2025-08-03 20:00:12 - binding parameter [10] as [BIGINT] - [17]
2025-08-03 20:00:12 - binding parameter [11] as [VARCHAR] - [TXN-2A618EC9CFD34820]
2025-08-03 20:00:12 - binding parameter [12] as [TIMESTAMP] - [2025-08-03T20:00:12.612070]
2025-08-03 20:00:12 - binding parameter [13] as [BIGINT] - [0]
2025-08-03 20:00:12 - Processing transfer request: TransferRequest{fromAccountNumber='TEST002345678901', toAccountNumber='TEST001234567890', amount=100.00, currency=USD, description='Concurrent insufficient funds test'}
2025-08-03 20:00:12 - binding parameter [1] as [VARCHAR] - [TEST002345678901]
2025-08-03 20:00:12 - binding parameter [1] as [VARCHAR] - [TEST002345678901]
2025-08-03 20:00:12 - Processing transfer request: TransferRequest{fromAccountNumber='TEST002345678901', toAccountNumber='TEST001234567890', amount=100.00, currency=USD, description='Concurrent insufficient funds test'}
2025-08-03 20:00:12 - Transfer completed successfully: TXN-2A618EC9CFD34820
2025-08-03 20:00:12 - binding parameter [1] as [VARCHAR] - [TEST002345678901]
2025-08-03 20:00:12 - binding parameter [1] as [VARCHAR] - [TEST002345678901]
2025-08-03 20:00:12 - binding parameter [1] as [VARCHAR] - [Test User 2]
2025-08-03 20:00:12 - binding parameter [2] as [VARCHAR] - [TEST002345678901]
2025-08-03 20:00:12 - binding parameter [3] as [NUMERIC] - [300.00]
2025-08-03 20:00:12 - binding parameter [4] as [VARCHAR] - [USD]
2025-08-03 20:00:12 - binding parameter [5] as [VARCHAR] - [ACTIVE]
2025-08-03 20:00:12 - binding parameter [6] as [TIMESTAMP] - [2025-08-03T20:00:12.612853]
2025-08-03 20:00:12 - binding parameter [7] as [VARCHAR] - [user2]
2025-08-03 20:00:12 - binding parameter [8] as [BIGINT] - [2]
2025-08-03 20:00:12 - binding parameter [9] as [BIGINT] - [18]
2025-08-03 20:00:12 - binding parameter [10] as [BIGINT] - [1]
2025-08-03 20:00:12 - binding parameter [1] as [VARCHAR] - [Test User 1]
2025-08-03 20:00:12 - binding parameter [2] as [VARCHAR] - [TEST001234567890]
2025-08-03 20:00:12 - binding parameter [3] as [NUMERIC] - [1200.00]
2025-08-03 20:00:12 - binding parameter [4] as [VARCHAR] - [USD]
2025-08-03 20:00:12 - binding parameter [5] as [VARCHAR] - [ACTIVE]
2025-08-03 20:00:12 - binding parameter [6] as [TIMESTAMP] - [2025-08-03T20:00:12.613179]
2025-08-03 20:00:12 - binding parameter [7] as [VARCHAR] - [user1]
2025-08-03 20:00:12 - binding parameter [8] as [BIGINT] - [2]
2025-08-03 20:00:12 - binding parameter [9] as [BIGINT] - [17]
2025-08-03 20:00:12 - binding parameter [10] as [BIGINT] - [1]
2025-08-03 20:00:12 - binding parameter [1] as [NUMERIC] - [100.00]
2025-08-03 20:00:12 - binding parameter [2] as [TIMESTAMP] - [2025-08-03T20:00:12.612659]
2025-08-03 20:00:12 - binding parameter [3] as [VARCHAR] - [USD]
2025-08-03 20:00:12 - binding parameter [4] as [VARCHAR] - [Concurrent insufficient funds test]
2025-08-03 20:00:12 - binding parameter [5] as [VARCHAR] - [null]
2025-08-03 20:00:12 - binding parameter [6] as [BIGINT] - [18]
2025-08-03 20:00:12 - binding parameter [7] as [TIMESTAMP] - [2025-08-03T20:00:12.612530]
2025-08-03 20:00:12 - binding parameter [8] as [VARCHAR] - [COMPLETED]
2025-08-03 20:00:12 - binding parameter [9] as [BIGINT] - [17]
2025-08-03 20:00:12 - binding parameter [10] as [VARCHAR] - [TXN-2A618EC9CFD34820]
2025-08-03 20:00:12 - binding parameter [11] as [TIMESTAMP] - [2025-08-03T20:00:12.613361]
2025-08-03 20:00:12 - binding parameter [12] as [BIGINT] - [1]
2025-08-03 20:00:12 - binding parameter [13] as [BIGINT] - [58]
2025-08-03 20:00:12 - binding parameter [14] as [BIGINT] - [0]
2025-08-03 20:00:12 - binding parameter [1] as [VARCHAR] - [TEST001234567890]
2025-08-03 20:00:12 - binding parameter [1] as [NUMERIC] - [100.00]
2025-08-03 20:00:12 - binding parameter [2] as [TIMESTAMP] - [null]
2025-08-03 20:00:12 - binding parameter [3] as [TIMESTAMP] - [2025-08-03T20:00:12.614459]
2025-08-03 20:00:12 - binding parameter [4] as [VARCHAR] - [USD]
2025-08-03 20:00:12 - binding parameter [5] as [VARCHAR] - [Concurrent insufficient funds test]
2025-08-03 20:00:12 - binding parameter [6] as [VARCHAR] - [null]
2025-08-03 20:00:12 - binding parameter [7] as [BIGINT] - [18]
2025-08-03 20:00:12 - binding parameter [8] as [TIMESTAMP] - [null]
2025-08-03 20:00:12 - binding parameter [9] as [VARCHAR] - [PENDING]
2025-08-03 20:00:12 - binding parameter [10] as [BIGINT] - [17]
2025-08-03 20:00:12 - binding parameter [11] as [VARCHAR] - [TXN-B3E0A4D9941E492B]
2025-08-03 20:00:12 - binding parameter [12] as [TIMESTAMP] - [2025-08-03T20:00:12.614464]
2025-08-03 20:00:12 - binding parameter [13] as [BIGINT] - [0]
2025-08-03 20:00:12 - Transfer completed successfully: TXN-B3E0A4D9941E492B
2025-08-03 20:00:12 - binding parameter [1] as [VARCHAR] - [Test User 2]
2025-08-03 20:00:12 - binding parameter [2] as [VARCHAR] - [TEST002345678901]
2025-08-03 20:00:12 - binding parameter [3] as [NUMERIC] - [200.00]
2025-08-03 20:00:12 - binding parameter [4] as [VARCHAR] - [USD]
2025-08-03 20:00:12 - binding parameter [5] as [VARCHAR] - [ACTIVE]
2025-08-03 20:00:12 - binding parameter [6] as [TIMESTAMP] - [2025-08-03T20:00:12.615151]
2025-08-03 20:00:12 - binding parameter [7] as [VARCHAR] - [user2]
2025-08-03 20:00:12 - binding parameter [8] as [BIGINT] - [3]
2025-08-03 20:00:12 - binding parameter [9] as [BIGINT] - [18]
2025-08-03 20:00:12 - binding parameter [10] as [BIGINT] - [2]
2025-08-03 20:00:12 - binding parameter [1] as [VARCHAR] - [Test User 1]
2025-08-03 20:00:12 - binding parameter [2] as [VARCHAR] - [TEST001234567890]
2025-08-03 20:00:12 - binding parameter [3] as [NUMERIC] - [1300.00]
2025-08-03 20:00:12 - binding parameter [4] as [VARCHAR] - [USD]
2025-08-03 20:00:12 - binding parameter [5] as [VARCHAR] - [ACTIVE]
2025-08-03 20:00:12 - binding parameter [6] as [TIMESTAMP] - [2025-08-03T20:00:12.615536]
2025-08-03 20:00:12 - binding parameter [7] as [VARCHAR] - [user1]
2025-08-03 20:00:12 - binding parameter [8] as [BIGINT] - [3]
2025-08-03 20:00:12 - binding parameter [9] as [BIGINT] - [17]
2025-08-03 20:00:12 - binding parameter [10] as [BIGINT] - [2]
2025-08-03 20:00:12 - binding parameter [1] as [NUMERIC] - [100.00]
2025-08-03 20:00:12 - binding parameter [2] as [TIMESTAMP] - [2025-08-03T20:00:12.614968]
2025-08-03 20:00:12 - binding parameter [3] as [VARCHAR] - [USD]
2025-08-03 20:00:12 - binding parameter [4] as [VARCHAR] - [Concurrent insufficient funds test]
2025-08-03 20:00:12 - binding parameter [5] as [VARCHAR] - [null]
2025-08-03 20:00:12 - binding parameter [6] as [BIGINT] - [18]
2025-08-03 20:00:12 - binding parameter [7] as [TIMESTAMP] - [2025-08-03T20:00:12.614865]
2025-08-03 20:00:12 - binding parameter [8] as [VARCHAR] - [COMPLETED]
2025-08-03 20:00:12 - binding parameter [9] as [BIGINT] - [17]
2025-08-03 20:00:12 - binding parameter [10] as [VARCHAR] - [TXN-B3E0A4D9941E492B]
2025-08-03 20:00:12 - binding parameter [11] as [TIMESTAMP] - [2025-08-03T20:00:12.615931]
2025-08-03 20:00:12 - binding parameter [12] as [BIGINT] - [1]
2025-08-03 20:00:12 - binding parameter [13] as [BIGINT] - [59]
2025-08-03 20:00:12 - binding parameter [14] as [BIGINT] - [0]
2025-08-03 20:00:12 - binding parameter [1] as [VARCHAR] - [TEST001234567890]
2025-08-03 20:00:12 - binding parameter [1] as [NUMERIC] - [100.00]
2025-08-03 20:00:12 - binding parameter [2] as [TIMESTAMP] - [null]
2025-08-03 20:00:12 - binding parameter [3] as [TIMESTAMP] - [2025-08-03T20:00:12.617690]
2025-08-03 20:00:12 - binding parameter [4] as [VARCHAR] - [USD]
2025-08-03 20:00:12 - binding parameter [5] as [VARCHAR] - [Concurrent insufficient funds test]
2025-08-03 20:00:12 - binding parameter [6] as [VARCHAR] - [null]
2025-08-03 20:00:12 - binding parameter [7] as [BIGINT] - [18]
2025-08-03 20:00:12 - binding parameter [8] as [TIMESTAMP] - [null]
2025-08-03 20:00:12 - binding parameter [9] as [VARCHAR] - [PENDING]
2025-08-03 20:00:12 - binding parameter [10] as [BIGINT] - [17]
2025-08-03 20:00:12 - binding parameter [11] as [VARCHAR] - [TXN-841CD702B4944BAC]
2025-08-03 20:00:12 - binding parameter [12] as [TIMESTAMP] - [2025-08-03T20:00:12.617696]
2025-08-03 20:00:12 - binding parameter [13] as [BIGINT] - [0]
2025-08-03 20:00:12 - Transfer completed successfully: TXN-841CD702B4944BAC
2025-08-03 20:00:12 - binding parameter [1] as [VARCHAR] - [Test User 2]
2025-08-03 20:00:12 - binding parameter [2] as [VARCHAR] - [TEST002345678901]
2025-08-03 20:00:12 - binding parameter [3] as [NUMERIC] - [100.00]
2025-08-03 20:00:12 - binding parameter [4] as [VARCHAR] - [USD]
2025-08-03 20:00:12 - binding parameter [5] as [VARCHAR] - [ACTIVE]
2025-08-03 20:00:12 - binding parameter [6] as [TIMESTAMP] - [2025-08-03T20:00:12.619213]
2025-08-03 20:00:12 - binding parameter [7] as [VARCHAR] - [user2]
2025-08-03 20:00:12 - binding parameter [8] as [BIGINT] - [4]
2025-08-03 20:00:12 - binding parameter [9] as [BIGINT] - [18]
2025-08-03 20:00:12 - binding parameter [10] as [BIGINT] - [3]
2025-08-03 20:00:12 - binding parameter [1] as [VARCHAR] - [Test User 1]
2025-08-03 20:00:12 - binding parameter [2] as [VARCHAR] - [TEST001234567890]
2025-08-03 20:00:12 - binding parameter [3] as [NUMERIC] - [1400.00]
2025-08-03 20:00:12 - binding parameter [4] as [VARCHAR] - [USD]
2025-08-03 20:00:12 - binding parameter [5] as [VARCHAR] - [ACTIVE]
2025-08-03 20:00:12 - binding parameter [6] as [TIMESTAMP] - [2025-08-03T20:00:12.619711]
2025-08-03 20:00:12 - binding parameter [7] as [VARCHAR] - [user1]
2025-08-03 20:00:12 - binding parameter [8] as [BIGINT] - [4]
2025-08-03 20:00:12 - binding parameter [9] as [BIGINT] - [17]
2025-08-03 20:00:12 - binding parameter [10] as [BIGINT] - [3]
2025-08-03 20:00:12 - binding parameter [1] as [NUMERIC] - [100.00]
2025-08-03 20:00:12 - binding parameter [2] as [TIMESTAMP] - [2025-08-03T20:00:12.618497]
2025-08-03 20:00:12 - binding parameter [3] as [VARCHAR] - [USD]
2025-08-03 20:00:12 - binding parameter [4] as [VARCHAR] - [Concurrent insufficient funds test]
2025-08-03 20:00:12 - binding parameter [5] as [VARCHAR] - [null]
2025-08-03 20:00:12 - binding parameter [6] as [BIGINT] - [18]
2025-08-03 20:00:12 - binding parameter [7] as [TIMESTAMP] - [2025-08-03T20:00:12.618252]
2025-08-03 20:00:12 - binding parameter [8] as [VARCHAR] - [COMPLETED]
2025-08-03 20:00:12 - binding parameter [9] as [BIGINT] - [17]
2025-08-03 20:00:12 - binding parameter [10] as [VARCHAR] - [TXN-841CD702B4944BAC]
2025-08-03 20:00:12 - binding parameter [11] as [TIMESTAMP] - [2025-08-03T20:00:12.619921]
2025-08-03 20:00:12 - binding parameter [12] as [BIGINT] - [1]
2025-08-03 20:00:12 - binding parameter [13] as [BIGINT] - [60]
2025-08-03 20:00:12 - binding parameter [14] as [BIGINT] - [0]
2025-08-03 20:00:12 - binding parameter [1] as [VARCHAR] - [TEST001234567890]
2025-08-03 20:00:12 - binding parameter [1] as [NUMERIC] - [100.00]
2025-08-03 20:00:12 - binding parameter [2] as [TIMESTAMP] - [null]
2025-08-03 20:00:12 - binding parameter [3] as [TIMESTAMP] - [2025-08-03T20:00:12.621365]
2025-08-03 20:00:12 - binding parameter [4] as [VARCHAR] - [USD]
2025-08-03 20:00:12 - binding parameter [5] as [VARCHAR] - [Concurrent insufficient funds test]
2025-08-03 20:00:12 - binding parameter [6] as [VARCHAR] - [null]
2025-08-03 20:00:12 - binding parameter [7] as [BIGINT] - [18]
2025-08-03 20:00:12 - binding parameter [8] as [TIMESTAMP] - [null]
2025-08-03 20:00:12 - binding parameter [9] as [VARCHAR] - [PENDING]
2025-08-03 20:00:12 - binding parameter [10] as [BIGINT] - [17]
2025-08-03 20:00:12 - binding parameter [11] as [VARCHAR] - [TXN-F8B7FE53BF4F4F09]
2025-08-03 20:00:12 - binding parameter [12] as [TIMESTAMP] - [2025-08-03T20:00:12.621370]
2025-08-03 20:00:12 - binding parameter [13] as [BIGINT] - [0]
2025-08-03 20:00:12 - Transfer completed successfully: TXN-F8B7FE53BF4F4F09
2025-08-03 20:00:12 - binding parameter [1] as [VARCHAR] - [Test User 2]
2025-08-03 20:00:12 - binding parameter [2] as [VARCHAR] - [TEST002345678901]
2025-08-03 20:00:12 - binding parameter [3] as [NUMERIC] - [0.00]
2025-08-03 20:00:12 - binding parameter [4] as [VARCHAR] - [USD]
2025-08-03 20:00:12 - binding parameter [5] as [VARCHAR] - [ACTIVE]
2025-08-03 20:00:12 - binding parameter [6] as [TIMESTAMP] - [2025-08-03T20:00:12.622295]
2025-08-03 20:00:12 - binding parameter [7] as [VARCHAR] - [user2]
2025-08-03 20:00:12 - binding parameter [8] as [BIGINT] - [5]
2025-08-03 20:00:12 - binding parameter [9] as [BIGINT] - [18]
2025-08-03 20:00:12 - binding parameter [10] as [BIGINT] - [4]
2025-08-03 20:00:12 - binding parameter [1] as [VARCHAR] - [Test User 1]
2025-08-03 20:00:12 - binding parameter [2] as [VARCHAR] - [TEST001234567890]
2025-08-03 20:00:12 - binding parameter [3] as [NUMERIC] - [1500.00]
2025-08-03 20:00:12 - binding parameter [4] as [VARCHAR] - [USD]
2025-08-03 20:00:12 - binding parameter [5] as [VARCHAR] - [ACTIVE]
2025-08-03 20:00:12 - binding parameter [6] as [TIMESTAMP] - [2025-08-03T20:00:12.622782]
2025-08-03 20:00:12 - binding parameter [7] as [VARCHAR] - [user1]
2025-08-03 20:00:12 - binding parameter [8] as [BIGINT] - [5]
2025-08-03 20:00:12 - binding parameter [9] as [BIGINT] - [17]
2025-08-03 20:00:12 - binding parameter [10] as [BIGINT] - [4]
2025-08-03 20:00:12 - binding parameter [1] as [NUMERIC] - [100.00]
2025-08-03 20:00:12 - binding parameter [2] as [TIMESTAMP] - [2025-08-03T20:00:12.622061]
2025-08-03 20:00:12 - binding parameter [3] as [VARCHAR] - [USD]
2025-08-03 20:00:12 - binding parameter [4] as [VARCHAR] - [Concurrent insufficient funds test]
2025-08-03 20:00:12 - binding parameter [5] as [VARCHAR] - [null]
2025-08-03 20:00:12 - binding parameter [6] as [BIGINT] - [18]
2025-08-03 20:00:12 - binding parameter [7] as [TIMESTAMP] - [2025-08-03T20:00:12.621931]
2025-08-03 20:00:12 - binding parameter [8] as [VARCHAR] - [COMPLETED]
2025-08-03 20:00:12 - binding parameter [9] as [BIGINT] - [17]
2025-08-03 20:00:12 - binding parameter [10] as [VARCHAR] - [TXN-F8B7FE53BF4F4F09]
2025-08-03 20:00:12 - binding parameter [11] as [TIMESTAMP] - [2025-08-03T20:00:12.623026]
2025-08-03 20:00:12 - binding parameter [12] as [BIGINT] - [1]
2025-08-03 20:00:12 - binding parameter [13] as [BIGINT] - [61]
2025-08-03 20:00:12 - binding parameter [14] as [BIGINT] - [0]
2025-08-03 20:00:12 - binding parameter [1] as [VARCHAR] - [TEST001234567890]
2025-08-03 20:00:12 - binding parameter [1] as [NUMERIC] - [100.00]
2025-08-03 20:00:12 - binding parameter [2] as [TIMESTAMP] - [null]
2025-08-03 20:00:12 - binding parameter [3] as [TIMESTAMP] - [2025-08-03T20:00:12.624649]
2025-08-03 20:00:12 - binding parameter [4] as [VARCHAR] - [USD]
2025-08-03 20:00:12 - binding parameter [5] as [VARCHAR] - [Concurrent insufficient funds test]
2025-08-03 20:00:12 - binding parameter [6] as [VARCHAR] - [null]
2025-08-03 20:00:12 - binding parameter [7] as [BIGINT] - [18]
2025-08-03 20:00:12 - binding parameter [8] as [TIMESTAMP] - [null]
2025-08-03 20:00:12 - binding parameter [9] as [VARCHAR] - [PENDING]
2025-08-03 20:00:12 - binding parameter [10] as [BIGINT] - [17]
2025-08-03 20:00:12 - binding parameter [11] as [VARCHAR] - [TXN-41F39A9B697F46B1]
2025-08-03 20:00:12 - binding parameter [12] as [TIMESTAMP] - [2025-08-03T20:00:12.624654]
2025-08-03 20:00:12 - binding parameter [13] as [BIGINT] - [0]
2025-08-03 20:00:12 - Transfer processing failed for transferId: TXN-41F39A9B697F46B1
com.moneytransfer.exception.InsufficientFundsException: Insufficient funds in account: TEST002345678901
	at com.moneytransfer.service.TransferService.executeTransfer(TransferService.java:174)
	at com.moneytransfer.service.TransferService.processTransferWithLocking(TransferService.java:136)
	at com.moneytransfer.service.TransferService.processTransfer(TransferService.java:80)
	at com.moneytransfer.service.TransferService$$FastClassBySpringCGLIB$$c976fc01.invoke(<generated>)
	at org.springframework.cglib.proxy.MethodProxy.invoke(MethodProxy.java:218)
	at org.springframework.aop.framework.CglibAopProxy$CglibMethodInvocation.invokeJoinpoint(CglibAopProxy.java:792)
	at org.springframework.aop.framework.ReflectiveMethodInvocation.proceed(ReflectiveMethodInvocation.java:163)
	at org.springframework.aop.framework.CglibAopProxy$CglibMethodInvocation.proceed(CglibAopProxy.java:762)
	at org.springframework.transaction.interceptor.TransactionInterceptor$1.proceedWithInvocation(TransactionInterceptor.java:123)
	at org.springframework.transaction.interceptor.TransactionAspectSupport.invokeWithinTransaction(TransactionAspectSupport.java:388)
	at org.springframework.transaction.interceptor.TransactionInterceptor.invoke(TransactionInterceptor.java:119)
	at org.springframework.aop.framework.ReflectiveMethodInvocation.proceed(ReflectiveMethodInvocation.java:186)
	at org.springframework.aop.framework.CglibAopProxy$CglibMethodInvocation.proceed(CglibAopProxy.java:762)
	at org.springframework.aop.framework.CglibAopProxy$DynamicAdvisedInterceptor.intercept(CglibAopProxy.java:707)
	at com.moneytransfer.service.TransferService$$EnhancerBySpringCGLIB$$41260d5e.processTransfer(<generated>)
	at com.moneytransfer.service.TransferServiceConcurrencyTest.lambda$testConcurrentInsufficientFunds$5(TransferServiceConcurrencyTest.java:259)
	at java.base/java.util.concurrent.CompletableFuture$AsyncRun.run(CompletableFuture.java:1736)
	at java.base/java.util.concurrent.ThreadPoolExecutor.runWorker(ThreadPoolExecutor.java:1128)
	at java.base/java.util.concurrent.ThreadPoolExecutor$Worker.run(ThreadPoolExecutor.java:628)
	at java.base/java.lang.Thread.run(Thread.java:834)
2025-08-03 20:00:12 - binding parameter [1] as [VARCHAR] - [TEST001234567890]
2025-08-03 20:00:12 - binding parameter [1] as [NUMERIC] - [100.00]
2025-08-03 20:00:12 - binding parameter [2] as [TIMESTAMP] - [null]
2025-08-03 20:00:12 - binding parameter [3] as [TIMESTAMP] - [2025-08-03T20:00:12.626938]
2025-08-03 20:00:12 - binding parameter [4] as [VARCHAR] - [USD]
2025-08-03 20:00:12 - binding parameter [5] as [VARCHAR] - [Concurrent insufficient funds test]
2025-08-03 20:00:12 - binding parameter [6] as [VARCHAR] - [null]
2025-08-03 20:00:12 - binding parameter [7] as [BIGINT] - [18]
2025-08-03 20:00:12 - binding parameter [8] as [TIMESTAMP] - [null]
2025-08-03 20:00:12 - binding parameter [9] as [VARCHAR] - [PENDING]
2025-08-03 20:00:12 - binding parameter [10] as [BIGINT] - [17]
2025-08-03 20:00:12 - binding parameter [11] as [VARCHAR] - [TXN-E886483CE9224591]
2025-08-03 20:00:12 - binding parameter [12] as [TIMESTAMP] - [2025-08-03T20:00:12.626946]
2025-08-03 20:00:12 - binding parameter [13] as [BIGINT] - [0]
2025-08-03 20:00:12 - Transfer processing failed for transferId: TXN-E886483CE9224591
com.moneytransfer.exception.InsufficientFundsException: Insufficient funds in account: TEST002345678901
	at com.moneytransfer.service.TransferService.executeTransfer(TransferService.java:174)
	at com.moneytransfer.service.TransferService.processTransferWithLocking(TransferService.java:136)
	at com.moneytransfer.service.TransferService.processTransfer(TransferService.java:80)
	at com.moneytransfer.service.TransferService$$FastClassBySpringCGLIB$$c976fc01.invoke(<generated>)
	at org.springframework.cglib.proxy.MethodProxy.invoke(MethodProxy.java:218)
	at org.springframework.aop.framework.CglibAopProxy$CglibMethodInvocation.invokeJoinpoint(CglibAopProxy.java:792)
	at org.springframework.aop.framework.ReflectiveMethodInvocation.proceed(ReflectiveMethodInvocation.java:163)
	at org.springframework.aop.framework.CglibAopProxy$CglibMethodInvocation.proceed(CglibAopProxy.java:762)
	at org.springframework.transaction.interceptor.TransactionInterceptor$1.proceedWithInvocation(TransactionInterceptor.java:123)
	at org.springframework.transaction.interceptor.TransactionAspectSupport.invokeWithinTransaction(TransactionAspectSupport.java:388)
	at org.springframework.transaction.interceptor.TransactionInterceptor.invoke(TransactionInterceptor.java:119)
	at org.springframework.aop.framework.ReflectiveMethodInvocation.proceed(ReflectiveMethodInvocation.java:186)
	at org.springframework.aop.framework.CglibAopProxy$CglibMethodInvocation.proceed(CglibAopProxy.java:762)
	at org.springframework.aop.framework.CglibAopProxy$DynamicAdvisedInterceptor.intercept(CglibAopProxy.java:707)
	at com.moneytransfer.service.TransferService$$EnhancerBySpringCGLIB$$41260d5e.processTransfer(<generated>)
	at com.moneytransfer.service.TransferServiceConcurrencyTest.lambda$testConcurrentInsufficientFunds$5(TransferServiceConcurrencyTest.java:259)
	at java.base/java.util.concurrent.CompletableFuture$AsyncRun.run(CompletableFuture.java:1736)
	at java.base/java.util.concurrent.ThreadPoolExecutor.runWorker(ThreadPoolExecutor.java:1128)
	at java.base/java.util.concurrent.ThreadPoolExecutor$Worker.run(ThreadPoolExecutor.java:628)
	at java.base/java.lang.Thread.run(Thread.java:834)
2025-08-03 20:00:12 - binding parameter [1] as [VARCHAR] - [TEST001234567890]
2025-08-03 20:00:12 - binding parameter [1] as [NUMERIC] - [100.00]
2025-08-03 20:00:12 - binding parameter [2] as [TIMESTAMP] - [null]
2025-08-03 20:00:12 - binding parameter [3] as [TIMESTAMP] - [2025-08-03T20:00:12.628732]
2025-08-03 20:00:12 - binding parameter [4] as [VARCHAR] - [USD]
2025-08-03 20:00:12 - binding parameter [5] as [VARCHAR] - [Concurrent insufficient funds test]
2025-08-03 20:00:12 - binding parameter [6] as [VARCHAR] - [null]
2025-08-03 20:00:12 - binding parameter [7] as [BIGINT] - [18]
2025-08-03 20:00:12 - binding parameter [8] as [TIMESTAMP] - [null]
2025-08-03 20:00:12 - binding parameter [9] as [VARCHAR] - [PENDING]
2025-08-03 20:00:12 - binding parameter [10] as [BIGINT] - [17]
2025-08-03 20:00:12 - binding parameter [11] as [VARCHAR] - [TXN-24BDEBAF33424571]
2025-08-03 20:00:12 - binding parameter [12] as [TIMESTAMP] - [2025-08-03T20:00:12.628742]
2025-08-03 20:00:12 - binding parameter [13] as [BIGINT] - [0]
2025-08-03 20:00:12 - Transfer processing failed for transferId: TXN-24BDEBAF33424571
com.moneytransfer.exception.InsufficientFundsException: Insufficient funds in account: TEST002345678901
	at com.moneytransfer.service.TransferService.executeTransfer(TransferService.java:174)
	at com.moneytransfer.service.TransferService.processTransferWithLocking(TransferService.java:136)
	at com.moneytransfer.service.TransferService.processTransfer(TransferService.java:80)
	at com.moneytransfer.service.TransferService$$FastClassBySpringCGLIB$$c976fc01.invoke(<generated>)
	at org.springframework.cglib.proxy.MethodProxy.invoke(MethodProxy.java:218)
	at org.springframework.aop.framework.CglibAopProxy$CglibMethodInvocation.invokeJoinpoint(CglibAopProxy.java:792)
	at org.springframework.aop.framework.ReflectiveMethodInvocation.proceed(ReflectiveMethodInvocation.java:163)
	at org.springframework.aop.framework.CglibAopProxy$CglibMethodInvocation.proceed(CglibAopProxy.java:762)
	at org.springframework.transaction.interceptor.TransactionInterceptor$1.proceedWithInvocation(TransactionInterceptor.java:123)
	at org.springframework.transaction.interceptor.TransactionAspectSupport.invokeWithinTransaction(TransactionAspectSupport.java:388)
	at org.springframework.transaction.interceptor.TransactionInterceptor.invoke(TransactionInterceptor.java:119)
	at org.springframework.aop.framework.ReflectiveMethodInvocation.proceed(ReflectiveMethodInvocation.java:186)
	at org.springframework.aop.framework.CglibAopProxy$CglibMethodInvocation.proceed(CglibAopProxy.java:762)
	at org.springframework.aop.framework.CglibAopProxy$DynamicAdvisedInterceptor.intercept(CglibAopProxy.java:707)
	at com.moneytransfer.service.TransferService$$EnhancerBySpringCGLIB$$41260d5e.processTransfer(<generated>)
	at com.moneytransfer.service.TransferServiceConcurrencyTest.lambda$testConcurrentInsufficientFunds$5(TransferServiceConcurrencyTest.java:259)
	at java.base/java.util.concurrent.CompletableFuture$AsyncRun.run(CompletableFuture.java:1736)
	at java.base/java.util.concurrent.ThreadPoolExecutor.runWorker(ThreadPoolExecutor.java:1128)
	at java.base/java.util.concurrent.ThreadPoolExecutor$Worker.run(ThreadPoolExecutor.java:628)
	at java.base/java.lang.Thread.run(Thread.java:834)
2025-08-03 20:00:12 - binding parameter [1] as [VARCHAR] - [TEST001234567890]
2025-08-03 20:00:12 - binding parameter [1] as [NUMERIC] - [100.00]
2025-08-03 20:00:12 - binding parameter [2] as [TIMESTAMP] - [null]
2025-08-03 20:00:12 - binding parameter [3] as [TIMESTAMP] - [2025-08-03T20:00:12.630639]
2025-08-03 20:00:12 - binding parameter [4] as [VARCHAR] - [USD]
2025-08-03 20:00:12 - binding parameter [5] as [VARCHAR] - [Concurrent insufficient funds test]
2025-08-03 20:00:12 - binding parameter [6] as [VARCHAR] - [null]
2025-08-03 20:00:12 - binding parameter [7] as [BIGINT] - [18]
2025-08-03 20:00:12 - binding parameter [8] as [TIMESTAMP] - [null]
2025-08-03 20:00:12 - binding parameter [9] as [VARCHAR] - [PENDING]
2025-08-03 20:00:12 - binding parameter [10] as [BIGINT] - [17]
2025-08-03 20:00:12 - binding parameter [11] as [VARCHAR] - [TXN-A3E103AB79EB4863]
2025-08-03 20:00:12 - binding parameter [12] as [TIMESTAMP] - [2025-08-03T20:00:12.630645]
2025-08-03 20:00:12 - binding parameter [13] as [BIGINT] - [0]
2025-08-03 20:00:12 - Transfer processing failed for transferId: TXN-A3E103AB79EB4863
com.moneytransfer.exception.InsufficientFundsException: Insufficient funds in account: TEST002345678901
	at com.moneytransfer.service.TransferService.executeTransfer(TransferService.java:174)
	at com.moneytransfer.service.TransferService.processTransferWithLocking(TransferService.java:136)
	at com.moneytransfer.service.TransferService.processTransfer(TransferService.java:80)
	at com.moneytransfer.service.TransferService$$FastClassBySpringCGLIB$$c976fc01.invoke(<generated>)
	at org.springframework.cglib.proxy.MethodProxy.invoke(MethodProxy.java:218)
	at org.springframework.aop.framework.CglibAopProxy$CglibMethodInvocation.invokeJoinpoint(CglibAopProxy.java:792)
	at org.springframework.aop.framework.ReflectiveMethodInvocation.proceed(ReflectiveMethodInvocation.java:163)
	at org.springframework.aop.framework.CglibAopProxy$CglibMethodInvocation.proceed(CglibAopProxy.java:762)
	at org.springframework.transaction.interceptor.TransactionInterceptor$1.proceedWithInvocation(TransactionInterceptor.java:123)
	at org.springframework.transaction.interceptor.TransactionAspectSupport.invokeWithinTransaction(TransactionAspectSupport.java:388)
	at org.springframework.transaction.interceptor.TransactionInterceptor.invoke(TransactionInterceptor.java:119)
	at org.springframework.aop.framework.ReflectiveMethodInvocation.proceed(ReflectiveMethodInvocation.java:186)
	at org.springframework.aop.framework.CglibAopProxy$CglibMethodInvocation.proceed(CglibAopProxy.java:762)
	at org.springframework.aop.framework.CglibAopProxy$DynamicAdvisedInterceptor.intercept(CglibAopProxy.java:707)
	at com.moneytransfer.service.TransferService$$EnhancerBySpringCGLIB$$41260d5e.processTransfer(<generated>)
	at com.moneytransfer.service.TransferServiceConcurrencyTest.lambda$testConcurrentInsufficientFunds$5(TransferServiceConcurrencyTest.java:259)
	at java.base/java.util.concurrent.CompletableFuture$AsyncRun.run(CompletableFuture.java:1736)
	at java.base/java.util.concurrent.ThreadPoolExecutor.runWorker(ThreadPoolExecutor.java:1128)
	at java.base/java.util.concurrent.ThreadPoolExecutor$Worker.run(ThreadPoolExecutor.java:628)
	at java.base/java.lang.Thread.run(Thread.java:834)
2025-08-03 20:00:12 - binding parameter [1] as [VARCHAR] - [TEST001234567890]
2025-08-03 20:00:12 - binding parameter [1] as [NUMERIC] - [100.00]
2025-08-03 20:00:12 - binding parameter [2] as [TIMESTAMP] - [null]
2025-08-03 20:00:12 - binding parameter [3] as [TIMESTAMP] - [2025-08-03T20:00:12.634590]
2025-08-03 20:00:12 - binding parameter [4] as [VARCHAR] - [USD]
2025-08-03 20:00:12 - binding parameter [5] as [VARCHAR] - [Concurrent insufficient funds test]
2025-08-03 20:00:12 - binding parameter [6] as [VARCHAR] - [null]
2025-08-03 20:00:12 - binding parameter [7] as [BIGINT] - [18]
2025-08-03 20:00:12 - binding parameter [8] as [TIMESTAMP] - [null]
2025-08-03 20:00:12 - binding parameter [9] as [VARCHAR] - [PENDING]
2025-08-03 20:00:12 - binding parameter [10] as [BIGINT] - [17]
2025-08-03 20:00:12 - binding parameter [11] as [VARCHAR] - [TXN-A8D647D664AC4B3F]
2025-08-03 20:00:12 - binding parameter [12] as [TIMESTAMP] - [2025-08-03T20:00:12.634609]
2025-08-03 20:00:12 - binding parameter [13] as [BIGINT] - [0]
2025-08-03 20:00:12 - Transfer processing failed for transferId: TXN-A8D647D664AC4B3F
com.moneytransfer.exception.InsufficientFundsException: Insufficient funds in account: TEST002345678901
	at com.moneytransfer.service.TransferService.executeTransfer(TransferService.java:174)
	at com.moneytransfer.service.TransferService.processTransferWithLocking(TransferService.java:136)
	at com.moneytransfer.service.TransferService.processTransfer(TransferService.java:80)
	at com.moneytransfer.service.TransferService$$FastClassBySpringCGLIB$$c976fc01.invoke(<generated>)
	at org.springframework.cglib.proxy.MethodProxy.invoke(MethodProxy.java:218)
	at org.springframework.aop.framework.CglibAopProxy$CglibMethodInvocation.invokeJoinpoint(CglibAopProxy.java:792)
	at org.springframework.aop.framework.ReflectiveMethodInvocation.proceed(ReflectiveMethodInvocation.java:163)
	at org.springframework.aop.framework.CglibAopProxy$CglibMethodInvocation.proceed(CglibAopProxy.java:762)
	at org.springframework.transaction.interceptor.TransactionInterceptor$1.proceedWithInvocation(TransactionInterceptor.java:123)
	at org.springframework.transaction.interceptor.TransactionAspectSupport.invokeWithinTransaction(TransactionAspectSupport.java:388)
	at org.springframework.transaction.interceptor.TransactionInterceptor.invoke(TransactionInterceptor.java:119)
	at org.springframework.aop.framework.ReflectiveMethodInvocation.proceed(ReflectiveMethodInvocation.java:186)
	at org.springframework.aop.framework.CglibAopProxy$CglibMethodInvocation.proceed(CglibAopProxy.java:762)
	at org.springframework.aop.framework.CglibAopProxy$DynamicAdvisedInterceptor.intercept(CglibAopProxy.java:707)
	at com.moneytransfer.service.TransferService$$EnhancerBySpringCGLIB$$41260d5e.processTransfer(<generated>)
	at com.moneytransfer.service.TransferServiceConcurrencyTest.lambda$testConcurrentInsufficientFunds$5(TransferServiceConcurrencyTest.java:259)
	at java.base/java.util.concurrent.CompletableFuture$AsyncRun.run(CompletableFuture.java:1736)
	at java.base/java.util.concurrent.ThreadPoolExecutor.runWorker(ThreadPoolExecutor.java:1128)
	at java.base/java.util.concurrent.ThreadPoolExecutor$Worker.run(ThreadPoolExecutor.java:628)
	at java.base/java.lang.Thread.run(Thread.java:834)
]]></system-out>
  </testcase>
</testsuite>